[bwa_index] Pack FASTA... 0.02 sec
[bwa_index] Construct BWT for the packed sequence...
[bwa_index] 0.86 seconds elapse.
[bwa_index] Update BWT... 0.02 sec
[bwa_index] Pack forward-only FASTA... 0.02 sec
[bwa_index] Construct SA from BWT and Occ... 0.29 sec
[main] Version: 0.7.15-r1140
[main] CMD: /usr/local/lib/python2.7/dist-packages/quast-5.0.2-py2.7.egg/quast_libs/bwa/bwa index -p /data/ERR2090250_quast_output/quast_corrected_input/ERR2090250_contigs.fasta /data/ERR2090250_quast_output/quast_corrected_input/ERR2090250_contigs.fasta
[main] Real time: 2.618 sec; CPU: 1.218 sec
[M::bwa_idx_load_from_disk] read 0 ALT contigs
[M::process] read 160000 sequences (20000000 bp)...
[M::process] read 160000 sequences (20000000 bp)...
[M::mem_pestat] # candidate unique pairs for (FF, FR, RF, RR): (2, 73977, 1, 0)
[M::mem_pestat] skip orientation FF as there are not enough pairs
[M::mem_pestat] analyzing insert size distribution for orientation FR...
[M::mem_pestat] (25, 50, 75) percentile: (380, 441, 520)
[M::mem_pestat] low and high boundaries for computing mean and std.dev: (100, 800)
[M::mem_pestat] mean and std.dev: (454.18, 106.24)
[M::mem_pestat] low and high boundaries for proper pairs: (1, 940)
[M::mem_pestat] skip orientation RF as there are not enough pairs
[M::mem_pestat] skip orientation RR as there are not enough pairs
[M::mem_process_seqs] Processed 160000 reads in 4.868 CPU sec, 2.401 real sec
[M::process] read 160000 sequences (20000000 bp)...
[M::mem_pestat] # candidate unique pairs for (FF, FR, RF, RR): (0, 77964, 0, 0)
[M::mem_pestat] skip orientation FF as there are not enough pairs
[M::mem_pestat] analyzing insert size distribution for orientation FR...
[M::mem_pestat] (25, 50, 75) percentile: (381, 443, 522)
[M::mem_pestat] low and high boundaries for computing mean and std.dev: (99, 804)
[M::mem_pestat] mean and std.dev: (456.36, 107.28)
[M::mem_pestat] low and high boundaries for proper pairs: (1, 945)
[M::mem_pestat] skip orientation RF as there are not enough pairs
[M::mem_pestat] skip orientation RR as there are not enough pairs
[M::mem_process_seqs] Processed 160000 reads in 4.637 CPU sec, 2.177 real sec
[M::process] read 160000 sequences (20000000 bp)...
[M::mem_pestat] # candidate unique pairs for (FF, FR, RF, RR): (1, 76680, 0, 0)
[M::mem_pestat] skip orientation FF as there are not enough pairs
[M::mem_pestat] analyzing insert size distribution for orientation FR...
[M::mem_pestat] (25, 50, 75) percentile: (381, 442, 522)
[M::mem_pestat] low and high boundaries for computing mean and std.dev: (99, 804)
[M::mem_pestat] mean and std.dev: (455.84, 106.84)
[M::mem_pestat] low and high boundaries for proper pairs: (1, 945)
[M::mem_pestat] skip orientation RF as there are not enough pairs
[M::mem_pestat] skip orientation RR as there are not enough pairs
[M::mem_process_seqs] Processed 160000 reads in 4.752 CPU sec, 2.196 real sec
[M::process] read 160000 sequences (20000000 bp)...
[M::mem_pestat] # candidate unique pairs for (FF, FR, RF, RR): (0, 77583, 0, 0)
[M::mem_pestat] skip orientation FF as there are not enough pairs
[M::mem_pestat] analyzing insert size distribution for orientation FR...
[M::mem_pestat] (25, 50, 75) percentile: (381, 443, 522)
[M::mem_pestat] low and high boundaries for computing mean and std.dev: (99, 804)
[M::mem_pestat] mean and std.dev: (455.86, 106.91)
[M::mem_pestat] low and high boundaries for proper pairs: (1, 945)
[M::mem_pestat] skip orientation RF as there are not enough pairs
[M::mem_pestat] skip orientation RR as there are not enough pairs
[M::mem_process_seqs] Processed 160000 reads in 4.319 CPU sec, 1.976 real sec
[M::process] read 160000 sequences (20000000 bp)...
[M::mem_pestat] # candidate unique pairs for (FF, FR, RF, RR): (39, 75665, 1, 46)
[M::mem_pestat] analyzing insert size distribution for orientation FF...
[M::mem_pestat] (25, 50, 75) percentile: (919, 1024, 1187)
[M::mem_pestat] low and high boundaries for computing mean and std.dev: (383, 1723)
[M::mem_pestat] mean and std.dev: (1050.49, 195.59)
[M::mem_pestat] low and high boundaries for proper pairs: (115, 1991)
[M::mem_pestat] analyzing insert size distribution for orientation FR...
[M::mem_pestat] (25, 50, 75) percentile: (380, 442, 519)
[M::mem_pestat] low and high boundaries for computing mean and std.dev: (102, 797)
[M::mem_pestat] mean and std.dev: (454.39, 106.07)
[M::mem_pestat] low and high boundaries for proper pairs: (1, 936)
[M::mem_pestat] skip orientation RF as there are not enough pairs
[M::mem_pestat] analyzing insert size distribution for orientation RR...
[M::mem_pestat] (25, 50, 75) percentile: (832, 1070, 1208)
[M::mem_pestat] low and high boundaries for computing mean and std.dev: (80, 1960)
[M::mem_pestat] mean and std.dev: (1033.27, 234.30)
[M::mem_pestat] low and high boundaries for proper pairs: (1, 2336)
[M::mem_pestat] skip orientation FF
[M::mem_pestat] skip orientation RR
[M::mem_process_seqs] Processed 160000 reads in 4.646 CPU sec, 2.131 real sec
[M::process] read 160000 sequences (20000000 bp)...
[M::mem_pestat] # candidate unique pairs for (FF, FR, RF, RR): (1, 76900, 0, 1)
[M::mem_pestat] skip orientation FF as there are not enough pairs
[M::mem_pestat] analyzing insert size distribution for orientation FR...
[M::mem_pestat] (25, 50, 75) percentile: (380, 442, 522)
[M::mem_pestat] low and high boundaries for computing mean and std.dev: (96, 806)
[M::mem_pestat] mean and std.dev: (455.59, 107.03)
[M::mem_pestat] low and high boundaries for proper pairs: (1, 948)
[M::mem_pestat] skip orientation RF as there are not enough pairs
[M::mem_pestat] skip orientation RR as there are not enough pairs
[M::mem_process_seqs] Processed 160000 reads in 4.605 CPU sec, 2.128 real sec
[M::process] read 160000 sequences (20000000 bp)...
[M::mem_pestat] # candidate unique pairs for (FF, FR, RF, RR): (0, 73896, 0, 0)
[M::mem_pestat] skip orientation FF as there are not enough pairs
[M::mem_pestat] analyzing insert size distribution for orientation FR...
[M::mem_pestat] (25, 50, 75) percentile: (380, 442, 521)
[M::mem_pestat] low and high boundaries for computing mean and std.dev: (98, 803)
[M::mem_pestat] mean and std.dev: (455.39, 107.19)
[M::mem_pestat] low and high boundaries for proper pairs: (1, 944)
[M::mem_pestat] skip orientation RF as there are not enough pairs
[M::mem_pestat] skip orientation RR as there are not enough pairs
[M::mem_process_seqs] Processed 160000 reads in 5.059 CPU sec, 2.474 real sec
[M::process] read 160000 sequences (20000000 bp)...
[M::mem_pestat] # candidate unique pairs for (FF, FR, RF, RR): (0, 74861, 57, 1)
[M::mem_pestat] skip orientation FF as there are not enough pairs
[M::mem_pestat] analyzing insert size distribution for orientation FR...
[M::mem_pestat] (25, 50, 75) percentile: (380, 442, 521)
[M::mem_pestat] low and high boundaries for computing mean and std.dev: (98, 803)
[M::mem_pestat] mean and std.dev: (455.01, 106.33)
[M::mem_pestat] low and high boundaries for proper pairs: (1, 944)
[M::mem_pestat] analyzing insert size distribution for orientation RF...
[M::mem_pestat] (25, 50, 75) percentile: (1838, 1945, 2235)
[M::mem_pestat] low and high boundaries for computing mean and std.dev: (1044, 3029)
[M::mem_pestat] mean and std.dev: (2008.26, 248.12)
[M::mem_pestat] low and high boundaries for proper pairs: (647, 3426)
[M::mem_pestat] skip orientation RR as there are not enough pairs
[M::mem_pestat] skip orientation RF
[M::mem_process_seqs] Processed 160000 reads in 4.806 CPU sec, 2.203 real sec
[M::process] read 160000 sequences (20000000 bp)...
[M::mem_pestat] # candidate unique pairs for (FF, FR, RF, RR): (0, 76049, 0, 0)
[M::mem_pestat] skip orientation FF as there are not enough pairs
[M::mem_pestat] analyzing insert size distribution for orientation FR...
[M::mem_pestat] (25, 50, 75) percentile: (381, 444, 523)
[M::mem_pestat] low and high boundaries for computing mean and std.dev: (97, 807)
[M::mem_pestat] mean and std.dev: (456.94, 107.38)
[M::mem_pestat] low and high boundaries for proper pairs: (1, 949)
[M::mem_pestat] skip orientation RF as there are not enough pairs
[M::mem_pestat] skip orientation RR as there are not enough pairs
[M::mem_process_seqs] Processed 160000 reads in 4.723 CPU sec, 2.146 real sec
[M::process] read 160000 sequences (20000000 bp)...
[M::mem_pestat] # candidate unique pairs for (FF, FR, RF, RR): (0, 77872, 0, 0)
[M::mem_pestat] skip orientation FF as there are not enough pairs
[M::mem_pestat] analyzing insert size distribution for orientation FR...
[M::mem_pestat] (25, 50, 75) percentile: (381, 442, 522)
[M::mem_pestat] low and high boundaries for computing mean and std.dev: (99, 804)
[M::mem_pestat] mean and std.dev: (455.62, 106.99)
[M::mem_pestat] low and high boundaries for proper pairs: (1, 945)
[M::mem_pestat] skip orientation RF as there are not enough pairs
[M::mem_pestat] skip orientation RR as there are not enough pairs
[M::mem_process_seqs] Processed 160000 reads in 4.708 CPU sec, 2.183 real sec
[M::process] read 160000 sequences (20000000 bp)...
[M::mem_pestat] # candidate unique pairs for (FF, FR, RF, RR): (1, 72667, 1, 0)
[M::mem_pestat] skip orientation FF as there are not enough pairs
[M::mem_pestat] analyzing insert size distribution for orientation FR...
[M::mem_pestat] (25, 50, 75) percentile: (380, 442, 522)
[M::mem_pestat] low and high boundaries for computing mean and std.dev: (96, 806)
[M::mem_pestat] mean and std.dev: (455.85, 107.88)
[M::mem_pestat] low and high boundaries for proper pairs: (1, 948)
[M::mem_pestat] skip orientation RF as there are not enough pairs
[M::mem_pestat] skip orientation RR as there are not enough pairs
[M::mem_process_seqs] Processed 160000 reads in 5.457 CPU sec, 2.563 real sec
[M::process] read 160000 sequences (20000000 bp)...
[M::mem_pestat] # candidate unique pairs for (FF, FR, RF, RR): (1, 78544, 0, 1)
[M::mem_pestat] skip orientation FF as there are not enough pairs
[M::mem_pestat] analyzing insert size distribution for orientation FR...
[M::mem_pestat] (25, 50, 75) percentile: (382, 443, 523)
[M::mem_pestat] low and high boundaries for computing mean and std.dev: (100, 805)
[M::mem_pestat] mean and std.dev: (456.97, 107.26)
[M::mem_pestat] low and high boundaries for proper pairs: (1, 946)
[M::mem_pestat] skip orientation RF as there are not enough pairs
[M::mem_pestat] skip orientation RR as there are not enough pairs
[M::mem_process_seqs] Processed 160000 reads in 4.726 CPU sec, 2.173 real sec
[M::process] read 160000 sequences (20000000 bp)...
[M::mem_pestat] # candidate unique pairs for (FF, FR, RF, RR): (1, 74760, 0, 2)
[M::mem_pestat] skip orientation FF as there are not enough pairs
[M::mem_pestat] analyzing insert size distribution for orientation FR...
[M::mem_pestat] (25, 50, 75) percentile: (380, 442, 521)
[M::mem_pestat] low and high boundaries for computing mean and std.dev: (98, 803)
[M::mem_pestat] mean and std.dev: (455.36, 106.58)
[M::mem_pestat] low and high boundaries for proper pairs: (1, 944)
[M::mem_pestat] skip orientation RF as there are not enough pairs
[M::mem_pestat] skip orientation RR as there are not enough pairs
[M::mem_process_seqs] Processed 160000 reads in 5.201 CPU sec, 2.411 real sec
[M::process] read 160000 sequences (20000000 bp)...
[M::mem_pestat] # candidate unique pairs for (FF, FR, RF, RR): (1, 78612, 0, 0)
[M::mem_pestat] skip orientation FF as there are not enough pairs
[M::mem_pestat] analyzing insert size distribution for orientation FR...
[M::mem_pestat] (25, 50, 75) percentile: (381, 443, 521)
[M::mem_pestat] low and high boundaries for computing mean and std.dev: (101, 801)
[M::mem_pestat] mean and std.dev: (455.79, 106.25)
[M::mem_pestat] low and high boundaries for proper pairs: (1, 941)
[M::mem_pestat] skip orientation RF as there are not enough pairs
[M::mem_pestat] skip orientation RR as there are not enough pairs
[M::mem_process_seqs] Processed 160000 reads in 4.473 CPU sec, 2.059 real sec
[M::process] read 160000 sequences (20000000 bp)...
[M::mem_pestat] # candidate unique pairs for (FF, FR, RF, RR): (1, 76820, 35, 0)
[M::mem_pestat] skip orientation FF as there are not enough pairs
[M::mem_pestat] analyzing insert size distribution for orientation FR...
[M::mem_pestat] (25, 50, 75) percentile: (381, 443, 522)
[M::mem_pestat] low and high boundaries for computing mean and std.dev: (99, 804)
[M::mem_pestat] mean and std.dev: (456.36, 107.28)
[M::mem_pestat] low and high boundaries for proper pairs: (1, 945)
[M::mem_pestat] analyzing insert size distribution for orientation RF...
[M::mem_pestat] (25, 50, 75) percentile: (286, 407, 608)
[M::mem_pestat] low and high boundaries for computing mean and std.dev: (1, 1252)
[M::mem_pestat] mean and std.dev: (427.89, 215.80)
[M::mem_pestat] low and high boundaries for proper pairs: (1, 1574)
[M::mem_pestat] skip orientation RR as there are not enough pairs
[M::mem_pestat] skip orientation RF
[M::mem_process_seqs] Processed 160000 reads in 5.018 CPU sec, 2.338 real sec
[M::process] read 160000 sequences (20000000 bp)...
[M::mem_pestat] # candidate unique pairs for (FF, FR, RF, RR): (0, 73368, 459, 1)
[M::mem_pestat] skip orientation FF as there are not enough pairs
[M::mem_pestat] analyzing insert size distribution for orientation FR...
[M::mem_pestat] (25, 50, 75) percentile: (379, 443, 523)
[M::mem_pestat] low and high boundaries for computing mean and std.dev: (91, 811)
[M::mem_pestat] mean and std.dev: (455.78, 108.97)
[M::mem_pestat] low and high boundaries for proper pairs: (1, 955)
[M::mem_pestat] analyzing insert size distribution for orientation RF...
[M::mem_pestat] (25, 50, 75) percentile: (286, 546, 1745)
[M::mem_pestat] low and high boundaries for computing mean and std.dev: (1, 4663)
[M::mem_pestat] mean and std.dev: (854.08, 714.06)
[M::mem_pestat] low and high boundaries for proper pairs: (1, 6122)
[M::mem_pestat] skip orientation RR as there are not enough pairs
[M::mem_pestat] skip orientation RF
[M::mem_process_seqs] Processed 160000 reads in 7.019 CPU sec, 3.370 real sec
[M::process] read 160000 sequences (20000000 bp)...
[M::mem_pestat] # candidate unique pairs for (FF, FR, RF, RR): (0, 73492, 0, 1)
[M::mem_pestat] skip orientation FF as there are not enough pairs
[M::mem_pestat] analyzing insert size distribution for orientation FR...
[M::mem_pestat] (25, 50, 75) percentile: (380, 442, 520)
[M::mem_pestat] low and high boundaries for computing mean and std.dev: (100, 800)
[M::mem_pestat] mean and std.dev: (454.68, 106.41)
[M::mem_pestat] low and high boundaries for proper pairs: (1, 940)
[M::mem_pestat] skip orientation RF as there are not enough pairs
[M::mem_pestat] skip orientation RR as there are not enough pairs
[M::mem_process_seqs] Processed 160000 reads in 5.227 CPU sec, 2.448 real sec
[M::process] read 160000 sequences (20000000 bp)...
[M::mem_pestat] # candidate unique pairs for (FF, FR, RF, RR): (0, 76351, 0, 0)
[M::mem_pestat] skip orientation FF as there are not enough pairs
[M::mem_pestat] analyzing insert size distribution for orientation FR...
[M::mem_pestat] (25, 50, 75) percentile: (380, 442, 522)
[M::mem_pestat] low and high boundaries for computing mean and std.dev: (96, 806)
[M::mem_pestat] mean and std.dev: (455.38, 107.01)
[M::mem_pestat] low and high boundaries for proper pairs: (1, 948)
[M::mem_pestat] skip orientation RF as there are not enough pairs
[M::mem_pestat] skip orientation RR as there are not enough pairs
[M::mem_process_seqs] Processed 160000 reads in 4.077 CPU sec, 1.875 real sec
[M::process] read 135020 sequences (16877500 bp)...
[M::mem_pestat] # candidate unique pairs for (FF, FR, RF, RR): (0, 72213, 3, 0)
[M::mem_pestat] skip orientation FF as there are not enough pairs
[M::mem_pestat] analyzing insert size distribution for orientation FR...
[M::mem_pestat] (25, 50, 75) percentile: (379, 441, 520)
[M::mem_pestat] low and high boundaries for computing mean and std.dev: (97, 802)
[M::mem_pestat] mean and std.dev: (454.04, 107.18)
[M::mem_pestat] low and high boundaries for proper pairs: (1, 943)
[M::mem_pestat] skip orientation RF as there are not enough pairs
[M::mem_pestat] skip orientation RR as there are not enough pairs
[M::mem_process_seqs] Processed 160000 reads in 5.011 CPU sec, 2.370 real sec
[M::mem_pestat] # candidate unique pairs for (FF, FR, RF, RR): (0, 64795, 167, 0)
[M::mem_pestat] skip orientation FF as there are not enough pairs
[M::mem_pestat] analyzing insert size distribution for orientation FR...
[M::mem_pestat] (25, 50, 75) percentile: (381, 443, 521)
[M::mem_pestat] low and high boundaries for computing mean and std.dev: (101, 801)
[M::mem_pestat] mean and std.dev: (455.29, 106.87)
[M::mem_pestat] low and high boundaries for proper pairs: (1, 941)
[M::mem_pestat] analyzing insert size distribution for orientation RF...
[M::mem_pestat] (25, 50, 75) percentile: (41, 77, 113)
[M::mem_pestat] low and high boundaries for computing mean and std.dev: (1, 257)
[M::mem_pestat] mean and std.dev: (78.39, 47.33)
[M::mem_pestat] low and high boundaries for proper pairs: (1, 329)
[M::mem_pestat] skip orientation RR as there are not enough pairs
[M::mem_pestat] skip orientation RF
[M::mem_process_seqs] Processed 135020 reads in 3.360 CPU sec, 1.623 real sec
[main] Version: 0.7.15-r1140
[main] CMD: /usr/local/lib/python2.7/dist-packages/quast-5.0.2-py2.7.egg/quast_libs/bwa/bwa mem -t 2 /data/ERR2090250_quast_output/quast_corrected_input/ERR2090250_contigs.fasta /data/ERR2090250_1.fastq.gz /data/ERR2090250_2.fastq.gz
[main] Real time: 46.479 sec; CPU: 97.082 sec
finding positions of the duplicate reads in the file...
  sorted 1582081 end pairs
     and 4216 single ends (among them 0 unmatched pairs)
  collecting indices of duplicate reads...   done in 144 ms
  found 17609 duplicates
collected list of positions in 0 min 6 sec
removing duplicates...
total time elapsed: 0 min 41 sec
