02/18/2023 03:52:15 program started
02/18/2023 03:52:15 command line: /usr/local/bin/srst2 --input_pe ERR3227778_1.fastq.gz ERR3227778_2.fastq.gz --output ERR3227778_mlst --log --mlst_db Streptococcus_pneumoniae.fasta --mlst_definitions profiles_csv --mlst_delimiter _ --threads 8
02/18/2023 03:52:15 Total paired readsets found:1
02/18/2023 03:52:15 Building bowtie2 index for Streptococcus_pneumoniae.fasta...
02/18/2023 03:52:15 Running: bowtie2-build Streptococcus_pneumoniae.fasta Streptococcus_pneumoniae.fasta
02/18/2023 03:52:23 Processing database Streptococcus_pneumoniae.fasta
02/18/2023 03:52:23 Running: samtools faidx Streptococcus_pneumoniae.fasta
02/18/2023 03:52:26 Processing sample ERR3227778
02/18/2023 03:52:26 Starting mapping with bowtie2
02/18/2023 03:52:26 Output prefix set to: ERR3227778_mlst__ERR3227778.Streptococcus_pneumoniae
02/18/2023 03:52:26 Aligning reads to index Streptococcus_pneumoniae.fasta using bowtie2...
02/18/2023 03:52:26 Running: bowtie2 -1 ERR3227778_1.fastq.gz -2 ERR3227778_2.fastq.gz -S ERR3227778_mlst__ERR3227778.Streptococcus_pneumoniae.sam -q --very-sensitive-local --no-unal -a -x Streptococcus_pneumoniae.fasta --threads 8
02/18/2023 04:26:09 Processing Bowtie2 output with SAMtools...
02/18/2023 04:26:09 Generate and sort BAM file...
02/18/2023 04:26:09 Running: samtools view -b -o ERR3227778_mlst__ERR3227778.Streptococcus_pneumoniae.unsorted.bam -q 1 -S ERR3227778_mlst__ERR3227778.Streptococcus_pneumoniae.sam.mod
02/18/2023 04:26:21 Running: samtools sort ERR3227778_mlst__ERR3227778.Streptococcus_pneumoniae.unsorted.bam ERR3227778_mlst__ERR3227778.Streptococcus_pneumoniae.sorted
02/18/2023 04:26:58 Deleting sam and bam files that are not longer needed...
02/18/2023 04:26:58 Deleting ERR3227778_mlst__ERR3227778.Streptococcus_pneumoniae.sam
02/18/2023 04:26:59 Deleting ERR3227778_mlst__ERR3227778.Streptococcus_pneumoniae.sam.mod
02/18/2023 04:26:59 Deleting ERR3227778_mlst__ERR3227778.Streptococcus_pneumoniae.unsorted.bam
02/18/2023 04:26:59 Generate pileup...
02/18/2023 04:26:59 Running: samtools mpileup -L 1000 -f Streptococcus_pneumoniae.fasta -Q 20 -q 1 -B ERR3227778_mlst__ERR3227778.Streptococcus_pneumoniae.sorted.bam
02/18/2023 04:27:06  Processing SAMtools pileup...
02/18/2023 04:28:02  Scoring alleles...
02/18/2023 04:29:05  ERR3227778	63	2	5	36	12	17	21	14	0	-	73.5651428571	0.0545454545455
02/18/2023 04:29:05  Finished processing for read set ERR3227778 ...
02/18/2023 04:29:05 Finished processing for database Streptococcus_pneumoniae.fasta ...
02/18/2023 04:29:05 MLST output printed to ERR3227778_mlst__mlst__Streptococcus_pneumoniae__results.txt
02/18/2023 04:29:05 SRST2 has finished.
