[bwa_index] Pack FASTA... 0.02 sec
[bwa_index] Construct BWT for the packed sequence...
[bwa_index] 0.99 seconds elapse.
[bwa_index] Update BWT... 0.02 sec
[bwa_index] Pack forward-only FASTA... 0.01 sec
[bwa_index] Construct SA from BWT and Occ... 0.18 sec
[main] Version: 0.7.15-r1140
[main] CMD: /usr/local/lib/python2.7/dist-packages/quast-5.0.2-py2.7.egg/quast_libs/bwa/bwa index -p /data/ERR2090184_quast_output/quast_corrected_input/ERR2090184_contigs.fasta /data/ERR2090184_quast_output/quast_corrected_input/ERR2090184_contigs.fasta
[main] Real time: 1.224 sec; CPU: 1.216 sec
[M::bwa_idx_load_from_disk] read 0 ALT contigs
[M::process] read 160000 sequences (20000000 bp)...
[M::process] read 160000 sequences (20000000 bp)...
[M::mem_pestat] # candidate unique pairs for (FF, FR, RF, RR): (0, 75183, 78, 0)
[M::mem_pestat] skip orientation FF as there are not enough pairs
[M::mem_pestat] analyzing insert size distribution for orientation FR...
[M::mem_pestat] (25, 50, 75) percentile: (371, 432, 507)
[M::mem_pestat] low and high boundaries for computing mean and std.dev: (99, 779)
[M::mem_pestat] mean and std.dev: (444.02, 103.66)
[M::mem_pestat] low and high boundaries for proper pairs: (1, 915)
[M::mem_pestat] analyzing insert size distribution for orientation RF...
[M::mem_pestat] (25, 50, 75) percentile: (20, 37, 65)
[M::mem_pestat] low and high boundaries for computing mean and std.dev: (1, 155)
[M::mem_pestat] mean and std.dev: (43.85, 28.50)
[M::mem_pestat] low and high boundaries for proper pairs: (1, 200)
[M::mem_pestat] skip orientation RR as there are not enough pairs
[M::mem_pestat] skip orientation RF
[M::mem_process_seqs] Processed 160000 reads in 4.879 CPU sec, 2.366 real sec
[M::process] read 160000 sequences (20000000 bp)...
[M::mem_pestat] # candidate unique pairs for (FF, FR, RF, RR): (1, 75763, 2, 3)
[M::mem_pestat] skip orientation FF as there are not enough pairs
[M::mem_pestat] analyzing insert size distribution for orientation FR...
[M::mem_pestat] (25, 50, 75) percentile: (373, 432, 509)
[M::mem_pestat] low and high boundaries for computing mean and std.dev: (101, 781)
[M::mem_pestat] mean and std.dev: (445.09, 102.21)
[M::mem_pestat] low and high boundaries for proper pairs: (1, 917)
[M::mem_pestat] skip orientation RF as there are not enough pairs
[M::mem_pestat] skip orientation RR as there are not enough pairs
[M::mem_process_seqs] Processed 160000 reads in 4.835 CPU sec, 2.224 real sec
[M::process] read 160000 sequences (20000000 bp)...
[M::mem_pestat] # candidate unique pairs for (FF, FR, RF, RR): (0, 79569, 0, 0)
[M::mem_pestat] skip orientation FF as there are not enough pairs
[M::mem_pestat] analyzing insert size distribution for orientation FR...
[M::mem_pestat] (25, 50, 75) percentile: (374, 433, 509)
[M::mem_pestat] low and high boundaries for computing mean and std.dev: (104, 779)
[M::mem_pestat] mean and std.dev: (445.61, 102.39)
[M::mem_pestat] low and high boundaries for proper pairs: (1, 914)
[M::mem_pestat] skip orientation RF as there are not enough pairs
[M::mem_pestat] skip orientation RR as there are not enough pairs
[M::mem_process_seqs] Processed 160000 reads in 4.360 CPU sec, 1.998 real sec
[M::process] read 160000 sequences (20000000 bp)...
[M::mem_pestat] # candidate unique pairs for (FF, FR, RF, RR): (0, 77549, 0, 1)
[M::mem_pestat] skip orientation FF as there are not enough pairs
[M::mem_pestat] analyzing insert size distribution for orientation FR...
[M::mem_pestat] (25, 50, 75) percentile: (374, 435, 510)
[M::mem_pestat] low and high boundaries for computing mean and std.dev: (102, 782)
[M::mem_pestat] mean and std.dev: (446.41, 103.04)
[M::mem_pestat] low and high boundaries for proper pairs: (1, 918)
[M::mem_pestat] skip orientation RF as there are not enough pairs
[M::mem_pestat] skip orientation RR as there are not enough pairs
[M::mem_process_seqs] Processed 160000 reads in 4.255 CPU sec, 1.971 real sec
[M::process] read 160000 sequences (20000000 bp)...
[M::mem_pestat] # candidate unique pairs for (FF, FR, RF, RR): (44, 76000, 1, 61)
[M::mem_pestat] analyzing insert size distribution for orientation FF...
[M::mem_pestat] (25, 50, 75) percentile: (925, 1107, 1258)
[M::mem_pestat] low and high boundaries for computing mean and std.dev: (259, 1924)
[M::mem_pestat] mean and std.dev: (1094.14, 191.88)
[M::mem_pestat] low and high boundaries for proper pairs: (1, 2257)
[M::mem_pestat] analyzing insert size distribution for orientation FR...
[M::mem_pestat] (25, 50, 75) percentile: (373, 433, 508)
[M::mem_pestat] low and high boundaries for computing mean and std.dev: (103, 778)
[M::mem_pestat] mean and std.dev: (444.51, 102.43)
[M::mem_pestat] low and high boundaries for proper pairs: (1, 913)
[M::mem_pestat] skip orientation RF as there are not enough pairs
[M::mem_pestat] analyzing insert size distribution for orientation RR...
[M::mem_pestat] (25, 50, 75) percentile: (902, 1047, 1218)
[M::mem_pestat] low and high boundaries for computing mean and std.dev: (270, 1850)
[M::mem_pestat] mean and std.dev: (1054.18, 207.05)
[M::mem_pestat] low and high boundaries for proper pairs: (1, 2166)
[M::mem_pestat] skip orientation FF
[M::mem_pestat] skip orientation RR
[M::mem_process_seqs] Processed 160000 reads in 4.831 CPU sec, 2.227 real sec
[M::process] read 160000 sequences (20000000 bp)...
[M::mem_pestat] # candidate unique pairs for (FF, FR, RF, RR): (0, 77496, 0, 1)
[M::mem_pestat] skip orientation FF as there are not enough pairs
[M::mem_pestat] analyzing insert size distribution for orientation FR...
[M::mem_pestat] (25, 50, 75) percentile: (374, 434, 510)
[M::mem_pestat] low and high boundaries for computing mean and std.dev: (102, 782)
[M::mem_pestat] mean and std.dev: (446.46, 103.60)
[M::mem_pestat] low and high boundaries for proper pairs: (1, 918)
[M::mem_pestat] skip orientation RF as there are not enough pairs
[M::mem_pestat] skip orientation RR as there are not enough pairs
[M::mem_process_seqs] Processed 160000 reads in 4.688 CPU sec, 2.184 real sec
[M::process] read 160000 sequences (20000000 bp)...
[M::mem_pestat] # candidate unique pairs for (FF, FR, RF, RR): (1, 75433, 1, 0)
[M::mem_pestat] skip orientation FF as there are not enough pairs
[M::mem_pestat] analyzing insert size distribution for orientation FR...
[M::mem_pestat] (25, 50, 75) percentile: (373, 432, 509)
[M::mem_pestat] low and high boundaries for computing mean and std.dev: (101, 781)
[M::mem_pestat] mean and std.dev: (444.99, 103.07)
[M::mem_pestat] low and high boundaries for proper pairs: (1, 917)
[M::mem_pestat] skip orientation RF as there are not enough pairs
[M::mem_pestat] skip orientation RR as there are not enough pairs
[M::mem_process_seqs] Processed 160000 reads in 5.303 CPU sec, 2.457 real sec
[M::process] read 160000 sequences (20000000 bp)...
[M::mem_pestat] # candidate unique pairs for (FF, FR, RF, RR): (0, 75752, 0, 0)
[M::mem_pestat] skip orientation FF as there are not enough pairs
[M::mem_pestat] analyzing insert size distribution for orientation FR...
[M::mem_pestat] (25, 50, 75) percentile: (373, 433, 509)
[M::mem_pestat] low and high boundaries for computing mean and std.dev: (101, 781)
[M::mem_pestat] mean and std.dev: (445.23, 102.66)
[M::mem_pestat] low and high boundaries for proper pairs: (1, 917)
[M::mem_pestat] skip orientation RF as there are not enough pairs
[M::mem_pestat] skip orientation RR as there are not enough pairs
[M::mem_process_seqs] Processed 160000 reads in 4.807 CPU sec, 2.235 real sec
[M::process] read 160000 sequences (20000000 bp)...
[M::mem_pestat] # candidate unique pairs for (FF, FR, RF, RR): (1, 75231, 0, 0)
[M::mem_pestat] skip orientation FF as there are not enough pairs
[M::mem_pestat] analyzing insert size distribution for orientation FR...
[M::mem_pestat] (25, 50, 75) percentile: (373, 433, 510)
[M::mem_pestat] low and high boundaries for computing mean and std.dev: (99, 784)
[M::mem_pestat] mean and std.dev: (445.76, 103.10)
[M::mem_pestat] low and high boundaries for proper pairs: (1, 921)
[M::mem_pestat] skip orientation RF as there are not enough pairs
[M::mem_pestat] skip orientation RR as there are not enough pairs
[M::mem_process_seqs] Processed 160000 reads in 4.773 CPU sec, 2.192 real sec
[M::process] read 160000 sequences (20000000 bp)...
[M::mem_pestat] # candidate unique pairs for (FF, FR, RF, RR): (1, 76499, 0, 2)
[M::mem_pestat] skip orientation FF as there are not enough pairs
[M::mem_pestat] analyzing insert size distribution for orientation FR...
[M::mem_pestat] (25, 50, 75) percentile: (373, 433, 510)
[M::mem_pestat] low and high boundaries for computing mean and std.dev: (99, 784)
[M::mem_pestat] mean and std.dev: (446.02, 103.31)
[M::mem_pestat] low and high boundaries for proper pairs: (1, 921)
[M::mem_pestat] skip orientation RF as there are not enough pairs
[M::mem_pestat] skip orientation RR as there are not enough pairs
[M::mem_process_seqs] Processed 160000 reads in 4.781 CPU sec, 2.237 real sec
[M::process] read 160000 sequences (20000000 bp)...
[M::mem_pestat] # candidate unique pairs for (FF, FR, RF, RR): (0, 78673, 0, 0)
[M::mem_pestat] skip orientation FF as there are not enough pairs
[M::mem_pestat] analyzing insert size distribution for orientation FR...
[M::mem_pestat] (25, 50, 75) percentile: (374, 434, 510)
[M::mem_pestat] low and high boundaries for computing mean and std.dev: (102, 782)
[M::mem_pestat] mean and std.dev: (446.40, 103.32)
[M::mem_pestat] low and high boundaries for proper pairs: (1, 918)
[M::mem_pestat] skip orientation RF as there are not enough pairs
[M::mem_pestat] skip orientation RR as there are not enough pairs
[M::mem_process_seqs] Processed 160000 reads in 4.563 CPU sec, 2.130 real sec
[M::process] read 160000 sequences (20000000 bp)...
[M::mem_pestat] # candidate unique pairs for (FF, FR, RF, RR): (1, 73274, 1, 0)
[M::mem_pestat] skip orientation FF as there are not enough pairs
[M::mem_pestat] analyzing insert size distribution for orientation FR...
[M::mem_pestat] (25, 50, 75) percentile: (373, 433, 510)
[M::mem_pestat] low and high boundaries for computing mean and std.dev: (99, 784)
[M::mem_pestat] mean and std.dev: (445.50, 103.44)
[M::mem_pestat] low and high boundaries for proper pairs: (1, 921)
[M::mem_pestat] skip orientation RF as there are not enough pairs
[M::mem_pestat] skip orientation RR as there are not enough pairs
[M::mem_process_seqs] Processed 160000 reads in 5.313 CPU sec, 2.494 real sec
[M::process] read 160000 sequences (20000000 bp)...
[M::mem_pestat] # candidate unique pairs for (FF, FR, RF, RR): (0, 76093, 0, 0)
[M::mem_pestat] skip orientation FF as there are not enough pairs
[M::mem_pestat] analyzing insert size distribution for orientation FR...
[M::mem_pestat] (25, 50, 75) percentile: (373, 433, 509)
[M::mem_pestat] low and high boundaries for computing mean and std.dev: (101, 781)
[M::mem_pestat] mean and std.dev: (445.32, 103.30)
[M::mem_pestat] low and high boundaries for proper pairs: (1, 917)
[M::mem_pestat] skip orientation RF as there are not enough pairs
[M::mem_pestat] skip orientation RR as there are not enough pairs
[M::mem_process_seqs] Processed 160000 reads in 4.606 CPU sec, 2.124 real sec
[M::process] read 160000 sequences (20000000 bp)...
[M::mem_pestat] # candidate unique pairs for (FF, FR, RF, RR): (0, 75653, 1, 1)
[M::mem_pestat] skip orientation FF as there are not enough pairs
[M::mem_pestat] analyzing insert size distribution for orientation FR...
[M::mem_pestat] (25, 50, 75) percentile: (373, 433, 509)
[M::mem_pestat] low and high boundaries for computing mean and std.dev: (101, 781)
[M::mem_pestat] mean and std.dev: (445.57, 102.90)
[M::mem_pestat] low and high boundaries for proper pairs: (1, 917)
[M::mem_pestat] skip orientation RF as there are not enough pairs
[M::mem_pestat] skip orientation RR as there are not enough pairs
[M::mem_process_seqs] Processed 160000 reads in 4.540 CPU sec, 2.133 real sec
[M::process] read 160000 sequences (20000000 bp)...
[M::mem_pestat] # candidate unique pairs for (FF, FR, RF, RR): (0, 78683, 1, 1)
[M::mem_pestat] skip orientation FF as there are not enough pairs
[M::mem_pestat] analyzing insert size distribution for orientation FR...
[M::mem_pestat] (25, 50, 75) percentile: (375, 434, 510)
[M::mem_pestat] low and high boundaries for computing mean and std.dev: (105, 780)
[M::mem_pestat] mean and std.dev: (446.44, 102.59)
[M::mem_pestat] low and high boundaries for proper pairs: (1, 915)
[M::mem_pestat] skip orientation RF as there are not enough pairs
[M::mem_pestat] skip orientation RR as there are not enough pairs
[M::mem_process_seqs] Processed 160000 reads in 4.183 CPU sec, 1.932 real sec
[M::process] read 160000 sequences (20000000 bp)...
[M::mem_pestat] # candidate unique pairs for (FF, FR, RF, RR): (0, 77869, 0, 1)
[M::mem_pestat] skip orientation FF as there are not enough pairs
[M::mem_pestat] analyzing insert size distribution for orientation FR...
[M::mem_pestat] (25, 50, 75) percentile: (373, 433, 510)
[M::mem_pestat] low and high boundaries for computing mean and std.dev: (99, 784)
[M::mem_pestat] mean and std.dev: (445.84, 103.19)
[M::mem_pestat] low and high boundaries for proper pairs: (1, 921)
[M::mem_pestat] skip orientation RF as there are not enough pairs
[M::mem_pestat] skip orientation RR as there are not enough pairs
[M::mem_process_seqs] Processed 160000 reads in 4.577 CPU sec, 2.142 real sec
[M::process] read 160000 sequences (20000000 bp)...
[M::mem_pestat] # candidate unique pairs for (FF, FR, RF, RR): (1, 73931, 0, 0)
[M::mem_pestat] skip orientation FF as there are not enough pairs
[M::mem_pestat] analyzing insert size distribution for orientation FR...
[M::mem_pestat] (25, 50, 75) percentile: (373, 433, 508)
[M::mem_pestat] low and high boundaries for computing mean and std.dev: (103, 778)
[M::mem_pestat] mean and std.dev: (444.70, 102.76)
[M::mem_pestat] low and high boundaries for proper pairs: (1, 913)
[M::mem_pestat] skip orientation RF as there are not enough pairs
[M::mem_pestat] skip orientation RR as there are not enough pairs
[M::mem_process_seqs] Processed 160000 reads in 4.854 CPU sec, 2.275 real sec
[M::process] read 160000 sequences (20000000 bp)...
[M::mem_pestat] # candidate unique pairs for (FF, FR, RF, RR): (1, 74831, 118, 0)
[M::mem_pestat] skip orientation FF as there are not enough pairs
[M::mem_pestat] analyzing insert size distribution for orientation FR...
[M::mem_pestat] (25, 50, 75) percentile: (372, 432, 507)
[M::mem_pestat] low and high boundaries for computing mean and std.dev: (102, 777)
[M::mem_pestat] mean and std.dev: (443.61, 102.00)
[M::mem_pestat] low and high boundaries for proper pairs: (1, 912)
[M::mem_pestat] analyzing insert size distribution for orientation RF...
[M::mem_pestat] (25, 50, 75) percentile: (106, 148, 185)
[M::mem_pestat] low and high boundaries for computing mean and std.dev: (1, 343)
[M::mem_pestat] mean and std.dev: (142.65, 58.29)
[M::mem_pestat] low and high boundaries for proper pairs: (1, 422)
[M::mem_pestat] skip orientation RR as there are not enough pairs
[M::mem_pestat] skip orientation RF
[M::mem_process_seqs] Processed 160000 reads in 4.252 CPU sec, 1.977 real sec
[M::process] read 160000 sequences (20000000 bp)...
[M::mem_pestat] # candidate unique pairs for (FF, FR, RF, RR): (1, 75398, 0, 0)
[M::mem_pestat] skip orientation FF as there are not enough pairs
[M::mem_pestat] analyzing insert size distribution for orientation FR...
[M::mem_pestat] (25, 50, 75) percentile: (374, 434, 508)
[M::mem_pestat] low and high boundaries for computing mean and std.dev: (106, 776)
[M::mem_pestat] mean and std.dev: (445.18, 102.96)
[M::mem_pestat] low and high boundaries for proper pairs: (1, 910)
[M::mem_pestat] skip orientation RF as there are not enough pairs
[M::mem_pestat] skip orientation RR as there are not enough pairs
[M::mem_process_seqs] Processed 160000 reads in 5.112 CPU sec, 2.338 real sec
[M::process] read 132616 sequences (16577000 bp)...
[M::mem_pestat] # candidate unique pairs for (FF, FR, RF, RR): (0, 76804, 0, 0)
[M::mem_pestat] skip orientation FF as there are not enough pairs
[M::mem_pestat] analyzing insert size distribution for orientation FR...
[M::mem_pestat] (25, 50, 75) percentile: (374, 434, 510)
[M::mem_pestat] low and high boundaries for computing mean and std.dev: (102, 782)
[M::mem_pestat] mean and std.dev: (446.31, 102.89)
[M::mem_pestat] low and high boundaries for proper pairs: (1, 918)
[M::mem_pestat] skip orientation RF as there are not enough pairs
[M::mem_pestat] skip orientation RR as there are not enough pairs
[M::mem_process_seqs] Processed 160000 reads in 4.356 CPU sec, 2.033 real sec
[M::mem_pestat] # candidate unique pairs for (FF, FR, RF, RR): (0, 63422, 0, 0)
[M::mem_pestat] skip orientation FF as there are not enough pairs
[M::mem_pestat] analyzing insert size distribution for orientation FR...
[M::mem_pestat] (25, 50, 75) percentile: (368, 426, 501)
[M::mem_pestat] low and high boundaries for computing mean and std.dev: (102, 767)
[M::mem_pestat] mean and std.dev: (437.89, 100.54)
[M::mem_pestat] low and high boundaries for proper pairs: (1, 900)
[M::mem_pestat] skip orientation RF as there are not enough pairs
[M::mem_pestat] skip orientation RR as there are not enough pairs
[M::mem_process_seqs] Processed 132616 reads in 3.717 CPU sec, 1.790 real sec
[main] Version: 0.7.15-r1140
[main] CMD: /usr/local/lib/python2.7/dist-packages/quast-5.0.2-py2.7.egg/quast_libs/bwa/bwa mem -t 2 /data/ERR2090184_quast_output/quast_corrected_input/ERR2090184_contigs.fasta /data/ERR2090184_1.fastq.gz /data/ERR2090184_2.fastq.gz
[main] Real time: 45.944 sec; CPU: 97.959 sec
finding positions of the duplicate reads in the file...
  sorted 1654846 end pairs
     and 7375 single ends (among them 0 unmatched pairs)
  collecting indices of duplicate reads...   done in 142 ms
  found 21252 duplicates
collected list of positions in 0 min 6 sec
removing duplicates...
total time elapsed: 0 min 43 sec
