/usr/local/lib/python2.7/dist-packages/quast-5.0.2-py2.7.egg/EGG-INFO/scripts/quast.py ERR2090182_contigs.fasta -g PROKKA_02182023.gff -1 ERR2090182_1.fastq.gz -2 ERR2090182_2.fastq.gz -o ERR2090182_quast_output

Version: 5.0.2

System information:
  OS: Linux-5.15.0-60-generic-x86_64-with-Ubuntu-16.04-xenial (linux_64)
  Python version: 2.7.12
  CPUs number: 16

Started: 2023-02-18 01:31:54

Logging to /data/ERR2090182_quast_output/quast.log
NOTICE: Maximum number of threads is set to 4 (use --threads option to set it manually)

CWD: /data
Main parameters: 
  MODE: default, threads: 4, minimum contig length: 500, minimum alignment length: 65, \
  ambiguity: one, threshold for extensive misassembly size: 1000

WARNING: Can't draw plots: python-matplotlib is missing or corrupted.

Contigs:
  Pre-processing...
  ERR2090182_contigs.fasta ==> ERR2090182_contigs

2023-02-18 01:31:54
Running Reads analyzer...
NOTICE: Permission denied accessing /usr/local/lib/python2.7/dist-packages/quast-5.0.2-py2.7.egg/quast_libs/gridss. GRIDSS will be downloaded to home directory /.quast
WARNING: Permission denied accessing home directory /.quast. GRIDSS cannot be downloaded.

NOTICE: Improper read names in /data/ERR2090182_1.fastq.gz (forward reads)! Names should end with /1 (for forward reads) or /2 (for reverse reads) but @ERR2090182.1 was found!
QUAST will attempt to fix read names.

NOTICE: Improper read names in /data/ERR2090182_2.fastq.gz (reverse reads)! Names should end with /1 (for forward reads) or /2 (for reverse reads) but @ERR2090182.1 was found!
QUAST will attempt to fix read names.
  Logging to files /data/ERR2090182_quast_output/reads_stats/reads_stats.log and /data/ERR2090182_quast_output/reads_stats/reads_stats.err...
  Pre-processing reads...
  Running BWA...
/usr/local/lib/python2.7/dist-packages/quast-5.0.2-py2.7.egg/quast_libs/bwa/bwa index \
-p /data/ERR2090182_quast_output/quast_corrected_input/ERR2090182_contigs.fasta /data/ERR2090182_quast_output/quast_corrected_input/ERR2090182_contigs.fasta \
>> /data/ERR2090182_quast_output/reads_stats/reads_stats.err 2>> /data/ERR2090182_quast_output/reads_stats/reads_stats.err
/usr/local/lib/python2.7/dist-packages/quast-5.0.2-py2.7.egg/quast_libs/bwa/bwa mem \
-t 2 /data/ERR2090182_quast_output/quast_corrected_input/ERR2090182_contigs.fasta \
/data/ERR2090182_1.fastq.gz /data/ERR2090182_2.fastq.gz > ERR2090182_contigs.pe1.sam \
2>> /data/ERR2090182_quast_output/reads_stats/reads_stats.err
/usr/local/lib/python2.7/dist-packages/quast-5.0.2-py2.7.egg/quast_libs/sambamba/sambamba_linux \
view -t 2 -h -S -f bam ERR2090182_contigs.pe1.sam > ERR2090182_contigs.pe1.bam 2>> \
/data/ERR2090182_quast_output/reads_stats/reads_stats.err
/usr/local/lib/python2.7/dist-packages/quast-5.0.2-py2.7.egg/quast_libs/sambamba/sambamba_linux \
markdup -r -t 2 --tmpdir /data/ERR2090182_quast_output/reads_stats ERR2090182_contigs.pe1.bam \
ERR2090182_contigs.pe1.dedup.bam 2>> /data/ERR2090182_quast_output/reads_stats/reads_stats.err
  Done.
/usr/local/lib/python2.7/dist-packages/quast-5.0.2-py2.7.egg/quast_libs/sambamba/sambamba_linux \
view -H -S ERR2090182_quast_output/reads_stats/temp_output/ERR2090182_contigs.sam \
> ERR2090182_quast_output/reads_stats/ERR2090182_contigs.sam.header 2>> ERR2090182_quast_output/reads_stats/reads_stats.err
  Sorting SAM-file...
/usr/local/lib/python2.7/dist-packages/quast-5.0.2-py2.7.egg/quast_libs/sambamba/sambamba_linux \
view -t 2 -h -S -f bam ERR2090182_quast_output/reads_stats/temp_output/ERR2090182_contigs.all.correct.sam \
> ERR2090182_quast_output/reads_stats/temp_output/ERR2090182_contigs.bam 2>> ERR2090182_quast_output/reads_stats/reads_stats.err
/usr/local/lib/python2.7/dist-packages/quast-5.0.2-py2.7.egg/quast_libs/sambamba/sambamba_linux \
flagstat -t 2 ERR2090182_quast_output/reads_stats/temp_output/ERR2090182_contigs.bam \
> ERR2090182_quast_output/reads_stats/ERR2090182_contigs.stat 2>> ERR2090182_quast_output/reads_stats/reads_stats.err
/usr/local/lib/python2.7/dist-packages/quast-5.0.2-py2.7.egg/quast_libs/bedtools/bin/bamToBed \
-i ERR2090182_quast_output/reads_stats/temp_output/ERR2090182_contigs.bam > ERR2090182_quast_output/reads_stats/temp_output/ERR2090182_contigs.bed \
2>> ERR2090182_quast_output/reads_stats/reads_stats.err
sort -k1,1 -k2,2n ERR2090182_quast_output/reads_stats/temp_output/ERR2090182_contigs.bed \
> ERR2090182_quast_output/reads_stats/temp_output/ERR2090182_contigs.sorted.bed 2>> \
ERR2090182_quast_output/reads_stats/reads_stats.err
/usr/local/lib/python2.7/dist-packages/quast-5.0.2-py2.7.egg/quast_libs/bedtools/bin/bedtools \
genomecov -i ERR2090182_quast_output/reads_stats/temp_output/ERR2090182_contigs.sorted.bed \
-g ERR2090182_quast_output/quast_corrected_input/ERR2090182_contigs.fasta.fai > ERR2090182_quast_output/reads_stats/temp_output/ERR2090182_contigs.genomecov \
2>> ERR2090182_quast_output/reads_stats/reads_stats.err
  Analysis is finished.
  Creating total report...
    saved to /data/ERR2090182_quast_output/reads_stats/reads_report.txt, reads_report.tsv, and reads_report.tex
Done.

2023-02-18 01:35:10
Running Basic statistics processor...
  Contig files: 
    ERR2090182_contigs
  Calculating N50 and L50...
    ERR2090182_contigs, N50 = 79504, L50 = 9, Total length = 2125680, GC % = 39.38, # N's per 100 kbp =  0.00
Done.

NOTICE: Genes are not predicted by default. Use --gene-finding or --glimmer option to enable it.

2023-02-18 01:35:10
Creating large visual summaries...
This may take a while: press Ctrl-C to skip this step..
  1 of 1: Creating Icarus viewers...
Done

2023-02-18 01:35:10
RESULTS:
  Text versions of total report are saved to /data/ERR2090182_quast_output/report.txt, report.tsv, and report.tex
  Text versions of transposed total report are saved to /data/ERR2090182_quast_output/transposed_report.txt, transposed_report.tsv, and transposed_report.tex
  HTML version (interactive tables and plots) is saved to /data/ERR2090182_quast_output/report.html
  Icarus (contig browser) is saved to /data/ERR2090182_quast_output/icarus.html
  Log is saved to /data/ERR2090182_quast_output/quast.log

Finished: 2023-02-18 01:35:10
Elapsed time: 0:03:16.261370
NOTICEs: 5; WARNINGs: 2; non-fatal ERRORs: 0

Thank you for using QUAST!
