02/18/2023 02:28:19 program started
02/18/2023 02:28:19 command line: /usr/local/bin/srst2 --input_pe ERR3227796_1.fastq.gz ERR3227796_2.fastq.gz --output ERR3227796_srst_output --log --gene_db GBS-SBG/GBS-SBG.fasta
02/18/2023 02:28:19 Total paired readsets found:1
02/18/2023 02:28:19 Building bowtie2 index for GBS-SBG/GBS-SBG.fasta...
02/18/2023 02:28:19 Running: bowtie2-build GBS-SBG/GBS-SBG.fasta GBS-SBG/GBS-SBG.fasta
02/18/2023 02:28:19 Processing database GBS-SBG/GBS-SBG.fasta
02/18/2023 02:28:19 Running: samtools faidx GBS-SBG/GBS-SBG.fasta
02/18/2023 02:28:19 Processing sample ERR3227796
02/18/2023 02:28:19 Starting mapping with bowtie2
02/18/2023 02:28:19 Output prefix set to: ERR3227796_srst_output__ERR3227796.GBS-SBG
02/18/2023 02:28:19 Aligning reads to index GBS-SBG/GBS-SBG.fasta using bowtie2...
02/18/2023 02:28:19 Running: bowtie2 -1 ERR3227796_1.fastq.gz -2 ERR3227796_2.fastq.gz -S ERR3227796_srst_output__ERR3227796.GBS-SBG.sam -q --very-sensitive-local --no-unal -a -x GBS-SBG/GBS-SBG.fasta
02/18/2023 02:29:13 Processing Bowtie2 output with SAMtools...
02/18/2023 02:29:13 Generate and sort BAM file...
02/18/2023 02:29:13 Running: samtools view -b -o ERR3227796_srst_output__ERR3227796.GBS-SBG.unsorted.bam -q 1 -S ERR3227796_srst_output__ERR3227796.GBS-SBG.sam.mod
02/18/2023 02:29:13 {'message': "Command 'samtools view -b -o ERR3227796_srst_output__ERR3227796.GBS-SBG.unsorted.bam -q 1 -S ERR3227796_srst_output__ERR3227796.GBS-SBG.sam.mod' failed with non-zero exit status: 1"}
02/18/2023 02:29:13  failed gene detection
02/18/2023 02:29:13 Tabulating results for database GBS-SBG/GBS-SBG.fasta ...
02/18/2023 02:29:13 Finished processing for database GBS-SBG/GBS-SBG.fasta ...
02/18/2023 02:29:13 Gene detection output printed to ERR3227796_srst_output__genes__GBS-SBG__results.txt
02/18/2023 02:29:13 SRST2 has finished.
