[bwa_index] Pack FASTA... 0.01 sec
[bwa_index] Construct BWT for the packed sequence...
[bwa_index] 0.60 seconds elapse.
[bwa_index] Update BWT... 0.02 sec
[bwa_index] Pack forward-only FASTA... 0.01 sec
[bwa_index] Construct SA from BWT and Occ... 0.12 sec
[main] Version: 0.7.15-r1140
[main] CMD: /usr/local/lib/python2.7/dist-packages/quast-5.0.2-py2.7.egg/quast_libs/bwa/bwa index -p /data/ERR2090264_quast_output/quast_corrected_input/ERR2090264_contigs.fasta /data/ERR2090264_quast_output/quast_corrected_input/ERR2090264_contigs.fasta
[main] Real time: 0.771 sec; CPU: 0.762 sec
[M::bwa_idx_load_from_disk] read 0 ALT contigs
[M::process] read 160000 sequences (20000000 bp)...
[M::process] read 160000 sequences (20000000 bp)...
[M::mem_pestat] # candidate unique pairs for (FF, FR, RF, RR): (0, 78364, 2, 0)
[M::mem_pestat] skip orientation FF as there are not enough pairs
[M::mem_pestat] analyzing insert size distribution for orientation FR...
[M::mem_pestat] (25, 50, 75) percentile: (381, 449, 530)
[M::mem_pestat] low and high boundaries for computing mean and std.dev: (83, 828)
[M::mem_pestat] mean and std.dev: (460.35, 110.67)
[M::mem_pestat] low and high boundaries for proper pairs: (1, 977)
[M::mem_pestat] skip orientation RF as there are not enough pairs
[M::mem_pestat] skip orientation RR as there are not enough pairs
[M::mem_process_seqs] Processed 160000 reads in 3.940 CPU sec, 1.894 real sec
[M::process] read 160000 sequences (20000000 bp)...
[M::mem_pestat] # candidate unique pairs for (FF, FR, RF, RR): (0, 73290, 350, 0)
[M::mem_pestat] skip orientation FF as there are not enough pairs
[M::mem_pestat] analyzing insert size distribution for orientation FR...
[M::mem_pestat] (25, 50, 75) percentile: (380, 448, 529)
[M::mem_pestat] low and high boundaries for computing mean and std.dev: (82, 827)
[M::mem_pestat] mean and std.dev: (459.08, 111.90)
[M::mem_pestat] low and high boundaries for proper pairs: (1, 976)
[M::mem_pestat] analyzing insert size distribution for orientation RF...
[M::mem_pestat] (25, 50, 75) percentile: (25, 56, 93)
[M::mem_pestat] low and high boundaries for computing mean and std.dev: (1, 229)
[M::mem_pestat] mean and std.dev: (63.48, 46.82)
[M::mem_pestat] low and high boundaries for proper pairs: (1, 297)
[M::mem_pestat] skip orientation RR as there are not enough pairs
[M::mem_pestat] skip orientation RF
[M::mem_process_seqs] Processed 160000 reads in 4.534 CPU sec, 2.102 real sec
[M::process] read 160000 sequences (20000000 bp)...
[M::mem_pestat] # candidate unique pairs for (FF, FR, RF, RR): (0, 79332, 0, 0)
[M::mem_pestat] skip orientation FF as there are not enough pairs
[M::mem_pestat] analyzing insert size distribution for orientation FR...
[M::mem_pestat] (25, 50, 75) percentile: (383, 451, 532)
[M::mem_pestat] low and high boundaries for computing mean and std.dev: (85, 830)
[M::mem_pestat] mean and std.dev: (462.81, 111.07)
[M::mem_pestat] low and high boundaries for proper pairs: (1, 979)
[M::mem_pestat] skip orientation RF as there are not enough pairs
[M::mem_pestat] skip orientation RR as there are not enough pairs
[M::mem_process_seqs] Processed 160000 reads in 4.024 CPU sec, 1.872 real sec
[M::process] read 160000 sequences (20000000 bp)...
[M::mem_pestat] # candidate unique pairs for (FF, FR, RF, RR): (0, 78802, 0, 1)
[M::mem_pestat] skip orientation FF as there are not enough pairs
[M::mem_pestat] analyzing insert size distribution for orientation FR...
[M::mem_pestat] (25, 50, 75) percentile: (383, 451, 533)
[M::mem_pestat] low and high boundaries for computing mean and std.dev: (83, 833)
[M::mem_pestat] mean and std.dev: (462.60, 111.34)
[M::mem_pestat] low and high boundaries for proper pairs: (1, 983)
[M::mem_pestat] skip orientation RF as there are not enough pairs
[M::mem_pestat] skip orientation RR as there are not enough pairs
[M::mem_process_seqs] Processed 160000 reads in 4.245 CPU sec, 1.962 real sec
[M::process] read 160000 sequences (20000000 bp)...
[M::mem_pestat] # candidate unique pairs for (FF, FR, RF, RR): (0, 77680, 0, 0)
[M::mem_pestat] skip orientation FF as there are not enough pairs
[M::mem_pestat] analyzing insert size distribution for orientation FR...
[M::mem_pestat] (25, 50, 75) percentile: (382, 451, 531)
[M::mem_pestat] low and high boundaries for computing mean and std.dev: (84, 829)
[M::mem_pestat] mean and std.dev: (461.33, 110.48)
[M::mem_pestat] low and high boundaries for proper pairs: (1, 978)
[M::mem_pestat] skip orientation RF as there are not enough pairs
[M::mem_pestat] skip orientation RR as there are not enough pairs
[M::mem_process_seqs] Processed 160000 reads in 4.235 CPU sec, 1.950 real sec
[M::process] read 160000 sequences (20000000 bp)...
[M::mem_pestat] # candidate unique pairs for (FF, FR, RF, RR): (108, 76202, 0, 62)
[M::mem_pestat] analyzing insert size distribution for orientation FF...
[M::mem_pestat] (25, 50, 75) percentile: (885, 1059, 1239)
[M::mem_pestat] low and high boundaries for computing mean and std.dev: (177, 1947)
[M::mem_pestat] mean and std.dev: (1056.88, 231.90)
[M::mem_pestat] low and high boundaries for proper pairs: (1, 2301)
[M::mem_pestat] analyzing insert size distribution for orientation FR...
[M::mem_pestat] (25, 50, 75) percentile: (383, 450, 530)
[M::mem_pestat] low and high boundaries for computing mean and std.dev: (89, 824)
[M::mem_pestat] mean and std.dev: (461.33, 110.01)
[M::mem_pestat] low and high boundaries for proper pairs: (1, 971)
[M::mem_pestat] skip orientation RF as there are not enough pairs
[M::mem_pestat] analyzing insert size distribution for orientation RR...
[M::mem_pestat] (25, 50, 75) percentile: (868, 1050, 1218)
[M::mem_pestat] low and high boundaries for computing mean and std.dev: (168, 1918)
[M::mem_pestat] mean and std.dev: (1030.18, 235.63)
[M::mem_pestat] low and high boundaries for proper pairs: (1, 2268)
[M::mem_pestat] skip orientation FF
[M::mem_pestat] skip orientation RR
[M::mem_process_seqs] Processed 160000 reads in 4.797 CPU sec, 2.252 real sec
[M::process] read 160000 sequences (20000000 bp)...
[M::mem_pestat] # candidate unique pairs for (FF, FR, RF, RR): (1, 78832, 1, 1)
[M::mem_pestat] skip orientation FF as there are not enough pairs
[M::mem_pestat] analyzing insert size distribution for orientation FR...
[M::mem_pestat] (25, 50, 75) percentile: (383, 451, 532)
[M::mem_pestat] low and high boundaries for computing mean and std.dev: (85, 830)
[M::mem_pestat] mean and std.dev: (461.95, 110.88)
[M::mem_pestat] low and high boundaries for proper pairs: (1, 979)
[M::mem_pestat] skip orientation RF as there are not enough pairs
[M::mem_pestat] skip orientation RR as there are not enough pairs
[M::mem_process_seqs] Processed 160000 reads in 4.334 CPU sec, 1.999 real sec
[M::process] read 160000 sequences (20000000 bp)...
[M::mem_pestat] # candidate unique pairs for (FF, FR, RF, RR): (0, 75874, 1, 1)
[M::mem_pestat] skip orientation FF as there are not enough pairs
[M::mem_pestat] analyzing insert size distribution for orientation FR...
[M::mem_pestat] (25, 50, 75) percentile: (382, 450, 531)
[M::mem_pestat] low and high boundaries for computing mean and std.dev: (84, 829)
[M::mem_pestat] mean and std.dev: (461.55, 110.87)
[M::mem_pestat] low and high boundaries for proper pairs: (1, 978)
[M::mem_pestat] skip orientation RF as there are not enough pairs
[M::mem_pestat] skip orientation RR as there are not enough pairs
[M::mem_process_seqs] Processed 160000 reads in 4.684 CPU sec, 2.185 real sec
[M::process] read 160000 sequences (20000000 bp)...
[M::mem_pestat] # candidate unique pairs for (FF, FR, RF, RR): (1, 75364, 124, 0)
[M::mem_pestat] skip orientation FF as there are not enough pairs
[M::mem_pestat] analyzing insert size distribution for orientation FR...
[M::mem_pestat] (25, 50, 75) percentile: (382, 449, 530)
[M::mem_pestat] low and high boundaries for computing mean and std.dev: (86, 826)
[M::mem_pestat] mean and std.dev: (460.64, 110.44)
[M::mem_pestat] low and high boundaries for proper pairs: (1, 974)
[M::mem_pestat] analyzing insert size distribution for orientation RF...
[M::mem_pestat] (25, 50, 75) percentile: (2265, 2399, 2453)
[M::mem_pestat] low and high boundaries for computing mean and std.dev: (1889, 2829)
[M::mem_pestat] mean and std.dev: (2371.21, 162.85)
[M::mem_pestat] low and high boundaries for proper pairs: (1701, 3023)
[M::mem_pestat] skip orientation RR as there are not enough pairs
[M::mem_pestat] skip orientation RF
[M::mem_process_seqs] Processed 160000 reads in 4.665 CPU sec, 2.148 real sec
[M::process] read 160000 sequences (20000000 bp)...
[M::mem_pestat] # candidate unique pairs for (FF, FR, RF, RR): (1, 77015, 0, 0)
[M::mem_pestat] skip orientation FF as there are not enough pairs
[M::mem_pestat] analyzing insert size distribution for orientation FR...
[M::mem_pestat] (25, 50, 75) percentile: (383, 451, 533)
[M::mem_pestat] low and high boundaries for computing mean and std.dev: (83, 833)
[M::mem_pestat] mean and std.dev: (462.67, 110.93)
[M::mem_pestat] low and high boundaries for proper pairs: (1, 983)
[M::mem_pestat] skip orientation RF as there are not enough pairs
[M::mem_pestat] skip orientation RR as there are not enough pairs
[M::mem_process_seqs] Processed 160000 reads in 4.419 CPU sec, 2.051 real sec
[M::process] read 160000 sequences (20000000 bp)...
[M::mem_pestat] # candidate unique pairs for (FF, FR, RF, RR): (0, 76368, 3, 1)
[M::mem_pestat] skip orientation FF as there are not enough pairs
[M::mem_pestat] analyzing insert size distribution for orientation FR...
[M::mem_pestat] (25, 50, 75) percentile: (383, 451, 532)
[M::mem_pestat] low and high boundaries for computing mean and std.dev: (85, 830)
[M::mem_pestat] mean and std.dev: (462.43, 110.97)
[M::mem_pestat] low and high boundaries for proper pairs: (1, 979)
[M::mem_pestat] skip orientation RF as there are not enough pairs
[M::mem_pestat] skip orientation RR as there are not enough pairs
[M::mem_process_seqs] Processed 160000 reads in 4.584 CPU sec, 2.151 real sec
[M::process] read 160000 sequences (20000000 bp)...
[M::mem_pestat] # candidate unique pairs for (FF, FR, RF, RR): (0, 76978, 6, 0)
[M::mem_pestat] skip orientation FF as there are not enough pairs
[M::mem_pestat] analyzing insert size distribution for orientation FR...
[M::mem_pestat] (25, 50, 75) percentile: (383, 451, 532)
[M::mem_pestat] low and high boundaries for computing mean and std.dev: (85, 830)
[M::mem_pestat] mean and std.dev: (462.52, 111.18)
[M::mem_pestat] low and high boundaries for proper pairs: (1, 979)
[M::mem_pestat] skip orientation RF as there are not enough pairs
[M::mem_pestat] skip orientation RR as there are not enough pairs
[M::mem_process_seqs] Processed 160000 reads in 4.378 CPU sec, 2.049 real sec
[M::process] read 160000 sequences (20000000 bp)...
[M::mem_pestat] # candidate unique pairs for (FF, FR, RF, RR): (0, 77469, 0, 0)
[M::mem_pestat] skip orientation FF as there are not enough pairs
[M::mem_pestat] analyzing insert size distribution for orientation FR...
[M::mem_pestat] (25, 50, 75) percentile: (383, 451, 532)
[M::mem_pestat] low and high boundaries for computing mean and std.dev: (85, 830)
[M::mem_pestat] mean and std.dev: (462.34, 111.04)
[M::mem_pestat] low and high boundaries for proper pairs: (1, 979)
[M::mem_pestat] skip orientation RF as there are not enough pairs
[M::mem_pestat] skip orientation RR as there are not enough pairs
[M::mem_process_seqs] Processed 160000 reads in 4.211 CPU sec, 1.943 real sec
[M::process] read 160000 sequences (20000000 bp)...
[M::mem_pestat] # candidate unique pairs for (FF, FR, RF, RR): (1, 75621, 1, 0)
[M::mem_pestat] skip orientation FF as there are not enough pairs
[M::mem_pestat] analyzing insert size distribution for orientation FR...
[M::mem_pestat] (25, 50, 75) percentile: (384, 451, 532)
[M::mem_pestat] low and high boundaries for computing mean and std.dev: (88, 828)
[M::mem_pestat] mean and std.dev: (462.58, 110.65)
[M::mem_pestat] low and high boundaries for proper pairs: (1, 976)
[M::mem_pestat] skip orientation RF as there are not enough pairs
[M::mem_pestat] skip orientation RR as there are not enough pairs
[M::mem_process_seqs] Processed 160000 reads in 4.577 CPU sec, 2.163 real sec
[M::process] read 160000 sequences (20000000 bp)...
[M::mem_pestat] # candidate unique pairs for (FF, FR, RF, RR): (0, 78141, 0, 0)
[M::mem_pestat] skip orientation FF as there are not enough pairs
[M::mem_pestat] analyzing insert size distribution for orientation FR...
[M::mem_pestat] (25, 50, 75) percentile: (383, 451, 531)
[M::mem_pestat] low and high boundaries for computing mean and std.dev: (87, 827)
[M::mem_pestat] mean and std.dev: (461.81, 110.54)
[M::mem_pestat] low and high boundaries for proper pairs: (1, 975)
[M::mem_pestat] skip orientation RF as there are not enough pairs
[M::mem_pestat] skip orientation RR as there are not enough pairs
[M::mem_process_seqs] Processed 160000 reads in 4.259 CPU sec, 1.975 real sec
[M::process] read 160000 sequences (20000000 bp)...
[M::mem_pestat] # candidate unique pairs for (FF, FR, RF, RR): (0, 76789, 0, 0)
[M::mem_pestat] skip orientation FF as there are not enough pairs
[M::mem_pestat] analyzing insert size distribution for orientation FR...
[M::mem_pestat] (25, 50, 75) percentile: (382, 449, 530)
[M::mem_pestat] low and high boundaries for computing mean and std.dev: (86, 826)
[M::mem_pestat] mean and std.dev: (460.70, 110.23)
[M::mem_pestat] low and high boundaries for proper pairs: (1, 974)
[M::mem_pestat] skip orientation RF as there are not enough pairs
[M::mem_pestat] skip orientation RR as there are not enough pairs
[M::mem_process_seqs] Processed 160000 reads in 4.562 CPU sec, 2.158 real sec
[M::process] read 160000 sequences (20000000 bp)...
[M::mem_pestat] # candidate unique pairs for (FF, FR, RF, RR): (1, 78671, 1, 1)
[M::mem_pestat] skip orientation FF as there are not enough pairs
[M::mem_pestat] analyzing insert size distribution for orientation FR...
[M::mem_pestat] (25, 50, 75) percentile: (383, 450, 531)
[M::mem_pestat] low and high boundaries for computing mean and std.dev: (87, 827)
[M::mem_pestat] mean and std.dev: (461.45, 110.67)
[M::mem_pestat] low and high boundaries for proper pairs: (1, 975)
[M::mem_pestat] skip orientation RF as there are not enough pairs
[M::mem_pestat] skip orientation RR as there are not enough pairs
[M::mem_process_seqs] Processed 160000 reads in 4.195 CPU sec, 1.946 real sec
[M::process] read 160000 sequences (20000000 bp)...
[M::mem_pestat] # candidate unique pairs for (FF, FR, RF, RR): (3, 73500, 93, 0)
[M::mem_pestat] skip orientation FF as there are not enough pairs
[M::mem_pestat] analyzing insert size distribution for orientation FR...
[M::mem_pestat] (25, 50, 75) percentile: (382, 449, 529)
[M::mem_pestat] low and high boundaries for computing mean and std.dev: (88, 823)
[M::mem_pestat] mean and std.dev: (459.84, 110.19)
[M::mem_pestat] low and high boundaries for proper pairs: (1, 970)
[M::mem_pestat] analyzing insert size distribution for orientation RF...
[M::mem_pestat] (25, 50, 75) percentile: (124, 176, 8408)
[M::mem_pestat] low and high boundaries for computing mean and std.dev: (1, 24976)
[M::mem_pestat] mean and std.dev: (2583.47, 3805.62)
[M::mem_pestat] low and high boundaries for proper pairs: (1, 33260)
[M::mem_pestat] skip orientation RR as there are not enough pairs
[M::mem_pestat] skip orientation RF
[M::mem_process_seqs] Processed 160000 reads in 4.603 CPU sec, 2.158 real sec
[M::process] read 160000 sequences (20000000 bp)...
[M::mem_pestat] # candidate unique pairs for (FF, FR, RF, RR): (0, 75925, 16, 1)
[M::mem_pestat] skip orientation FF as there are not enough pairs
[M::mem_pestat] analyzing insert size distribution for orientation FR...
[M::mem_pestat] (25, 50, 75) percentile: (382, 450, 530)
[M::mem_pestat] low and high boundaries for computing mean and std.dev: (86, 826)
[M::mem_pestat] mean and std.dev: (460.90, 110.18)
[M::mem_pestat] low and high boundaries for proper pairs: (1, 974)
[M::mem_pestat] analyzing insert size distribution for orientation RF...
[M::mem_pestat] (25, 50, 75) percentile: (8534, 8556, 8573)
[M::mem_pestat] low and high boundaries for computing mean and std.dev: (8456, 8651)
[M::mem_pestat] mean and std.dev: (8552.93, 31.66)
[M::mem_pestat] low and high boundaries for proper pairs: (8417, 8690)
[M::mem_pestat] skip orientation RR as there are not enough pairs
[M::mem_pestat] skip orientation RF
[M::mem_process_seqs] Processed 160000 reads in 4.219 CPU sec, 1.964 real sec
[M::process] read 160000 sequences (20000000 bp)...
[M::mem_pestat] # candidate unique pairs for (FF, FR, RF, RR): (1, 77642, 13, 1)
[M::mem_pestat] skip orientation FF as there are not enough pairs
[M::mem_pestat] analyzing insert size distribution for orientation FR...
[M::mem_pestat] (25, 50, 75) percentile: (382, 449, 529)
[M::mem_pestat] low and high boundaries for computing mean and std.dev: (88, 823)
[M::mem_pestat] mean and std.dev: (460.24, 110.26)
[M::mem_pestat] low and high boundaries for proper pairs: (1, 970)
[M::mem_pestat] analyzing insert size distribution for orientation RF...
[M::mem_pestat] (25, 50, 75) percentile: (8493, 8517, 8607)
[M::mem_pestat] low and high boundaries for computing mean and std.dev: (8265, 8835)
[M::mem_pestat] mean and std.dev: (8544.75, 67.02)
[M::mem_pestat] low and high boundaries for proper pairs: (8151, 8949)
[M::mem_pestat] skip orientation RR as there are not enough pairs
[M::mem_pestat] skip orientation RF
[M::mem_process_seqs] Processed 160000 reads in 3.898 CPU sec, 2.010 real sec
[M::process] read 160000 sequences (20000000 bp)...
[M::mem_pestat] # candidate unique pairs for (FF, FR, RF, RR): (0, 60623, 1, 0)
[M::mem_pestat] skip orientation FF as there are not enough pairs
[M::mem_pestat] analyzing insert size distribution for orientation FR...
[M::mem_pestat] (25, 50, 75) percentile: (376, 442, 521)
[M::mem_pestat] low and high boundaries for computing mean and std.dev: (86, 811)
[M::mem_pestat] mean and std.dev: (452.68, 108.13)
[M::mem_pestat] low and high boundaries for proper pairs: (1, 956)
[M::mem_pestat] skip orientation RF as there are not enough pairs
[M::mem_pestat] skip orientation RR as there are not enough pairs
[M::mem_process_seqs] Processed 160000 reads in 5.175 CPU sec, 2.443 real sec
[M::process] read 160000 sequences (20000000 bp)...
[M::mem_pestat] # candidate unique pairs for (FF, FR, RF, RR): (1, 75752, 20, 1)
[M::mem_pestat] skip orientation FF as there are not enough pairs
[M::mem_pestat] analyzing insert size distribution for orientation FR...
[M::mem_pestat] (25, 50, 75) percentile: (383, 451, 532)
[M::mem_pestat] low and high boundaries for computing mean and std.dev: (85, 830)
[M::mem_pestat] mean and std.dev: (462.05, 110.73)
[M::mem_pestat] low and high boundaries for proper pairs: (1, 979)
[M::mem_pestat] analyzing insert size distribution for orientation RF...
[M::mem_pestat] (25, 50, 75) percentile: (63, 67, 85)
[M::mem_pestat] low and high boundaries for computing mean and std.dev: (19, 129)
[M::mem_pestat] mean and std.dev: (67.65, 18.00)
[M::mem_pestat] low and high boundaries for proper pairs: (1, 151)
[M::mem_pestat] skip orientation RR as there are not enough pairs
[M::mem_pestat] skip orientation RF
[M::mem_process_seqs] Processed 160000 reads in 4.330 CPU sec, 2.010 real sec
[M::process] read 160000 sequences (20000000 bp)...
[M::mem_pestat] # candidate unique pairs for (FF, FR, RF, RR): (0, 77786, 2, 0)
[M::mem_pestat] skip orientation FF as there are not enough pairs
[M::mem_pestat] analyzing insert size distribution for orientation FR...
[M::mem_pestat] (25, 50, 75) percentile: (381, 448, 529)
[M::mem_pestat] low and high boundaries for computing mean and std.dev: (85, 825)
[M::mem_pestat] mean and std.dev: (459.63, 110.39)
[M::mem_pestat] low and high boundaries for proper pairs: (1, 973)
[M::mem_pestat] skip orientation RF as there are not enough pairs
[M::mem_pestat] skip orientation RR as there are not enough pairs
[M::mem_process_seqs] Processed 160000 reads in 5.192 CPU sec, 2.435 real sec
[M::process] read 38584 sequences (4823000 bp)...
[M::mem_pestat] # candidate unique pairs for (FF, FR, RF, RR): (0, 77018, 0, 1)
[M::mem_pestat] skip orientation FF as there are not enough pairs
[M::mem_pestat] analyzing insert size distribution for orientation FR...
[M::mem_pestat] (25, 50, 75) percentile: (379, 447, 527)
[M::mem_pestat] low and high boundaries for computing mean and std.dev: (83, 823)
[M::mem_pestat] mean and std.dev: (457.90, 109.85)
[M::mem_pestat] low and high boundaries for proper pairs: (1, 971)
[M::mem_pestat] skip orientation RF as there are not enough pairs
[M::mem_pestat] skip orientation RR as there are not enough pairs
[M::mem_process_seqs] Processed 160000 reads in 4.611 CPU sec, 2.220 real sec
[M::mem_pestat] # candidate unique pairs for (FF, FR, RF, RR): (0, 18607, 0, 0)
[M::mem_pestat] skip orientation FF as there are not enough pairs
[M::mem_pestat] analyzing insert size distribution for orientation FR...
[M::mem_pestat] (25, 50, 75) percentile: (380, 448, 527)
[M::mem_pestat] low and high boundaries for computing mean and std.dev: (86, 821)
[M::mem_pestat] mean and std.dev: (457.91, 109.49)
[M::mem_pestat] low and high boundaries for proper pairs: (1, 968)
[M::mem_pestat] skip orientation RF as there are not enough pairs
[M::mem_pestat] skip orientation RR as there are not enough pairs
[M::mem_process_seqs] Processed 38584 reads in 1.375 CPU sec, 0.590 real sec
[main] Version: 0.7.15-r1140
[main] CMD: /usr/local/lib/python2.7/dist-packages/quast-5.0.2-py2.7.egg/quast_libs/bwa/bwa mem -t 2 /data/ERR2090264_quast_output/quast_corrected_input/ERR2090264_contigs.fasta /data/ERR2090264_1.fastq.gz /data/ERR2090264_2.fastq.gz
[main] Real time: 51.049 sec; CPU: 108.289 sec
finding positions of the duplicate reads in the file...
  sorted 1928466 end pairs
     and 7341 single ends (among them 0 unmatched pairs)
  collecting indices of duplicate reads...   done in 171 ms
  found 23899 duplicates
collected list of positions in 0 min 7 sec
removing duplicates...
total time elapsed: 0 min 51 sec
