[01:02:35] This is prokka 1.14.6
[01:02:35] Written by Torsten Seemann <torsten.seemann@gmail.com>
[01:02:35] Homepage is https://github.com/tseemann/prokka
[01:02:35] Local time is Sat Feb 18 01:02:35 2023
[01:02:35] You are not telling me who you are!
[01:02:35] Operating system is linux
[01:02:35] You have BioPerl 1.007002
[01:02:35] System has 16 cores.
[01:02:35] Will use maximum of 8 cores.
[01:02:35] Annotating as >>> Bacteria <<<
[01:02:35] Generating locus_tag from 'ERR2090283_contigs.fasta' contents.
[01:02:35] Setting --locustag HOJCHJDC from MD5 183c13dc5fffd97057e2c72c5ee90a20
[01:02:35] Creating new output folder: PROKKA_02182023
[01:02:35] Running: mkdir -p PROKKA_02182023
[01:02:35] Using filename prefix: PROKKA_02182023.XXX
[01:02:35] Setting HMMER_NCPU=1
[01:02:35] Writing log to: PROKKA_02182023/PROKKA_02182023.log
[01:02:35] Command: /prokka-1.14.6/bin/prokka ERR2090283_contigs.fasta
[01:02:35] Appending to PATH: /prokka-1.14.6/bin/../binaries/linux
[01:02:35] Appending to PATH: /prokka-1.14.6/bin/../binaries/linux/../common
[01:02:35] Appending to PATH: /prokka-1.14.6/bin
[01:02:35] Looking for 'aragorn' - found /prokka-1.14.6/binaries/linux/aragorn
[01:02:35] Determined aragorn version is 001002 from 'ARAGORN v1.2.38 Dean Laslett'
[01:02:35] Looking for 'barrnap' - found /barrnap-0.9/bin/barrnap
[01:02:35] Determined barrnap version is 000009 from 'barrnap 0.9'
[01:02:35] Looking for 'blastp' - found /ncbi-blast-2.9.0+/bin/blastp
[01:02:35] Determined blastp version is 002009 from 'blastp: 2.9.0+'
[01:02:35] Looking for 'cmpress' - found /prokka-1.14.6/binaries/linux/cmpress
[01:02:35] Determined cmpress version is 001001 from '# INFERNAL 1.1.2 (July 2016)'
[01:02:35] Looking for 'cmscan' - found /prokka-1.14.6/binaries/linux/cmscan
[01:02:35] Determined cmscan version is 001001 from '# INFERNAL 1.1.2 (July 2016)'
[01:02:35] Looking for 'egrep' - found /bin/egrep
[01:02:35] Looking for 'find' - found /usr/bin/find
[01:02:35] Looking for 'grep' - found /bin/grep
[01:02:35] Looking for 'hmmpress' - found /usr/bin/hmmpress
[01:02:35] Determined hmmpress version is 003001 from '# HMMER 3.1b2 (February 2015); http://hmmer.org/'
[01:02:35] Looking for 'hmmscan' - found /usr/bin/hmmscan
[01:02:35] Determined hmmscan version is 003001 from '# HMMER 3.1b2 (February 2015); http://hmmer.org/'
[01:02:35] Looking for 'java' - found /usr/bin/java
[01:02:35] Looking for 'makeblastdb' - found /ncbi-blast-2.9.0+/bin/makeblastdb
[01:02:35] Determined makeblastdb version is 002009 from 'makeblastdb: 2.9.0+'
[01:02:35] Looking for 'minced' - found /prokka-1.14.6/binaries/common/minced
[01:02:36] Determined minced version is 002000 from 'minced 0.2.0'
[01:02:36] Looking for 'parallel' - found /prokka-1.14.6/binaries/common/parallel
[01:02:36] Determined parallel version is 20150122 from 'GNU parallel 20150122'
[01:02:36] Looking for 'prodigal' - found /prokka-1.14.6/binaries/linux/prodigal
[01:02:36] Determined prodigal version is 002006 from 'Prodigal V2.6.3: February, 2016'
[01:02:36] Looking for 'prokka-genbank_to_fasta_db' - found /prokka-1.14.6/bin/prokka-genbank_to_fasta_db
[01:02:36] Looking for 'sed' - found /bin/sed
[01:02:36] Looking for 'tbl2asn' - found /usr/bin/tbl2asn
[01:02:36] Determined tbl2asn version is 025008 from 'tbl2asn 25.8   arguments:'
[01:02:36] Using genetic code table 11.
[01:02:36] Loading and checking input file: ERR2090283_contigs.fasta
[01:02:36] Wrote 226 contigs totalling 2079878 bp.
[01:02:36] Predicting tRNAs and tmRNAs
[01:02:36] Running: aragorn -l -gc11  -w PROKKA_02182023\/PROKKA_02182023\.fna
[01:02:36] 1 tRNA-Arg [5129,5200] 34 (cct)
[01:02:36] 2 tRNA-Arg [48130,48203] 35 (ccg)
[01:02:36] 1 tRNA-Glu c[1265,1336] 34 (ttc)
[01:02:36] 2 tRNA-Cys [56959,57032] 34 (gca)
[01:02:36] 3 tRNA-Pro c[94027,94102] 36 (tgg)
[01:02:36] 4 tRNA-Arg c[94117,94190] 35 (acg)
[01:02:36] 5 tRNA-Leu c[94200,94285] 35 (taa)
[01:02:36] 6 tRNA-Gly c[94293,94364] 33 (gcc)
[01:02:36] 7 tRNA-Thr c[94387,94459] 34 (tgt)
[01:02:36] 8 tRNA-Leu c[94477,94560] 36 (tag)
[01:02:36] 9 tRNA-Lys c[94565,94637] 34 (ttt)
[01:02:36] 10 tRNA-Asp c[94662,94734] 34 (gtc)
[01:02:36] 11 tRNA-Val c[94737,94809] 34 (tac)
[01:02:36] 1 tRNA-Leu [22768,22855] 36 (aag)
[01:02:36] 1 tRNA-Ser [65790,65879] 36 (gga)
[01:02:36] 2 tmRNA c[66064,66408] 83,118 AKNNTSYALAA*
[01:02:36] 3 tRNA-Gln c[80401,80472] 33 (ttg)
[01:02:36] 4 tRNA-Tyr c[80482,80562] 35 (gta)
[01:02:36] 1 tRNA-Thr [10530,10602] 34 (ggt)
[01:02:36] 1 tRNA-Lys c[30620,30694] 35 (ctt)
[01:02:36] 1 tRNA-Asn c[31911,31984] 35 (gtt)
[01:02:36] 2 tRNA-Glu c[31990,32061] 34 (ttc)
[01:02:36] 1 tRNA-Arg c[62,135] 35 (tct)
[01:02:36] 1 tRNA-Leu [62,147] 36 (caa)
[01:02:36] 1 tRNA-Ala c[439,513] 35 (tgc)
[01:02:36] 1 tRNA-Ser c[154,243] 36 (gct)
[01:02:36] 1 tRNA-Trp [67,139] 34 (cca)
[01:02:36] 2 tRNA-His [152,226] 35 (gtg)
[01:02:36] 1 tRNA-Met c[64,137] 35 (cat)
[01:02:36] 2 tRNA-Met c[150,225] 36 (cat)
[01:02:36] 1 tRNA-Ser [3,92] 37 (tga)
[01:02:36] 2 tRNA-Met [103,176] 35 (cat)
[01:02:36] 3 tRNA-Phe [180,252] 34 (gaa)
[01:02:36] 1 tRNA-Gly [1,71] 33 (tcc)
[01:02:36] 1 tRNA-Ile c[1,76] 36 (gat)
[01:02:36] Found 35 tRNAs
[01:02:36] Predicting Ribosomal RNAs
[01:02:36] Running Barrnap with 8 threads
[01:02:37] 1 NODE_43_length_2835_cov_407.118345 7 23S ribosomal RNA
[01:02:37] 2 NODE_43_length_2835_cov_407.118345 2722 5S ribosomal RNA
[01:02:37] 3 NODE_47_length_968_cov_354.958379 564 16S ribosomal RNA (partial)
[01:02:37] 4 NODE_7_length_94867_cov_115.215236 7 16S ribosomal RNA (partial)
[01:02:37] Found 4 rRNAs
[01:02:37] Skipping ncRNA search, enable with --rfam if desired.
[01:02:37] Total of 38 tRNA + rRNA features
[01:02:37] Searching for CRISPR repeats
[01:02:37] Found 0 CRISPRs
[01:02:37] Predicting coding sequences
[01:02:37] Contigs total 2079878 bp, so using single mode
[01:02:37] Running: prodigal -i PROKKA_02182023\/PROKKA_02182023\.fna -c -m -g 11 -p single -f sco -q
[01:02:39] Found 2010 CDS
[01:02:39] Connecting features back to sequences
[01:02:39] Not using genus-specific database. Try --usegenus to enable it.
[01:02:39] Annotating CDS, please be patient.
[01:02:39] Will use 8 CPUs for similarity searching.
[01:02:39] There are still 2010 unannotated CDS left (started with 2010)
[01:02:39] Will use blast to search against /prokka-1.14.6/db/kingdom/Bacteria/IS with 8 CPUs
[01:02:39] Running: cat PROKKA_02182023\/PROKKA_02182023\.IS\.tmp\.1\.faa | parallel --gnu --plain -j 8 --block 37555 --recstart '>' --pipe blastp -query - -db /prokka-1.14.6/db/kingdom/Bacteria/IS -evalue 1e-30 -qcov_hsp_perc 90 -num_threads 1 -num_descriptions 1 -num_alignments 1 -seg no > PROKKA_02182023\/PROKKA_02182023\.IS\.tmp\.1\.blast 2> /dev/null
[01:02:45] Modify product: ISL3 family transposase IS1167A => ISL3 family transposaseA
[01:02:45] Modify product: ISL3 family transposase IS1167A => ISL3 family transposaseA
[01:02:45] Cleaned 2 /product names
[01:02:45] Deleting unwanted file: PROKKA_02182023/PROKKA_02182023.IS.tmp.1.faa
[01:02:45] Deleting unwanted file: PROKKA_02182023/PROKKA_02182023.IS.tmp.1.blast
[01:02:45] There are still 1980 unannotated CDS left (started with 2010)
[01:02:45] Will use blast to search against /prokka-1.14.6/db/kingdom/Bacteria/AMR with 8 CPUs
[01:02:45] Running: cat PROKKA_02182023\/PROKKA_02182023\.AMR\.tmp\.1\.faa | parallel --gnu --plain -j 8 --block 37222 --recstart '>' --pipe blastp -query - -db /prokka-1.14.6/db/kingdom/Bacteria/AMR -evalue 9.99999999999999e-301 -qcov_hsp_perc 90 -num_threads 1 -num_descriptions 1 -num_alignments 1 -seg no > PROKKA_02182023\/PROKKA_02182023\.AMR\.tmp\.1\.blast 2> /dev/null
[01:02:49] Deleting unwanted file: PROKKA_02182023/PROKKA_02182023.AMR.tmp.1.faa
[01:02:49] Deleting unwanted file: PROKKA_02182023/PROKKA_02182023.AMR.tmp.1.blast
[01:02:50] There are still 1978 unannotated CDS left (started with 2010)
[01:02:50] Will use blast to search against /prokka-1.14.6/db/kingdom/Bacteria/sprot with 8 CPUs
[01:02:50] Running: cat PROKKA_02182023\/PROKKA_02182023\.sprot\.tmp\.1\.faa | parallel --gnu --plain -j 8 --block 37151 --recstart '>' --pipe blastp -query - -db /prokka-1.14.6/db/kingdom/Bacteria/sprot -evalue 1e-09 -qcov_hsp_perc 80 -num_threads 1 -num_descriptions 1 -num_alignments 1 -seg no > PROKKA_02182023\/PROKKA_02182023\.sprot\.tmp\.1\.blast 2> /dev/null
[01:03:05] Modify product: Uncharacterized ABC transporter ATP-binding protein Rv1273c => putative ABC transporter ATP-binding protein
[01:03:05] Modify product: UPF0342 protein SP_1372 => hypothetical protein
[01:03:05] Modify product: Phosphate-specific transport system accessory protein PhoU homolog => Phosphate-specific transport system accessory protein PhoU 
[01:03:05] Modify product: UPF0223 protein BH2638 => hypothetical protein
[01:03:05] Modify product: Uncharacterized ABC transporter ATP-binding protein TM_0288 => putative ABC transporter ATP-binding protein
[01:03:05] Modify product: Uncharacterized inner membrane transporter YicL => putative inner membrane transporter YicL
[01:03:05] Modify product: UPF0073 inner membrane protein YqfA => hypothetical protein
[01:03:05] Modify product: Probable NADH oxidase => putative NADH oxidase
[01:03:05] Modify product: UPF0291 protein SP_1473 => hypothetical protein
[01:03:05] Modify product: Probable ATP-dependent RNA helicase YfmL => putative ATP-dependent RNA helicase YfmL
[01:03:05] Modify product: Uncharacterized response regulatory protein SACOL0201 => putative response regulatory protein
[01:03:05] Modify product: UPF0237 protein SP_0238 => hypothetical protein
[01:03:05] Modify product: UPF0210 protein SP_0239 => hypothetical protein
[01:03:05] Modify product: Putative ABC transporter ATP-binding protein MG187 homolog => Putative ABC transporter ATP-binding protein MG187 
[01:03:05] Modify product: Uncharacterized protein HI_0131 => putative protein
[01:03:05] Modify product: Uncharacterized HTH-type transcriptional regulator YdjF => putative HTH-type transcriptional regulator YdjF
[01:03:05] Modify product: Putative zinc metalloprotease SA1105 => Putative zinc metalloprotease
[01:03:05] Modify product: Glutathione peroxidase homolog BsaA => Glutathione peroxidase BsaA
[01:03:05] Modify product: Probable ATP-dependent Clp protease ATP-binding subunit => putative ATP-dependent Clp protease ATP-binding subunit
[01:03:05] Modify product: UPF0371 protein DIP2346 => hypothetical protein
[01:03:05] Modify product: Probable capsular polysaccharide biosynthesis protein YwqC => putative capsular polysaccharide biosynthesis protein YwqC
[01:03:05] Modify product: UPF0398 protein SP_0371 => hypothetical protein
[01:03:05] Modify product: Probable deferrochelatase/peroxidase EfeN => putative deferrochelatase/peroxidase EfeN
[01:03:05] Modify product: Probable deferrochelatase/peroxidase EfeN => putative deferrochelatase/peroxidase EfeN
[01:03:05] Modify product: Probable bifunctional oligoribonuclease and PAP phosphatase NrnA => putative bifunctional oligoribonuclease and PAP phosphatase NrnA
[01:03:05] Modify product: Putative phosphatase M6_Spy0533 => Putative phosphatase
[01:03:05] Modify product: UPF0122 protein SP_1288 => hypothetical protein
[01:03:05] Modify product: Protease HtpX homolog => Protease HtpX 
[01:03:05] Modify product: Uncharacterized ABC transporter ATP-binding protein YheS => putative ABC transporter ATP-binding protein YheS
[01:03:05] Modify product: Probable transcription repressor NiaR => putative transcription repressor NiaR
[01:03:05] Modify product: Uncharacterized multiple-sugar transport system permease YteP => putative multiple-sugar transport system permease YteP
[01:03:05] Modify product: UPF0176 protein SP_0095 => hypothetical protein
[01:03:05] Modify product: Uncharacterized transporter YycB => putative transporter YycB
[01:03:05] Modify product: Uncharacterized ABC transporter ATP-binding protein TM_0288 => putative ABC transporter ATP-binding protein
[01:03:05] Modify product: Uncharacterized ABC transporter ATP-binding protein Rv1273c => putative ABC transporter ATP-binding protein
[01:03:05] Modify product: Probable transcriptional regulatory protein YeeN => putative transcriptional regulatory protein YeeN
[01:03:05] Modify product: Uncharacterized ABC transporter ATP-binding protein YknY => putative ABC transporter ATP-binding protein YknY
[01:03:05] Modify product: UPF0053 protein HI_0107 => hypothetical protein
[01:03:05] Modify product: Uncharacterized protein YlbL => putative protein YlbL
[01:03:05] Modify product: Uncharacterized ABC transporter ATP-binding protein YknY => putative ABC transporter ATP-binding protein YknY
[01:03:05] Modify product: Uncharacterized metal-dependent hydrolase YcfH => putative metal-dependent hydrolase YcfH
[01:03:05] Modify product: Putative universal stress protein SA1532 => Putative universal stress protein
[01:03:05] Modify product: GTP cyclohydrolase 1 type 2 homolog => GTP cyclohydrolase 1 type 2 
[01:03:05] Modify product: Probable pyridine nucleotide-disulfide oxidoreductase RclA => putative pyridine nucleotide-disulfide oxidoreductase RclA
[01:03:05] Modify product: Probable GTP-binding protein EngB => putative GTP-binding protein EngB
[01:03:05] Modify product: Probable cell division protein WhiA => putative cell division protein WhiA
[01:03:05] Modify product: Probable type I restriction enzyme BthVORF4518P M protein => putative type I restriction enzymeP M protein
[01:03:05] Modify product: Uncharacterized protein Spy1535 => putative protein
[01:03:05] Modify product: Uncharacterized protein Spy1614 => putative protein
[01:03:05] Modify product: Uncharacterized protein SA1069 => putative protein
[01:03:05] Modify product: UPF0397 protein SP_0482 => hypothetical protein
[01:03:05] Modify product: Probable DNA-directed RNA polymerase subunit delta => putative DNA-directed RNA polymerase subunit delta
[01:03:05] Modify product: UPF0374 protein SP_1903 => hypothetical protein
[01:03:05] Modify product: UPF0356 protein SP_0122 => hypothetical protein
[01:03:06] Modify product: Uncharacterized HTH-type transcriptional regulator SACOL2360 => putative HTH-type transcriptional regulator
[01:03:06] Modify product: Probable murein peptide carboxypeptidase => putative murein peptide carboxypeptidase
[01:03:06] Modify product: UPF0297 protein SP_0192 => hypothetical protein
[01:03:06] Modify product: UPF0473 protein SP_0194 => hypothetical protein
[01:03:06] Modify product: Putative NAD(P)H nitroreductase Spy0809 => Putative NAD(P)H nitroreductase
[01:03:06] Modify product: Uncharacterized ABC transporter ATP-binding protein Rv0986 => putative ABC transporter ATP-binding protein
[01:03:06] Modify product: Probable ribosomal protein YlxQ => putative ribosomal protein YlxQ
[01:03:06] Modify product: Uncharacterized ABC transporter permease YknZ => putative ABC transporter permease YknZ
[01:03:06] Modify product: Uncharacterized ABC transporter ATP-binding protein YknY => putative ABC transporter ATP-binding protein YknY
[01:03:06] Modify product: Uncharacterized ABC transporter ATP-binding protein YbiT => putative ABC transporter ATP-binding protein YbiT
[01:03:06] Modify product: Probable dual-specificity RNA methyltransferase RlmN => putative dual-specificity RNA methyltransferase RlmN
[01:03:06] Modify product: Probable dual-specificity RNA methyltransferase RlmN => putative dual-specificity RNA methyltransferase RlmN
[01:03:06] Modify product: Uncharacterized protein YqeN => putative protein YqeN
[01:03:06] Modify product: Probable dihydroorotate dehydrogenase A (fumarate) => putative dihydroorotate dehydrogenase A (fumarate)
[01:03:06] Modify product: DegV domain-containing protein spr0652 => DegV domain-containing protein
[01:03:06] Modify product: Uncharacterized protein HI_0933 => putative protein
[01:03:06] Modify product: Probable mannose-6-phosphate isomerase GmuF => putative mannose-6-phosphate isomerase GmuF
[01:03:06] Modify product: Probable copper-transporting ATPase PacS => putative copper-transporting ATPase PacS
[01:03:06] Modify product: Probable glutamine ABC transporter permease protein GlnM => putative glutamine ABC transporter permease protein GlnM
[01:03:06] Modify product: Fluoroquinolones export ATP-binding protein Rv2688c => Fluoroquinolones export ATP-binding protein
[01:03:06] Modify product: Uncharacterized oxidoreductase SA2266 => putative oxidoreductase
[01:03:06] Modify product: UPF0340 protein YwlG => hypothetical protein
[01:03:06] Modify product: Tyrosine recombinase XerD-like => Tyrosine recombinase XerD-like protein
[01:03:06] Modify product: Putative dipeptidase SA1572 => Putative dipeptidase
[01:03:06] Modify product: Probable glycerol uptake facilitator protein => putative glycerol uptake facilitator protein
[01:03:06] Modify product: Uncharacterized protein YpuA => putative protein YpuA
[01:03:06] Modify product: Uncharacterized RNA methyltransferase SP_1029 => putative RNA methyltransferase
[01:03:06] Modify product: Probable siderophore transport system permease protein YfhA => putative siderophore transport system permease protein YfhA
[01:03:06] Modify product: Probable peptidoglycan glycosyltransferase FtsW => putative peptidoglycan glycosyltransferase FtsW
[01:03:06] Modify product: Uncharacterized protein Spy1595 => putative protein
[01:03:06] Modify product: Probable S-adenosyl-L-methionine-dependent methyltransferase TehB => putative S-adenosyl-L-methionine-dependent methyltransferase TehB
[01:03:06] Modify product: Probable protein-export membrane protein SecG => putative protein-export membrane protein SecG
[01:03:06] Modify product: Rqc2 homolog RqcH => Rqc2 RqcH
[01:03:06] Modify product: Acetyltransferase PA3944 => Acetyltransferase
[01:03:06] Modify product: UPF0346 protein SP_0947 => hypothetical protein
[01:03:06] Modify product: UPF0324 inner membrane protein YeiH => hypothetical protein
[01:03:06] Modify product: Probable N-acetyl-LL-diaminopimelate aminotransferase => putative N-acetyl-LL-diaminopimelate aminotransferase
[01:03:06] Modify product: Putative trans-acting regulator SP_1800 => Putative trans-acting regulator
[01:03:06] Modify product: Uncharacterized AAA domain-containing protein Rv2559c => putative AAA domain-containing protein
[01:03:06] Modify product: Uncharacterized inner membrane transporter YicL => putative inner membrane transporter YicL
[01:03:06] Modify product: Uncharacterized protein YqgN => putative protein YqgN
[01:03:06] Modify product: Phosphate-specific transport system accessory protein PhoU homolog => Phosphate-specific transport system accessory protein PhoU 
[01:03:06] Modify product: Uncharacterized ABC transporter ATP-binding protein YbiT => putative ABC transporter ATP-binding protein YbiT
[01:03:06] Modify product: Probable licABCH operon regulator => putative licABCH operon regulator
[01:03:06] Modify product: Probable L-ascorbate-6-phosphate lactonase UlaG => putative L-ascorbate-6-phosphate lactonase UlaG
[01:03:06] Modify product: Nucleoid-associated protein SP_1102 => Nucleoid-associated protein
[01:03:06] Modify product: DegV domain-containing protein SP_1112 => DegV domain-containing protein
[01:03:06] Modify product: Uncharacterized ABC transporter ATP-binding protein YheS => putative ABC transporter ATP-binding protein YheS
[01:03:06] Modify product: UPF0051 protein SA0778 => hypothetical protein
[01:03:06] Modify product: Probable ABC transporter ATP-binding protein M6_Spy0273 => putative ABC transporter ATP-binding protein
[01:03:06] Modify product: Probable metallo-hydrolase M6_Spy0554 => putative metallo-hydrolase
[01:03:06] Modify product: Uncharacterized ABC transporter ATP-binding protein Rv0986 => putative ABC transporter ATP-binding protein
[01:03:06] Modify product: Uncharacterized HTH-type transcriptional regulator YbbH => putative HTH-type transcriptional regulator YbbH
[01:03:06] Modify product: Uncharacterized oxidoreductase YjhC => putative oxidoreductase YjhC
[01:03:06] Modify product: Probable multidrug resistance ABC transporter ATP-binding/permease protein YheH => putative multidrug resistance ABC transporter ATP-binding/permease protein YheH
[01:03:06] Modify product: Probable multidrug resistance ABC transporter ATP-binding/permease protein YheI => putative multidrug resistance ABC transporter ATP-binding/permease protein YheI
[01:03:06] Modify product: DegV domain-containing protein spr1415 => DegV domain-containing protein
[01:03:06] Modify product: Putative trans-acting regulator SP_1800 => Putative trans-acting regulator
[01:03:06] Modify product: UPF0213 protein SP_1535 => hypothetical protein
[01:03:06] Modify product: Probable manganese-dependent inorganic pyrophosphatase => putative manganese-dependent inorganic pyrophosphatase
[01:03:06] Modify product: Uncharacterized protein YbbA => putative protein YbbA
[01:03:06] Modify product: Probable tRNA sulfurtransferase => putative tRNA sulfurtransferase
[01:03:06] Modify product: UPF0051 protein SA0778 => hypothetical protein
[01:03:06] Modify product: Putative glutamine amidotransferase Rv2859c => Putative glutamine amidotransferase
[01:03:06] Modify product: Uncharacterized ABC transporter ATP-binding protein TM_0288 => putative ABC transporter ATP-binding protein
[01:03:06] Modify product: Uncharacterized ABC transporter ATP-binding protein Rv1273c => putative ABC transporter ATP-binding protein
[01:03:06] Modify product: Uncharacterized protein YccU => putative protein YccU
[01:03:06] Modify product: Putative glutamine amidotransferase Rv2859c => Putative glutamine amidotransferase
[01:03:06] Modify product: UPF0758 protein SP_1088 => hypothetical protein
[01:03:06] Modify product: Probable nicotinate-nucleotide pyrophosphorylase [carboxylating] => putative nicotinate-nucleotide pyrophosphorylase [carboxylating]
[01:03:06] Modify product: Uncharacterized amino acid permease YhdG => putative amino acid permease YhdG
[01:03:06] Modify product: Probable FMN/FAD exporter YeeO => putative FMN/FAD exporter YeeO
[01:03:06] Modify product: Uncharacterized protein YqeH => putative protein YqeH
[01:03:06] Modify product: Uncharacterized MscS family protein YkuT => putative MscS family protein YkuT
[01:03:06] Modify product: Probable riboflavin import permease protein RfuC => putative riboflavin import permease protein RfuC
[01:03:06] Modify product: Bifunctional protein FolD => Bifunctional protein FolD protein
[01:03:06] Modify product: Putative transport protein Rv0205 => Putative transport protein
[01:03:06] Modify product: Uncharacterized protein YhaP => putative protein YhaP
[01:03:06] Modify product: Multidrug efflux system ATP-binding protein Rv1218c => Multidrug efflux system ATP-binding protein
[01:03:06] Cleaned 133 /product names
[01:03:06] Deleting unwanted file: PROKKA_02182023/PROKKA_02182023.sprot.tmp.1.faa
[01:03:06] Deleting unwanted file: PROKKA_02182023/PROKKA_02182023.sprot.tmp.1.blast
[01:03:06] There are still 844 unannotated CDS left (started with 2010)
[01:03:06] Will use hmmer3 to search against /prokka-1.14.6/db/hmm/HAMAP.hmm with 8 CPUs
[01:03:06] Running: cat PROKKA_02182023\/PROKKA_02182023\.HAMAP\.hmm\.tmp\.1\.faa | parallel --gnu --plain -j 8 --block 12956 --recstart '>' --pipe hmmscan --noali --notextw --acc -E 1e-09 --cpu 1 /prokka-1.14.6/db/hmm/HAMAP.hmm /dev/stdin > PROKKA_02182023\/PROKKA_02182023\.HAMAP\.hmm\.tmp\.1\.hmmer3 2> /dev/null
[01:03:21] Modify product: Protein SprT-like => Protein SprT-like protein
[01:03:21] Cleaned 1 /product names
[01:03:21] Deleting unwanted file: PROKKA_02182023/PROKKA_02182023.HAMAP.hmm.tmp.1.faa
[01:03:21] Deleting unwanted file: PROKKA_02182023/PROKKA_02182023.HAMAP.hmm.tmp.1.hmmer3
[01:03:21] Labelling remaining 767 proteins as 'hypothetical protein'
[01:03:21] Possible /pseudo 'Phosphate import ATP-binding protein PstB 3' at NODE_1_length_274089_cov_99.965614 position 53196
[01:03:21] Possible /pseudo 'IS630 family transposase ISSpn2' at NODE_1_length_274089_cov_99.965614 position 124618
[01:03:21] Possible /pseudo 'putative dual-specificity RNA methyltransferase RlmN' at NODE_1_length_274089_cov_99.965614 position 163088
[01:03:21] Possible /pseudo 'putative deferrochelatase/peroxidase EfeN' at NODE_3_length_119757_cov_98.172846 position 879
[01:03:21] Possible /pseudo 'Putative fluoride ion transporter CrcB' at NODE_3_length_119757_cov_98.172846 position 4292
[01:03:21] Possible /pseudo '2-isopropylmalate synthase' at NODE_3_length_119757_cov_98.172846 position 40624
[01:03:21] Possible /pseudo 'Coenzyme A biosynthesis bifunctional protein CoaBC' at NODE_3_length_119757_cov_98.172846 position 67303
[01:03:21] Possible /pseudo 'O-acetyl-L-homoserine sulfhydrylase' at NODE_3_length_119757_cov_98.172846 position 86284
[01:03:21] Possible /pseudo 'IS5 family transposase ISSpn7' at NODE_3_length_119757_cov_98.172846 position 100603
[01:03:21] Possible /pseudo 'Argininosuccinate synthase' at NODE_4_length_109193_cov_130.219236 position 34208
[01:03:21] Possible /pseudo 'UDP-glucose 6-dehydrogenase' at NODE_4_length_109193_cov_130.219236 position 72181
[01:03:21] Possible /pseudo 'putative protein' at NODE_6_length_97271_cov_106.174189 position 42012
[01:03:21] Possible /pseudo 'Epoxyqueuosine reductase QueH' at NODE_7_length_94867_cov_115.215236 position 7289
[01:03:21] Possible /pseudo 'putative ABC transporter ATP-binding protein' at NODE_7_length_94867_cov_115.215236 position 16088
[01:03:21] Possible /pseudo 'IS630 family transposase ISSpn2' at NODE_25_length_25392_cov_106.808186 position 24205
[01:03:21] Found 995 unique /gene codes.
[01:03:21] Fixed 3 duplicate /gene - ecfT_1 ecfT_2 ecfT_3
[01:03:21] Fixed 2 duplicate /gene - tadA_1 tadA_2
[01:03:21] Fixed 2 duplicate /gene - arnC_1 arnC_2
[01:03:21] Fixed 4 duplicate /gene - lacF_1 lacF_2 lacF_3 lacF_4
[01:03:21] Fixed 3 duplicate /gene - ykoD_1 ykoD_2 ykoD_3
[01:03:21] Fixed 4 duplicate /gene - xerC_1 xerC_2 xerC_3 xerC_4
[01:03:21] Fixed 2 duplicate /gene - ecsA_1 ecsA_2
[01:03:21] Fixed 2 duplicate /gene - yicL_1 yicL_2
[01:03:21] Fixed 2 duplicate /gene - tenA_1 tenA_2
[01:03:21] Fixed 2 duplicate /gene - ptsG_1 ptsG_2
[01:03:21] Fixed 2 duplicate /gene - ngcG_1 ngcG_2
[01:03:21] Fixed 3 duplicate /gene - argR_1 argR_2 argR_3
[01:03:21] Fixed 3 duplicate /gene - COQ5_1 COQ5_2 COQ5_3
[01:03:21] Fixed 2 duplicate /gene - spxA_1 spxA_2
[01:03:21] Fixed 2 duplicate /gene - lcnD_1 lcnD_2
[01:03:21] Fixed 2 duplicate /gene - bcrA_1 bcrA_2
[01:03:21] Fixed 2 duplicate /gene - agaA_1 agaA_2
[01:03:21] Fixed 2 duplicate /gene - lacG_1 lacG_2
[01:03:21] Fixed 2 duplicate /gene - licA_1 licA_2
[01:03:21] Fixed 2 duplicate /gene - ulaA_1 ulaA_2
[01:03:21] Fixed 2 duplicate /gene - lacC_1 lacC_2
[01:03:21] Fixed 2 duplicate /gene - nagC_1 nagC_2
[01:03:21] Fixed 4 duplicate /gene - licC_1 licC_2 licC_3 licC_4
[01:03:21] Fixed 2 duplicate /gene - ybiT_1 ybiT_2
[01:03:21] Fixed 2 duplicate /gene - argG_1 argG_2
[01:03:21] Fixed 2 duplicate /gene - tagU_1 tagU_2
[01:03:21] Fixed 2 duplicate /gene - ssb_1 ssb_2
[01:03:21] Fixed 2 duplicate /gene - yxdL_1 yxdL_2
[01:03:21] Fixed 2 duplicate /gene - gmuD_1 gmuD_2
[01:03:21] Fixed 2 duplicate /gene - lacR_1 lacR_2
[01:03:21] Fixed 2 duplicate /gene - efeN_1 efeN_2
[01:03:21] Fixed 2 duplicate /gene - tkt_1 tkt_2
[01:03:21] Fixed 3 duplicate /gene - pstB3_1 pstB3_2 pstB3_3
[01:03:21] Fixed 2 duplicate /gene - galK_1 galK_2
[01:03:21] Fixed 3 duplicate /gene - araQ_1 araQ_2 araQ_3
[01:03:21] Fixed 3 duplicate /gene - sasA_1 sasA_2 sasA_3
[01:03:21] Fixed 2 duplicate /gene - thiE_1 thiE_2
[01:03:21] Fixed 2 duplicate /gene - fpgS_1 fpgS_2
[01:03:21] Fixed 2 duplicate /gene - agrA_1 agrA_2
[01:03:21] Fixed 2 duplicate /gene - rsuA_1 rsuA_2
[01:03:21] Fixed 2 duplicate /gene - queH_1 queH_2
[01:03:21] Fixed 2 duplicate /gene - murA1_1 murA1_2
[01:03:21] Fixed 2 duplicate /gene - fruA_1 fruA_2
[01:03:21] Fixed 4 duplicate /gene - manZ_1 manZ_2 manZ_3 manZ_4
[01:03:21] Fixed 2 duplicate /gene - licT_1 licT_2
[01:03:21] Fixed 5 duplicate /gene - glnQ_1 glnQ_2 glnQ_3 glnQ_4 glnQ_5
[01:03:21] Fixed 2 duplicate /gene - mshD_1 mshD_2
[01:03:21] Fixed 2 duplicate /gene - coaBC_1 coaBC_2
[01:03:21] Fixed 2 duplicate /gene - ruvB_1 ruvB_2
[01:03:21] Fixed 2 duplicate /gene - pepF1_1 pepF1_2
[01:03:21] Fixed 2 duplicate /gene - deoD_1 deoD_2
[01:03:21] Fixed 2 duplicate /gene - lytA_1 lytA_2
[01:03:21] Fixed 2 duplicate /gene - ugd_1 ugd_2
[01:03:21] Fixed 2 duplicate /gene - yheS_1 yheS_2
[01:03:21] Fixed 2 duplicate /gene - iscS_1 iscS_2
[01:03:21] Fixed 2 duplicate /gene - lacE_1 lacE_2
[01:03:21] Fixed 2 duplicate /gene - sorB_1 sorB_2
[01:03:21] Fixed 3 duplicate /gene - sarA_1 sarA_2 sarA_3
[01:03:21] Fixed 2 duplicate /gene - bglK_1 bglK_2
[01:03:21] Fixed 2 duplicate /gene - dinB_1 dinB_2
[01:03:21] Fixed 2 duplicate /gene - clpC_1 clpC_2
[01:03:21] Fixed 3 duplicate /gene - lagD_1 lagD_2 lagD_3
[01:03:21] Fixed 2 duplicate /gene - dsbD_1 dsbD_2
[01:03:21] Fixed 3 duplicate /gene - gph_1 gph_2 gph_3
[01:03:21] Fixed 2 duplicate /gene - def_1 def_2
[01:03:21] Fixed 2 duplicate /gene - resA_1 resA_2
[01:03:21] Fixed 2 duplicate /gene - thiM_1 thiM_2
[01:03:21] Fixed 2 duplicate /gene - rluD_1 rluD_2
[01:03:21] Fixed 2 duplicate /gene - leuA_1 leuA_2
[01:03:21] Fixed 2 duplicate /gene - adh_1 adh_2
[01:03:21] Fixed 2 duplicate /gene - rlmN_1 rlmN_2
[01:03:21] Fixed 2 duplicate /gene - sorC_1 sorC_2
[01:03:21] Fixed 3 duplicate /gene - yknY_1 yknY_2 yknY_3
[01:03:21] Fixed 2 duplicate /gene - iga_1 iga_2
[01:03:21] Fixed 2 duplicate /gene - gpmA_1 gpmA_2
[01:03:21] Fixed 2 duplicate /gene - crcB_1 crcB_2
[01:03:21] Fixed 2 duplicate /gene - arlR_1 arlR_2
[01:03:21] Fixed 2 duplicate /gene - artP_1 artP_2
[01:03:21] Fixed 2 duplicate /gene - degA_1 degA_2
[01:03:21] Fixed 2 duplicate /gene - glgA_1 glgA_2
[01:03:21] Fixed 3 duplicate /gene - manX_1 manX_2 manX_3
[01:03:21] Fixed 2 duplicate /gene - yidA_1 yidA_2
[01:03:21] Fixed 2 duplicate /gene - dinG_1 dinG_2
[01:03:21] Fixed 2 duplicate /gene - cutC_1 cutC_2
[01:03:21] Fixed 2 duplicate /gene - glgX_1 glgX_2
[01:03:21] Fixed 2 duplicate /gene - gatC_1 gatC_2
[01:03:21] Fixed 5 duplicate /gene - btuD_1 btuD_2 btuD_3 btuD_4 btuD_5
[01:03:21] Fixed 2 duplicate /gene - phoU_1 phoU_2
[01:03:21] Fixed 2 duplicate /gene - yecS_1 yecS_2
[01:03:21] Fixed 2 duplicate /gene - nanA_1 nanA_2
[01:03:21] Fixed 2 duplicate /gene - pepA_1 pepA_2
[01:03:21] Fixed 2 duplicate /gene - udk_1 udk_2
[01:03:21] Fixed 2 duplicate /gene - ccpA_1 ccpA_2
[01:03:21] Fixed 2 duplicate /gene - glnH_1 glnH_2
[01:03:21] Fixed 2 duplicate /gene - IMPDH_1 IMPDH_2
[01:03:21] Fixed 95 colliding /gene names.
[01:03:21] Adding /locus_tag identifiers
[01:03:21] Assigned 2049 locus_tags to CDS and RNA features.
[01:03:21] Writing outputs to PROKKA_02182023/
[01:03:22] Generating annotation statistics file
[01:03:22] Generating Genbank and Sequin files
[01:03:22] Running: tbl2asn -V b -a r10k -l paired-ends -M n -N 1 -y 'Annotated using prokka 1.14.6 from https://github.com/tseemann/prokka' -Z PROKKA_02182023\/PROKKA_02182023\.err -i PROKKA_02182023\/PROKKA_02182023\.fsa 2> /dev/null
[01:03:25] Deleting unwanted file: PROKKA_02182023/errorsummary.val
[01:03:25] Deleting unwanted file: PROKKA_02182023/PROKKA_02182023.dr
[01:03:25] Deleting unwanted file: PROKKA_02182023/PROKKA_02182023.fixedproducts
[01:03:25] Deleting unwanted file: PROKKA_02182023/PROKKA_02182023.ecn
[01:03:25] Deleting unwanted file: PROKKA_02182023/PROKKA_02182023.val
[01:03:25] Repairing broken .GBK output that tbl2asn produces...
[01:03:25] Running: sed 's/COORDINATES: profile/COORDINATES:profile/' < PROKKA_02182023\/PROKKA_02182023\.gbf > PROKKA_02182023\/PROKKA_02182023\.gbk
[01:03:25] Deleting unwanted file: PROKKA_02182023/PROKKA_02182023.gbf
[01:03:25] Output files:
[01:03:25] PROKKA_02182023/PROKKA_02182023.gbk
[01:03:25] PROKKA_02182023/PROKKA_02182023.err
[01:03:25] PROKKA_02182023/PROKKA_02182023.faa
[01:03:25] PROKKA_02182023/PROKKA_02182023.log
[01:03:25] PROKKA_02182023/PROKKA_02182023.txt
[01:03:25] PROKKA_02182023/PROKKA_02182023.sqn
[01:03:25] PROKKA_02182023/PROKKA_02182023.gff
[01:03:25] PROKKA_02182023/PROKKA_02182023.tbl
[01:03:25] PROKKA_02182023/PROKKA_02182023.fna
[01:03:25] PROKKA_02182023/PROKKA_02182023.ffn
[01:03:25] PROKKA_02182023/PROKKA_02182023.tsv
[01:03:25] PROKKA_02182023/PROKKA_02182023.fsa
[01:03:25] Annotation finished successfully.
[01:03:25] Walltime used: 0.83 minutes
[01:03:25] If you use this result please cite the Prokka paper:
[01:03:25] Seemann T (2014) Prokka: rapid prokaryotic genome annotation. Bioinformatics. 30(14):2068-9.
[01:03:25] Type 'prokka --citation' for more details.
[01:03:25] Thank you, come again.
