[bwa_index] Pack FASTA... 0.02 sec
[bwa_index] Construct BWT for the packed sequence...
[bwa_index] 0.67 seconds elapse.
[bwa_index] Update BWT... 0.02 sec
[bwa_index] Pack forward-only FASTA... 0.01 sec
[bwa_index] Construct SA from BWT and Occ... 0.11 sec
[main] Version: 0.7.15-r1140
[main] CMD: /usr/local/lib/python2.7/dist-packages/quast-5.0.2-py2.7.egg/quast_libs/bwa/bwa index -p /data/ERR2090315_quast_output/quast_corrected_input/ERR2090315_contigs.fasta /data/ERR2090315_quast_output/quast_corrected_input/ERR2090315_contigs.fasta
[main] Real time: 0.851 sec; CPU: 0.828 sec
[M::bwa_idx_load_from_disk] read 0 ALT contigs
[M::process] read 160000 sequences (20000000 bp)...
[M::process] read 160000 sequences (20000000 bp)...
[M::mem_pestat] # candidate unique pairs for (FF, FR, RF, RR): (0, 75828, 1, 0)
[M::mem_pestat] skip orientation FF as there are not enough pairs
[M::mem_pestat] analyzing insert size distribution for orientation FR...
[M::mem_pestat] (25, 50, 75) percentile: (377, 446, 528)
[M::mem_pestat] low and high boundaries for computing mean and std.dev: (75, 830)
[M::mem_pestat] mean and std.dev: (457.29, 112.79)
[M::mem_pestat] low and high boundaries for proper pairs: (1, 981)
[M::mem_pestat] skip orientation RF as there are not enough pairs
[M::mem_pestat] skip orientation RR as there are not enough pairs
[M::mem_process_seqs] Processed 160000 reads in 4.412 CPU sec, 2.110 real sec
[M::process] read 160000 sequences (20000000 bp)...
[M::mem_pestat] # candidate unique pairs for (FF, FR, RF, RR): (0, 69938, 56, 0)
[M::mem_pestat] skip orientation FF as there are not enough pairs
[M::mem_pestat] analyzing insert size distribution for orientation FR...
[M::mem_pestat] (25, 50, 75) percentile: (379, 449, 532)
[M::mem_pestat] low and high boundaries for computing mean and std.dev: (73, 838)
[M::mem_pestat] mean and std.dev: (460.82, 113.44)
[M::mem_pestat] low and high boundaries for proper pairs: (1, 991)
[M::mem_pestat] analyzing insert size distribution for orientation RF...
[M::mem_pestat] (25, 50, 75) percentile: (7188, 7261, 7323)
[M::mem_pestat] low and high boundaries for computing mean and std.dev: (6918, 7593)
[M::mem_pestat] mean and std.dev: (7254.40, 87.99)
[M::mem_pestat] low and high boundaries for proper pairs: (6783, 7728)
[M::mem_pestat] skip orientation RR as there are not enough pairs
[M::mem_pestat] skip orientation RF
[M::mem_process_seqs] Processed 160000 reads in 5.273 CPU sec, 2.494 real sec
[M::process] read 160000 sequences (20000000 bp)...
[M::mem_pestat] # candidate unique pairs for (FF, FR, RF, RR): (0, 79696, 0, 0)
[M::mem_pestat] skip orientation FF as there are not enough pairs
[M::mem_pestat] analyzing insert size distribution for orientation FR...
[M::mem_pestat] (25, 50, 75) percentile: (380, 450, 533)
[M::mem_pestat] low and high boundaries for computing mean and std.dev: (74, 839)
[M::mem_pestat] mean and std.dev: (461.57, 113.97)
[M::mem_pestat] low and high boundaries for proper pairs: (1, 992)
[M::mem_pestat] skip orientation RF as there are not enough pairs
[M::mem_pestat] skip orientation RR as there are not enough pairs
[M::mem_process_seqs] Processed 160000 reads in 3.776 CPU sec, 1.742 real sec
[M::process] read 160000 sequences (20000000 bp)...
[M::mem_pestat] # candidate unique pairs for (FF, FR, RF, RR): (2, 79322, 0, 1)
[M::mem_pestat] skip orientation FF as there are not enough pairs
[M::mem_pestat] analyzing insert size distribution for orientation FR...
[M::mem_pestat] (25, 50, 75) percentile: (381, 451, 533)
[M::mem_pestat] low and high boundaries for computing mean and std.dev: (77, 837)
[M::mem_pestat] mean and std.dev: (461.96, 113.99)
[M::mem_pestat] low and high boundaries for proper pairs: (1, 989)
[M::mem_pestat] skip orientation RF as there are not enough pairs
[M::mem_pestat] skip orientation RR as there are not enough pairs
[M::mem_process_seqs] Processed 160000 reads in 3.950 CPU sec, 1.841 real sec
[M::process] read 160000 sequences (20000000 bp)...
[M::mem_pestat] # candidate unique pairs for (FF, FR, RF, RR): (0, 75819, 1, 1)
[M::mem_pestat] skip orientation FF as there are not enough pairs
[M::mem_pestat] analyzing insert size distribution for orientation FR...
[M::mem_pestat] (25, 50, 75) percentile: (381, 450, 534)
[M::mem_pestat] low and high boundaries for computing mean and std.dev: (75, 840)
[M::mem_pestat] mean and std.dev: (462.39, 114.23)
[M::mem_pestat] low and high boundaries for proper pairs: (1, 993)
[M::mem_pestat] skip orientation RF as there are not enough pairs
[M::mem_pestat] skip orientation RR as there are not enough pairs
[M::mem_process_seqs] Processed 160000 reads in 4.364 CPU sec, 2.033 real sec
[M::process] read 160000 sequences (20000000 bp)...
[M::mem_pestat] # candidate unique pairs for (FF, FR, RF, RR): (63, 76662, 0, 52)
[M::mem_pestat] analyzing insert size distribution for orientation FF...
[M::mem_pestat] (25, 50, 75) percentile: (924, 1027, 1165)
[M::mem_pestat] low and high boundaries for computing mean and std.dev: (442, 1647)
[M::mem_pestat] mean and std.dev: (1036.87, 185.66)
[M::mem_pestat] low and high boundaries for proper pairs: (201, 1888)
[M::mem_pestat] analyzing insert size distribution for orientation FR...
[M::mem_pestat] (25, 50, 75) percentile: (379, 449, 533)
[M::mem_pestat] low and high boundaries for computing mean and std.dev: (71, 841)
[M::mem_pestat] mean and std.dev: (461.15, 114.06)
[M::mem_pestat] low and high boundaries for proper pairs: (1, 995)
[M::mem_pestat] skip orientation RF as there are not enough pairs
[M::mem_pestat] analyzing insert size distribution for orientation RR...
[M::mem_pestat] (25, 50, 75) percentile: (893, 1071, 1277)
[M::mem_pestat] low and high boundaries for computing mean and std.dev: (125, 2045)
[M::mem_pestat] mean and std.dev: (1056.37, 236.85)
[M::mem_pestat] low and high boundaries for proper pairs: (1, 2429)
[M::mem_pestat] skip orientation FF
[M::mem_pestat] skip orientation RR
[M::mem_process_seqs] Processed 160000 reads in 4.050 CPU sec, 1.884 real sec
[M::process] read 160000 sequences (20000000 bp)...
[M::mem_pestat] # candidate unique pairs for (FF, FR, RF, RR): (1, 76550, 6, 0)
[M::mem_pestat] skip orientation FF as there are not enough pairs
[M::mem_pestat] analyzing insert size distribution for orientation FR...
[M::mem_pestat] (25, 50, 75) percentile: (380, 449, 532)
[M::mem_pestat] low and high boundaries for computing mean and std.dev: (76, 836)
[M::mem_pestat] mean and std.dev: (461.18, 113.87)
[M::mem_pestat] low and high boundaries for proper pairs: (1, 988)
[M::mem_pestat] skip orientation RF as there are not enough pairs
[M::mem_pestat] skip orientation RR as there are not enough pairs
[M::mem_process_seqs] Processed 160000 reads in 4.404 CPU sec, 2.045 real sec
[M::process] read 160000 sequences (20000000 bp)...
[M::mem_pestat] # candidate unique pairs for (FF, FR, RF, RR): (0, 76336, 3, 1)
[M::mem_pestat] skip orientation FF as there are not enough pairs
[M::mem_pestat] analyzing insert size distribution for orientation FR...
[M::mem_pestat] (25, 50, 75) percentile: (381, 451, 534)
[M::mem_pestat] low and high boundaries for computing mean and std.dev: (75, 840)
[M::mem_pestat] mean and std.dev: (462.88, 114.41)
[M::mem_pestat] low and high boundaries for proper pairs: (1, 993)
[M::mem_pestat] skip orientation RF as there are not enough pairs
[M::mem_pestat] skip orientation RR as there are not enough pairs
[M::mem_process_seqs] Processed 160000 reads in 4.401 CPU sec, 2.059 real sec
[M::process] read 160000 sequences (20000000 bp)...
[M::mem_pestat] # candidate unique pairs for (FF, FR, RF, RR): (2, 76424, 0, 0)
[M::mem_pestat] skip orientation FF as there are not enough pairs
[M::mem_pestat] analyzing insert size distribution for orientation FR...
[M::mem_pestat] (25, 50, 75) percentile: (381, 450, 533)
[M::mem_pestat] low and high boundaries for computing mean and std.dev: (77, 837)
[M::mem_pestat] mean and std.dev: (462.07, 113.69)
[M::mem_pestat] low and high boundaries for proper pairs: (1, 989)
[M::mem_pestat] skip orientation RF as there are not enough pairs
[M::mem_pestat] skip orientation RR as there are not enough pairs
[M::mem_process_seqs] Processed 160000 reads in 4.581 CPU sec, 2.134 real sec
[M::process] read 160000 sequences (20000000 bp)...
[M::mem_pestat] # candidate unique pairs for (FF, FR, RF, RR): (0, 73660, 16, 1)
[M::mem_pestat] skip orientation FF as there are not enough pairs
[M::mem_pestat] analyzing insert size distribution for orientation FR...
[M::mem_pestat] (25, 50, 75) percentile: (380, 449, 532)
[M::mem_pestat] low and high boundaries for computing mean and std.dev: (76, 836)
[M::mem_pestat] mean and std.dev: (461.14, 113.60)
[M::mem_pestat] low and high boundaries for proper pairs: (1, 988)
[M::mem_pestat] analyzing insert size distribution for orientation RF...
[M::mem_pestat] (25, 50, 75) percentile: (4861, 4865, 4870)
[M::mem_pestat] low and high boundaries for computing mean and std.dev: (4843, 4888)
[M::mem_pestat] mean and std.dev: (4864.69, 7.40)
[M::mem_pestat] low and high boundaries for proper pairs: (4834, 4897)
[M::mem_pestat] skip orientation RR as there are not enough pairs
[M::mem_pestat] skip orientation RF
[M::mem_process_seqs] Processed 160000 reads in 4.557 CPU sec, 2.141 real sec
[M::process] read 160000 sequences (20000000 bp)...
[M::mem_pestat] # candidate unique pairs for (FF, FR, RF, RR): (1, 75519, 2, 2)
[M::mem_pestat] skip orientation FF as there are not enough pairs
[M::mem_pestat] analyzing insert size distribution for orientation FR...
[M::mem_pestat] (25, 50, 75) percentile: (380, 449, 532)
[M::mem_pestat] low and high boundaries for computing mean and std.dev: (76, 836)
[M::mem_pestat] mean and std.dev: (460.81, 113.53)
[M::mem_pestat] low and high boundaries for proper pairs: (1, 988)
[M::mem_pestat] skip orientation RF as there are not enough pairs
[M::mem_pestat] skip orientation RR as there are not enough pairs
[M::mem_process_seqs] Processed 160000 reads in 4.361 CPU sec, 2.031 real sec
[M::process] read 160000 sequences (20000000 bp)...
[M::mem_pestat] # candidate unique pairs for (FF, FR, RF, RR): (1, 76342, 1, 2)
[M::mem_pestat] skip orientation FF as there are not enough pairs
[M::mem_pestat] analyzing insert size distribution for orientation FR...
[M::mem_pestat] (25, 50, 75) percentile: (381, 450, 533)
[M::mem_pestat] low and high boundaries for computing mean and std.dev: (77, 837)
[M::mem_pestat] mean and std.dev: (461.62, 113.37)
[M::mem_pestat] low and high boundaries for proper pairs: (1, 989)
[M::mem_pestat] skip orientation RF as there are not enough pairs
[M::mem_pestat] skip orientation RR as there are not enough pairs
[M::mem_process_seqs] Processed 160000 reads in 4.424 CPU sec, 2.068 real sec
[M::process] read 160000 sequences (20000000 bp)...
[M::mem_pestat] # candidate unique pairs for (FF, FR, RF, RR): (1, 78190, 0, 0)
[M::mem_pestat] skip orientation FF as there are not enough pairs
[M::mem_pestat] analyzing insert size distribution for orientation FR...
[M::mem_pestat] (25, 50, 75) percentile: (380, 450, 535)
[M::mem_pestat] low and high boundaries for computing mean and std.dev: (70, 845)
[M::mem_pestat] mean and std.dev: (462.64, 114.83)
[M::mem_pestat] low and high boundaries for proper pairs: (1, 1000)
[M::mem_pestat] skip orientation RF as there are not enough pairs
[M::mem_pestat] skip orientation RR as there are not enough pairs
[M::mem_process_seqs] Processed 160000 reads in 4.080 CPU sec, 1.877 real sec
[M::process] read 160000 sequences (20000000 bp)...
[M::mem_pestat] # candidate unique pairs for (FF, FR, RF, RR): (2, 75475, 0, 1)
[M::mem_pestat] skip orientation FF as there are not enough pairs
[M::mem_pestat] analyzing insert size distribution for orientation FR...
[M::mem_pestat] (25, 50, 75) percentile: (381, 451, 536)
[M::mem_pestat] low and high boundaries for computing mean and std.dev: (71, 846)
[M::mem_pestat] mean and std.dev: (463.67, 115.47)
[M::mem_pestat] low and high boundaries for proper pairs: (1, 1001)
[M::mem_pestat] skip orientation RF as there are not enough pairs
[M::mem_pestat] skip orientation RR as there are not enough pairs
[M::mem_process_seqs] Processed 160000 reads in 4.428 CPU sec, 2.077 real sec
[M::process] read 160000 sequences (20000000 bp)...
[M::mem_pestat] # candidate unique pairs for (FF, FR, RF, RR): (0, 76931, 2, 0)
[M::mem_pestat] skip orientation FF as there are not enough pairs
[M::mem_pestat] analyzing insert size distribution for orientation FR...
[M::mem_pestat] (25, 50, 75) percentile: (381, 450, 534)
[M::mem_pestat] low and high boundaries for computing mean and std.dev: (75, 840)
[M::mem_pestat] mean and std.dev: (462.23, 114.29)
[M::mem_pestat] low and high boundaries for proper pairs: (1, 993)
[M::mem_pestat] skip orientation RF as there are not enough pairs
[M::mem_pestat] skip orientation RR as there are not enough pairs
[M::mem_process_seqs] Processed 160000 reads in 4.137 CPU sec, 1.910 real sec
[M::process] read 160000 sequences (20000000 bp)...
[M::mem_pestat] # candidate unique pairs for (FF, FR, RF, RR): (0, 76034, 1, 0)
[M::mem_pestat] skip orientation FF as there are not enough pairs
[M::mem_pestat] analyzing insert size distribution for orientation FR...
[M::mem_pestat] (25, 50, 75) percentile: (380, 448, 531)
[M::mem_pestat] low and high boundaries for computing mean and std.dev: (78, 833)
[M::mem_pestat] mean and std.dev: (460.29, 112.73)
[M::mem_pestat] low and high boundaries for proper pairs: (1, 984)
[M::mem_pestat] skip orientation RF as there are not enough pairs
[M::mem_pestat] skip orientation RR as there are not enough pairs
[M::mem_process_seqs] Processed 160000 reads in 4.388 CPU sec, 2.054 real sec
[M::process] read 160000 sequences (20000000 bp)...
[M::mem_pestat] # candidate unique pairs for (FF, FR, RF, RR): (0, 77060, 0, 1)
[M::mem_pestat] skip orientation FF as there are not enough pairs
[M::mem_pestat] analyzing insert size distribution for orientation FR...
[M::mem_pestat] (25, 50, 75) percentile: (381, 450, 533)
[M::mem_pestat] low and high boundaries for computing mean and std.dev: (77, 837)
[M::mem_pestat] mean and std.dev: (461.65, 113.81)
[M::mem_pestat] low and high boundaries for proper pairs: (1, 989)
[M::mem_pestat] skip orientation RF as there are not enough pairs
[M::mem_pestat] skip orientation RR as there are not enough pairs
[M::mem_process_seqs] Processed 160000 reads in 4.133 CPU sec, 1.913 real sec
[M::process] read 160000 sequences (20000000 bp)...
[M::mem_pestat] # candidate unique pairs for (FF, FR, RF, RR): (0, 77651, 0, 0)
[M::mem_pestat] skip orientation FF as there are not enough pairs
[M::mem_pestat] analyzing insert size distribution for orientation FR...
[M::mem_pestat] (25, 50, 75) percentile: (380, 449, 533)
[M::mem_pestat] low and high boundaries for computing mean and std.dev: (74, 839)
[M::mem_pestat] mean and std.dev: (461.55, 114.12)
[M::mem_pestat] low and high boundaries for proper pairs: (1, 992)
[M::mem_pestat] skip orientation RF as there are not enough pairs
[M::mem_pestat] skip orientation RR as there are not enough pairs
[M::mem_process_seqs] Processed 160000 reads in 4.819 CPU sec, 2.262 real sec
[M::process] read 160000 sequences (20000000 bp)...
[M::mem_pestat] # candidate unique pairs for (FF, FR, RF, RR): (2, 76548, 1, 0)
[M::mem_pestat] skip orientation FF as there are not enough pairs
[M::mem_pestat] analyzing insert size distribution for orientation FR...
[M::mem_pestat] (25, 50, 75) percentile: (381, 450, 533)
[M::mem_pestat] low and high boundaries for computing mean and std.dev: (77, 837)
[M::mem_pestat] mean and std.dev: (461.74, 113.36)
[M::mem_pestat] low and high boundaries for proper pairs: (1, 989)
[M::mem_pestat] skip orientation RF as there are not enough pairs
[M::mem_pestat] skip orientation RR as there are not enough pairs
[M::mem_process_seqs] Processed 160000 reads in 4.681 CPU sec, 2.181 real sec
[M::process] read 160000 sequences (20000000 bp)...
[M::mem_pestat] # candidate unique pairs for (FF, FR, RF, RR): (1, 75210, 0, 0)
[M::mem_pestat] skip orientation FF as there are not enough pairs
[M::mem_pestat] analyzing insert size distribution for orientation FR...
[M::mem_pestat] (25, 50, 75) percentile: (380, 448, 531)
[M::mem_pestat] low and high boundaries for computing mean and std.dev: (78, 833)
[M::mem_pestat] mean and std.dev: (460.13, 112.86)
[M::mem_pestat] low and high boundaries for proper pairs: (1, 984)
[M::mem_pestat] skip orientation RF as there are not enough pairs
[M::mem_pestat] skip orientation RR as there are not enough pairs
[M::mem_process_seqs] Processed 160000 reads in 4.438 CPU sec, 2.078 real sec
[M::process] read 160000 sequences (20000000 bp)...
[M::mem_pestat] # candidate unique pairs for (FF, FR, RF, RR): (0, 77944, 0, 0)
[M::mem_pestat] skip orientation FF as there are not enough pairs
[M::mem_pestat] analyzing insert size distribution for orientation FR...
[M::mem_pestat] (25, 50, 75) percentile: (381, 450, 533)
[M::mem_pestat] low and high boundaries for computing mean and std.dev: (77, 837)
[M::mem_pestat] mean and std.dev: (461.58, 113.71)
[M::mem_pestat] low and high boundaries for proper pairs: (1, 989)
[M::mem_pestat] skip orientation RF as there are not enough pairs
[M::mem_pestat] skip orientation RR as there are not enough pairs
[M::mem_process_seqs] Processed 160000 reads in 4.053 CPU sec, 1.870 real sec
[M::process] read 160000 sequences (20000000 bp)...
[M::mem_pestat] # candidate unique pairs for (FF, FR, RF, RR): (0, 71260, 114, 1)
[M::mem_pestat] skip orientation FF as there are not enough pairs
[M::mem_pestat] analyzing insert size distribution for orientation FR...
[M::mem_pestat] (25, 50, 75) percentile: (378, 447, 528)
[M::mem_pestat] low and high boundaries for computing mean and std.dev: (78, 828)
[M::mem_pestat] mean and std.dev: (458.22, 112.44)
[M::mem_pestat] low and high boundaries for proper pairs: (1, 978)
[M::mem_pestat] analyzing insert size distribution for orientation RF...
[M::mem_pestat] (25, 50, 75) percentile: (79, 136, 195)
[M::mem_pestat] low and high boundaries for computing mean and std.dev: (1, 427)
[M::mem_pestat] mean and std.dev: (132.64, 69.08)
[M::mem_pestat] low and high boundaries for proper pairs: (1, 543)
[M::mem_pestat] skip orientation RR as there are not enough pairs
[M::mem_pestat] skip orientation RF
[M::mem_process_seqs] Processed 160000 reads in 4.491 CPU sec, 2.113 real sec
[M::process] read 160000 sequences (20000000 bp)...
[M::mem_pestat] # candidate unique pairs for (FF, FR, RF, RR): (0, 72945, 1, 2)
[M::mem_pestat] skip orientation FF as there are not enough pairs
[M::mem_pestat] analyzing insert size distribution for orientation FR...
[M::mem_pestat] (25, 50, 75) percentile: (379, 449, 531)
[M::mem_pestat] low and high boundaries for computing mean and std.dev: (75, 835)
[M::mem_pestat] mean and std.dev: (460.29, 113.65)
[M::mem_pestat] low and high boundaries for proper pairs: (1, 987)
[M::mem_pestat] skip orientation RF as there are not enough pairs
[M::mem_pestat] skip orientation RR as there are not enough pairs
[M::mem_process_seqs] Processed 160000 reads in 5.053 CPU sec, 2.372 real sec
[M::process] read 160000 sequences (20000000 bp)...
[M::mem_pestat] # candidate unique pairs for (FF, FR, RF, RR): (2, 76792, 0, 1)
[M::mem_pestat] skip orientation FF as there are not enough pairs
[M::mem_pestat] analyzing insert size distribution for orientation FR...
[M::mem_pestat] (25, 50, 75) percentile: (380, 449, 532)
[M::mem_pestat] low and high boundaries for computing mean and std.dev: (76, 836)
[M::mem_pestat] mean and std.dev: (461.08, 114.04)
[M::mem_pestat] low and high boundaries for proper pairs: (1, 988)
[M::mem_pestat] skip orientation RF as there are not enough pairs
[M::mem_pestat] skip orientation RR as there are not enough pairs
[M::mem_process_seqs] Processed 160000 reads in 4.275 CPU sec, 1.990 real sec
[M::process] read 130604 sequences (16325500 bp)...
[M::mem_pestat] # candidate unique pairs for (FF, FR, RF, RR): (0, 76763, 15, 0)
[M::mem_pestat] skip orientation FF as there are not enough pairs
[M::mem_pestat] analyzing insert size distribution for orientation FR...
[M::mem_pestat] (25, 50, 75) percentile: (379, 449, 533)
[M::mem_pestat] low and high boundaries for computing mean and std.dev: (71, 841)
[M::mem_pestat] mean and std.dev: (461.74, 115.05)
[M::mem_pestat] low and high boundaries for proper pairs: (1, 995)
[M::mem_pestat] analyzing insert size distribution for orientation RF...
[M::mem_pestat] (25, 50, 75) percentile: (390, 442, 516)
[M::mem_pestat] low and high boundaries for computing mean and std.dev: (138, 768)
[M::mem_pestat] mean and std.dev: (434.53, 85.07)
[M::mem_pestat] low and high boundaries for proper pairs: (12, 894)
[M::mem_pestat] skip orientation RR as there are not enough pairs
[M::mem_pestat] skip orientation RF
[M::mem_process_seqs] Processed 160000 reads in 4.382 CPU sec, 2.041 real sec
[M::mem_pestat] # candidate unique pairs for (FF, FR, RF, RR): (0, 62458, 20, 0)
[M::mem_pestat] skip orientation FF as there are not enough pairs
[M::mem_pestat] analyzing insert size distribution for orientation FR...
[M::mem_pestat] (25, 50, 75) percentile: (377, 446, 530)
[M::mem_pestat] low and high boundaries for computing mean and std.dev: (71, 836)
[M::mem_pestat] mean and std.dev: (458.72, 114.80)
[M::mem_pestat] low and high boundaries for proper pairs: (1, 989)
[M::mem_pestat] analyzing insert size distribution for orientation RF...
[M::mem_pestat] (25, 50, 75) percentile: (269, 373, 412)
[M::mem_pestat] low and high boundaries for computing mean and std.dev: (1, 698)
[M::mem_pestat] mean and std.dev: (342.85, 111.60)
[M::mem_pestat] low and high boundaries for proper pairs: (1, 841)
[M::mem_pestat] skip orientation RR as there are not enough pairs
[M::mem_pestat] skip orientation RF
[M::mem_process_seqs] Processed 130604 reads in 3.641 CPU sec, 1.781 real sec
[main] Version: 0.7.15-r1140
[main] CMD: /usr/local/lib/python2.7/dist-packages/quast-5.0.2-py2.7.egg/quast_libs/bwa/bwa mem -t 2 /data/ERR2090315_quast_output/quast_corrected_input/ERR2090315_contigs.fasta /data/ERR2090315_1.fastq.gz /data/ERR2090315_2.fastq.gz
[main] Real time: 53.590 sec; CPU: 113.872 sec
finding positions of the duplicate reads in the file...
  sorted 2051949 end pairs
     and 7971 single ends (among them 0 unmatched pairs)
  collecting indices of duplicate reads...   done in 173 ms
  found 24474 duplicates
collected list of positions in 0 min 7 sec
removing duplicates...
total time elapsed: 0 min 55 sec
