[bwa_index] Pack FASTA... 0.02 sec
[bwa_index] Construct BWT for the packed sequence...
[bwa_index] 0.74 seconds elapse.
[bwa_index] Update BWT... 0.02 sec
[bwa_index] Pack forward-only FASTA... 0.01 sec
[bwa_index] Construct SA from BWT and Occ... 0.13 sec
[main] Version: 0.7.15-r1140
[main] CMD: /usr/local/lib/python2.7/dist-packages/quast-5.0.2-py2.7.egg/quast_libs/bwa/bwa index -p /data/ERR2090220_quast_output/quast_corrected_input/ERR2090220_contigs.fasta /data/ERR2090220_quast_output/quast_corrected_input/ERR2090220_contigs.fasta
[main] Real time: 0.930 sec; CPU: 0.921 sec
[M::bwa_idx_load_from_disk] read 0 ALT contigs
[M::process] read 160000 sequences (20000000 bp)...
[M::process] read 160000 sequences (20000000 bp)...
[M::mem_pestat] # candidate unique pairs for (FF, FR, RF, RR): (0, 75751, 0, 1)
[M::mem_pestat] skip orientation FF as there are not enough pairs
[M::mem_pestat] analyzing insert size distribution for orientation FR...
[M::mem_pestat] (25, 50, 75) percentile: (375, 435, 512)
[M::mem_pestat] low and high boundaries for computing mean and std.dev: (101, 786)
[M::mem_pestat] mean and std.dev: (447.76, 103.76)
[M::mem_pestat] low and high boundaries for proper pairs: (1, 923)
[M::mem_pestat] skip orientation RF as there are not enough pairs
[M::mem_pestat] skip orientation RR as there are not enough pairs
[M::mem_process_seqs] Processed 160000 reads in 4.421 CPU sec, 2.126 real sec
[M::process] read 160000 sequences (20000000 bp)...
[M::mem_pestat] # candidate unique pairs for (FF, FR, RF, RR): (0, 77062, 1, 0)
[M::mem_pestat] skip orientation FF as there are not enough pairs
[M::mem_pestat] analyzing insert size distribution for orientation FR...
[M::mem_pestat] (25, 50, 75) percentile: (375, 435, 513)
[M::mem_pestat] low and high boundaries for computing mean and std.dev: (99, 789)
[M::mem_pestat] mean and std.dev: (448.40, 105.15)
[M::mem_pestat] low and high boundaries for proper pairs: (1, 927)
[M::mem_pestat] skip orientation RF as there are not enough pairs
[M::mem_pestat] skip orientation RR as there are not enough pairs
[M::mem_process_seqs] Processed 160000 reads in 4.624 CPU sec, 2.181 real sec
[M::process] read 160000 sequences (20000000 bp)...
[M::mem_pestat] # candidate unique pairs for (FF, FR, RF, RR): (0, 77669, 0, 0)
[M::mem_pestat] skip orientation FF as there are not enough pairs
[M::mem_pestat] analyzing insert size distribution for orientation FR...
[M::mem_pestat] (25, 50, 75) percentile: (375, 436, 512)
[M::mem_pestat] low and high boundaries for computing mean and std.dev: (101, 786)
[M::mem_pestat] mean and std.dev: (448.26, 104.08)
[M::mem_pestat] low and high boundaries for proper pairs: (1, 923)
[M::mem_pestat] skip orientation RF as there are not enough pairs
[M::mem_pestat] skip orientation RR as there are not enough pairs
[M::mem_process_seqs] Processed 160000 reads in 4.568 CPU sec, 2.124 real sec
[M::process] read 160000 sequences (20000000 bp)...
[M::mem_pestat] # candidate unique pairs for (FF, FR, RF, RR): (0, 77651, 0, 0)
[M::mem_pestat] skip orientation FF as there are not enough pairs
[M::mem_pestat] analyzing insert size distribution for orientation FR...
[M::mem_pestat] (25, 50, 75) percentile: (376, 436, 514)
[M::mem_pestat] low and high boundaries for computing mean and std.dev: (100, 790)
[M::mem_pestat] mean and std.dev: (449.37, 104.18)
[M::mem_pestat] low and high boundaries for proper pairs: (1, 928)
[M::mem_pestat] skip orientation RF as there are not enough pairs
[M::mem_pestat] skip orientation RR as there are not enough pairs
[M::mem_process_seqs] Processed 160000 reads in 4.018 CPU sec, 1.841 real sec
[M::process] read 160000 sequences (20000000 bp)...
[M::mem_pestat] # candidate unique pairs for (FF, FR, RF, RR): (52, 75680, 1, 43)
[M::mem_pestat] analyzing insert size distribution for orientation FF...
[M::mem_pestat] (25, 50, 75) percentile: (891, 1036, 1176)
[M::mem_pestat] low and high boundaries for computing mean and std.dev: (321, 1746)
[M::mem_pestat] mean and std.dev: (1027.59, 191.30)
[M::mem_pestat] low and high boundaries for proper pairs: (36, 2031)
[M::mem_pestat] analyzing insert size distribution for orientation FR...
[M::mem_pestat] (25, 50, 75) percentile: (375, 435, 513)
[M::mem_pestat] low and high boundaries for computing mean and std.dev: (99, 789)
[M::mem_pestat] mean and std.dev: (448.64, 104.42)
[M::mem_pestat] low and high boundaries for proper pairs: (1, 927)
[M::mem_pestat] skip orientation RF as there are not enough pairs
[M::mem_pestat] analyzing insert size distribution for orientation RR...
[M::mem_pestat] (25, 50, 75) percentile: (883, 986, 1201)
[M::mem_pestat] low and high boundaries for computing mean and std.dev: (247, 1837)
[M::mem_pestat] mean and std.dev: (1016.60, 250.08)
[M::mem_pestat] low and high boundaries for proper pairs: (1, 2155)
[M::mem_pestat] skip orientation FF
[M::mem_pestat] skip orientation RR
[M::mem_process_seqs] Processed 160000 reads in 4.447 CPU sec, 2.060 real sec
[M::process] read 160000 sequences (20000000 bp)...
[M::mem_pestat] # candidate unique pairs for (FF, FR, RF, RR): (0, 76528, 1, 0)
[M::mem_pestat] skip orientation FF as there are not enough pairs
[M::mem_pestat] analyzing insert size distribution for orientation FR...
[M::mem_pestat] (25, 50, 75) percentile: (375, 436, 514)
[M::mem_pestat] low and high boundaries for computing mean and std.dev: (97, 792)
[M::mem_pestat] mean and std.dev: (449.17, 105.17)
[M::mem_pestat] low and high boundaries for proper pairs: (1, 931)
[M::mem_pestat] skip orientation RF as there are not enough pairs
[M::mem_pestat] skip orientation RR as there are not enough pairs
[M::mem_process_seqs] Processed 160000 reads in 4.410 CPU sec, 2.066 real sec
[M::process] read 160000 sequences (20000000 bp)...
[M::mem_pestat] # candidate unique pairs for (FF, FR, RF, RR): (0, 75646, 0, 1)
[M::mem_pestat] skip orientation FF as there are not enough pairs
[M::mem_pestat] analyzing insert size distribution for orientation FR...
[M::mem_pestat] (25, 50, 75) percentile: (375, 436, 513)
[M::mem_pestat] low and high boundaries for computing mean and std.dev: (99, 789)
[M::mem_pestat] mean and std.dev: (448.52, 104.83)
[M::mem_pestat] low and high boundaries for proper pairs: (1, 927)
[M::mem_pestat] skip orientation RF as there are not enough pairs
[M::mem_pestat] skip orientation RR as there are not enough pairs
[M::mem_process_seqs] Processed 160000 reads in 4.782 CPU sec, 2.204 real sec
[M::process] read 160000 sequences (20000000 bp)...
[M::mem_pestat] # candidate unique pairs for (FF, FR, RF, RR): (1, 75604, 40, 1)
[M::mem_pestat] skip orientation FF as there are not enough pairs
[M::mem_pestat] analyzing insert size distribution for orientation FR...
[M::mem_pestat] (25, 50, 75) percentile: (375, 436, 514)
[M::mem_pestat] low and high boundaries for computing mean and std.dev: (97, 792)
[M::mem_pestat] mean and std.dev: (449.13, 104.79)
[M::mem_pestat] low and high boundaries for proper pairs: (1, 931)
[M::mem_pestat] analyzing insert size distribution for orientation RF...
[M::mem_pestat] (25, 50, 75) percentile: (1945, 2057, 2336)
[M::mem_pestat] low and high boundaries for computing mean and std.dev: (1163, 3118)
[M::mem_pestat] mean and std.dev: (2101.80, 255.47)
[M::mem_pestat] low and high boundaries for proper pairs: (772, 3509)
[M::mem_pestat] skip orientation RR as there are not enough pairs
[M::mem_pestat] skip orientation RF
[M::mem_process_seqs] Processed 160000 reads in 4.296 CPU sec, 2.019 real sec
[M::process] read 160000 sequences (20000000 bp)...
[M::mem_pestat] # candidate unique pairs for (FF, FR, RF, RR): (1, 76731, 0, 0)
[M::mem_pestat] skip orientation FF as there are not enough pairs
[M::mem_pestat] analyzing insert size distribution for orientation FR...
[M::mem_pestat] (25, 50, 75) percentile: (375, 436, 513)
[M::mem_pestat] low and high boundaries for computing mean and std.dev: (99, 789)
[M::mem_pestat] mean and std.dev: (448.84, 104.87)
[M::mem_pestat] low and high boundaries for proper pairs: (1, 927)
[M::mem_pestat] skip orientation RF as there are not enough pairs
[M::mem_pestat] skip orientation RR as there are not enough pairs
[M::mem_process_seqs] Processed 160000 reads in 3.959 CPU sec, 1.831 real sec
[M::process] read 160000 sequences (20000000 bp)...
[M::mem_pestat] # candidate unique pairs for (FF, FR, RF, RR): (1, 76359, 0, 1)
[M::mem_pestat] skip orientation FF as there are not enough pairs
[M::mem_pestat] analyzing insert size distribution for orientation FR...
[M::mem_pestat] (25, 50, 75) percentile: (375, 436, 514)
[M::mem_pestat] low and high boundaries for computing mean and std.dev: (97, 792)
[M::mem_pestat] mean and std.dev: (448.91, 105.10)
[M::mem_pestat] low and high boundaries for proper pairs: (1, 931)
[M::mem_pestat] skip orientation RF as there are not enough pairs
[M::mem_pestat] skip orientation RR as there are not enough pairs
[M::mem_process_seqs] Processed 160000 reads in 4.228 CPU sec, 1.967 real sec
[M::process] read 160000 sequences (20000000 bp)...
[M::mem_pestat] # candidate unique pairs for (FF, FR, RF, RR): (0, 74500, 1, 0)
[M::mem_pestat] skip orientation FF as there are not enough pairs
[M::mem_pestat] analyzing insert size distribution for orientation FR...
[M::mem_pestat] (25, 50, 75) percentile: (375, 435, 514)
[M::mem_pestat] low and high boundaries for computing mean and std.dev: (97, 792)
[M::mem_pestat] mean and std.dev: (448.64, 105.75)
[M::mem_pestat] low and high boundaries for proper pairs: (1, 931)
[M::mem_pestat] skip orientation RF as there are not enough pairs
[M::mem_pestat] skip orientation RR as there are not enough pairs
[M::mem_process_seqs] Processed 160000 reads in 4.723 CPU sec, 2.229 real sec
[M::process] read 160000 sequences (20000000 bp)...
[M::mem_pestat] # candidate unique pairs for (FF, FR, RF, RR): (0, 75490, 0, 1)
[M::mem_pestat] skip orientation FF as there are not enough pairs
[M::mem_pestat] analyzing insert size distribution for orientation FR...
[M::mem_pestat] (25, 50, 75) percentile: (375, 436, 516)
[M::mem_pestat] low and high boundaries for computing mean and std.dev: (93, 798)
[M::mem_pestat] mean and std.dev: (450.25, 106.72)
[M::mem_pestat] low and high boundaries for proper pairs: (1, 939)
[M::mem_pestat] skip orientation RF as there are not enough pairs
[M::mem_pestat] skip orientation RR as there are not enough pairs
[M::mem_process_seqs] Processed 160000 reads in 4.538 CPU sec, 2.129 real sec
[M::process] read 160000 sequences (20000000 bp)...
[M::mem_pestat] # candidate unique pairs for (FF, FR, RF, RR): (0, 75072, 0, 0)
[M::mem_pestat] skip orientation FF as there are not enough pairs
[M::mem_pestat] analyzing insert size distribution for orientation FR...
[M::mem_pestat] (25, 50, 75) percentile: (375, 436, 514)
[M::mem_pestat] low and high boundaries for computing mean and std.dev: (97, 792)
[M::mem_pestat] mean and std.dev: (449.21, 105.31)
[M::mem_pestat] low and high boundaries for proper pairs: (1, 931)
[M::mem_pestat] skip orientation RF as there are not enough pairs
[M::mem_pestat] skip orientation RR as there are not enough pairs
[M::mem_process_seqs] Processed 160000 reads in 4.825 CPU sec, 2.245 real sec
[M::process] read 160000 sequences (20000000 bp)...
[M::mem_pestat] # candidate unique pairs for (FF, FR, RF, RR): (0, 76918, 0, 0)
[M::mem_pestat] skip orientation FF as there are not enough pairs
[M::mem_pestat] analyzing insert size distribution for orientation FR...
[M::mem_pestat] (25, 50, 75) percentile: (375, 435, 513)
[M::mem_pestat] low and high boundaries for computing mean and std.dev: (99, 789)
[M::mem_pestat] mean and std.dev: (448.09, 104.07)
[M::mem_pestat] low and high boundaries for proper pairs: (1, 927)
[M::mem_pestat] skip orientation RF as there are not enough pairs
[M::mem_pestat] skip orientation RR as there are not enough pairs
[M::mem_process_seqs] Processed 160000 reads in 4.399 CPU sec, 2.048 real sec
[M::process] read 160000 sequences (20000000 bp)...
[M::mem_pestat] # candidate unique pairs for (FF, FR, RF, RR): (0, 78812, 0, 0)
[M::mem_pestat] skip orientation FF as there are not enough pairs
[M::mem_pestat] analyzing insert size distribution for orientation FR...
[M::mem_pestat] (25, 50, 75) percentile: (376, 436, 513)
[M::mem_pestat] low and high boundaries for computing mean and std.dev: (102, 787)
[M::mem_pestat] mean and std.dev: (448.79, 104.38)
[M::mem_pestat] low and high boundaries for proper pairs: (1, 924)
[M::mem_pestat] skip orientation RF as there are not enough pairs
[M::mem_pestat] skip orientation RR as there are not enough pairs
[M::mem_process_seqs] Processed 160000 reads in 4.401 CPU sec, 2.040 real sec
[M::process] read 160000 sequences (20000000 bp)...
[M::mem_pestat] # candidate unique pairs for (FF, FR, RF, RR): (0, 72620, 476, 1)
[M::mem_pestat] skip orientation FF as there are not enough pairs
[M::mem_pestat] analyzing insert size distribution for orientation FR...
[M::mem_pestat] (25, 50, 75) percentile: (372, 434, 512)
[M::mem_pestat] low and high boundaries for computing mean and std.dev: (92, 792)
[M::mem_pestat] mean and std.dev: (446.61, 107.63)
[M::mem_pestat] low and high boundaries for proper pairs: (1, 932)
[M::mem_pestat] analyzing insert size distribution for orientation RF...
[M::mem_pestat] (25, 50, 75) percentile: (84, 153, 280)
[M::mem_pestat] low and high boundaries for computing mean and std.dev: (1, 672)
[M::mem_pestat] mean and std.dev: (184.95, 136.07)
[M::mem_pestat] low and high boundaries for proper pairs: (1, 868)
[M::mem_pestat] skip orientation RR as there are not enough pairs
[M::mem_pestat] skip orientation RF
[M::mem_process_seqs] Processed 160000 reads in 6.394 CPU sec, 3.071 real sec
[M::process] read 160000 sequences (20000000 bp)...
[M::mem_pestat] # candidate unique pairs for (FF, FR, RF, RR): (1, 75753, 0, 0)
[M::mem_pestat] skip orientation FF as there are not enough pairs
[M::mem_pestat] analyzing insert size distribution for orientation FR...
[M::mem_pestat] (25, 50, 75) percentile: (375, 435, 513)
[M::mem_pestat] low and high boundaries for computing mean and std.dev: (99, 789)
[M::mem_pestat] mean and std.dev: (448.65, 104.69)
[M::mem_pestat] low and high boundaries for proper pairs: (1, 927)
[M::mem_pestat] skip orientation RF as there are not enough pairs
[M::mem_pestat] skip orientation RR as there are not enough pairs
[M::mem_process_seqs] Processed 160000 reads in 4.776 CPU sec, 2.222 real sec
[M::process] read 160000 sequences (20000000 bp)...
[M::mem_pestat] # candidate unique pairs for (FF, FR, RF, RR): (0, 75569, 0, 0)
[M::mem_pestat] skip orientation FF as there are not enough pairs
[M::mem_pestat] analyzing insert size distribution for orientation FR...
[M::mem_pestat] (25, 50, 75) percentile: (374, 434, 511)
[M::mem_pestat] low and high boundaries for computing mean and std.dev: (100, 785)
[M::mem_pestat] mean and std.dev: (446.89, 103.93)
[M::mem_pestat] low and high boundaries for proper pairs: (1, 922)
[M::mem_pestat] skip orientation RF as there are not enough pairs
[M::mem_pestat] skip orientation RR as there are not enough pairs
[M::mem_process_seqs] Processed 160000 reads in 4.797 CPU sec, 2.225 real sec
[M::process] read 160000 sequences (20000000 bp)...
[M::mem_pestat] # candidate unique pairs for (FF, FR, RF, RR): (0, 76906, 0, 0)
[M::mem_pestat] skip orientation FF as there are not enough pairs
[M::mem_pestat] analyzing insert size distribution for orientation FR...
[M::mem_pestat] (25, 50, 75) percentile: (375, 435, 512)
[M::mem_pestat] low and high boundaries for computing mean and std.dev: (101, 786)
[M::mem_pestat] mean and std.dev: (447.91, 104.11)
[M::mem_pestat] low and high boundaries for proper pairs: (1, 923)
[M::mem_pestat] skip orientation RF as there are not enough pairs
[M::mem_pestat] skip orientation RR as there are not enough pairs
[M::mem_process_seqs] Processed 160000 reads in 4.815 CPU sec, 2.151 real sec
[M::process] read 88560 sequences (11070000 bp)...
[M::mem_pestat] # candidate unique pairs for (FF, FR, RF, RR): (0, 72112, 0, 0)
[M::mem_pestat] skip orientation FF as there are not enough pairs
[M::mem_pestat] analyzing insert size distribution for orientation FR...
[M::mem_pestat] (25, 50, 75) percentile: (373, 434, 511)
[M::mem_pestat] low and high boundaries for computing mean and std.dev: (97, 787)
[M::mem_pestat] mean and std.dev: (446.79, 104.94)
[M::mem_pestat] low and high boundaries for proper pairs: (1, 925)
[M::mem_pestat] skip orientation RF as there are not enough pairs
[M::mem_pestat] skip orientation RR as there are not enough pairs
[M::mem_process_seqs] Processed 160000 reads in 5.240 CPU sec, 2.542 real sec
[M::mem_pestat] # candidate unique pairs for (FF, FR, RF, RR): (0, 41131, 0, 0)
[M::mem_pestat] skip orientation FF as there are not enough pairs
[M::mem_pestat] analyzing insert size distribution for orientation FR...
[M::mem_pestat] (25, 50, 75) percentile: (376, 435, 515)
[M::mem_pestat] low and high boundaries for computing mean and std.dev: (98, 793)
[M::mem_pestat] mean and std.dev: (449.47, 105.23)
[M::mem_pestat] low and high boundaries for proper pairs: (1, 932)
[M::mem_pestat] skip orientation RF as there are not enough pairs
[M::mem_pestat] skip orientation RR as there are not enough pairs
[M::mem_process_seqs] Processed 88560 reads in 2.754 CPU sec, 1.303 real sec
[main] Version: 0.7.15-r1140
[main] CMD: /usr/local/lib/python2.7/dist-packages/quast-5.0.2-py2.7.egg/quast_libs/bwa/bwa mem -t 2 /data/ERR2090220_quast_output/quast_corrected_input/ERR2090220_contigs.fasta /data/ERR2090220_1.fastq.gz /data/ERR2090220_2.fastq.gz
[main] Real time: 45.049 sec; CPU: 95.778 sec
finding positions of the duplicate reads in the file...
  sorted 1638000 end pairs
     and 4476 single ends (among them 0 unmatched pairs)
  collecting indices of duplicate reads...   done in 272 ms
  found 18586 duplicates
collected list of positions in 0 min 7 sec
removing duplicates...
total time elapsed: 0 min 44 sec
