[bwa_index] Pack FASTA... 0.04 sec
[bwa_index] Construct BWT for the packed sequence...
[bwa_index] 0.70 seconds elapse.
[bwa_index] Update BWT... 0.05 sec
[bwa_index] Pack forward-only FASTA... 0.02 sec
[bwa_index] Construct SA from BWT and Occ... 0.15 sec
[main] Version: 0.7.15-r1140
[main] CMD: /usr/local/lib/python2.7/dist-packages/quast-5.0.2-py2.7.egg/quast_libs/bwa/bwa index -p /data/ERR2090182_quast_output/quast_corrected_input/ERR2090182_contigs.fasta /data/ERR2090182_quast_output/quast_corrected_input/ERR2090182_contigs.fasta
[main] Real time: 4.090 sec; CPU: 0.968 sec
[M::bwa_idx_load_from_disk] read 0 ALT contigs
[M::process] read 160000 sequences (20000000 bp)...
[M::process] read 160000 sequences (20000000 bp)...
[M::mem_pestat] # candidate unique pairs for (FF, FR, RF, RR): (0, 68785, 0, 0)
[M::mem_pestat] skip orientation FF as there are not enough pairs
[M::mem_pestat] analyzing insert size distribution for orientation FR...
[M::mem_pestat] (25, 50, 75) percentile: (378, 438, 515)
[M::mem_pestat] low and high boundaries for computing mean and std.dev: (104, 789)
[M::mem_pestat] mean and std.dev: (450.25, 103.96)
[M::mem_pestat] low and high boundaries for proper pairs: (1, 926)
[M::mem_pestat] skip orientation RF as there are not enough pairs
[M::mem_pestat] skip orientation RR as there are not enough pairs
[M::mem_process_seqs] Processed 160000 reads in 4.934 CPU sec, 2.389 real sec
[M::process] read 160000 sequences (20000000 bp)...
[M::mem_pestat] # candidate unique pairs for (FF, FR, RF, RR): (0, 78053, 0, 1)
[M::mem_pestat] skip orientation FF as there are not enough pairs
[M::mem_pestat] analyzing insert size distribution for orientation FR...
[M::mem_pestat] (25, 50, 75) percentile: (377, 439, 516)
[M::mem_pestat] low and high boundaries for computing mean and std.dev: (99, 794)
[M::mem_pestat] mean and std.dev: (451.00, 105.06)
[M::mem_pestat] low and high boundaries for proper pairs: (1, 933)
[M::mem_pestat] skip orientation RF as there are not enough pairs
[M::mem_pestat] skip orientation RR as there are not enough pairs
[M::mem_process_seqs] Processed 160000 reads in 4.213 CPU sec, 1.973 real sec
[M::process] read 160000 sequences (20000000 bp)...
[M::mem_pestat] # candidate unique pairs for (FF, FR, RF, RR): (0, 77670, 0, 0)
[M::mem_pestat] skip orientation FF as there are not enough pairs
[M::mem_pestat] analyzing insert size distribution for orientation FR...
[M::mem_pestat] (25, 50, 75) percentile: (379, 440, 518)
[M::mem_pestat] low and high boundaries for computing mean and std.dev: (101, 796)
[M::mem_pestat] mean and std.dev: (452.81, 105.60)
[M::mem_pestat] low and high boundaries for proper pairs: (1, 935)
[M::mem_pestat] skip orientation RF as there are not enough pairs
[M::mem_pestat] skip orientation RR as there are not enough pairs
[M::mem_process_seqs] Processed 160000 reads in 4.173 CPU sec, 1.934 real sec
[M::process] read 160000 sequences (20000000 bp)...
[M::mem_pestat] # candidate unique pairs for (FF, FR, RF, RR): (46, 76666, 0, 39)
[M::mem_pestat] analyzing insert size distribution for orientation FF...
[M::mem_pestat] (25, 50, 75) percentile: (889, 1057, 1242)
[M::mem_pestat] low and high boundaries for computing mean and std.dev: (183, 1948)
[M::mem_pestat] mean and std.dev: (1063.20, 221.45)
[M::mem_pestat] low and high boundaries for proper pairs: (1, 2301)
[M::mem_pestat] analyzing insert size distribution for orientation FR...
[M::mem_pestat] (25, 50, 75) percentile: (379, 440, 517)
[M::mem_pestat] low and high boundaries for computing mean and std.dev: (103, 793)
[M::mem_pestat] mean and std.dev: (452.39, 105.02)
[M::mem_pestat] low and high boundaries for proper pairs: (1, 931)
[M::mem_pestat] skip orientation RF as there are not enough pairs
[M::mem_pestat] analyzing insert size distribution for orientation RR...
[M::mem_pestat] (25, 50, 75) percentile: (967, 1094, 1179)
[M::mem_pestat] low and high boundaries for computing mean and std.dev: (543, 1603)
[M::mem_pestat] mean and std.dev: (1076.87, 174.76)
[M::mem_pestat] low and high boundaries for proper pairs: (331, 1815)
[M::mem_pestat] skip orientation FF
[M::mem_pestat] skip orientation RR
[M::mem_process_seqs] Processed 160000 reads in 4.102 CPU sec, 1.909 real sec
[M::process] read 160000 sequences (20000000 bp)...
[M::mem_pestat] # candidate unique pairs for (FF, FR, RF, RR): (1, 75716, 1, 0)
[M::mem_pestat] skip orientation FF as there are not enough pairs
[M::mem_pestat] analyzing insert size distribution for orientation FR...
[M::mem_pestat] (25, 50, 75) percentile: (378, 439, 516)
[M::mem_pestat] low and high boundaries for computing mean and std.dev: (102, 792)
[M::mem_pestat] mean and std.dev: (451.63, 104.80)
[M::mem_pestat] low and high boundaries for proper pairs: (1, 930)
[M::mem_pestat] skip orientation RF as there are not enough pairs
[M::mem_pestat] skip orientation RR as there are not enough pairs
[M::mem_process_seqs] Processed 160000 reads in 4.584 CPU sec, 2.149 real sec
[M::process] read 160000 sequences (20000000 bp)...
[M::mem_pestat] # candidate unique pairs for (FF, FR, RF, RR): (0, 76672, 0, 0)
[M::mem_pestat] skip orientation FF as there are not enough pairs
[M::mem_pestat] analyzing insert size distribution for orientation FR...
[M::mem_pestat] (25, 50, 75) percentile: (378, 439, 516)
[M::mem_pestat] low and high boundaries for computing mean and std.dev: (102, 792)
[M::mem_pestat] mean and std.dev: (451.60, 105.06)
[M::mem_pestat] low and high boundaries for proper pairs: (1, 930)
[M::mem_pestat] skip orientation RF as there are not enough pairs
[M::mem_pestat] skip orientation RR as there are not enough pairs
[M::mem_process_seqs] Processed 160000 reads in 4.312 CPU sec, 2.024 real sec
[M::process] read 160000 sequences (20000000 bp)...
[M::mem_pestat] # candidate unique pairs for (FF, FR, RF, RR): (0, 73457, 121, 2)
[M::mem_pestat] skip orientation FF as there are not enough pairs
[M::mem_pestat] analyzing insert size distribution for orientation FR...
[M::mem_pestat] (25, 50, 75) percentile: (379, 439, 516)
[M::mem_pestat] low and high boundaries for computing mean and std.dev: (105, 790)
[M::mem_pestat] mean and std.dev: (451.39, 104.57)
[M::mem_pestat] low and high boundaries for proper pairs: (1, 927)
[M::mem_pestat] analyzing insert size distribution for orientation RF...
[M::mem_pestat] (25, 50, 75) percentile: (1885, 1952, 2195)
[M::mem_pestat] low and high boundaries for computing mean and std.dev: (1265, 2815)
[M::mem_pestat] mean and std.dev: (2026.06, 227.59)
[M::mem_pestat] low and high boundaries for proper pairs: (955, 3125)
[M::mem_pestat] skip orientation RR as there are not enough pairs
[M::mem_pestat] skip orientation RF
[M::mem_process_seqs] Processed 160000 reads in 4.637 CPU sec, 2.158 real sec
[M::process] read 160000 sequences (20000000 bp)...
[M::mem_pestat] # candidate unique pairs for (FF, FR, RF, RR): (0, 76695, 0, 0)
[M::mem_pestat] skip orientation FF as there are not enough pairs
[M::mem_pestat] analyzing insert size distribution for orientation FR...
[M::mem_pestat] (25, 50, 75) percentile: (378, 440, 518)
[M::mem_pestat] low and high boundaries for computing mean and std.dev: (98, 798)
[M::mem_pestat] mean and std.dev: (452.22, 105.34)
[M::mem_pestat] low and high boundaries for proper pairs: (1, 938)
[M::mem_pestat] skip orientation RF as there are not enough pairs
[M::mem_pestat] skip orientation RR as there are not enough pairs
[M::mem_process_seqs] Processed 160000 reads in 4.139 CPU sec, 1.927 real sec
[M::process] read 160000 sequences (20000000 bp)...
[M::mem_pestat] # candidate unique pairs for (FF, FR, RF, RR): (0, 75755, 0, 0)
[M::mem_pestat] skip orientation FF as there are not enough pairs
[M::mem_pestat] analyzing insert size distribution for orientation FR...
[M::mem_pestat] (25, 50, 75) percentile: (378, 438, 516)
[M::mem_pestat] low and high boundaries for computing mean and std.dev: (102, 792)
[M::mem_pestat] mean and std.dev: (450.98, 104.94)
[M::mem_pestat] low and high boundaries for proper pairs: (1, 930)
[M::mem_pestat] skip orientation RF as there are not enough pairs
[M::mem_pestat] skip orientation RR as there are not enough pairs
[M::mem_process_seqs] Processed 160000 reads in 4.388 CPU sec, 2.035 real sec
[M::process] read 160000 sequences (20000000 bp)...
[M::mem_pestat] # candidate unique pairs for (FF, FR, RF, RR): (0, 75172, 0, 0)
[M::mem_pestat] skip orientation FF as there are not enough pairs
[M::mem_pestat] analyzing insert size distribution for orientation FR...
[M::mem_pestat] (25, 50, 75) percentile: (378, 439, 518)
[M::mem_pestat] low and high boundaries for computing mean and std.dev: (98, 798)
[M::mem_pestat] mean and std.dev: (452.44, 106.46)
[M::mem_pestat] low and high boundaries for proper pairs: (1, 938)
[M::mem_pestat] skip orientation RF as there are not enough pairs
[M::mem_pestat] skip orientation RR as there are not enough pairs
[M::mem_process_seqs] Processed 160000 reads in 4.460 CPU sec, 2.089 real sec
[M::process] read 160000 sequences (20000000 bp)...
[M::mem_pestat] # candidate unique pairs for (FF, FR, RF, RR): (1, 75204, 0, 0)
[M::mem_pestat] skip orientation FF as there are not enough pairs
[M::mem_pestat] analyzing insert size distribution for orientation FR...
[M::mem_pestat] (25, 50, 75) percentile: (377, 438, 517)
[M::mem_pestat] low and high boundaries for computing mean and std.dev: (97, 797)
[M::mem_pestat] mean and std.dev: (451.37, 106.26)
[M::mem_pestat] low and high boundaries for proper pairs: (1, 937)
[M::mem_pestat] skip orientation RF as there are not enough pairs
[M::mem_pestat] skip orientation RR as there are not enough pairs
[M::mem_process_seqs] Processed 160000 reads in 4.319 CPU sec, 2.000 real sec
[M::process] read 160000 sequences (20000000 bp)...
[M::mem_pestat] # candidate unique pairs for (FF, FR, RF, RR): (0, 75006, 0, 1)
[M::mem_pestat] skip orientation FF as there are not enough pairs
[M::mem_pestat] analyzing insert size distribution for orientation FR...
[M::mem_pestat] (25, 50, 75) percentile: (378, 440, 517)
[M::mem_pestat] low and high boundaries for computing mean and std.dev: (100, 795)
[M::mem_pestat] mean and std.dev: (451.76, 104.87)
[M::mem_pestat] low and high boundaries for proper pairs: (1, 934)
[M::mem_pestat] skip orientation RF as there are not enough pairs
[M::mem_pestat] skip orientation RR as there are not enough pairs
[M::mem_process_seqs] Processed 160000 reads in 4.829 CPU sec, 2.269 real sec
[M::process] read 160000 sequences (20000000 bp)...
[M::mem_pestat] # candidate unique pairs for (FF, FR, RF, RR): (0, 77668, 0, 0)
[M::mem_pestat] skip orientation FF as there are not enough pairs
[M::mem_pestat] analyzing insert size distribution for orientation FR...
[M::mem_pestat] (25, 50, 75) percentile: (378, 439, 516)
[M::mem_pestat] low and high boundaries for computing mean and std.dev: (102, 792)
[M::mem_pestat] mean and std.dev: (451.79, 104.67)
[M::mem_pestat] low and high boundaries for proper pairs: (1, 930)
[M::mem_pestat] skip orientation RF as there are not enough pairs
[M::mem_pestat] skip orientation RR as there are not enough pairs
[M::mem_process_seqs] Processed 160000 reads in 4.322 CPU sec, 2.012 real sec
[M::process] read 160000 sequences (20000000 bp)...
[M::mem_pestat] # candidate unique pairs for (FF, FR, RF, RR): (0, 77443, 0, 1)
[M::mem_pestat] skip orientation FF as there are not enough pairs
[M::mem_pestat] analyzing insert size distribution for orientation FR...
[M::mem_pestat] (25, 50, 75) percentile: (379, 440, 516)
[M::mem_pestat] low and high boundaries for computing mean and std.dev: (105, 790)
[M::mem_pestat] mean and std.dev: (451.90, 104.29)
[M::mem_pestat] low and high boundaries for proper pairs: (1, 927)
[M::mem_pestat] skip orientation RF as there are not enough pairs
[M::mem_pestat] skip orientation RR as there are not enough pairs
[M::mem_process_seqs] Processed 160000 reads in 5.083 CPU sec, 2.375 real sec
[M::process] read 160000 sequences (20000000 bp)...
[M::mem_pestat] # candidate unique pairs for (FF, FR, RF, RR): (1, 73504, 695, 0)
[M::mem_pestat] skip orientation FF as there are not enough pairs
[M::mem_pestat] analyzing insert size distribution for orientation FR...
[M::mem_pestat] (25, 50, 75) percentile: (377, 438, 517)
[M::mem_pestat] low and high boundaries for computing mean and std.dev: (97, 797)
[M::mem_pestat] mean and std.dev: (450.54, 106.42)
[M::mem_pestat] low and high boundaries for proper pairs: (1, 937)
[M::mem_pestat] analyzing insert size distribution for orientation RF...
[M::mem_pestat] (25, 50, 75) percentile: (125, 330, 740)
[M::mem_pestat] low and high boundaries for computing mean and std.dev: (1, 1970)
[M::mem_pestat] mean and std.dev: (445.54, 374.35)
[M::mem_pestat] low and high boundaries for proper pairs: (1, 2585)
[M::mem_pestat] skip orientation RR as there are not enough pairs
[M::mem_pestat] skip orientation RF
[M::mem_process_seqs] Processed 160000 reads in 6.531 CPU sec, 3.112 real sec
[M::process] read 160000 sequences (20000000 bp)...
[M::mem_pestat] # candidate unique pairs for (FF, FR, RF, RR): (0, 73952, 0, 0)
[M::mem_pestat] skip orientation FF as there are not enough pairs
[M::mem_pestat] analyzing insert size distribution for orientation FR...
[M::mem_pestat] (25, 50, 75) percentile: (378, 439, 515)
[M::mem_pestat] low and high boundaries for computing mean and std.dev: (104, 789)
[M::mem_pestat] mean and std.dev: (450.79, 104.53)
[M::mem_pestat] low and high boundaries for proper pairs: (1, 926)
[M::mem_pestat] skip orientation RF as there are not enough pairs
[M::mem_pestat] skip orientation RR as there are not enough pairs
[M::mem_process_seqs] Processed 160000 reads in 5.324 CPU sec, 2.518 real sec
[M::process] read 160000 sequences (20000000 bp)...
[M::mem_pestat] # candidate unique pairs for (FF, FR, RF, RR): (0, 76268, 0, 0)
[M::mem_pestat] skip orientation FF as there are not enough pairs
[M::mem_pestat] analyzing insert size distribution for orientation FR...
[M::mem_pestat] (25, 50, 75) percentile: (378, 439, 517)
[M::mem_pestat] low and high boundaries for computing mean and std.dev: (100, 795)
[M::mem_pestat] mean and std.dev: (451.87, 105.36)
[M::mem_pestat] low and high boundaries for proper pairs: (1, 934)
[M::mem_pestat] skip orientation RF as there are not enough pairs
[M::mem_pestat] skip orientation RR as there are not enough pairs
[M::mem_process_seqs] Processed 160000 reads in 4.608 CPU sec, 2.135 real sec
[M::process] read 118082 sequences (14760250 bp)...
[M::mem_pestat] # candidate unique pairs for (FF, FR, RF, RR): (0, 72639, 0, 0)
[M::mem_pestat] skip orientation FF as there are not enough pairs
[M::mem_pestat] analyzing insert size distribution for orientation FR...
[M::mem_pestat] (25, 50, 75) percentile: (377, 438, 515)
[M::mem_pestat] low and high boundaries for computing mean and std.dev: (101, 791)
[M::mem_pestat] mean and std.dev: (450.52, 105.34)
[M::mem_pestat] low and high boundaries for proper pairs: (1, 929)
[M::mem_pestat] skip orientation RF as there are not enough pairs
[M::mem_pestat] skip orientation RR as there are not enough pairs
[M::mem_process_seqs] Processed 160000 reads in 5.584 CPU sec, 2.682 real sec
[M::mem_pestat] # candidate unique pairs for (FF, FR, RF, RR): (1, 54967, 0, 1)
[M::mem_pestat] skip orientation FF as there are not enough pairs
[M::mem_pestat] analyzing insert size distribution for orientation FR...
[M::mem_pestat] (25, 50, 75) percentile: (377, 438, 516)
[M::mem_pestat] low and high boundaries for computing mean and std.dev: (99, 794)
[M::mem_pestat] mean and std.dev: (450.87, 105.55)
[M::mem_pestat] low and high boundaries for proper pairs: (1, 933)
[M::mem_pestat] skip orientation RF as there are not enough pairs
[M::mem_pestat] skip orientation RR as there are not enough pairs
[M::mem_process_seqs] Processed 118082 reads in 3.239 CPU sec, 1.681 real sec
[main] Version: 0.7.15-r1140
[main] CMD: /usr/local/lib/python2.7/dist-packages/quast-5.0.2-py2.7.egg/quast_libs/bwa/bwa mem -t 2 /data/ERR2090182_quast_output/quast_corrected_input/ERR2090182_contigs.fasta /data/ERR2090182_1.fastq.gz /data/ERR2090182_2.fastq.gz
[main] Real time: 52.727 sec; CPU: 88.161 sec
finding positions of the duplicate reads in the file...
  sorted 1491962 end pairs
     and 5180 single ends (among them 0 unmatched pairs)
  collecting indices of duplicate reads...   done in 127 ms
  found 17239 duplicates
collected list of positions in 0 min 5 sec
removing duplicates...
total time elapsed: 0 min 39 sec
