[bwa_index] Pack FASTA... 0.02 sec
[bwa_index] Construct BWT for the packed sequence...
[bwa_index] 0.69 seconds elapse.
[bwa_index] Update BWT... 0.02 sec
[bwa_index] Pack forward-only FASTA... 0.01 sec
[bwa_index] Construct SA from BWT and Occ... 0.11 sec
[main] Version: 0.7.15-r1140
[main] CMD: /usr/local/lib/python2.7/dist-packages/quast-5.0.2-py2.7.egg/quast_libs/bwa/bwa index -p /data/ERR2090378_quast_output/quast_corrected_input/ERR2090378_contigs.fasta /data/ERR2090378_quast_output/quast_corrected_input/ERR2090378_contigs.fasta
[main] Real time: 0.868 sec; CPU: 0.852 sec
[M::bwa_idx_load_from_disk] read 0 ALT contigs
[M::process] read 160000 sequences (20000000 bp)...
[M::process] read 160000 sequences (20000000 bp)...
[M::mem_pestat] # candidate unique pairs for (FF, FR, RF, RR): (0, 74717, 0, 0)
[M::mem_pestat] skip orientation FF as there are not enough pairs
[M::mem_pestat] analyzing insert size distribution for orientation FR...
[M::mem_pestat] (25, 50, 75) percentile: (399, 464, 543)
[M::mem_pestat] low and high boundaries for computing mean and std.dev: (111, 831)
[M::mem_pestat] mean and std.dev: (475.41, 109.11)
[M::mem_pestat] low and high boundaries for proper pairs: (1, 975)
[M::mem_pestat] skip orientation RF as there are not enough pairs
[M::mem_pestat] skip orientation RR as there are not enough pairs
[M::mem_process_seqs] Processed 160000 reads in 4.150 CPU sec, 1.997 real sec
[M::process] read 160000 sequences (20000000 bp)...
[M::mem_pestat] # candidate unique pairs for (FF, FR, RF, RR): (0, 76744, 2, 0)
[M::mem_pestat] skip orientation FF as there are not enough pairs
[M::mem_pestat] analyzing insert size distribution for orientation FR...
[M::mem_pestat] (25, 50, 75) percentile: (398, 464, 545)
[M::mem_pestat] low and high boundaries for computing mean and std.dev: (104, 839)
[M::mem_pestat] mean and std.dev: (475.84, 110.28)
[M::mem_pestat] low and high boundaries for proper pairs: (1, 986)
[M::mem_pestat] skip orientation RF as there are not enough pairs
[M::mem_pestat] skip orientation RR as there are not enough pairs
[M::mem_process_seqs] Processed 160000 reads in 4.171 CPU sec, 1.946 real sec
[M::process] read 160000 sequences (20000000 bp)...
[M::mem_pestat] # candidate unique pairs for (FF, FR, RF, RR): (2, 79335, 0, 1)
[M::mem_pestat] skip orientation FF as there are not enough pairs
[M::mem_pestat] analyzing insert size distribution for orientation FR...
[M::mem_pestat] (25, 50, 75) percentile: (400, 465, 546)
[M::mem_pestat] low and high boundaries for computing mean and std.dev: (108, 838)
[M::mem_pestat] mean and std.dev: (477.38, 110.22)
[M::mem_pestat] low and high boundaries for proper pairs: (1, 984)
[M::mem_pestat] skip orientation RF as there are not enough pairs
[M::mem_pestat] skip orientation RR as there are not enough pairs
[M::mem_process_seqs] Processed 160000 reads in 4.122 CPU sec, 1.909 real sec
[M::process] read 160000 sequences (20000000 bp)...
[M::mem_pestat] # candidate unique pairs for (FF, FR, RF, RR): (1, 78675, 1, 0)
[M::mem_pestat] skip orientation FF as there are not enough pairs
[M::mem_pestat] analyzing insert size distribution for orientation FR...
[M::mem_pestat] (25, 50, 75) percentile: (400, 466, 546)
[M::mem_pestat] low and high boundaries for computing mean and std.dev: (108, 838)
[M::mem_pestat] mean and std.dev: (477.49, 110.21)
[M::mem_pestat] low and high boundaries for proper pairs: (1, 984)
[M::mem_pestat] skip orientation RF as there are not enough pairs
[M::mem_pestat] skip orientation RR as there are not enough pairs
[M::mem_process_seqs] Processed 160000 reads in 4.020 CPU sec, 1.863 real sec
[M::process] read 160000 sequences (20000000 bp)...
[M::mem_pestat] # candidate unique pairs for (FF, FR, RF, RR): (182, 77158, 0, 195)
[M::mem_pestat] analyzing insert size distribution for orientation FF...
[M::mem_pestat] (25, 50, 75) percentile: (2589, 3830, 4087)
[M::mem_pestat] low and high boundaries for computing mean and std.dev: (1, 7083)
[M::mem_pestat] mean and std.dev: (3132.56, 1232.19)
[M::mem_pestat] low and high boundaries for proper pairs: (1, 8581)
[M::mem_pestat] analyzing insert size distribution for orientation FR...
[M::mem_pestat] (25, 50, 75) percentile: (399, 465, 545)
[M::mem_pestat] low and high boundaries for computing mean and std.dev: (107, 837)
[M::mem_pestat] mean and std.dev: (476.88, 109.94)
[M::mem_pestat] low and high boundaries for proper pairs: (1, 983)
[M::mem_pestat] skip orientation RF as there are not enough pairs
[M::mem_pestat] analyzing insert size distribution for orientation RR...
[M::mem_pestat] (25, 50, 75) percentile: (1229, 3067, 4102)
[M::mem_pestat] low and high boundaries for computing mean and std.dev: (1, 9848)
[M::mem_pestat] mean and std.dev: (2811.77, 1393.08)
[M::mem_pestat] low and high boundaries for proper pairs: (1, 12721)
[M::mem_pestat] skip orientation FF
[M::mem_pestat] skip orientation RR
[M::mem_process_seqs] Processed 160000 reads in 4.063 CPU sec, 1.867 real sec
[M::process] read 160000 sequences (20000000 bp)...
[M::mem_pestat] # candidate unique pairs for (FF, FR, RF, RR): (4, 77762, 0, 1)
[M::mem_pestat] skip orientation FF as there are not enough pairs
[M::mem_pestat] analyzing insert size distribution for orientation FR...
[M::mem_pestat] (25, 50, 75) percentile: (400, 466, 546)
[M::mem_pestat] low and high boundaries for computing mean and std.dev: (108, 838)
[M::mem_pestat] mean and std.dev: (477.43, 110.24)
[M::mem_pestat] low and high boundaries for proper pairs: (1, 984)
[M::mem_pestat] skip orientation RF as there are not enough pairs
[M::mem_pestat] skip orientation RR as there are not enough pairs
[M::mem_process_seqs] Processed 160000 reads in 4.333 CPU sec, 2.023 real sec
[M::process] read 160000 sequences (20000000 bp)...
[M::mem_pestat] # candidate unique pairs for (FF, FR, RF, RR): (1, 78108, 1, 0)
[M::mem_pestat] skip orientation FF as there are not enough pairs
[M::mem_pestat] analyzing insert size distribution for orientation FR...
[M::mem_pestat] (25, 50, 75) percentile: (400, 465, 544)
[M::mem_pestat] low and high boundaries for computing mean and std.dev: (112, 832)
[M::mem_pestat] mean and std.dev: (476.28, 109.12)
[M::mem_pestat] low and high boundaries for proper pairs: (1, 976)
[M::mem_pestat] skip orientation RF as there are not enough pairs
[M::mem_pestat] skip orientation RR as there are not enough pairs
[M::mem_process_seqs] Processed 160000 reads in 4.191 CPU sec, 1.937 real sec
[M::process] read 160000 sequences (20000000 bp)...
[M::mem_pestat] # candidate unique pairs for (FF, FR, RF, RR): (0, 76054, 0, 0)
[M::mem_pestat] skip orientation FF as there are not enough pairs
[M::mem_pestat] analyzing insert size distribution for orientation FR...
[M::mem_pestat] (25, 50, 75) percentile: (399, 465, 545)
[M::mem_pestat] low and high boundaries for computing mean and std.dev: (107, 837)
[M::mem_pestat] mean and std.dev: (476.76, 110.16)
[M::mem_pestat] low and high boundaries for proper pairs: (1, 983)
[M::mem_pestat] skip orientation RF as there are not enough pairs
[M::mem_pestat] skip orientation RR as there are not enough pairs
[M::mem_process_seqs] Processed 160000 reads in 4.208 CPU sec, 1.960 real sec
[M::process] read 160000 sequences (20000000 bp)...
[M::mem_pestat] # candidate unique pairs for (FF, FR, RF, RR): (0, 75894, 0, 0)
[M::mem_pestat] skip orientation FF as there are not enough pairs
[M::mem_pestat] analyzing insert size distribution for orientation FR...
[M::mem_pestat] (25, 50, 75) percentile: (399, 464, 545)
[M::mem_pestat] low and high boundaries for computing mean and std.dev: (107, 837)
[M::mem_pestat] mean and std.dev: (476.34, 110.38)
[M::mem_pestat] low and high boundaries for proper pairs: (1, 983)
[M::mem_pestat] skip orientation RF as there are not enough pairs
[M::mem_pestat] skip orientation RR as there are not enough pairs
[M::mem_process_seqs] Processed 160000 reads in 4.093 CPU sec, 1.885 real sec
[M::process] read 160000 sequences (20000000 bp)...
[M::mem_pestat] # candidate unique pairs for (FF, FR, RF, RR): (0, 77293, 0, 0)
[M::mem_pestat] skip orientation FF as there are not enough pairs
[M::mem_pestat] analyzing insert size distribution for orientation FR...
[M::mem_pestat] (25, 50, 75) percentile: (400, 465, 546)
[M::mem_pestat] low and high boundaries for computing mean and std.dev: (108, 838)
[M::mem_pestat] mean and std.dev: (477.26, 110.33)
[M::mem_pestat] low and high boundaries for proper pairs: (1, 984)
[M::mem_pestat] skip orientation RF as there are not enough pairs
[M::mem_pestat] skip orientation RR as there are not enough pairs
[M::mem_process_seqs] Processed 160000 reads in 4.236 CPU sec, 1.968 real sec
[M::process] read 160000 sequences (20000000 bp)...
[M::mem_pestat] # candidate unique pairs for (FF, FR, RF, RR): (0, 77078, 1, 0)
[M::mem_pestat] skip orientation FF as there are not enough pairs
[M::mem_pestat] analyzing insert size distribution for orientation FR...
[M::mem_pestat] (25, 50, 75) percentile: (400, 465, 546)
[M::mem_pestat] low and high boundaries for computing mean and std.dev: (108, 838)
[M::mem_pestat] mean and std.dev: (476.79, 109.98)
[M::mem_pestat] low and high boundaries for proper pairs: (1, 984)
[M::mem_pestat] skip orientation RF as there are not enough pairs
[M::mem_pestat] skip orientation RR as there are not enough pairs
[M::mem_process_seqs] Processed 160000 reads in 4.118 CPU sec, 1.908 real sec
[M::process] read 160000 sequences (20000000 bp)...
[M::mem_pestat] # candidate unique pairs for (FF, FR, RF, RR): (1, 74699, 17, 0)
[M::mem_pestat] skip orientation FF as there are not enough pairs
[M::mem_pestat] analyzing insert size distribution for orientation FR...
[M::mem_pestat] (25, 50, 75) percentile: (401, 466, 547)
[M::mem_pestat] low and high boundaries for computing mean and std.dev: (109, 839)
[M::mem_pestat] mean and std.dev: (478.05, 110.93)
[M::mem_pestat] low and high boundaries for proper pairs: (1, 985)
[M::mem_pestat] analyzing insert size distribution for orientation RF...
[M::mem_pestat] (25, 50, 75) percentile: (4206, 4258, 4364)
[M::mem_pestat] low and high boundaries for computing mean and std.dev: (3890, 4680)
[M::mem_pestat] mean and std.dev: (4262.12, 109.18)
[M::mem_pestat] low and high boundaries for proper pairs: (3732, 4838)
[M::mem_pestat] skip orientation RR as there are not enough pairs
[M::mem_pestat] skip orientation RF
[M::mem_process_seqs] Processed 160000 reads in 4.751 CPU sec, 2.233 real sec
[M::process] read 160000 sequences (20000000 bp)...
[M::mem_pestat] # candidate unique pairs for (FF, FR, RF, RR): (1, 78070, 5, 0)
[M::mem_pestat] skip orientation FF as there are not enough pairs
[M::mem_pestat] analyzing insert size distribution for orientation FR...
[M::mem_pestat] (25, 50, 75) percentile: (401, 466, 547)
[M::mem_pestat] low and high boundaries for computing mean and std.dev: (109, 839)
[M::mem_pestat] mean and std.dev: (477.87, 110.54)
[M::mem_pestat] low and high boundaries for proper pairs: (1, 985)
[M::mem_pestat] skip orientation RF as there are not enough pairs
[M::mem_pestat] skip orientation RR as there are not enough pairs
[M::mem_process_seqs] Processed 160000 reads in 4.006 CPU sec, 1.839 real sec
[M::process] read 160000 sequences (20000000 bp)...
[M::mem_pestat] # candidate unique pairs for (FF, FR, RF, RR): (0, 78508, 0, 1)
[M::mem_pestat] skip orientation FF as there are not enough pairs
[M::mem_pestat] analyzing insert size distribution for orientation FR...
[M::mem_pestat] (25, 50, 75) percentile: (400, 465, 545)
[M::mem_pestat] low and high boundaries for computing mean and std.dev: (110, 835)
[M::mem_pestat] mean and std.dev: (477.25, 109.84)
[M::mem_pestat] low and high boundaries for proper pairs: (1, 980)
[M::mem_pestat] skip orientation RF as there are not enough pairs
[M::mem_pestat] skip orientation RR as there are not enough pairs
[M::mem_process_seqs] Processed 160000 reads in 4.006 CPU sec, 1.847 real sec
[M::process] read 160000 sequences (20000000 bp)...
[M::mem_pestat] # candidate unique pairs for (FF, FR, RF, RR): (1, 79594, 0, 0)
[M::mem_pestat] skip orientation FF as there are not enough pairs
[M::mem_pestat] analyzing insert size distribution for orientation FR...
[M::mem_pestat] (25, 50, 75) percentile: (400, 465, 545)
[M::mem_pestat] low and high boundaries for computing mean and std.dev: (110, 835)
[M::mem_pestat] mean and std.dev: (476.59, 109.91)
[M::mem_pestat] low and high boundaries for proper pairs: (1, 980)
[M::mem_pestat] skip orientation RF as there are not enough pairs
[M::mem_pestat] skip orientation RR as there are not enough pairs
[M::mem_process_seqs] Processed 160000 reads in 3.936 CPU sec, 1.807 real sec
[M::process] read 160000 sequences (20000000 bp)...
[M::mem_pestat] # candidate unique pairs for (FF, FR, RF, RR): (2, 78254, 0, 1)
[M::mem_pestat] skip orientation FF as there are not enough pairs
[M::mem_pestat] analyzing insert size distribution for orientation FR...
[M::mem_pestat] (25, 50, 75) percentile: (400, 465, 545)
[M::mem_pestat] low and high boundaries for computing mean and std.dev: (110, 835)
[M::mem_pestat] mean and std.dev: (476.74, 110.45)
[M::mem_pestat] low and high boundaries for proper pairs: (1, 980)
[M::mem_pestat] skip orientation RF as there are not enough pairs
[M::mem_pestat] skip orientation RR as there are not enough pairs
[M::mem_process_seqs] Processed 160000 reads in 4.246 CPU sec, 1.985 real sec
[M::process] read 160000 sequences (20000000 bp)...
[M::mem_pestat] # candidate unique pairs for (FF, FR, RF, RR): (0, 73103, 0, 0)
[M::mem_pestat] skip orientation FF as there are not enough pairs
[M::mem_pestat] analyzing insert size distribution for orientation FR...
[M::mem_pestat] (25, 50, 75) percentile: (398, 463, 542)
[M::mem_pestat] low and high boundaries for computing mean and std.dev: (110, 830)
[M::mem_pestat] mean and std.dev: (474.55, 109.26)
[M::mem_pestat] low and high boundaries for proper pairs: (1, 974)
[M::mem_pestat] skip orientation RF as there are not enough pairs
[M::mem_pestat] skip orientation RR as there are not enough pairs
[M::mem_process_seqs] Processed 160000 reads in 4.586 CPU sec, 2.128 real sec
[M::process] read 160000 sequences (20000000 bp)...
[M::mem_pestat] # candidate unique pairs for (FF, FR, RF, RR): (2, 77273, 0, 0)
[M::mem_pestat] skip orientation FF as there are not enough pairs
[M::mem_pestat] analyzing insert size distribution for orientation FR...
[M::mem_pestat] (25, 50, 75) percentile: (400, 465, 544)
[M::mem_pestat] low and high boundaries for computing mean and std.dev: (112, 832)
[M::mem_pestat] mean and std.dev: (476.53, 109.43)
[M::mem_pestat] low and high boundaries for proper pairs: (1, 976)
[M::mem_pestat] skip orientation RF as there are not enough pairs
[M::mem_pestat] skip orientation RR as there are not enough pairs
[M::mem_process_seqs] Processed 160000 reads in 4.128 CPU sec, 1.910 real sec
[M::process] read 160000 sequences (20000000 bp)...
[M::mem_pestat] # candidate unique pairs for (FF, FR, RF, RR): (0, 73608, 100, 1)
[M::mem_pestat] skip orientation FF as there are not enough pairs
[M::mem_pestat] analyzing insert size distribution for orientation FR...
[M::mem_pestat] (25, 50, 75) percentile: (399, 464, 542)
[M::mem_pestat] low and high boundaries for computing mean and std.dev: (113, 828)
[M::mem_pestat] mean and std.dev: (474.95, 108.92)
[M::mem_pestat] low and high boundaries for proper pairs: (1, 971)
[M::mem_pestat] analyzing insert size distribution for orientation RF...
[M::mem_pestat] (25, 50, 75) percentile: (72, 119, 164)
[M::mem_pestat] low and high boundaries for computing mean and std.dev: (1, 348)
[M::mem_pestat] mean and std.dev: (120.00, 61.26)
[M::mem_pestat] low and high boundaries for proper pairs: (1, 440)
[M::mem_pestat] skip orientation RR as there are not enough pairs
[M::mem_pestat] skip orientation RF
[M::mem_process_seqs] Processed 160000 reads in 4.491 CPU sec, 2.186 real sec
[M::process] read 160000 sequences (20000000 bp)...
[M::mem_pestat] # candidate unique pairs for (FF, FR, RF, RR): (1, 75626, 0, 0)
[M::mem_pestat] skip orientation FF as there are not enough pairs
[M::mem_pestat] analyzing insert size distribution for orientation FR...
[M::mem_pestat] (25, 50, 75) percentile: (400, 465, 545)
[M::mem_pestat] low and high boundaries for computing mean and std.dev: (110, 835)
[M::mem_pestat] mean and std.dev: (476.64, 110.12)
[M::mem_pestat] low and high boundaries for proper pairs: (1, 980)
[M::mem_pestat] skip orientation RF as there are not enough pairs
[M::mem_pestat] skip orientation RR as there are not enough pairs
[M::mem_process_seqs] Processed 160000 reads in 4.312 CPU sec, 2.004 real sec
[M::process] read 91120 sequences (11390000 bp)...
[M::mem_pestat] # candidate unique pairs for (FF, FR, RF, RR): (2, 75877, 0, 0)
[M::mem_pestat] skip orientation FF as there are not enough pairs
[M::mem_pestat] analyzing insert size distribution for orientation FR...
[M::mem_pestat] (25, 50, 75) percentile: (398, 464, 545)
[M::mem_pestat] low and high boundaries for computing mean and std.dev: (104, 839)
[M::mem_pestat] mean and std.dev: (475.94, 110.95)
[M::mem_pestat] low and high boundaries for proper pairs: (1, 986)
[M::mem_pestat] skip orientation RF as there are not enough pairs
[M::mem_pestat] skip orientation RR as there are not enough pairs
[M::mem_process_seqs] Processed 160000 reads in 4.341 CPU sec, 2.051 real sec
[M::mem_pestat] # candidate unique pairs for (FF, FR, RF, RR): (2, 43179, 0, 0)
[M::mem_pestat] skip orientation FF as there are not enough pairs
[M::mem_pestat] analyzing insert size distribution for orientation FR...
[M::mem_pestat] (25, 50, 75) percentile: (399, 464, 546)
[M::mem_pestat] low and high boundaries for computing mean and std.dev: (105, 840)
[M::mem_pestat] mean and std.dev: (476.77, 111.23)
[M::mem_pestat] low and high boundaries for proper pairs: (1, 987)
[M::mem_pestat] skip orientation RF as there are not enough pairs
[M::mem_pestat] skip orientation RR as there are not enough pairs
[M::mem_process_seqs] Processed 91120 reads in 2.411 CPU sec, 1.156 real sec
[main] Version: 0.7.15-r1140
[main] CMD: /usr/local/lib/python2.7/dist-packages/quast-5.0.2-py2.7.egg/quast_libs/bwa/bwa mem -t 2 /data/ERR2090378_quast_output/quast_corrected_input/ERR2090378_contigs.fasta /data/ERR2090378_1.fastq.gz /data/ERR2090378_2.fastq.gz
[main] Real time: 49.166 sec; CPU: 91.270 sec
finding positions of the duplicate reads in the file...
  sorted 1717000 end pairs
     and 6665 single ends (among them 0 unmatched pairs)
  collecting indices of duplicate reads...   done in 142 ms
  found 19228 duplicates
collected list of positions in 0 min 6 sec
removing duplicates...
total time elapsed: 0 min 48 sec
