02/18/2023 02:10:13 program started
02/18/2023 02:10:13 command line: /usr/local/bin/srst2 --input_pe ERR1756464_1.fastq.gz ERR1756464_2.fastq.gz --output ERR1756464_srst_output --log --gene_db GBS-SBG/GBS-SBG.fasta
02/18/2023 02:10:13 Total paired readsets found:1
02/18/2023 02:10:13 Building bowtie2 index for GBS-SBG/GBS-SBG.fasta...
02/18/2023 02:10:13 Running: bowtie2-build GBS-SBG/GBS-SBG.fasta GBS-SBG/GBS-SBG.fasta
02/18/2023 02:10:13 Processing database GBS-SBG/GBS-SBG.fasta
02/18/2023 02:10:13 Running: samtools faidx GBS-SBG/GBS-SBG.fasta
02/18/2023 02:10:13 Processing sample ERR1756464
02/18/2023 02:10:13 Starting mapping with bowtie2
02/18/2023 02:10:13 Output prefix set to: ERR1756464_srst_output__ERR1756464.GBS-SBG
02/18/2023 02:10:13 Aligning reads to index GBS-SBG/GBS-SBG.fasta using bowtie2...
02/18/2023 02:10:13 Running: bowtie2 -1 ERR1756464_1.fastq.gz -2 ERR1756464_2.fastq.gz -S ERR1756464_srst_output__ERR1756464.GBS-SBG.sam -q --very-sensitive-local --no-unal -a -x GBS-SBG/GBS-SBG.fasta
02/18/2023 02:11:48 Processing Bowtie2 output with SAMtools...
02/18/2023 02:11:48 Generate and sort BAM file...
02/18/2023 02:11:48 Running: samtools view -b -o ERR1756464_srst_output__ERR1756464.GBS-SBG.unsorted.bam -q 1 -S ERR1756464_srst_output__ERR1756464.GBS-SBG.sam.mod
02/18/2023 02:11:48 Running: samtools sort ERR1756464_srst_output__ERR1756464.GBS-SBG.unsorted.bam ERR1756464_srst_output__ERR1756464.GBS-SBG.sorted
02/18/2023 02:11:48 Deleting sam and bam files that are not longer needed...
02/18/2023 02:11:48 Deleting ERR1756464_srst_output__ERR1756464.GBS-SBG.sam
02/18/2023 02:11:48 Deleting ERR1756464_srst_output__ERR1756464.GBS-SBG.sam.mod
02/18/2023 02:11:48 Deleting ERR1756464_srst_output__ERR1756464.GBS-SBG.unsorted.bam
02/18/2023 02:11:48 Generate pileup...
02/18/2023 02:11:48 Running: samtools mpileup -L 1000 -f GBS-SBG/GBS-SBG.fasta -Q 20 -q 1 -B ERR1756464_srst_output__ERR1756464.GBS-SBG.sorted.bam
02/18/2023 02:11:48  Processing SAMtools pileup...
02/18/2023 02:11:48  Scoring alleles...
02/18/2023 02:11:48  Finished processing for read set ERR1756464 ...
02/18/2023 02:11:48 Tabulating results for database GBS-SBG/GBS-SBG.fasta ...
02/18/2023 02:11:48 Finished processing for database GBS-SBG/GBS-SBG.fasta ...
02/18/2023 02:11:48 Gene detection output printed to ERR1756464_srst_output__genes__GBS-SBG__results.txt
02/18/2023 02:11:48 SRST2 has finished.
