[05:33:51] This is prokka 1.14.6
[05:33:51] Written by Torsten Seemann <torsten.seemann@gmail.com>
[05:33:51] Homepage is https://github.com/tseemann/prokka
[05:33:51] Local time is Fri Feb 17 05:33:51 2023
[05:33:51] You are not telling me who you are!
[05:33:51] Operating system is linux
[05:33:51] You have BioPerl 1.007002
[05:33:51] System has 16 cores.
[05:33:51] Will use maximum of 8 cores.
[05:33:51] Annotating as >>> Bacteria <<<
[05:33:51] Generating locus_tag from '/data/ERR2090120_contigs.fasta' contents.
[05:33:51] Setting --locustag HHNBFDDL from MD5 117bfdd5d7e12902fd7dfb1f342a6a1d
[05:33:51] Creating new output folder: PROKKA_02172023
[05:33:51] Running: mkdir -p PROKKA_02172023
[05:33:51] Using filename prefix: PROKKA_02172023.XXX
[05:33:51] Setting HMMER_NCPU=1
[05:33:51] Writing log to: PROKKA_02172023/PROKKA_02172023.log
[05:33:51] Command: /prokka-1.14.6/bin/prokka /data/ERR2090120_contigs.fasta
[05:33:51] Appending to PATH: /prokka-1.14.6/bin/../binaries/linux
[05:33:51] Appending to PATH: /prokka-1.14.6/bin/../binaries/linux/../common
[05:33:51] Appending to PATH: /prokka-1.14.6/bin
[05:33:51] Looking for 'aragorn' - found /prokka-1.14.6/binaries/linux/aragorn
[05:33:51] Determined aragorn version is 001002 from 'ARAGORN v1.2.38 Dean Laslett'
[05:33:51] Looking for 'barrnap' - found /barrnap-0.9/bin/barrnap
[05:33:51] Determined barrnap version is 000009 from 'barrnap 0.9'
[05:33:51] Looking for 'blastp' - found /ncbi-blast-2.9.0+/bin/blastp
[05:33:51] Determined blastp version is 002009 from 'blastp: 2.9.0+'
[05:33:51] Looking for 'cmpress' - found /prokka-1.14.6/binaries/linux/cmpress
[05:33:51] Determined cmpress version is 001001 from '# INFERNAL 1.1.2 (July 2016)'
[05:33:51] Looking for 'cmscan' - found /prokka-1.14.6/binaries/linux/cmscan
[05:33:51] Determined cmscan version is 001001 from '# INFERNAL 1.1.2 (July 2016)'
[05:33:51] Looking for 'egrep' - found /bin/egrep
[05:33:51] Looking for 'find' - found /usr/bin/find
[05:33:51] Looking for 'grep' - found /bin/grep
[05:33:51] Looking for 'hmmpress' - found /usr/bin/hmmpress
[05:33:51] Determined hmmpress version is 003001 from '# HMMER 3.1b2 (February 2015); http://hmmer.org/'
[05:33:51] Looking for 'hmmscan' - found /usr/bin/hmmscan
[05:33:51] Determined hmmscan version is 003001 from '# HMMER 3.1b2 (February 2015); http://hmmer.org/'
[05:33:51] Looking for 'java' - found /usr/bin/java
[05:33:51] Looking for 'makeblastdb' - found /ncbi-blast-2.9.0+/bin/makeblastdb
[05:33:51] Determined makeblastdb version is 002009 from 'makeblastdb: 2.9.0+'
[05:33:51] Looking for 'minced' - found /prokka-1.14.6/binaries/common/minced
[05:33:51] Determined minced version is 002000 from 'minced 0.2.0'
[05:33:51] Looking for 'parallel' - found /prokka-1.14.6/binaries/common/parallel
[05:33:51] Determined parallel version is 20150122 from 'GNU parallel 20150122'
[05:33:51] Looking for 'prodigal' - found /prokka-1.14.6/binaries/linux/prodigal
[05:33:51] Determined prodigal version is 002006 from 'Prodigal V2.6.3: February, 2016'
[05:33:51] Looking for 'prokka-genbank_to_fasta_db' - found /prokka-1.14.6/bin/prokka-genbank_to_fasta_db
[05:33:51] Looking for 'sed' - found /bin/sed
[05:33:51] Looking for 'tbl2asn' - found /usr/bin/tbl2asn
[05:33:51] Determined tbl2asn version is 025008 from 'tbl2asn 25.8   arguments:'
[05:33:51] Using genetic code table 11.
[05:33:51] Loading and checking input file: /data/ERR2090120_contigs.fasta
[05:33:51] Wrote 329 contigs totalling 2144073 bp.
[05:33:51] Predicting tRNAs and tmRNAs
[05:33:51] Running: aragorn -l -gc11  -w PROKKA_02172023\/PROKKA_02172023\.fna
[05:33:52] 1 tRNA-Phe [120772,120869] 39 (aaa)
[05:33:52] 1 tRNA-Arg [5142,5213] 34 (cct)
[05:33:52] 2 tRNA-Arg [47025,47098] 35 (ccg)
[05:33:52] 1 tRNA-Val [59,131] 34 (tac)
[05:33:52] 2 tRNA-Asp [134,206] 34 (gtc)
[05:33:52] 3 tRNA-Lys [231,303] 34 (ttt)
[05:33:52] 4 tRNA-Leu [308,391] 36 (tag)
[05:33:52] 5 tRNA-Thr [409,481] 34 (tgt)
[05:33:52] 6 tRNA-Gly [504,575] 33 (gcc)
[05:33:52] 7 tRNA-Leu [583,668] 35 (taa)
[05:33:52] 8 tRNA-Arg [678,751] 35 (acg)
[05:33:52] 9 tRNA-Pro [766,841] 36 (tgg)
[05:33:52] 10 tRNA-Cys c[38333,38406] 34 (gca)
[05:33:52] 1 tRNA-Thr [10374,10446] 34 (ggt)
[05:33:52] 1 tRNA-Arg [17757,17830] 35 (tct)
[05:33:52] 2 tRNA-Glu [20267,20338] 34 (ttc)
[05:33:52] 3 tRNA-Asn [20344,20417] 35 (gtt)
[05:33:52] 1 tRNA-Leu c[55216,55301] 36 (caa)
[05:33:52] 1 tRNA-Lys [17786,17861] 35 (ctt)
[05:33:52] 1 tRNA-Leu [10095,10182] 36 (aag)
[05:33:52] 1 tmRNA [11169,11513] 83,118 AKNNTSYALAA*
[05:33:52] 2 tRNA-Ser c[11684,11774] 36 (gga)
[05:33:52] 1 tRNA-Ser [60,149] 36 (gct)
[05:33:52] 1 tRNA-Tyr [10496,10576] 35 (gta)
[05:33:52] 2 tRNA-Gln [10586,10657] 33 (ttg)
[05:33:52] 1 tRNA-Ala [1903,1977] 35 (tgc)
[05:33:52] 1 tRNA-Met [55,130] 36 (cat)
[05:33:52] 2 tRNA-Met [143,216] 35 (cat)
[05:33:52] 3 tRNA-Ser [227,316] 37 (tga)
[05:33:52] 4 tRNA-Met [330,403] 35 (cat)
[05:33:52] 5 tRNA-Phe [407,479] 34 (gaa)
[05:33:52] 6 tRNA-Gly [499,569] 33 (tcc)
[05:33:52] 7 tRNA-Ile [604,679] 36 (gat)
[05:33:52] 1 tRNA-His c[65,139] 35 (gtg)
[05:33:52] 2 tRNA-Trp c[152,224] 34 (cca)
[05:33:52] Found 35 tRNAs
[05:33:52] Predicting Ribosomal RNAs
[05:33:52] Running Barrnap with 8 threads
[05:33:52] 1 NODE_47_length_5195_cov_298.064008 310 16S ribosomal RNA
[05:33:52] 2 NODE_47_length_5195_cov_298.064008 2103 23S ribosomal RNA
[05:33:52] 3 NODE_47_length_5195_cov_298.064008 5082 5S ribosomal RNA
[05:33:52] Found 3 rRNAs
[05:33:52] Skipping ncRNA search, enable with --rfam if desired.
[05:33:52] Total of 37 tRNA + rRNA features
[05:33:52] Searching for CRISPR repeats
[05:33:53] Found 0 CRISPRs
[05:33:53] Predicting coding sequences
[05:33:53] Contigs total 2144073 bp, so using single mode
[05:33:53] Running: prodigal -i PROKKA_02172023\/PROKKA_02172023\.fna -c -m -g 11 -p single -f sco -q
[05:33:54] Excluding CDS which overlaps existing RNA (tRNA) at NODE_1_length_136420_cov_79.361420:120723..122264 on + strand
[05:33:55] Found 2064 CDS
[05:33:55] Connecting features back to sequences
[05:33:55] Not using genus-specific database. Try --usegenus to enable it.
[05:33:55] Annotating CDS, please be patient.
[05:33:55] Will use 8 CPUs for similarity searching.
[05:33:55] There are still 2064 unannotated CDS left (started with 2064)
[05:33:55] Will use blast to search against /prokka-1.14.6/db/kingdom/Bacteria/IS with 8 CPUs
[05:33:55] Running: cat PROKKA_02172023\/PROKKA_02172023\.IS\.tmp\.1\.faa | parallel --gnu --plain -j 8 --block 38498 --recstart '>' --pipe blastp -query - -db /prokka-1.14.6/db/kingdom/Bacteria/IS -evalue 1e-30 -qcov_hsp_perc 90 -num_threads 1 -num_descriptions 1 -num_alignments 1 -seg no > PROKKA_02172023\/PROKKA_02172023\.IS\.tmp\.1\.blast 2> /dev/null
[05:33:59] Deleting unwanted file: PROKKA_02172023/PROKKA_02172023.IS.tmp.1.faa
[05:33:59] Deleting unwanted file: PROKKA_02172023/PROKKA_02172023.IS.tmp.1.blast
[05:34:00] There are still 2020 unannotated CDS left (started with 2064)
[05:34:00] Will use blast to search against /prokka-1.14.6/db/kingdom/Bacteria/AMR with 8 CPUs
[05:34:00] Running: cat PROKKA_02172023\/PROKKA_02172023\.AMR\.tmp\.1\.faa | parallel --gnu --plain -j 8 --block 38049 --recstart '>' --pipe blastp -query - -db /prokka-1.14.6/db/kingdom/Bacteria/AMR -evalue 9.99999999999999e-301 -qcov_hsp_perc 90 -num_threads 1 -num_descriptions 1 -num_alignments 1 -seg no > PROKKA_02172023\/PROKKA_02172023\.AMR\.tmp\.1\.blast 2> /dev/null
[05:34:03] Deleting unwanted file: PROKKA_02172023/PROKKA_02172023.AMR.tmp.1.faa
[05:34:03] Deleting unwanted file: PROKKA_02172023/PROKKA_02172023.AMR.tmp.1.blast
[05:34:04] There are still 2019 unannotated CDS left (started with 2064)
[05:34:04] Will use blast to search against /prokka-1.14.6/db/kingdom/Bacteria/sprot with 8 CPUs
[05:34:04] Running: cat PROKKA_02172023\/PROKKA_02172023\.sprot\.tmp\.1\.faa | parallel --gnu --plain -j 8 --block 38009 --recstart '>' --pipe blastp -query - -db /prokka-1.14.6/db/kingdom/Bacteria/sprot -evalue 1e-09 -qcov_hsp_perc 80 -num_threads 1 -num_descriptions 1 -num_alignments 1 -seg no > PROKKA_02172023\/PROKKA_02172023\.sprot\.tmp\.1\.blast 2> /dev/null
[05:34:20] Modify product: UPF0297 protein SP_0192 => hypothetical protein
[05:34:20] Modify product: UPF0473 protein SP_0194 => hypothetical protein
[05:34:20] Modify product: UPF0237 protein SP_0238 => hypothetical protein
[05:34:20] Modify product: UPF0210 protein SP_0239 => hypothetical protein
[05:34:20] Modify product: Uncharacterized protein HI_0131 => putative protein
[05:34:20] Modify product: Uncharacterized HTH-type transcriptional regulator YdjF => putative HTH-type transcriptional regulator YdjF
[05:34:20] Modify product: Putative zinc metalloprotease SA1105 => Putative zinc metalloprotease
[05:34:20] Modify product: Probable licABCH operon regulator => putative licABCH operon regulator
[05:34:20] Modify product: Glutathione peroxidase homolog BsaA => Glutathione peroxidase BsaA
[05:34:20] Modify product: Probable mannose-6-phosphate isomerase GmuF => putative mannose-6-phosphate isomerase GmuF
[05:34:20] Modify product: Probable copper-transporting ATPase PacS => putative copper-transporting ATPase PacS
[05:34:20] Modify product: Probable glutamine ABC transporter permease protein GlnM => putative glutamine ABC transporter permease protein GlnM
[05:34:20] Modify product: Uncharacterized oxidoreductase SA2266 => putative oxidoreductase
[05:34:21] Modify product: UPF0340 protein YwlG => hypothetical protein
[05:34:21] Modify product: Uncharacterized response regulatory protein SACOL0201 => putative response regulatory protein
[05:34:21] Modify product: Probable deferrochelatase/peroxidase EfeN => putative deferrochelatase/peroxidase EfeN
[05:34:21] Modify product: Probable bifunctional oligoribonuclease and PAP phosphatase NrnA => putative bifunctional oligoribonuclease and PAP phosphatase NrnA
[05:34:21] Modify product: Putative phosphatase M6_Spy0533 => Putative phosphatase
[05:34:21] Modify product: UPF0122 protein SP_1288 => hypothetical protein
[05:34:21] Modify product: Protease HtpX homolog => Protease HtpX 
[05:34:21] Modify product: Uncharacterized ABC transporter ATP-binding protein YheS => putative ABC transporter ATP-binding protein YheS
[05:34:21] Modify product: DegV domain-containing protein spr0652 => DegV domain-containing protein
[05:34:21] Modify product: Uncharacterized protein HI_0933 => putative protein
[05:34:21] Modify product: Putative universal stress protein SA1532 => Putative universal stress protein
[05:34:21] Modify product: Uncharacterized metal-dependent hydrolase YcfH => putative metal-dependent hydrolase YcfH
[05:34:21] Modify product: Uncharacterized ABC transporter ATP-binding protein YknY => putative ABC transporter ATP-binding protein YknY
[05:34:21] Modify product: Uncharacterized protein YlbL => putative protein YlbL
[05:34:21] Modify product: UPF0053 protein HI_0107 => hypothetical protein
[05:34:21] Modify product: Uncharacterized ABC transporter ATP-binding protein YknY => putative ABC transporter ATP-binding protein YknY
[05:34:21] Modify product: Probable transcriptional regulatory protein YeeN => putative transcriptional regulatory protein YeeN
[05:34:21] Modify product: Uncharacterized ABC transporter ATP-binding protein Rv1273c => putative ABC transporter ATP-binding protein
[05:34:21] Modify product: Uncharacterized ABC transporter ATP-binding protein TM_0288 => putative ABC transporter ATP-binding protein
[05:34:21] Modify product: Uncharacterized RNA methyltransferase SP_1029 => putative RNA methyltransferase
[05:34:21] Modify product: Probable siderophore transport system permease protein YfhA => putative siderophore transport system permease protein YfhA
[05:34:21] Modify product: Putative lipid kinase SP_1045 => Putative lipid kinase
[05:34:21] Modify product: Probable peptidoglycan glycosyltransferase FtsW => putative peptidoglycan glycosyltransferase FtsW
[05:34:21] Modify product: Probable ATP-dependent Clp protease ATP-binding subunit => putative ATP-dependent Clp protease ATP-binding subunit
[05:34:21] Modify product: UPF0371 protein DIP2346 => hypothetical protein
[05:34:21] Modify product: Probable capsular polysaccharide biosynthesis protein YwqC => putative capsular polysaccharide biosynthesis protein YwqC
[05:34:21] Modify product: Protein RmlC homolog => Protein RmlC 
[05:34:21] Modify product: UPF0398 protein SP_0371 => hypothetical protein
[05:34:21] Modify product: Putative NAD(P)H nitroreductase Spy0809 => Putative NAD(P)H nitroreductase
[05:34:21] Modify product: Probable glutamine ABC transporter permease protein GlnM => putative glutamine ABC transporter permease protein GlnM
[05:34:21] Modify product: Probable glutamine ABC transporter permease protein GlnP => putative glutamine ABC transporter permease protein GlnP
[05:34:21] Modify product: Uncharacterized ABC transporter ATP-binding protein Rv0986 => putative ABC transporter ATP-binding protein
[05:34:21] Modify product: Uncharacterized ABC transporter ATP-binding protein YbiT => putative ABC transporter ATP-binding protein YbiT
[05:34:21] Modify product: Uncharacterized zinc protease Rv2782c => putative zinc protease
[05:34:21] Modify product: Nucleoid-associated protein SP_1102 => Nucleoid-associated protein
[05:34:21] Modify product: DegV domain-containing protein SP_1112 => DegV domain-containing protein
[05:34:21] Modify product: Uncharacterized ABC transporter ATP-binding protein YheS => putative ABC transporter ATP-binding protein YheS
[05:34:21] Modify product: Probable transcription repressor NiaR => putative transcription repressor NiaR
[05:34:21] Modify product: Probable riboflavin import permease protein RfuC => putative riboflavin import permease protein RfuC
[05:34:21] Modify product: Bifunctional protein FolD => Bifunctional protein FolD protein
[05:34:21] Modify product: Uncharacterized ABC transporter permease YknZ => putative ABC transporter permease YknZ
[05:34:21] Modify product: Uncharacterized ABC transporter ATP-binding protein YknY => putative ABC transporter ATP-binding protein YknY
[05:34:21] Modify product: Uncharacterized ABC transporter ATP-binding protein YbiT => putative ABC transporter ATP-binding protein YbiT
[05:34:21] Modify product: Probable dual-specificity RNA methyltransferase RlmN => putative dual-specificity RNA methyltransferase RlmN
[05:34:21] Modify product: Uncharacterized protein YqeN => putative protein YqeN
[05:34:21] Modify product: Probable dihydroorotate dehydrogenase A (fumarate) => putative dihydroorotate dehydrogenase A (fumarate)
[05:34:21] Modify product: Probable ATP-dependent RNA helicase YfmL => putative ATP-dependent RNA helicase YfmL
[05:34:21] Modify product: UPF0291 protein SP_1473 => hypothetical protein
[05:34:21] Modify product: Probable NADH oxidase => putative NADH oxidase
[05:34:21] Modify product: UPF0073 inner membrane protein YqfA => hypothetical protein
[05:34:21] Modify product: Probable amino-acid permease protein YxeN => putative amino-acid permease protein YxeN
[05:34:21] Modify product: Uncharacterized inner membrane transporter YicL => putative inner membrane transporter YicL
[05:34:21] Modify product: Uncharacterized ABC transporter ATP-binding protein TM_0288 => putative ABC transporter ATP-binding protein
[05:34:21] Modify product: UPF0223 protein BH2638 => hypothetical protein
[05:34:21] Modify product: Phosphate-specific transport system accessory protein PhoU homolog => Phosphate-specific transport system accessory protein PhoU 
[05:34:21] Modify product: UPF0342 protein SP_1372 => hypothetical protein
[05:34:21] Modify product: Uncharacterized ABC transporter ATP-binding protein Rv1273c => putative ABC transporter ATP-binding protein
[05:34:21] Modify product: Uncharacterized oxidoreductase YjhC => putative oxidoreductase YjhC
[05:34:21] Modify product: Phosphate-specific transport system accessory protein PhoU homolog => Phosphate-specific transport system accessory protein PhoU 
[05:34:21] Modify product: Probable multidrug resistance ABC transporter ATP-binding/permease protein YheH => putative multidrug resistance ABC transporter ATP-binding/permease protein YheH
[05:34:21] Modify product: Probable multidrug resistance ABC transporter ATP-binding/permease protein YheI => putative multidrug resistance ABC transporter ATP-binding/permease protein YheI
[05:34:21] Modify product: Tyrosine recombinase XerD-like => Tyrosine recombinase XerD-like protein
[05:34:21] Modify product: Sulfurtransferase Alvin_2599 => Sulfurtransferase
[05:34:21] Modify product: Probable N-acetyl-LL-diaminopimelate aminotransferase => putative N-acetyl-LL-diaminopimelate aminotransferase
[05:34:21] Modify product: UPF0324 inner membrane protein YeiH => hypothetical protein
[05:34:21] Modify product: Uncharacterized protein YccU => putative protein YccU
[05:34:21] Modify product: Probable nicotinate-nucleotide pyrophosphorylase [carboxylating] => putative nicotinate-nucleotide pyrophosphorylase [carboxylating]
[05:34:21] Modify product: Probable L-ascorbate-6-phosphate lactonase UlaG => putative L-ascorbate-6-phosphate lactonase UlaG
[05:34:21] Modify product: Probable licABCH operon regulator => putative licABCH operon regulator
[05:34:21] Modify product: Probable FMN/FAD exporter YeeO => putative FMN/FAD exporter YeeO
[05:34:21] Modify product: Putative glutamine amidotransferase Rv2859c => Putative glutamine amidotransferase
[05:34:21] Modify product: Uncharacterized ABC transporter ATP-binding protein TM_0288 => putative ABC transporter ATP-binding protein
[05:34:21] Modify product: Uncharacterized ABC transporter ATP-binding protein Rv1273c => putative ABC transporter ATP-binding protein
[05:34:21] Modify product: Phosphate-specific transport system accessory protein PhoU homolog => Phosphate-specific transport system accessory protein PhoU 
[05:34:21] Modify product: Uncharacterized protein YqgN => putative protein YqgN
[05:34:21] Modify product: Uncharacterized inner membrane transporter YicL => putative inner membrane transporter YicL
[05:34:21] Modify product: Uncharacterized amino acid permease YhdG => putative amino acid permease YhdG
[05:34:21] Modify product: Uncharacterized protein Spy1595 => putative protein
[05:34:21] Modify product: Probable S-adenosyl-L-methionine-dependent methyltransferase TehB => putative S-adenosyl-L-methionine-dependent methyltransferase TehB
[05:34:21] Modify product: Probable protein-export membrane protein SecG => putative protein-export membrane protein SecG
[05:34:21] Modify product: Rqc2 homolog RqcH => Rqc2 RqcH
[05:34:21] Modify product: Acetyltransferase PA3944 => Acetyltransferase
[05:34:21] Modify product: UPF0346 protein SP_0947 => hypothetical protein
[05:34:21] Modify product: Uncharacterized oxidoreductase YjhC => putative oxidoreductase YjhC
[05:34:21] Modify product: Uncharacterized HTH-type transcriptional regulator YbbH => putative HTH-type transcriptional regulator YbbH
[05:34:22] Modify product: Uncharacterized ABC transporter ATP-binding protein Rv0986 => putative ABC transporter ATP-binding protein
[05:34:22] Modify product: Probable metallo-hydrolase M6_Spy0554 => putative metallo-hydrolase
[05:34:22] Modify product: Probable manganese-dependent inorganic pyrophosphatase => putative manganese-dependent inorganic pyrophosphatase
[05:34:22] Modify product: UPF0213 protein SP_1535 => hypothetical protein
[05:34:22] Modify product: Putative dipeptidase SA1572 => Putative dipeptidase
[05:34:22] Modify product: Uncharacterized protein Spy1535 => putative protein
[05:34:22] Modify product: Uncharacterized protein Spy1614 => putative protein
[05:34:22] Modify product: Uncharacterized protein SA1069 => putative protein
[05:34:22] Modify product: Multidrug efflux system ATP-binding protein Rv1218c => Multidrug efflux system ATP-binding protein
[05:34:22] Modify product: Uncharacterized protein YhaP => putative protein YhaP
[05:34:22] Modify product: Uncharacterized MscS family protein YkuT => putative MscS family protein YkuT
[05:34:22] Modify product: Uncharacterized protein YqeH => putative protein YqeH
[05:34:22] Modify product: Uncharacterized AAA domain-containing protein Rv2559c => putative AAA domain-containing protein
[05:34:22] Modify product: Uncharacterized multiple-sugar transport system permease YteP => putative multiple-sugar transport system permease YteP
[05:34:22] Modify product: Putative trans-acting regulator SP_1800 => Putative trans-acting regulator
[05:34:22] Modify product: Probable DNA-directed RNA polymerase subunit delta => putative DNA-directed RNA polymerase subunit delta
[05:34:22] Modify product: UPF0397 protein SP_0482 => hypothetical protein
[05:34:22] Modify product: Probable murein peptide carboxypeptidase => putative murein peptide carboxypeptidase
[05:34:22] Modify product: Uncharacterized HTH-type transcriptional regulator SACOL2360 => putative HTH-type transcriptional regulator
[05:34:22] Modify product: Probable pyridine nucleotide-disulfide oxidoreductase RclA => putative pyridine nucleotide-disulfide oxidoreductase RclA
[05:34:22] Modify product: Probable GTP-binding protein EngB => putative GTP-binding protein EngB
[05:34:22] Modify product: Probable cell division protein WhiA => putative cell division protein WhiA
[05:34:22] Modify product: DegV domain-containing protein spr1415 => DegV domain-containing protein
[05:34:22] Modify product: Uncharacterized transporter YycB => putative transporter YycB
[05:34:22] Modify product: UPF0176 protein SP_0095 => hypothetical protein
[05:34:22] Modify product: Uncharacterized multiple-sugar transport system permease YteP => putative multiple-sugar transport system permease YteP
[05:34:22] Modify product: Probable ABC transporter ATP-binding protein M6_Spy0273 => putative ABC transporter ATP-binding protein
[05:34:22] Modify product: UPF0051 protein SA0778 => hypothetical protein
[05:34:22] Modify product: UPF0051 protein SA0778 => hypothetical protein
[05:34:22] Modify product: Probable tRNA sulfurtransferase => putative tRNA sulfurtransferase
[05:34:22] Modify product: Probable type I restriction enzyme BthVORF4518P M protein => putative type I restriction enzymeP M protein
[05:34:22] Modify product: UPF0356 protein SP_0122 => hypothetical protein
[05:34:22] Modify product: Probable glycerol uptake facilitator protein => putative glycerol uptake facilitator protein
[05:34:22] Modify product: Putative transport protein Rv0205 => Putative transport protein
[05:34:22] Modify product: GTP cyclohydrolase 1 type 2 homolog => GTP cyclohydrolase 1 type 2 
[05:34:22] Modify product: UPF0758 protein SP_1088 => hypothetical protein
[05:34:22] Modify product: Putative glutamine amidotransferase Rv2859c => Putative glutamine amidotransferase
[05:34:22] Modify product: Probable ribosomal protein YlxQ => putative ribosomal protein YlxQ
[05:34:22] Modify product: UPF0374 protein SP_1903 => hypothetical protein
[05:34:22] Cleaned 137 /product names
[05:34:22] Deleting unwanted file: PROKKA_02172023/PROKKA_02172023.sprot.tmp.1.faa
[05:34:22] Deleting unwanted file: PROKKA_02172023/PROKKA_02172023.sprot.tmp.1.blast
[05:34:22] There are still 856 unannotated CDS left (started with 2064)
[05:34:22] Will use hmmer3 to search against /prokka-1.14.6/db/hmm/HAMAP.hmm with 8 CPUs
[05:34:22] Running: cat PROKKA_02172023\/PROKKA_02172023\.HAMAP\.hmm\.tmp\.1\.faa | parallel --gnu --plain -j 8 --block 13236 --recstart '>' --pipe hmmscan --noali --notextw --acc -E 1e-09 --cpu 1 /prokka-1.14.6/db/hmm/HAMAP.hmm /dev/stdin > PROKKA_02172023\/PROKKA_02172023\.HAMAP\.hmm\.tmp\.1\.hmmer3 2> /dev/null
[05:34:38] Modify product: Protein SprT-like => Protein SprT-like protein
[05:34:38] Cleaned 1 /product names
[05:34:38] Deleting unwanted file: PROKKA_02172023/PROKKA_02172023.HAMAP.hmm.tmp.1.faa
[05:34:38] Deleting unwanted file: PROKKA_02172023/PROKKA_02172023.HAMAP.hmm.tmp.1.hmmer3
[05:34:38] Labelling remaining 775 proteins as 'hypothetical protein'
[05:34:38] Possible /pseudo 'Phosphate import ATP-binding protein PstB 3' at NODE_1_length_136420_cov_79.361420 position 71215
[05:34:38] Possible /pseudo 'IS630 family transposase ISSpn2' at NODE_3_length_96161_cov_82.916998 position 4383
[05:34:38] Possible /pseudo 'Putative fluoride ion transporter CrcB' at NODE_4_length_95052_cov_79.551091 position 4304
[05:34:38] Possible /pseudo '2-isopropylmalate synthase' at NODE_4_length_95052_cov_79.551091 position 39416
[05:34:38] Possible /pseudo 'Coenzyme A biosynthesis bifunctional protein CoaBC' at NODE_4_length_95052_cov_79.551091 position 67688
[05:34:38] Possible /pseudo 'O-acetyl-L-homoserine sulfhydrylase' at NODE_4_length_95052_cov_79.551091 position 82085
[05:34:38] Possible /pseudo 'IS630 family transposase ISSpn2' at NODE_5_length_92123_cov_84.260272 position 28296
[05:34:38] Possible /pseudo 'putative ABC transporter ATP-binding protein' at NODE_6_length_88763_cov_87.241478 position 80227
[05:34:38] Possible /pseudo 'IS3 family transposase ISSpn4' at NODE_9_length_76429_cov_86.249574 position 24701
[05:34:38] Possible /pseudo 'Phosphoserine phosphatase' at NODE_12_length_60856_cov_81.096100 position 24214
[05:34:38] Possible /pseudo 'IS630 family transposase IS630-Spn1' at NODE_12_length_60856_cov_81.096100 position 28579
[05:34:38] Possible /pseudo 'IS630 family transposase IS630-Spn1' at NODE_15_length_55362_cov_89.417524 position 7062
[05:34:38] Possible /pseudo 'Alanine dehydrogenase' at NODE_17_length_51323_cov_79.858352 position 44303
[05:34:38] Possible /pseudo 'Multidrug resistance ABC transporter ATP-binding and permease protein' at NODE_20_length_46462_cov_79.528756 position 19825
[05:34:38] Possible /pseudo 'Multidrug resistance ABC transporter ATP-binding and permease protein' at NODE_20_length_46462_cov_79.528756 position 20296
[05:34:38] Possible /pseudo 'putative protein' at NODE_22_length_41545_cov_84.240154 position 9695
[05:34:38] Possible /pseudo 'Epoxyqueuosine reductase QueH' at NODE_45_length_6195_cov_97.794463 position 581
[05:34:38] Possible /pseudo 'IS4 family transposase ISSsu2' at NODE_52_length_1509_cov_538.006190 position 627
[05:34:38] Possible /pseudo 'IS30 family transposase ISSpn8' at NODE_54_length_1243_cov_172.926768 position 651
[05:34:38] Found 1014 unique /gene codes.
[05:34:38] Fixed 2 duplicate /gene - coaBC_1 coaBC_2
[05:34:38] Fixed 2 duplicate /gene - gpmA_1 gpmA_2
[05:34:38] Fixed 2 duplicate /gene - glnM_1 glnM_2
[05:34:38] Fixed 2 duplicate /gene - deoD_1 deoD_2
[05:34:38] Fixed 2 duplicate /gene - glgX_1 glgX_2
[05:34:38] Fixed 2 duplicate /gene - gmuD_1 gmuD_2
[05:34:38] Fixed 2 duplicate /gene - lacR_1 lacR_2
[05:34:38] Fixed 2 duplicate /gene - dinG_1 dinG_2
[05:34:38] Fixed 2 duplicate /gene - ecsA_1 ecsA_2
[05:34:38] Fixed 2 duplicate /gene - ssb_1 ssb_2
[05:34:38] Fixed 2 duplicate /gene - lacE_1 lacE_2
[05:34:38] Fixed 2 duplicate /gene - yheS_1 yheS_2
[05:34:38] Fixed 2 duplicate /gene - gph_1 gph_2
[05:34:38] Fixed 2 duplicate /gene - gtfA_1 gtfA_2
[05:34:38] Fixed 2 duplicate /gene - clpC_1 clpC_2
[05:34:38] Fixed 2 duplicate /gene - murA1_1 murA1_2
[05:34:38] Fixed 2 duplicate /gene - glyG_1 glyG_2
[05:34:38] Fixed 3 duplicate /gene - nanA_1 nanA_2 nanA_3
[05:34:38] Fixed 2 duplicate /gene - leuA_1 leuA_2
[05:34:38] Fixed 2 duplicate /gene - ybiT_1 ybiT_2
[05:34:38] Fixed 2 duplicate /gene - spxA_1 spxA_2
[05:34:38] Fixed 2 duplicate /gene - queH_1 queH_2
[05:34:38] Fixed 2 duplicate /gene - pepA_1 pepA_2
[05:34:38] Fixed 2 duplicate /gene - galE_1 galE_2
[05:34:38] Fixed 2 duplicate /gene - artP_1 artP_2
[05:34:38] Fixed 2 duplicate /gene - serB_1 serB_2
[05:34:38] Fixed 2 duplicate /gene - pcp_1 pcp_2
[05:34:38] Fixed 2 duplicate /gene - rluD_1 rluD_2
[05:34:38] Fixed 2 duplicate /gene - fpgS_1 fpgS_2
[05:34:38] Fixed 2 duplicate /gene - licT_1 licT_2
[05:34:38] Fixed 3 duplicate /gene - lmrA_1 lmrA_2 lmrA_3
[05:34:38] Fixed 4 duplicate /gene - glnQ_1 glnQ_2 glnQ_3 glnQ_4
[05:34:38] Fixed 3 duplicate /gene - phoU_1 phoU_2 phoU_3
[05:34:38] Fixed 3 duplicate /gene - manZ_1 manZ_2 manZ_3
[05:34:38] Fixed 2 duplicate /gene - agrA_1 agrA_2
[05:34:38] Fixed 7 duplicate /gene - btuD_1 btuD_2 btuD_3 btuD_4 btuD_5 btuD_6 btuD_7
[05:34:38] Fixed 2 duplicate /gene - tadA_1 tadA_2
[05:34:38] Fixed 2 duplicate /gene - iscS_1 iscS_2
[05:34:38] Fixed 3 duplicate /gene - sasA_1 sasA_2 sasA_3
[05:34:38] Fixed 2 duplicate /gene - tkt_1 tkt_2
[05:34:38] Fixed 2 duplicate /gene - yidA_1 yidA_2
[05:34:38] Fixed 2 duplicate /gene - ulaA_1 ulaA_2
[05:34:38] Fixed 2 duplicate /gene - thiM_1 thiM_2
[05:34:38] Fixed 4 duplicate /gene - licC_1 licC_2 licC_3 licC_4
[05:34:38] Fixed 2 duplicate /gene - galT_1 galT_2
[05:34:38] Fixed 2 duplicate /gene - adh_1 adh_2
[05:34:38] Fixed 2 duplicate /gene - bglA_1 bglA_2
[05:34:38] Fixed 2 duplicate /gene - ccpA_1 ccpA_2
[05:34:38] Fixed 2 duplicate /gene - crcB_1 crcB_2
[05:34:38] Fixed 3 duplicate /gene - ecfT_1 ecfT_2 ecfT_3
[05:34:38] Fixed 3 duplicate /gene - ykoD_1 ykoD_2 ykoD_3
[05:34:38] Fixed 3 duplicate /gene - agaA_1 agaA_2 agaA_3
[05:34:38] Fixed 2 duplicate /gene - gtfB_1 gtfB_2
[05:34:38] Fixed 4 duplicate /gene - xerC_1 xerC_2 xerC_3 xerC_4
[05:34:38] Fixed 2 duplicate /gene - licR_1 licR_2
[05:34:38] Fixed 2 duplicate /gene - yjhC_1 yjhC_2
[05:34:38] Fixed 2 duplicate /gene - yicL_1 yicL_2
[05:34:38] Fixed 2 duplicate /gene - fruA_1 fruA_2
[05:34:38] Fixed 2 duplicate /gene - rsmF_1 rsmF_2
[05:34:38] Fixed 2 duplicate /gene - secA_1 secA_2
[05:34:38] Fixed 2 duplicate /gene - yteP_1 yteP_2
[05:34:38] Fixed 2 duplicate /gene - araQ_1 araQ_2
[05:34:38] Fixed 2 duplicate /gene - pezT_1 pezT_2
[05:34:38] Fixed 2 duplicate /gene - def_1 def_2
[05:34:38] Fixed 2 duplicate /gene - secY_1 secY_2
[05:34:38] Fixed 3 duplicate /gene - argR_1 argR_2 argR_3
[05:34:38] Fixed 2 duplicate /gene - ptsG_1 ptsG_2
[05:34:38] Fixed 2 duplicate /gene - gatC_1 gatC_2
[05:34:38] Fixed 2 duplicate /gene - mshD_1 mshD_2
[05:34:38] Fixed 2 duplicate /gene - arlR_1 arlR_2
[05:34:38] Fixed 3 duplicate /gene - bglK_1 bglK_2 bglK_3
[05:34:38] Fixed 2 duplicate /gene - lacG_1 lacG_2
[05:34:38] Fixed 2 duplicate /gene - pepF1_1 pepF1_2
[05:34:38] Fixed 3 duplicate /gene - lagD_1 lagD_2 lagD_3
[05:34:38] Fixed 2 duplicate /gene - artM_1 artM_2
[05:34:38] Fixed 2 duplicate /gene - melD_1 melD_2
[05:34:38] Fixed 2 duplicate /gene - lacC_1 lacC_2
[05:34:38] Fixed 2 duplicate /gene - udk_1 udk_2
[05:34:38] Fixed 2 duplicate /gene - tagU_1 tagU_2
[05:34:38] Fixed 2 duplicate /gene - thiE_1 thiE_2
[05:34:38] Fixed 2 duplicate /gene - dsbD_1 dsbD_2
[05:34:38] Fixed 2 duplicate /gene - bcrA_1 bcrA_2
[05:34:38] Fixed 2 duplicate /gene - manX_1 manX_2
[05:34:38] Fixed 2 duplicate /gene - nanE_1 nanE_2
[05:34:38] Fixed 3 duplicate /gene - COQ5_1 COQ5_2 COQ5_3
[05:34:38] Fixed 4 duplicate /gene - lacF_1 lacF_2 lacF_3 lacF_4
[05:34:38] Fixed 2 duplicate /gene - ald_1 ald_2
[05:34:38] Fixed 2 duplicate /gene - ruvB_1 ruvB_2
[05:34:38] Fixed 2 duplicate /gene - pcrA_1 pcrA_2
[05:34:38] Fixed 2 duplicate /gene - IMPDH_1 IMPDH_2
[05:34:38] Fixed 2 duplicate /gene - cutC_1 cutC_2
[05:34:38] Fixed 2 duplicate /gene - resA_1 resA_2
[05:34:38] Fixed 2 duplicate /gene - rsuA_1 rsuA_2
[05:34:38] Fixed 2 duplicate /gene - galK_1 galK_2
[05:34:38] Fixed 2 duplicate /gene - lcnD_1 lcnD_2
[05:34:38] Fixed 3 duplicate /gene - sarA_1 sarA_2 sarA_3
[05:34:38] Fixed 3 duplicate /gene - pstB3_1 pstB3_2 pstB3_3
[05:34:38] Fixed 2 duplicate /gene - msmX_1 msmX_2
[05:34:38] Fixed 3 duplicate /gene - nanB_1 nanB_2 nanB_3
[05:34:38] Fixed 2 duplicate /gene - atpE_1 atpE_2
[05:34:38] Fixed 3 duplicate /gene - yknY_1 yknY_2 yknY_3
[05:34:38] Fixed 2 duplicate /gene - glnH_1 glnH_2
[05:34:38] Fixed 2 duplicate /gene - tenA_1 tenA_2
[05:34:38] Fixed 2 duplicate /gene - lytA_1 lytA_2
[05:34:38] Fixed 104 colliding /gene names.
[05:34:38] Adding /locus_tag identifiers
[05:34:38] Assigned 2102 locus_tags to CDS and RNA features.
[05:34:38] Writing outputs to PROKKA_02172023/
[05:34:39] Generating annotation statistics file
[05:34:39] Generating Genbank and Sequin files
[05:34:39] Running: tbl2asn -V b -a r10k -l paired-ends -M n -N 1 -y 'Annotated using prokka 1.14.6 from https://github.com/tseemann/prokka' -Z PROKKA_02172023\/PROKKA_02172023\.err -i PROKKA_02172023\/PROKKA_02172023\.fsa 2> /dev/null
[05:34:42] Deleting unwanted file: PROKKA_02172023/errorsummary.val
[05:34:42] Deleting unwanted file: PROKKA_02172023/PROKKA_02172023.dr
[05:34:42] Deleting unwanted file: PROKKA_02172023/PROKKA_02172023.fixedproducts
[05:34:42] Deleting unwanted file: PROKKA_02172023/PROKKA_02172023.ecn
[05:34:42] Deleting unwanted file: PROKKA_02172023/PROKKA_02172023.val
[05:34:42] Repairing broken .GBK output that tbl2asn produces...
[05:34:42] Running: sed 's/COORDINATES: profile/COORDINATES:profile/' < PROKKA_02172023\/PROKKA_02172023\.gbf > PROKKA_02172023\/PROKKA_02172023\.gbk
[05:34:42] Deleting unwanted file: PROKKA_02172023/PROKKA_02172023.gbf
[05:34:42] Output files:
[05:34:42] PROKKA_02172023/PROKKA_02172023.gbk
[05:34:42] PROKKA_02172023/PROKKA_02172023.ffn
[05:34:42] PROKKA_02172023/PROKKA_02172023.fna
[05:34:42] PROKKA_02172023/PROKKA_02172023.log
[05:34:42] PROKKA_02172023/PROKKA_02172023.fsa
[05:34:42] PROKKA_02172023/PROKKA_02172023.tbl
[05:34:42] PROKKA_02172023/PROKKA_02172023.sqn
[05:34:42] PROKKA_02172023/PROKKA_02172023.faa
[05:34:42] PROKKA_02172023/PROKKA_02172023.gff
[05:34:42] PROKKA_02172023/PROKKA_02172023.tsv
[05:34:42] PROKKA_02172023/PROKKA_02172023.txt
[05:34:42] PROKKA_02172023/PROKKA_02172023.err
[05:34:42] Annotation finished successfully.
[05:34:42] Walltime used: 0.85 minutes
[05:34:42] If you use this result please cite the Prokka paper:
[05:34:42] Seemann T (2014) Prokka: rapid prokaryotic genome annotation. Bioinformatics. 30(14):2068-9.
[05:34:42] Type 'prokka --citation' for more details.
[05:34:42] Share and enjoy!
