[01:01:43] This is prokka 1.14.6
[01:01:43] Written by Torsten Seemann <torsten.seemann@gmail.com>
[01:01:43] Homepage is https://github.com/tseemann/prokka
[01:01:43] Local time is Sat Feb 18 01:01:43 2023
[01:01:43] You are not telling me who you are!
[01:01:43] Operating system is linux
[01:01:43] You have BioPerl 1.007002
[01:01:43] System has 16 cores.
[01:01:43] Will use maximum of 8 cores.
[01:01:43] Annotating as >>> Bacteria <<<
[01:01:43] Generating locus_tag from 'ERR2090274_contigs.fasta' contents.
[01:01:43] Setting --locustag OLAMIPOM from MD5 85a6298636031df166ad867a76671194
[01:01:43] Creating new output folder: PROKKA_02182023
[01:01:43] Running: mkdir -p PROKKA_02182023
[01:01:43] Using filename prefix: PROKKA_02182023.XXX
[01:01:43] Setting HMMER_NCPU=1
[01:01:43] Writing log to: PROKKA_02182023/PROKKA_02182023.log
[01:01:43] Command: /prokka-1.14.6/bin/prokka ERR2090274_contigs.fasta
[01:01:43] Appending to PATH: /prokka-1.14.6/bin/../binaries/linux
[01:01:43] Appending to PATH: /prokka-1.14.6/bin/../binaries/linux/../common
[01:01:43] Appending to PATH: /prokka-1.14.6/bin
[01:01:43] Looking for 'aragorn' - found /prokka-1.14.6/binaries/linux/aragorn
[01:01:43] Determined aragorn version is 001002 from 'ARAGORN v1.2.38 Dean Laslett'
[01:01:43] Looking for 'barrnap' - found /barrnap-0.9/bin/barrnap
[01:01:43] Determined barrnap version is 000009 from 'barrnap 0.9'
[01:01:43] Looking for 'blastp' - found /ncbi-blast-2.9.0+/bin/blastp
[01:01:43] Determined blastp version is 002009 from 'blastp: 2.9.0+'
[01:01:43] Looking for 'cmpress' - found /prokka-1.14.6/binaries/linux/cmpress
[01:01:43] Determined cmpress version is 001001 from '# INFERNAL 1.1.2 (July 2016)'
[01:01:43] Looking for 'cmscan' - found /prokka-1.14.6/binaries/linux/cmscan
[01:01:43] Determined cmscan version is 001001 from '# INFERNAL 1.1.2 (July 2016)'
[01:01:43] Looking for 'egrep' - found /bin/egrep
[01:01:43] Looking for 'find' - found /usr/bin/find
[01:01:43] Looking for 'grep' - found /bin/grep
[01:01:43] Looking for 'hmmpress' - found /usr/bin/hmmpress
[01:01:43] Determined hmmpress version is 003001 from '# HMMER 3.1b2 (February 2015); http://hmmer.org/'
[01:01:43] Looking for 'hmmscan' - found /usr/bin/hmmscan
[01:01:43] Determined hmmscan version is 003001 from '# HMMER 3.1b2 (February 2015); http://hmmer.org/'
[01:01:43] Looking for 'java' - found /usr/bin/java
[01:01:43] Looking for 'makeblastdb' - found /ncbi-blast-2.9.0+/bin/makeblastdb
[01:01:43] Determined makeblastdb version is 002009 from 'makeblastdb: 2.9.0+'
[01:01:43] Looking for 'minced' - found /prokka-1.14.6/binaries/common/minced
[01:01:44] Determined minced version is 002000 from 'minced 0.2.0'
[01:01:44] Looking for 'parallel' - found /prokka-1.14.6/binaries/common/parallel
[01:01:44] Determined parallel version is 20150122 from 'GNU parallel 20150122'
[01:01:44] Looking for 'prodigal' - found /prokka-1.14.6/binaries/linux/prodigal
[01:01:44] Determined prodigal version is 002006 from 'Prodigal V2.6.3: February, 2016'
[01:01:44] Looking for 'prokka-genbank_to_fasta_db' - found /prokka-1.14.6/bin/prokka-genbank_to_fasta_db
[01:01:44] Looking for 'sed' - found /bin/sed
[01:01:44] Looking for 'tbl2asn' - found /usr/bin/tbl2asn
[01:01:44] Determined tbl2asn version is 025008 from 'tbl2asn 25.8   arguments:'
[01:01:44] Using genetic code table 11.
[01:01:44] Loading and checking input file: ERR2090274_contigs.fasta
[01:01:44] Wrote 302 contigs totalling 2080145 bp.
[01:01:44] Predicting tRNAs and tmRNAs
[01:01:44] Running: aragorn -l -gc11  -w PROKKA_02182023\/PROKKA_02182023\.fna
[01:01:44] 1 tRNA-Leu c[86066,86153] 36 (aag)
[01:01:44] 1 tRNA-Arg c[52707,52780] 35 (ccg)
[01:01:44] 2 tRNA-Arg c[94471,94542] 34 (cct)
[01:01:44] 1 tRNA-Thr [10574,10646] 34 (ggt)
[01:01:44] 1 tRNA-Lys c[30956,31030] 35 (ctt)
[01:01:44] 1 tRNA-Arg [17796,17869] 35 (tct)
[01:01:44] 2 tRNA-Glu [20306,20377] 34 (ttc)
[01:01:44] 3 tRNA-Asn [20383,20456] 35 (gtt)
[01:01:44] 1 tRNA-Cys [23075,23148] 34 (gca)
[01:01:44] 2 tRNA-Pro c[60734,60809] 36 (tgg)
[01:01:44] 3 tRNA-Arg c[60824,60897] 35 (acg)
[01:01:44] 4 tRNA-Leu c[60907,60992] 35 (taa)
[01:01:44] 5 tRNA-Gly c[61000,61071] 33 (gcc)
[01:01:44] 6 tRNA-Thr c[61094,61166] 34 (tgt)
[01:01:44] 7 tRNA-Leu c[61184,61267] 36 (tag)
[01:01:44] 8 tRNA-Lys c[61272,61344] 34 (ttt)
[01:01:44] 9 tRNA-Asp c[61369,61441] 34 (gtc)
[01:01:44] 10 tRNA-Val c[61444,61516] 34 (tac)
[01:01:44] 1 tRNA-Leu c[47820,47905] 36 (caa)
[01:01:44] 1 tRNA-Gln c[1512,1583] 33 (ttg)
[01:01:44] 2 tRNA-Tyr c[1593,1673] 35 (gta)
[01:01:44] 1 tRNA-Ser [15087,15176] 36 (gga)
[01:01:44] 2 tmRNA c[15361,15705] 83,118 AKNNTSYALAA*
[01:01:44] 1 tRNA-Ser [60,149] 36 (gct)
[01:01:44] 1 tRNA-Ala c[3222,3296] 35 (tgc)
[01:01:44] 1 tRNA-Met [55,130] 36 (cat)
[01:01:44] 2 tRNA-Met [143,216] 35 (cat)
[01:01:44] 3 tRNA-Ser [227,316] 37 (tga)
[01:01:44] 4 tRNA-Met [330,403] 35 (cat)
[01:01:44] 5 tRNA-Phe [407,479] 34 (gaa)
[01:01:44] 6 tRNA-Gly [499,569] 33 (tcc)
[01:01:44] 7 tRNA-Ile [604,679] 36 (gat)
[01:01:44] 1 tRNA-Trp [67,139] 34 (cca)
[01:01:44] 2 tRNA-His [152,226] 35 (gtg)
[01:01:44] Found 34 tRNAs
[01:01:44] Predicting Ribosomal RNAs
[01:01:44] Running Barrnap with 8 threads
[01:01:45] 1 NODE_44_length_5097_cov_481.727489 9 5S ribosomal RNA
[01:01:45] 2 NODE_44_length_5097_cov_481.727489 200 23S ribosomal RNA
[01:01:45] 3 NODE_44_length_5097_cov_481.727489 3348 16S ribosomal RNA
[01:01:45] Found 3 rRNAs
[01:01:45] Skipping ncRNA search, enable with --rfam if desired.
[01:01:45] Total of 36 tRNA + rRNA features
[01:01:45] Searching for CRISPR repeats
[01:01:45] Found 0 CRISPRs
[01:01:45] Predicting coding sequences
[01:01:45] Contigs total 2080145 bp, so using single mode
[01:01:45] Running: prodigal -i PROKKA_02182023\/PROKKA_02182023\.fna -c -m -g 11 -p single -f sco -q
[01:01:47] Found 2004 CDS
[01:01:47] Connecting features back to sequences
[01:01:47] Not using genus-specific database. Try --usegenus to enable it.
[01:01:47] Annotating CDS, please be patient.
[01:01:47] Will use 8 CPUs for similarity searching.
[01:01:47] There are still 2004 unannotated CDS left (started with 2004)
[01:01:47] Will use blast to search against /prokka-1.14.6/db/kingdom/Bacteria/IS with 8 CPUs
[01:01:47] Running: cat PROKKA_02182023\/PROKKA_02182023\.IS\.tmp\.1\.faa | parallel --gnu --plain -j 8 --block 37377 --recstart '>' --pipe blastp -query - -db /prokka-1.14.6/db/kingdom/Bacteria/IS -evalue 1e-30 -qcov_hsp_perc 90 -num_threads 1 -num_descriptions 1 -num_alignments 1 -seg no > PROKKA_02182023\/PROKKA_02182023\.IS\.tmp\.1\.blast 2> /dev/null
[01:01:51] Modify product: ISL3 family transposase IS1167A => ISL3 family transposaseA
[01:01:52] Cleaned 1 /product names
[01:01:52] Deleting unwanted file: PROKKA_02182023/PROKKA_02182023.IS.tmp.1.faa
[01:01:52] Deleting unwanted file: PROKKA_02182023/PROKKA_02182023.IS.tmp.1.blast
[01:01:52] There are still 1978 unannotated CDS left (started with 2004)
[01:01:52] Will use blast to search against /prokka-1.14.6/db/kingdom/Bacteria/AMR with 8 CPUs
[01:01:52] Running: cat PROKKA_02182023\/PROKKA_02182023\.AMR\.tmp\.1\.faa | parallel --gnu --plain -j 8 --block 37099 --recstart '>' --pipe blastp -query - -db /prokka-1.14.6/db/kingdom/Bacteria/AMR -evalue 9.99999999999999e-301 -qcov_hsp_perc 90 -num_threads 1 -num_descriptions 1 -num_alignments 1 -seg no > PROKKA_02182023\/PROKKA_02182023\.AMR\.tmp\.1\.blast 2> /dev/null
[01:01:56] Deleting unwanted file: PROKKA_02182023/PROKKA_02182023.AMR.tmp.1.faa
[01:01:56] Deleting unwanted file: PROKKA_02182023/PROKKA_02182023.AMR.tmp.1.blast
[01:01:56] There are still 1976 unannotated CDS left (started with 2004)
[01:01:56] Will use blast to search against /prokka-1.14.6/db/kingdom/Bacteria/sprot with 8 CPUs
[01:01:56] Running: cat PROKKA_02182023\/PROKKA_02182023\.sprot\.tmp\.1\.faa | parallel --gnu --plain -j 8 --block 37027 --recstart '>' --pipe blastp -query - -db /prokka-1.14.6/db/kingdom/Bacteria/sprot -evalue 1e-09 -qcov_hsp_perc 80 -num_threads 1 -num_descriptions 1 -num_alignments 1 -seg no > PROKKA_02182023\/PROKKA_02182023\.sprot\.tmp\.1\.blast 2> /dev/null
[01:02:12] Modify product: Uncharacterized oxidoreductase SA2266 => putative oxidoreductase
[01:02:12] Modify product: UPF0340 protein YwlG => hypothetical protein
[01:02:12] Modify product: Uncharacterized response regulatory protein SACOL0201 => putative response regulatory protein
[01:02:12] Modify product: Uncharacterized RNA methyltransferase SP_1029 => putative RNA methyltransferase
[01:02:12] Modify product: GTP cyclohydrolase 1 type 2 homolog => GTP cyclohydrolase 1 type 2 
[01:02:12] Modify product: Probable ATP-dependent RNA helicase YfmL => putative ATP-dependent RNA helicase YfmL
[01:02:12] Modify product: UPF0291 protein SP_1473 => hypothetical protein
[01:02:12] Modify product: Probable NADH oxidase => putative NADH oxidase
[01:02:12] Modify product: UPF0073 inner membrane protein YqfA => hypothetical protein
[01:02:12] Modify product: Probable amino-acid permease protein YxeN => putative amino-acid permease protein YxeN
[01:02:12] Modify product: Uncharacterized inner membrane transporter YicL => putative inner membrane transporter YicL
[01:02:12] Modify product: UPF0223 protein BH2638 => hypothetical protein
[01:02:12] Modify product: Phosphate-specific transport system accessory protein PhoU homolog => Phosphate-specific transport system accessory protein PhoU 
[01:02:12] Modify product: UPF0342 protein SP_1372 => hypothetical protein
[01:02:12] Modify product: UPF0397 protein SP_0482 => hypothetical protein
[01:02:12] Modify product: Probable DNA-directed RNA polymerase subunit delta => putative DNA-directed RNA polymerase subunit delta
[01:02:12] Modify product: Multidrug efflux system ATP-binding protein Rv1218c => Multidrug efflux system ATP-binding protein
[01:02:12] Modify product: Uncharacterized protein YhaP => putative protein YhaP
[01:02:12] Modify product: Uncharacterized oxidoreductase YjhC => putative oxidoreductase YjhC
[01:02:12] Modify product: Uncharacterized HTH-type transcriptional regulator YbbH => putative HTH-type transcriptional regulator YbbH
[01:02:12] Modify product: Uncharacterized ABC transporter ATP-binding protein Rv0986 => putative ABC transporter ATP-binding protein
[01:02:12] Modify product: Probable metallo-hydrolase M6_Spy0554 => putative metallo-hydrolase
[01:02:12] Modify product: Probable ATP-dependent Clp protease ATP-binding subunit => putative ATP-dependent Clp protease ATP-binding subunit
[01:02:12] Modify product: UPF0371 protein DIP2346 => hypothetical protein
[01:02:12] Modify product: Probable capsular polysaccharide biosynthesis protein YwqC => putative capsular polysaccharide biosynthesis protein YwqC
[01:02:13] Modify product: Uncharacterized sugar transferase EpsL => putative sugar transferase EpsL
[01:02:13] Modify product: UPF0398 protein SP_0371 => hypothetical protein
[01:02:13] Modify product: Uncharacterized protein Spy1535 => putative protein
[01:02:13] Modify product: Uncharacterized protein Spy1614 => putative protein
[01:02:13] Modify product: Uncharacterized protein SA1069 => putative protein
[01:02:13] Modify product: Uncharacterized HTH-type transcriptional regulator SACOL2360 => putative HTH-type transcriptional regulator
[01:02:13] Modify product: Probable murein peptide carboxypeptidase => putative murein peptide carboxypeptidase
[01:02:13] Modify product: UPF0297 protein SP_0192 => hypothetical protein
[01:02:13] Modify product: UPF0473 protein SP_0194 => hypothetical protein
[01:02:13] Modify product: UPF0237 protein SP_0238 => hypothetical protein
[01:02:13] Modify product: UPF0210 protein SP_0239 => hypothetical protein
[01:02:13] Modify product: Putative zinc metalloprotease SA1105 => Putative zinc metalloprotease
[01:02:13] Modify product: Glutathione peroxidase homolog BsaA => Glutathione peroxidase BsaA
[01:02:13] Modify product: Putative trans-acting regulator SP_1800 => Putative trans-acting regulator
[01:02:13] Modify product: Uncharacterized multiple-sugar transport system permease YteP => putative multiple-sugar transport system permease YteP
[01:02:13] Modify product: Uncharacterized AAA domain-containing protein Rv2559c => putative AAA domain-containing protein
[01:02:13] Modify product: Uncharacterized MscS family protein YkuT => putative MscS family protein YkuT
[01:02:13] Modify product: Uncharacterized protein YqeH => putative protein YqeH
[01:02:13] Modify product: Nucleoid-associated protein SP_1102 => Nucleoid-associated protein
[01:02:13] Modify product: DegV domain-containing protein SP_1112 => DegV domain-containing protein
[01:02:13] Modify product: Probable transcription repressor NiaR => putative transcription repressor NiaR
[01:02:13] Modify product: Uncharacterized ABC transporter ATP-binding protein YheS => putative ABC transporter ATP-binding protein YheS
[01:02:13] Modify product: Protease HtpX homolog => Protease HtpX 
[01:02:13] Modify product: UPF0122 protein SP_1288 => hypothetical protein
[01:02:13] Modify product: Putative phosphatase M6_Spy0533 => Putative phosphatase
[01:02:13] Modify product: Probable bifunctional oligoribonuclease and PAP phosphatase NrnA => putative bifunctional oligoribonuclease and PAP phosphatase NrnA
[01:02:13] Modify product: Probable copper-transporting ATPase PacS => putative copper-transporting ATPase PacS
[01:02:13] Modify product: Probable glutamine ABC transporter permease protein GlnM => putative glutamine ABC transporter permease protein GlnM
[01:02:13] Modify product: Uncharacterized ABC transporter ATP-binding protein Rv1273c => putative ABC transporter ATP-binding protein
[01:02:13] Modify product: Putative transport protein Rv0205 => Putative transport protein
[01:02:13] Modify product: Probable manganese-dependent inorganic pyrophosphatase => putative manganese-dependent inorganic pyrophosphatase
[01:02:13] Modify product: UPF0213 protein SP_1535 => hypothetical protein
[01:02:13] Modify product: DegV domain-containing protein spr1415 => DegV domain-containing protein
[01:02:13] Modify product: Probable cell division protein WhiA => putative cell division protein WhiA
[01:02:13] Modify product: Probable GTP-binding protein EngB => putative GTP-binding protein EngB
[01:02:13] Modify product: Uncharacterized MFS-type transporter YhjX => putative MFS-type transporter YhjX
[01:02:13] Modify product: Probable pyridine nucleotide-disulfide oxidoreductase RclA => putative pyridine nucleotide-disulfide oxidoreductase RclA
[01:02:13] Modify product: Uncharacterized ABC transporter ATP-binding protein YbiT => putative ABC transporter ATP-binding protein YbiT
[01:02:13] Modify product: Probable peptidoglycan glycosyltransferase FtsW => putative peptidoglycan glycosyltransferase FtsW
[01:02:13] Modify product: Uncharacterized protein SP_1052 => putative protein
[01:02:13] Modify product: Putative lipid kinase SP_1045 => Putative lipid kinase
[01:02:13] Modify product: Probable siderophore transport system permease protein YfhA => putative siderophore transport system permease protein YfhA
[01:02:13] Modify product: Uncharacterized RNA methyltransferase SP_1029 => putative RNA methyltransferase
[01:02:13] Modify product: Uncharacterized ABC transporter ATP-binding protein YknY => putative ABC transporter ATP-binding protein YknY
[01:02:13] Modify product: UPF0053 protein HI_0107 => hypothetical protein
[01:02:13] Modify product: Uncharacterized protein YlbL => putative protein YlbL
[01:02:13] Modify product: Uncharacterized ABC transporter ATP-binding protein YknY => putative ABC transporter ATP-binding protein YknY
[01:02:13] Modify product: Uncharacterized metal-dependent hydrolase YcfH => putative metal-dependent hydrolase YcfH
[01:02:13] Modify product: Putative universal stress protein SA1532 => Putative universal stress protein
[01:02:13] Modify product: Probable glycerol uptake facilitator protein => putative glycerol uptake facilitator protein
[01:02:13] Modify product: Putative dipeptidase SA1572 => Putative dipeptidase
[01:02:13] Modify product: Probable multidrug resistance ABC transporter ATP-binding/permease protein YheH => putative multidrug resistance ABC transporter ATP-binding/permease protein YheH
[01:02:13] Modify product: Probable multidrug resistance ABC transporter ATP-binding/permease protein YheI => putative multidrug resistance ABC transporter ATP-binding/permease protein YheI
[01:02:13] Modify product: Tyrosine recombinase XerD-like => Tyrosine recombinase XerD-like protein
[01:02:13] Modify product: UPF0346 protein SP_0947 => hypothetical protein
[01:02:13] Modify product: Acetyltransferase PA3944 => Acetyltransferase
[01:02:13] Modify product: Rqc2 homolog RqcH => Rqc2 RqcH
[01:02:13] Modify product: Probable protein-export membrane protein SecG => putative protein-export membrane protein SecG
[01:02:13] Modify product: Probable S-adenosyl-L-methionine-dependent methyltransferase TehB => putative S-adenosyl-L-methionine-dependent methyltransferase TehB
[01:02:13] Modify product: Uncharacterized protein Spy1595 => putative protein
[01:02:13] Modify product: Uncharacterized amino acid permease YhdG => putative amino acid permease YhdG
[01:02:13] Modify product: UPF0324 inner membrane protein YeiH => hypothetical protein
[01:02:13] Modify product: Probable N-acetyl-LL-diaminopimelate aminotransferase => putative N-acetyl-LL-diaminopimelate aminotransferase
[01:02:13] Modify product: Probable ABC transporter ATP-binding/permease protein HI_0664 => putative ABC transporter ATP-binding/permease protein
[01:02:13] Modify product: Probable nicotinate-nucleotide pyrophosphorylase [carboxylating] => putative nicotinate-nucleotide pyrophosphorylase [carboxylating]
[01:02:13] Modify product: Probable L-ascorbate-6-phosphate lactonase UlaG => putative L-ascorbate-6-phosphate lactonase UlaG
[01:02:13] Modify product: Probable licABCH operon regulator => putative licABCH operon regulator
[01:02:13] Modify product: Probable FMN/FAD exporter YeeO => putative FMN/FAD exporter YeeO
[01:02:13] Modify product: Probable riboflavin import permease protein RfuC => putative riboflavin import permease protein RfuC
[01:02:13] Modify product: Bifunctional protein FolD => Bifunctional protein FolD protein
[01:02:13] Modify product: Uncharacterized inner membrane transporter YicL => putative inner membrane transporter YicL
[01:02:13] Modify product: Uncharacterized protein YqgN => putative protein YqgN
[01:02:13] Modify product: Phosphate-specific transport system accessory protein PhoU homolog => Phosphate-specific transport system accessory protein PhoU 
[01:02:13] Modify product: Probable ribosomal protein YlxQ => putative ribosomal protein YlxQ
[01:02:13] Modify product: Probable type I restriction enzyme BthVORF4518P M protein => putative type I restriction enzymeP M protein
[01:02:13] Modify product: Uncharacterized ABC transporter ATP-binding protein YbiT => putative ABC transporter ATP-binding protein YbiT
[01:02:13] Modify product: Probable dual-specificity RNA methyltransferase RlmN => putative dual-specificity RNA methyltransferase RlmN
[01:02:13] Modify product: Uncharacterized protein YqeN => putative protein YqeN
[01:02:13] Modify product: Probable dihydroorotate dehydrogenase A (fumarate) => putative dihydroorotate dehydrogenase A (fumarate)
[01:02:13] Modify product: DegV domain-containing protein spr0652 => DegV domain-containing protein
[01:02:13] Modify product: Uncharacterized protein HI_0933 => putative protein
[01:02:13] Modify product: Uncharacterized ABC transporter ATP-binding protein Rv0986 => putative ABC transporter ATP-binding protein
[01:02:13] Modify product: Probable glutamine ABC transporter permease protein GlnP => putative glutamine ABC transporter permease protein GlnP
[01:02:13] Modify product: Probable glutamine ABC transporter permease protein GlnM => putative glutamine ABC transporter permease protein GlnM
[01:02:13] Modify product: Putative NAD(P)H nitroreductase Spy0809 => Putative NAD(P)H nitroreductase
[01:02:13] Modify product: Uncharacterized protein YbbA => putative protein YbbA
[01:02:13] Modify product: Probable tRNA sulfurtransferase => putative tRNA sulfurtransferase
[01:02:13] Modify product: UPF0051 protein SA0778 => hypothetical protein
[01:02:13] Modify product: UPF0051 protein SA0778 => hypothetical protein
[01:02:13] Modify product: Probable ABC transporter ATP-binding protein M6_Spy0273 => putative ABC transporter ATP-binding protein
[01:02:13] Modify product: Uncharacterized protein YpjQ => putative protein YpjQ
[01:02:13] Modify product: Uncharacterized ABC transporter ATP-binding protein TM_0288 => putative ABC transporter ATP-binding protein
[01:02:13] Modify product: Uncharacterized ABC transporter ATP-binding protein Rv1273c => putative ABC transporter ATP-binding protein
[01:02:13] Modify product: Probable transcriptional regulatory protein YeeN => putative transcriptional regulatory protein YeeN
[01:02:13] Modify product: UPF0356 protein SP_0122 => hypothetical protein
[01:02:13] Modify product: Uncharacterized protein YccU => putative protein YccU
[01:02:13] Modify product: Uncharacterized multiple-sugar transport system permease YteP => putative multiple-sugar transport system permease YteP
[01:02:13] Modify product: UPF0176 protein SP_0095 => hypothetical protein
[01:02:13] Modify product: Uncharacterized transporter YycB => putative transporter YycB
[01:02:13] Modify product: Uncharacterized ABC transporter ATP-binding protein YknY => putative ABC transporter ATP-binding protein YknY
[01:02:13] Modify product: Uncharacterized ABC transporter permease YknZ => putative ABC transporter permease YknZ
[01:02:13] Modify product: Uncharacterized ABC transporter ATP-binding protein Rv1273c => putative ABC transporter ATP-binding protein
[01:02:13] Modify product: Uncharacterized ABC transporter ATP-binding protein TM_0288 => putative ABC transporter ATP-binding protein
[01:02:13] Modify product: Putative glutamine amidotransferase Rv2859c => Putative glutamine amidotransferase
[01:02:13] Modify product: UPF0758 protein SP_1088 => hypothetical protein
[01:02:13] Modify product: Putative glutamine amidotransferase Rv2859c => Putative glutamine amidotransferase
[01:02:13] Modify product: UPF0374 protein SP_1903 => hypothetical protein
[01:02:13] Cleaned 132 /product names
[01:02:13] Deleting unwanted file: PROKKA_02182023/PROKKA_02182023.sprot.tmp.1.faa
[01:02:13] Deleting unwanted file: PROKKA_02182023/PROKKA_02182023.sprot.tmp.1.blast
[01:02:14] There are still 845 unannotated CDS left (started with 2004)
[01:02:14] Will use hmmer3 to search against /prokka-1.14.6/db/hmm/HAMAP.hmm with 8 CPUs
[01:02:14] Running: cat PROKKA_02182023\/PROKKA_02182023\.HAMAP\.hmm\.tmp\.1\.faa | parallel --gnu --plain -j 8 --block 13125 --recstart '>' --pipe hmmscan --noali --notextw --acc -E 1e-09 --cpu 1 /prokka-1.14.6/db/hmm/HAMAP.hmm /dev/stdin > PROKKA_02182023\/PROKKA_02182023\.HAMAP\.hmm\.tmp\.1\.hmmer3 2> /dev/null
[01:02:31] Modify product: Protein SprT-like => Protein SprT-like protein
[01:02:31] Cleaned 1 /product names
[01:02:31] Deleting unwanted file: PROKKA_02182023/PROKKA_02182023.HAMAP.hmm.tmp.1.faa
[01:02:31] Deleting unwanted file: PROKKA_02182023/PROKKA_02182023.HAMAP.hmm.tmp.1.hmmer3
[01:02:31] Labelling remaining 765 proteins as 'hypothetical protein'
[01:02:31] Possible /pseudo 'IS630 family transposase IS630-Spn1' at NODE_1_length_168466_cov_128.856702 position 153507
[01:02:31] Possible /pseudo 'Undecaprenyl-phosphate 4-deoxy-4-formamido-L-arabinose transferase' at NODE_1_length_168466_cov_128.856702 position 163698
[01:02:31] Possible /pseudo 'putative protein' at NODE_2_length_121678_cov_118.222828 position 73924
[01:02:31] Possible /pseudo 'Phosphate import ATP-binding protein PstB 3' at NODE_4_length_114551_cov_94.536735 position 71364
[01:02:31] Possible /pseudo 'Multidrug resistance ABC transporter ATP-binding and permease protein' at NODE_5_length_104680_cov_98.900798 position 35378
[01:02:31] Possible /pseudo 'IS5 family transposase ISSpn7' at NODE_6_length_98375_cov_88.734113 position 391
[01:02:31] Possible /pseudo 'O-acetyl-L-homoserine sulfhydrylase' at NODE_6_length_98375_cov_88.734113 position 14562
[01:02:31] Possible /pseudo 'Coenzyme A biosynthesis bifunctional protein CoaBC' at NODE_6_length_98375_cov_88.734113 position 33620
[01:02:31] Possible /pseudo '2-isopropylmalate synthase' at NODE_6_length_98375_cov_88.734113 position 60521
[01:02:31] Possible /pseudo 'Putative fluoride ion transporter CrcB' at NODE_6_length_98375_cov_88.734113 position 95374
[01:02:31] Possible /pseudo 'Thiamine-phosphate synthase' at NODE_7_length_77678_cov_104.427670 position 7305
[01:02:31] Possible /pseudo 'PqqA peptide cyclase' at NODE_8_length_72531_cov_86.755036 position 58328
[01:02:31] Possible /pseudo 'Serine/threonine transporter SstT' at NODE_9_length_69886_cov_110.684152 position 46174
[01:02:31] Possible /pseudo 'IS3 family transposase ISSpn11' at NODE_20_length_38256_cov_97.412031 position 12853
[01:02:31] Possible /pseudo 'High-affinity branched-chain amino acid transport system permease protein LivH' at NODE_23_length_32838_cov_114.816338 position 19607
[01:02:31] Found 992 unique /gene codes.
[01:02:31] Fixed 3 duplicate /gene - lytA_1 lytA_2 lytA_3
[01:02:31] Fixed 2 duplicate /gene - rsuA_1 rsuA_2
[01:02:31] Fixed 2 duplicate /gene - araQ_1 araQ_2
[01:02:31] Fixed 2 duplicate /gene - lmrA_1 lmrA_2
[01:02:31] Fixed 3 duplicate /gene - lagD_1 lagD_2 lagD_3
[01:02:31] Fixed 2 duplicate /gene - gmuD_1 gmuD_2
[01:02:31] Fixed 2 duplicate /gene - sstT_1 sstT_2
[01:02:31] Fixed 2 duplicate /gene - ptsG_1 ptsG_2
[01:02:31] Fixed 2 duplicate /gene - spxA_1 spxA_2
[01:02:31] Fixed 2 duplicate /gene - licA_1 licA_2
[01:02:31] Fixed 2 duplicate /gene - murA1_1 murA1_2
[01:02:31] Fixed 3 duplicate /gene - sasA_1 sasA_2 sasA_3
[01:02:31] Fixed 2 duplicate /gene - dinG_1 dinG_2
[01:02:31] Fixed 2 duplicate /gene - yteP_1 yteP_2
[01:02:31] Fixed 2 duplicate /gene - tadA_1 tadA_2
[01:02:31] Fixed 2 duplicate /gene - lytB_1 lytB_2
[01:02:31] Fixed 2 duplicate /gene - galK_1 galK_2
[01:02:31] Fixed 5 duplicate /gene - glnQ_1 glnQ_2 glnQ_3 glnQ_4 glnQ_5
[01:02:31] Fixed 3 duplicate /gene - pstB3_1 pstB3_2 pstB3_3
[01:02:31] Fixed 2 duplicate /gene - lacC_1 lacC_2
[01:02:31] Fixed 2 duplicate /gene - levE_1 levE_2
[01:02:31] Fixed 2 duplicate /gene - sorC_1 sorC_2
[01:02:31] Fixed 2 duplicate /gene - srlR_1 srlR_2
[01:02:31] Fixed 3 duplicate /gene - gph_1 gph_2 gph_3
[01:02:31] Fixed 2 duplicate /gene - ecsA_1 ecsA_2
[01:02:31] Fixed 2 duplicate /gene - resA_1 resA_2
[01:02:31] Fixed 2 duplicate /gene - agaA_1 agaA_2
[01:02:31] Fixed 2 duplicate /gene - lacE_1 lacE_2
[01:02:31] Fixed 2 duplicate /gene - potA_1 potA_2
[01:02:31] Fixed 2 duplicate /gene - iscS_1 iscS_2
[01:02:31] Fixed 2 duplicate /gene - ybiT_1 ybiT_2
[01:02:31] Fixed 2 duplicate /gene - phoU_1 phoU_2
[01:02:31] Fixed 2 duplicate /gene - yicL_1 yicL_2
[01:02:31] Fixed 2 duplicate /gene - glnH_1 glnH_2
[01:02:31] Fixed 2 duplicate /gene - leuA_1 leuA_2
[01:02:31] Fixed 2 duplicate /gene - licT_1 licT_2
[01:02:31] Fixed 2 duplicate /gene - ettA_1 ettA_2
[01:02:31] Fixed 2 duplicate /gene - fpgS_1 fpgS_2
[01:02:31] Fixed 2 duplicate /gene - yxdL_1 yxdL_2
[01:02:31] Fixed 2 duplicate /gene - msbA_1 msbA_2
[01:02:31] Fixed 3 duplicate /gene - nanA_1 nanA_2 nanA_3
[01:02:31] Fixed 2 duplicate /gene - ccpA_1 ccpA_2
[01:02:31] Fixed 2 duplicate /gene - agrA_1 agrA_2
[01:02:31] Fixed 2 duplicate /gene - IMPDH_1 IMPDH_2
[01:02:31] Fixed 3 duplicate /gene - argR_1 argR_2 argR_3
[01:02:31] Fixed 2 duplicate /gene - arlR_1 arlR_2
[01:02:31] Fixed 6 duplicate /gene - btuD_1 btuD_2 btuD_3 btuD_4 btuD_5 btuD_6
[01:02:31] Fixed 3 duplicate /gene - bcrA_1 bcrA_2 bcrA_3
[01:02:31] Fixed 2 duplicate /gene - livH_1 livH_2
[01:02:31] Fixed 2 duplicate /gene - mshD_1 mshD_2
[01:02:31] Fixed 2 duplicate /gene - clpC_1 clpC_2
[01:02:31] Fixed 3 duplicate /gene - thiE_1 thiE_2 thiE_3
[01:02:31] Fixed 3 duplicate /gene - yknY_1 yknY_2 yknY_3
[01:02:31] Fixed 2 duplicate /gene - glnM_1 glnM_2
[01:02:31] Fixed 2 duplicate /gene - lcnD_1 lcnD_2
[01:02:31] Fixed 3 duplicate /gene - sarA_1 sarA_2 sarA_3
[01:02:31] Fixed 2 duplicate /gene - lacR_1 lacR_2
[01:02:31] Fixed 2 duplicate /gene - ulaA_1 ulaA_2
[01:02:31] Fixed 2 duplicate /gene - cysA_1 cysA_2
[01:02:31] Fixed 2 duplicate /gene - pcp_1 pcp_2
[01:02:31] Fixed 2 duplicate /gene - ald_1 ald_2
[01:02:31] Fixed 2 duplicate /gene - cdd_1 cdd_2
[01:02:31] Fixed 3 duplicate /gene - licC_1 licC_2 licC_3
[01:02:31] Fixed 2 duplicate /gene - oppC_1 oppC_2
[01:02:31] Fixed 2 duplicate /gene - thiM_1 thiM_2
[01:02:31] Fixed 2 duplicate /gene - pepA_1 pepA_2
[01:02:31] Fixed 3 duplicate /gene - arnC_1 arnC_2 arnC_3
[01:02:31] Fixed 2 duplicate /gene - gtfA_1 gtfA_2
[01:02:31] Fixed 2 duplicate /gene - glgX_1 glgX_2
[01:02:31] Fixed 2 duplicate /gene - bglK_1 bglK_2
[01:02:31] Fixed 2 duplicate /gene - def_1 def_2
[01:02:31] Fixed 2 duplicate /gene - dsbD_1 dsbD_2
[01:02:31] Fixed 2 duplicate /gene - rluD_1 rluD_2
[01:02:31] Fixed 2 duplicate /gene - deoD_1 deoD_2
[01:02:31] Fixed 2 duplicate /gene - fruA_1 fruA_2
[01:02:31] Fixed 2 duplicate /gene - yidA_1 yidA_2
[01:02:31] Fixed 2 duplicate /gene - udk_1 udk_2
[01:02:31] Fixed 3 duplicate /gene - xerC_1 xerC_2 xerC_3
[01:02:31] Fixed 2 duplicate /gene - tagU_1 tagU_2
[01:02:31] Fixed 2 duplicate /gene - gatC_1 gatC_2
[01:02:31] Fixed 2 duplicate /gene - pqqE_1 pqqE_2
[01:02:31] Fixed 2 duplicate /gene - pepF1_1 pepF1_2
[01:02:31] Fixed 2 duplicate /gene - pezT_1 pezT_2
[01:02:31] Fixed 2 duplicate /gene - pezA_1 pezA_2
[01:02:31] Fixed 2 duplicate /gene - lacF_1 lacF_2
[01:02:31] Fixed 3 duplicate /gene - COQ5_1 COQ5_2 COQ5_3
[01:02:31] Fixed 2 duplicate /gene - msmX_1 msmX_2
[01:02:31] Fixed 2 duplicate /gene - ruvB_1 ruvB_2
[01:02:31] Fixed 3 duplicate /gene - ykoD_1 ykoD_2 ykoD_3
[01:02:31] Fixed 2 duplicate /gene - gpmA_1 gpmA_2
[01:02:31] Fixed 2 duplicate /gene - cutC_1 cutC_2
[01:02:31] Fixed 2 duplicate /gene - tkt_1 tkt_2
[01:02:31] Fixed 3 duplicate /gene - manX_1 manX_2 manX_3
[01:02:31] Fixed 2 duplicate /gene - tenA_1 tenA_2
[01:02:31] Fixed 2 duplicate /gene - nanE_1 nanE_2
[01:02:31] Fixed 2 duplicate /gene - smc_1 smc_2
[01:02:31] Fixed 4 duplicate /gene - manZ_1 manZ_2 manZ_3 manZ_4
[01:02:31] Fixed 2 duplicate /gene - crcB_1 crcB_2
[01:02:31] Fixed 2 duplicate /gene - ecfT_1 ecfT_2
[01:02:31] Fixed 2 duplicate /gene - coaBC_1 coaBC_2
[01:02:31] Fixed 2 duplicate /gene - ssb_1 ssb_2
[01:02:31] Fixed 101 colliding /gene names.
[01:02:31] Adding /locus_tag identifiers
[01:02:31] Assigned 2041 locus_tags to CDS and RNA features.
[01:02:31] Writing outputs to PROKKA_02182023/
[01:02:31] Generating annotation statistics file
[01:02:31] Generating Genbank and Sequin files
[01:02:31] Running: tbl2asn -V b -a r10k -l paired-ends -M n -N 1 -y 'Annotated using prokka 1.14.6 from https://github.com/tseemann/prokka' -Z PROKKA_02182023\/PROKKA_02182023\.err -i PROKKA_02182023\/PROKKA_02182023\.fsa 2> /dev/null
[01:02:34] Deleting unwanted file: PROKKA_02182023/errorsummary.val
[01:02:34] Deleting unwanted file: PROKKA_02182023/PROKKA_02182023.dr
[01:02:34] Deleting unwanted file: PROKKA_02182023/PROKKA_02182023.fixedproducts
[01:02:34] Deleting unwanted file: PROKKA_02182023/PROKKA_02182023.ecn
[01:02:34] Deleting unwanted file: PROKKA_02182023/PROKKA_02182023.val
[01:02:34] Repairing broken .GBK output that tbl2asn produces...
[01:02:34] Running: sed 's/COORDINATES: profile/COORDINATES:profile/' < PROKKA_02182023\/PROKKA_02182023\.gbf > PROKKA_02182023\/PROKKA_02182023\.gbk
[01:02:34] Deleting unwanted file: PROKKA_02182023/PROKKA_02182023.gbf
[01:02:34] Output files:
[01:02:34] PROKKA_02182023/PROKKA_02182023.gbk
[01:02:34] PROKKA_02182023/PROKKA_02182023.err
[01:02:34] PROKKA_02182023/PROKKA_02182023.faa
[01:02:34] PROKKA_02182023/PROKKA_02182023.log
[01:02:34] PROKKA_02182023/PROKKA_02182023.txt
[01:02:34] PROKKA_02182023/PROKKA_02182023.sqn
[01:02:34] PROKKA_02182023/PROKKA_02182023.gff
[01:02:34] PROKKA_02182023/PROKKA_02182023.tbl
[01:02:34] PROKKA_02182023/PROKKA_02182023.fna
[01:02:34] PROKKA_02182023/PROKKA_02182023.ffn
[01:02:34] PROKKA_02182023/PROKKA_02182023.tsv
[01:02:34] PROKKA_02182023/PROKKA_02182023.fsa
[01:02:34] Annotation finished successfully.
[01:02:34] Walltime used: 0.85 minutes
[01:02:34] If you use this result please cite the Prokka paper:
[01:02:34] Seemann T (2014) Prokka: rapid prokaryotic genome annotation. Bioinformatics. 30(14):2068-9.
[01:02:34] Type 'prokka --citation' for more details.
[01:02:34] Share and enjoy!
