[bwa_index] Pack FASTA... 0.01 sec
[bwa_index] Construct BWT for the packed sequence...
[bwa_index] 0.88 seconds elapse.
[bwa_index] Update BWT... 0.02 sec
[bwa_index] Pack forward-only FASTA... 0.01 sec
[bwa_index] Construct SA from BWT and Occ... 0.16 sec
[main] Version: 0.7.15-r1140
[main] CMD: /usr/local/lib/python2.7/dist-packages/quast-5.0.2-py2.7.egg/quast_libs/bwa/bwa index -p /data/ERR2090274_quast_output/quast_corrected_input/ERR2090274_contigs.fasta /data/ERR2090274_quast_output/quast_corrected_input/ERR2090274_contigs.fasta
[main] Real time: 1.097 sec; CPU: 1.088 sec
[M::bwa_idx_load_from_disk] read 0 ALT contigs
[M::process] read 160000 sequences (20000000 bp)...
[M::process] read 160000 sequences (20000000 bp)...
[M::mem_pestat] # candidate unique pairs for (FF, FR, RF, RR): (1, 76000, 1, 1)
[M::mem_pestat] skip orientation FF as there are not enough pairs
[M::mem_pestat] analyzing insert size distribution for orientation FR...
[M::mem_pestat] (25, 50, 75) percentile: (378, 447, 530)
[M::mem_pestat] low and high boundaries for computing mean and std.dev: (74, 834)
[M::mem_pestat] mean and std.dev: (458.86, 113.35)
[M::mem_pestat] low and high boundaries for proper pairs: (1, 986)
[M::mem_pestat] skip orientation RF as there are not enough pairs
[M::mem_pestat] skip orientation RR as there are not enough pairs
[M::mem_process_seqs] Processed 160000 reads in 4.737 CPU sec, 2.288 real sec
[M::process] read 160000 sequences (20000000 bp)...
[M::mem_pestat] # candidate unique pairs for (FF, FR, RF, RR): (1, 73516, 332, 1)
[M::mem_pestat] skip orientation FF as there are not enough pairs
[M::mem_pestat] analyzing insert size distribution for orientation FR...
[M::mem_pestat] (25, 50, 75) percentile: (375, 446, 529)
[M::mem_pestat] low and high boundaries for computing mean and std.dev: (67, 837)
[M::mem_pestat] mean and std.dev: (456.88, 116.94)
[M::mem_pestat] low and high boundaries for proper pairs: (1, 991)
[M::mem_pestat] analyzing insert size distribution for orientation RF...
[M::mem_pestat] (25, 50, 75) percentile: (24, 50, 81)
[M::mem_pestat] low and high boundaries for computing mean and std.dev: (1, 195)
[M::mem_pestat] mean and std.dev: (55.36, 38.90)
[M::mem_pestat] low and high boundaries for proper pairs: (1, 252)
[M::mem_pestat] skip orientation RR as there are not enough pairs
[M::mem_pestat] skip orientation RF
[M::mem_process_seqs] Processed 160000 reads in 4.633 CPU sec, 2.152 real sec
[M::process] read 160000 sequences (20000000 bp)...
[M::mem_pestat] # candidate unique pairs for (FF, FR, RF, RR): (1, 79377, 2, 1)
[M::mem_pestat] skip orientation FF as there are not enough pairs
[M::mem_pestat] analyzing insert size distribution for orientation FR...
[M::mem_pestat] (25, 50, 75) percentile: (380, 449, 533)
[M::mem_pestat] low and high boundaries for computing mean and std.dev: (74, 839)
[M::mem_pestat] mean and std.dev: (461.15, 114.29)
[M::mem_pestat] low and high boundaries for proper pairs: (1, 992)
[M::mem_pestat] skip orientation RF as there are not enough pairs
[M::mem_pestat] skip orientation RR as there are not enough pairs
[M::mem_process_seqs] Processed 160000 reads in 4.354 CPU sec, 2.010 real sec
[M::process] read 160000 sequences (20000000 bp)...
[M::mem_pestat] # candidate unique pairs for (FF, FR, RF, RR): (0, 79596, 2, 0)
[M::mem_pestat] skip orientation FF as there are not enough pairs
[M::mem_pestat] analyzing insert size distribution for orientation FR...
[M::mem_pestat] (25, 50, 75) percentile: (379, 449, 532)
[M::mem_pestat] low and high boundaries for computing mean and std.dev: (73, 838)
[M::mem_pestat] mean and std.dev: (460.99, 114.24)
[M::mem_pestat] low and high boundaries for proper pairs: (1, 991)
[M::mem_pestat] skip orientation RF as there are not enough pairs
[M::mem_pestat] skip orientation RR as there are not enough pairs
[M::mem_process_seqs] Processed 160000 reads in 4.003 CPU sec, 1.838 real sec
[M::process] read 160000 sequences (20000000 bp)...
[M::mem_pestat] # candidate unique pairs for (FF, FR, RF, RR): (0, 76937, 1, 0)
[M::mem_pestat] skip orientation FF as there are not enough pairs
[M::mem_pestat] analyzing insert size distribution for orientation FR...
[M::mem_pestat] (25, 50, 75) percentile: (380, 448, 531)
[M::mem_pestat] low and high boundaries for computing mean and std.dev: (78, 833)
[M::mem_pestat] mean and std.dev: (460.74, 113.41)
[M::mem_pestat] low and high boundaries for proper pairs: (1, 984)
[M::mem_pestat] skip orientation RF as there are not enough pairs
[M::mem_pestat] skip orientation RR as there are not enough pairs
[M::mem_process_seqs] Processed 160000 reads in 4.378 CPU sec, 2.042 real sec
[M::process] read 160000 sequences (20000000 bp)...
[M::mem_pestat] # candidate unique pairs for (FF, FR, RF, RR): (59, 76835, 0, 48)
[M::mem_pestat] analyzing insert size distribution for orientation FF...
[M::mem_pestat] (25, 50, 75) percentile: (853, 972, 1242)
[M::mem_pestat] low and high boundaries for computing mean and std.dev: (75, 2020)
[M::mem_pestat] mean and std.dev: (1030.41, 230.62)
[M::mem_pestat] low and high boundaries for proper pairs: (1, 2409)
[M::mem_pestat] analyzing insert size distribution for orientation FR...
[M::mem_pestat] (25, 50, 75) percentile: (379, 448, 533)
[M::mem_pestat] low and high boundaries for computing mean and std.dev: (71, 841)
[M::mem_pestat] mean and std.dev: (460.73, 115.00)
[M::mem_pestat] low and high boundaries for proper pairs: (1, 995)
[M::mem_pestat] skip orientation RF as there are not enough pairs
[M::mem_pestat] analyzing insert size distribution for orientation RR...
[M::mem_pestat] (25, 50, 75) percentile: (879, 1038, 1258)
[M::mem_pestat] low and high boundaries for computing mean and std.dev: (121, 2016)
[M::mem_pestat] mean and std.dev: (1052.19, 227.66)
[M::mem_pestat] low and high boundaries for proper pairs: (1, 2395)
[M::mem_pestat] skip orientation FF
[M::mem_pestat] skip orientation RR
[M::mem_process_seqs] Processed 160000 reads in 4.375 CPU sec, 2.027 real sec
[M::process] read 160000 sequences (20000000 bp)...
[M::mem_pestat] # candidate unique pairs for (FF, FR, RF, RR): (1, 76359, 0, 0)
[M::mem_pestat] skip orientation FF as there are not enough pairs
[M::mem_pestat] analyzing insert size distribution for orientation FR...
[M::mem_pestat] (25, 50, 75) percentile: (379, 448, 531)
[M::mem_pestat] low and high boundaries for computing mean and std.dev: (75, 835)
[M::mem_pestat] mean and std.dev: (460.01, 113.97)
[M::mem_pestat] low and high boundaries for proper pairs: (1, 987)
[M::mem_pestat] skip orientation RF as there are not enough pairs
[M::mem_pestat] skip orientation RR as there are not enough pairs
[M::mem_process_seqs] Processed 160000 reads in 4.904 CPU sec, 2.299 real sec
[M::process] read 160000 sequences (20000000 bp)...
[M::mem_pestat] # candidate unique pairs for (FF, FR, RF, RR): (2, 75605, 3, 0)
[M::mem_pestat] skip orientation FF as there are not enough pairs
[M::mem_pestat] analyzing insert size distribution for orientation FR...
[M::mem_pestat] (25, 50, 75) percentile: (379, 448, 533)
[M::mem_pestat] low and high boundaries for computing mean and std.dev: (71, 841)
[M::mem_pestat] mean and std.dev: (460.92, 115.04)
[M::mem_pestat] low and high boundaries for proper pairs: (1, 995)
[M::mem_pestat] skip orientation RF as there are not enough pairs
[M::mem_pestat] skip orientation RR as there are not enough pairs
[M::mem_process_seqs] Processed 160000 reads in 4.603 CPU sec, 2.169 real sec
[M::process] read 160000 sequences (20000000 bp)...
[M::mem_pestat] # candidate unique pairs for (FF, FR, RF, RR): (2, 76305, 0, 0)
[M::mem_pestat] skip orientation FF as there are not enough pairs
[M::mem_pestat] analyzing insert size distribution for orientation FR...
[M::mem_pestat] (25, 50, 75) percentile: (380, 448, 531)
[M::mem_pestat] low and high boundaries for computing mean and std.dev: (78, 833)
[M::mem_pestat] mean and std.dev: (460.40, 113.60)
[M::mem_pestat] low and high boundaries for proper pairs: (1, 984)
[M::mem_pestat] skip orientation RF as there are not enough pairs
[M::mem_pestat] skip orientation RR as there are not enough pairs
[M::mem_process_seqs] Processed 160000 reads in 4.583 CPU sec, 2.157 real sec
[M::process] read 160000 sequences (20000000 bp)...
[M::mem_pestat] # candidate unique pairs for (FF, FR, RF, RR): (1, 72940, 92, 0)
[M::mem_pestat] skip orientation FF as there are not enough pairs
[M::mem_pestat] analyzing insert size distribution for orientation FR...
[M::mem_pestat] (25, 50, 75) percentile: (379, 448, 531)
[M::mem_pestat] low and high boundaries for computing mean and std.dev: (75, 835)
[M::mem_pestat] mean and std.dev: (459.81, 113.74)
[M::mem_pestat] low and high boundaries for proper pairs: (1, 987)
[M::mem_pestat] analyzing insert size distribution for orientation RF...
[M::mem_pestat] (25, 50, 75) percentile: (2304, 2384, 2447)
[M::mem_pestat] low and high boundaries for computing mean and std.dev: (2018, 2733)
[M::mem_pestat] mean and std.dev: (2372.42, 105.62)
[M::mem_pestat] low and high boundaries for proper pairs: (1875, 2876)
[M::mem_pestat] skip orientation RR as there are not enough pairs
[M::mem_pestat] skip orientation RF
[M::mem_process_seqs] Processed 160000 reads in 4.957 CPU sec, 2.655 real sec
[M::process] read 160000 sequences (20000000 bp)...
[M::mem_pestat] # candidate unique pairs for (FF, FR, RF, RR): (0, 75220, 5, 0)
[M::mem_pestat] skip orientation FF as there are not enough pairs
[M::mem_pestat] analyzing insert size distribution for orientation FR...
[M::mem_pestat] (25, 50, 75) percentile: (379, 450, 533)
[M::mem_pestat] low and high boundaries for computing mean and std.dev: (71, 841)
[M::mem_pestat] mean and std.dev: (461.64, 115.28)
[M::mem_pestat] low and high boundaries for proper pairs: (1, 995)
[M::mem_pestat] skip orientation RF as there are not enough pairs
[M::mem_pestat] skip orientation RR as there are not enough pairs
[M::mem_process_seqs] Processed 160000 reads in 4.420 CPU sec, 2.057 real sec
[M::process] read 160000 sequences (20000000 bp)...
[M::mem_pestat] # candidate unique pairs for (FF, FR, RF, RR): (0, 76069, 1, 0)
[M::mem_pestat] skip orientation FF as there are not enough pairs
[M::mem_pestat] analyzing insert size distribution for orientation FR...
[M::mem_pestat] (25, 50, 75) percentile: (380, 450, 532)
[M::mem_pestat] low and high boundaries for computing mean and std.dev: (76, 836)
[M::mem_pestat] mean and std.dev: (461.18, 113.69)
[M::mem_pestat] low and high boundaries for proper pairs: (1, 988)
[M::mem_pestat] skip orientation RF as there are not enough pairs
[M::mem_pestat] skip orientation RR as there are not enough pairs
[M::mem_process_seqs] Processed 160000 reads in 4.293 CPU sec, 2.002 real sec
[M::process] read 160000 sequences (20000000 bp)...
[M::mem_pestat] # candidate unique pairs for (FF, FR, RF, RR): (0, 74737, 3, 0)
[M::mem_pestat] skip orientation FF as there are not enough pairs
[M::mem_pestat] analyzing insert size distribution for orientation FR...
[M::mem_pestat] (25, 50, 75) percentile: (379, 449, 532)
[M::mem_pestat] low and high boundaries for computing mean and std.dev: (73, 838)
[M::mem_pestat] mean and std.dev: (460.96, 114.36)
[M::mem_pestat] low and high boundaries for proper pairs: (1, 991)
[M::mem_pestat] skip orientation RF as there are not enough pairs
[M::mem_pestat] skip orientation RR as there are not enough pairs
[M::mem_process_seqs] Processed 160000 reads in 4.417 CPU sec, 2.065 real sec
[M::process] read 160000 sequences (20000000 bp)...
[M::mem_pestat] # candidate unique pairs for (FF, FR, RF, RR): (1, 77377, 1, 0)
[M::mem_pestat] skip orientation FF as there are not enough pairs
[M::mem_pestat] analyzing insert size distribution for orientation FR...
[M::mem_pestat] (25, 50, 75) percentile: (381, 450, 534)
[M::mem_pestat] low and high boundaries for computing mean and std.dev: (75, 840)
[M::mem_pestat] mean and std.dev: (462.20, 114.45)
[M::mem_pestat] low and high boundaries for proper pairs: (1, 993)
[M::mem_pestat] skip orientation RF as there are not enough pairs
[M::mem_pestat] skip orientation RR as there are not enough pairs
[M::mem_process_seqs] Processed 160000 reads in 4.018 CPU sec, 1.873 real sec
[M::process] read 160000 sequences (20000000 bp)...
[M::mem_pestat] # candidate unique pairs for (FF, FR, RF, RR): (2, 74340, 5, 0)
[M::mem_pestat] skip orientation FF as there are not enough pairs
[M::mem_pestat] analyzing insert size distribution for orientation FR...
[M::mem_pestat] (25, 50, 75) percentile: (380, 450, 533)
[M::mem_pestat] low and high boundaries for computing mean and std.dev: (74, 839)
[M::mem_pestat] mean and std.dev: (461.77, 114.77)
[M::mem_pestat] low and high boundaries for proper pairs: (1, 992)
[M::mem_pestat] skip orientation RF as there are not enough pairs
[M::mem_pestat] skip orientation RR as there are not enough pairs
[M::mem_process_seqs] Processed 160000 reads in 4.404 CPU sec, 2.058 real sec
[M::process] read 160000 sequences (20000000 bp)...
[M::mem_pestat] # candidate unique pairs for (FF, FR, RF, RR): (0, 78571, 0, 0)
[M::mem_pestat] skip orientation FF as there are not enough pairs
[M::mem_pestat] analyzing insert size distribution for orientation FR...
[M::mem_pestat] (25, 50, 75) percentile: (380, 449, 531)
[M::mem_pestat] low and high boundaries for computing mean and std.dev: (78, 833)
[M::mem_pestat] mean and std.dev: (460.88, 113.47)
[M::mem_pestat] low and high boundaries for proper pairs: (1, 984)
[M::mem_pestat] skip orientation RF as there are not enough pairs
[M::mem_pestat] skip orientation RR as there are not enough pairs
[M::mem_process_seqs] Processed 160000 reads in 4.102 CPU sec, 1.888 real sec
[M::process] read 160000 sequences (20000000 bp)...
[M::mem_pestat] # candidate unique pairs for (FF, FR, RF, RR): (0, 75516, 1, 0)
[M::mem_pestat] skip orientation FF as there are not enough pairs
[M::mem_pestat] analyzing insert size distribution for orientation FR...
[M::mem_pestat] (25, 50, 75) percentile: (380, 450, 532)
[M::mem_pestat] low and high boundaries for computing mean and std.dev: (76, 836)
[M::mem_pestat] mean and std.dev: (460.96, 113.85)
[M::mem_pestat] low and high boundaries for proper pairs: (1, 988)
[M::mem_pestat] skip orientation RF as there are not enough pairs
[M::mem_pestat] skip orientation RR as there are not enough pairs
[M::mem_process_seqs] Processed 160000 reads in 4.540 CPU sec, 2.402 real sec
[M::process] read 160000 sequences (20000000 bp)...
[M::mem_pestat] # candidate unique pairs for (FF, FR, RF, RR): (2, 77060, 1, 1)
[M::mem_pestat] skip orientation FF as there are not enough pairs
[M::mem_pestat] analyzing insert size distribution for orientation FR...
[M::mem_pestat] (25, 50, 75) percentile: (380, 450, 533)
[M::mem_pestat] low and high boundaries for computing mean and std.dev: (74, 839)
[M::mem_pestat] mean and std.dev: (461.56, 114.35)
[M::mem_pestat] low and high boundaries for proper pairs: (1, 992)
[M::mem_pestat] skip orientation RF as there are not enough pairs
[M::mem_pestat] skip orientation RR as there are not enough pairs
[M::mem_process_seqs] Processed 160000 reads in 5.061 CPU sec, 2.381 real sec
[M::process] read 160000 sequences (20000000 bp)...
[M::mem_pestat] # candidate unique pairs for (FF, FR, RF, RR): (0, 72665, 3, 1)
[M::mem_pestat] skip orientation FF as there are not enough pairs
[M::mem_pestat] analyzing insert size distribution for orientation FR...
[M::mem_pestat] (25, 50, 75) percentile: (378, 446, 529)
[M::mem_pestat] low and high boundaries for computing mean and std.dev: (76, 831)
[M::mem_pestat] mean and std.dev: (458.53, 113.62)
[M::mem_pestat] low and high boundaries for proper pairs: (1, 982)
[M::mem_pestat] skip orientation RF as there are not enough pairs
[M::mem_pestat] skip orientation RR as there are not enough pairs
[M::mem_process_seqs] Processed 160000 reads in 5.432 CPU sec, 2.588 real sec
[M::process] read 160000 sequences (20000000 bp)...
[M::mem_pestat] # candidate unique pairs for (FF, FR, RF, RR): (1, 75570, 0, 3)
[M::mem_pestat] skip orientation FF as there are not enough pairs
[M::mem_pestat] analyzing insert size distribution for orientation FR...
[M::mem_pestat] (25, 50, 75) percentile: (378, 447, 529)
[M::mem_pestat] low and high boundaries for computing mean and std.dev: (76, 831)
[M::mem_pestat] mean and std.dev: (458.55, 112.50)
[M::mem_pestat] low and high boundaries for proper pairs: (1, 982)
[M::mem_pestat] skip orientation RF as there are not enough pairs
[M::mem_pestat] skip orientation RR as there are not enough pairs
[M::mem_process_seqs] Processed 160000 reads in 4.377 CPU sec, 2.234 real sec
[M::process] read 160000 sequences (20000000 bp)...
[M::mem_pestat] # candidate unique pairs for (FF, FR, RF, RR): (1, 75605, 125, 0)
[M::mem_pestat] skip orientation FF as there are not enough pairs
[M::mem_pestat] analyzing insert size distribution for orientation FR...
[M::mem_pestat] (25, 50, 75) percentile: (379, 448, 531)
[M::mem_pestat] low and high boundaries for computing mean and std.dev: (75, 835)
[M::mem_pestat] mean and std.dev: (459.68, 113.68)
[M::mem_pestat] low and high boundaries for proper pairs: (1, 987)
[M::mem_pestat] analyzing insert size distribution for orientation RF...
[M::mem_pestat] (25, 50, 75) percentile: (80, 126, 173)
[M::mem_pestat] low and high boundaries for computing mean and std.dev: (1, 359)
[M::mem_pestat] mean and std.dev: (125.60, 64.24)
[M::mem_pestat] low and high boundaries for proper pairs: (1, 452)
[M::mem_pestat] skip orientation RR as there are not enough pairs
[M::mem_pestat] skip orientation RF
[M::mem_process_seqs] Processed 160000 reads in 4.233 CPU sec, 2.179 real sec
[M::process] read 160000 sequences (20000000 bp)...
[M::mem_pestat] # candidate unique pairs for (FF, FR, RF, RR): (11, 74949, 5, 21)
[M::mem_pestat] analyzing insert size distribution for orientation FF...
[M::mem_pestat] (25, 50, 75) percentile: (2773, 2810, 2859)
[M::mem_pestat] low and high boundaries for computing mean and std.dev: (2601, 3031)
[M::mem_pestat] mean and std.dev: (2792.64, 86.16)
[M::mem_pestat] low and high boundaries for proper pairs: (2448, 3137)
[M::mem_pestat] analyzing insert size distribution for orientation FR...
[M::mem_pestat] (25, 50, 75) percentile: (379, 448, 531)
[M::mem_pestat] low and high boundaries for computing mean and std.dev: (75, 835)
[M::mem_pestat] mean and std.dev: (459.65, 113.96)
[M::mem_pestat] low and high boundaries for proper pairs: (1, 987)
[M::mem_pestat] skip orientation RF as there are not enough pairs
[M::mem_pestat] analyzing insert size distribution for orientation RR...
[M::mem_pestat] (25, 50, 75) percentile: (2657, 2757, 2859)
[M::mem_pestat] low and high boundaries for computing mean and std.dev: (2253, 3263)
[M::mem_pestat] mean and std.dev: (2758.00, 156.42)
[M::mem_pestat] low and high boundaries for proper pairs: (2051, 3465)
[M::mem_pestat] skip orientation FF
[M::mem_pestat] skip orientation RR
[M::mem_process_seqs] Processed 160000 reads in 4.581 CPU sec, 2.157 real sec
[M::process] read 160000 sequences (20000000 bp)...
[M::mem_pestat] # candidate unique pairs for (FF, FR, RF, RR): (1, 76316, 9, 0)
[M::mem_pestat] skip orientation FF as there are not enough pairs
[M::mem_pestat] analyzing insert size distribution for orientation FR...
[M::mem_pestat] (25, 50, 75) percentile: (380, 450, 534)
[M::mem_pestat] low and high boundaries for computing mean and std.dev: (72, 842)
[M::mem_pestat] mean and std.dev: (461.86, 115.03)
[M::mem_pestat] low and high boundaries for proper pairs: (1, 996)
[M::mem_pestat] skip orientation RF as there are not enough pairs
[M::mem_pestat] skip orientation RR as there are not enough pairs
[M::mem_process_seqs] Processed 160000 reads in 4.499 CPU sec, 2.117 real sec
[M::process] read 110582 sequences (13822750 bp)...
[M::mem_pestat] # candidate unique pairs for (FF, FR, RF, RR): (0, 77707, 0, 0)
[M::mem_pestat] skip orientation FF as there are not enough pairs
[M::mem_pestat] analyzing insert size distribution for orientation FR...
[M::mem_pestat] (25, 50, 75) percentile: (380, 450, 535)
[M::mem_pestat] low and high boundaries for computing mean and std.dev: (70, 845)
[M::mem_pestat] mean and std.dev: (462.61, 115.86)
[M::mem_pestat] low and high boundaries for proper pairs: (1, 1000)
[M::mem_pestat] skip orientation RF as there are not enough pairs
[M::mem_pestat] skip orientation RR as there are not enough pairs
[M::mem_process_seqs] Processed 160000 reads in 4.331 CPU sec, 2.027 real sec
[M::mem_pestat] # candidate unique pairs for (FF, FR, RF, RR): (1, 53378, 0, 0)
[M::mem_pestat] skip orientation FF as there are not enough pairs
[M::mem_pestat] analyzing insert size distribution for orientation FR...
[M::mem_pestat] (25, 50, 75) percentile: (377, 447, 531)
[M::mem_pestat] low and high boundaries for computing mean and std.dev: (69, 839)
[M::mem_pestat] mean and std.dev: (459.62, 115.16)
[M::mem_pestat] low and high boundaries for proper pairs: (1, 993)
[M::mem_pestat] skip orientation RF as there are not enough pairs
[M::mem_pestat] skip orientation RR as there are not enough pairs
[M::mem_process_seqs] Processed 110582 reads in 3.441 CPU sec, 1.621 real sec
[main] Version: 0.7.15-r1140
[main] CMD: /usr/local/lib/python2.7/dist-packages/quast-5.0.2-py2.7.egg/quast_libs/bwa/bwa mem -t 2 /data/ERR2090274_quast_output/quast_corrected_input/ERR2090274_contigs.fasta /data/ERR2090274_1.fastq.gz /data/ERR2090274_2.fastq.gz
[main] Real time: 55.971 sec; CPU: 112.006 sec
finding positions of the duplicate reads in the file...
  sorted 1967912 end pairs
     and 5382 single ends (among them 0 unmatched pairs)
  collecting indices of duplicate reads...   done in 168 ms
  found 22043 duplicates
collected list of positions in 0 min 7 sec
removing duplicates...
total time elapsed: 0 min 51 sec
