02/18/2023 02:12:47 program started
02/18/2023 02:12:47 command line: /usr/local/bin/srst2 --input_pe ERR2090182_1.fastq.gz ERR2090182_2.fastq.gz --output ERR2090182_srst_output --log --gene_db GBS-SBG/GBS-SBG.fasta
02/18/2023 02:12:47 Total paired readsets found:1
02/18/2023 02:12:47 Building bowtie2 index for GBS-SBG/GBS-SBG.fasta...
02/18/2023 02:12:47 Running: bowtie2-build GBS-SBG/GBS-SBG.fasta GBS-SBG/GBS-SBG.fasta
02/18/2023 02:12:48 Processing database GBS-SBG/GBS-SBG.fasta
02/18/2023 02:12:49 Running: samtools faidx GBS-SBG/GBS-SBG.fasta
02/18/2023 02:12:49 Processing sample ERR2090182
02/18/2023 02:12:49 Starting mapping with bowtie2
02/18/2023 02:12:49 Output prefix set to: ERR2090182_srst_output__ERR2090182.GBS-SBG
02/18/2023 02:12:49 Aligning reads to index GBS-SBG/GBS-SBG.fasta using bowtie2...
02/18/2023 02:12:49 Running: bowtie2 -1 ERR2090182_1.fastq.gz -2 ERR2090182_2.fastq.gz -S ERR2090182_srst_output__ERR2090182.GBS-SBG.sam -q --very-sensitive-local --no-unal -a -x GBS-SBG/GBS-SBG.fasta
02/18/2023 02:13:43 Processing Bowtie2 output with SAMtools...
02/18/2023 02:13:43 Generate and sort BAM file...
02/18/2023 02:13:43 Running: samtools view -b -o ERR2090182_srst_output__ERR2090182.GBS-SBG.unsorted.bam -q 1 -S ERR2090182_srst_output__ERR2090182.GBS-SBG.sam.mod
02/18/2023 02:13:43 Running: samtools sort ERR2090182_srst_output__ERR2090182.GBS-SBG.unsorted.bam ERR2090182_srst_output__ERR2090182.GBS-SBG.sorted
02/18/2023 02:13:43 Deleting sam and bam files that are not longer needed...
02/18/2023 02:13:43 Deleting ERR2090182_srst_output__ERR2090182.GBS-SBG.sam
02/18/2023 02:13:43 Deleting ERR2090182_srst_output__ERR2090182.GBS-SBG.sam.mod
02/18/2023 02:13:43 Deleting ERR2090182_srst_output__ERR2090182.GBS-SBG.unsorted.bam
02/18/2023 02:13:43 Generate pileup...
02/18/2023 02:13:43 Running: samtools mpileup -L 1000 -f GBS-SBG/GBS-SBG.fasta -Q 20 -q 1 -B ERR2090182_srst_output__ERR2090182.GBS-SBG.sorted.bam
02/18/2023 02:13:43  Processing SAMtools pileup...
02/18/2023 02:13:43  Scoring alleles...
02/18/2023 02:13:43  Finished processing for read set ERR2090182 ...
02/18/2023 02:13:43 Tabulating results for database GBS-SBG/GBS-SBG.fasta ...
02/18/2023 02:13:43 Finished processing for database GBS-SBG/GBS-SBG.fasta ...
02/18/2023 02:13:43 Gene detection output printed to ERR2090182_srst_output__genes__GBS-SBG__results.txt
02/18/2023 02:13:43 SRST2 has finished.
