02/18/2023 02:25:13 program started
02/18/2023 02:25:13 command line: /usr/local/bin/srst2 --input_pe ERR3227730_1.fastq.gz ERR3227730_2.fastq.gz --output ERR3227730_srst_output --log --gene_db GBS-SBG/GBS-SBG.fasta
02/18/2023 02:25:13 Total paired readsets found:1
02/18/2023 02:25:13 Building bowtie2 index for GBS-SBG/GBS-SBG.fasta...
02/18/2023 02:25:13 Running: bowtie2-build GBS-SBG/GBS-SBG.fasta GBS-SBG/GBS-SBG.fasta
02/18/2023 02:25:13 Processing database GBS-SBG/GBS-SBG.fasta
02/18/2023 02:25:13 Running: samtools faidx GBS-SBG/GBS-SBG.fasta
02/18/2023 02:25:13 Processing sample ERR3227730
02/18/2023 02:25:13 Starting mapping with bowtie2
02/18/2023 02:25:13 Output prefix set to: ERR3227730_srst_output__ERR3227730.GBS-SBG
02/18/2023 02:25:13 Aligning reads to index GBS-SBG/GBS-SBG.fasta using bowtie2...
02/18/2023 02:25:13 Running: bowtie2 -1 ERR3227730_1.fastq.gz -2 ERR3227730_2.fastq.gz -S ERR3227730_srst_output__ERR3227730.GBS-SBG.sam -q --very-sensitive-local --no-unal -a -x GBS-SBG/GBS-SBG.fasta
02/18/2023 02:25:51 Processing Bowtie2 output with SAMtools...
02/18/2023 02:25:51 Generate and sort BAM file...
02/18/2023 02:25:51 Running: samtools view -b -o ERR3227730_srst_output__ERR3227730.GBS-SBG.unsorted.bam -q 1 -S ERR3227730_srst_output__ERR3227730.GBS-SBG.sam.mod
02/18/2023 02:25:51 Running: samtools sort ERR3227730_srst_output__ERR3227730.GBS-SBG.unsorted.bam ERR3227730_srst_output__ERR3227730.GBS-SBG.sorted
02/18/2023 02:25:51 Deleting sam and bam files that are not longer needed...
02/18/2023 02:25:51 Deleting ERR3227730_srst_output__ERR3227730.GBS-SBG.sam
02/18/2023 02:25:51 Deleting ERR3227730_srst_output__ERR3227730.GBS-SBG.sam.mod
02/18/2023 02:25:51 Deleting ERR3227730_srst_output__ERR3227730.GBS-SBG.unsorted.bam
02/18/2023 02:25:51 Generate pileup...
02/18/2023 02:25:51 Running: samtools mpileup -L 1000 -f GBS-SBG/GBS-SBG.fasta -Q 20 -q 1 -B ERR3227730_srst_output__ERR3227730.GBS-SBG.sorted.bam
02/18/2023 02:25:51  Processing SAMtools pileup...
02/18/2023 02:25:51  Scoring alleles...
02/18/2023 02:25:51  Finished processing for read set ERR3227730 ...
02/18/2023 02:25:51 Tabulating results for database GBS-SBG/GBS-SBG.fasta ...
02/18/2023 02:25:51 Finished processing for database GBS-SBG/GBS-SBG.fasta ...
02/18/2023 02:25:51 Gene detection output printed to ERR3227730_srst_output__genes__GBS-SBG__results.txt
02/18/2023 02:25:51 SRST2 has finished.
