[00:54:42] This is prokka 1.14.6
[00:54:42] Written by Torsten Seemann <torsten.seemann@gmail.com>
[00:54:42] Homepage is https://github.com/tseemann/prokka
[00:54:42] Local time is Sat Feb 18 00:54:42 2023
[00:54:42] You are not telling me who you are!
[00:54:42] Operating system is linux
[00:54:42] You have BioPerl 1.007002
[00:54:42] System has 16 cores.
[00:54:42] Will use maximum of 8 cores.
[00:54:42] Annotating as >>> Bacteria <<<
[00:54:42] Generating locus_tag from 'ERR2090120_contigs.fasta' contents.
[00:54:42] Setting --locustag HHNBFDDL from MD5 117bfdd5d7e12902fd7dfb1f342a6a1d
[00:54:42] Creating new output folder: PROKKA_02182023
[00:54:42] Running: mkdir -p PROKKA_02182023
[00:54:42] Using filename prefix: PROKKA_02182023.XXX
[00:54:42] Setting HMMER_NCPU=1
[00:54:42] Writing log to: PROKKA_02182023/PROKKA_02182023.log
[00:54:42] Command: /prokka-1.14.6/bin/prokka ERR2090120_contigs.fasta
[00:54:42] Appending to PATH: /prokka-1.14.6/bin/../binaries/linux
[00:54:42] Appending to PATH: /prokka-1.14.6/bin/../binaries/linux/../common
[00:54:42] Appending to PATH: /prokka-1.14.6/bin
[00:54:42] Looking for 'aragorn' - found /prokka-1.14.6/binaries/linux/aragorn
[00:54:42] Determined aragorn version is 001002 from 'ARAGORN v1.2.38 Dean Laslett'
[00:54:42] Looking for 'barrnap' - found /barrnap-0.9/bin/barrnap
[00:54:42] Determined barrnap version is 000009 from 'barrnap 0.9'
[00:54:42] Looking for 'blastp' - found /ncbi-blast-2.9.0+/bin/blastp
[00:54:42] Determined blastp version is 002009 from 'blastp: 2.9.0+'
[00:54:42] Looking for 'cmpress' - found /prokka-1.14.6/binaries/linux/cmpress
[00:54:42] Determined cmpress version is 001001 from '# INFERNAL 1.1.2 (July 2016)'
[00:54:42] Looking for 'cmscan' - found /prokka-1.14.6/binaries/linux/cmscan
[00:54:42] Determined cmscan version is 001001 from '# INFERNAL 1.1.2 (July 2016)'
[00:54:42] Looking for 'egrep' - found /bin/egrep
[00:54:42] Looking for 'find' - found /usr/bin/find
[00:54:42] Looking for 'grep' - found /bin/grep
[00:54:42] Looking for 'hmmpress' - found /usr/bin/hmmpress
[00:54:43] Determined hmmpress version is 003001 from '# HMMER 3.1b2 (February 2015); http://hmmer.org/'
[00:54:43] Looking for 'hmmscan' - found /usr/bin/hmmscan
[00:54:43] Determined hmmscan version is 003001 from '# HMMER 3.1b2 (February 2015); http://hmmer.org/'
[00:54:43] Looking for 'java' - found /usr/bin/java
[00:54:43] Looking for 'makeblastdb' - found /ncbi-blast-2.9.0+/bin/makeblastdb
[00:54:43] Determined makeblastdb version is 002009 from 'makeblastdb: 2.9.0+'
[00:54:43] Looking for 'minced' - found /prokka-1.14.6/binaries/common/minced
[00:54:43] Determined minced version is 002000 from 'minced 0.2.0'
[00:54:43] Looking for 'parallel' - found /prokka-1.14.6/binaries/common/parallel
[00:54:43] Determined parallel version is 20150122 from 'GNU parallel 20150122'
[00:54:43] Looking for 'prodigal' - found /prokka-1.14.6/binaries/linux/prodigal
[00:54:43] Determined prodigal version is 002006 from 'Prodigal V2.6.3: February, 2016'
[00:54:43] Looking for 'prokka-genbank_to_fasta_db' - found /prokka-1.14.6/bin/prokka-genbank_to_fasta_db
[00:54:43] Looking for 'sed' - found /bin/sed
[00:54:43] Looking for 'tbl2asn' - found /usr/bin/tbl2asn
[00:54:43] Determined tbl2asn version is 025008 from 'tbl2asn 25.8   arguments:'
[00:54:43] Using genetic code table 11.
[00:54:43] Loading and checking input file: ERR2090120_contigs.fasta
[00:54:43] Wrote 329 contigs totalling 2144073 bp.
[00:54:43] Predicting tRNAs and tmRNAs
[00:54:43] Running: aragorn -l -gc11  -w PROKKA_02182023\/PROKKA_02182023\.fna
[00:54:43] 1 tRNA-Phe [120772,120869] 39 (aaa)
[00:54:43] 1 tRNA-Arg [5142,5213] 34 (cct)
[00:54:43] 2 tRNA-Arg [47025,47098] 35 (ccg)
[00:54:43] 1 tRNA-Val [59,131] 34 (tac)
[00:54:43] 2 tRNA-Asp [134,206] 34 (gtc)
[00:54:43] 3 tRNA-Lys [231,303] 34 (ttt)
[00:54:43] 4 tRNA-Leu [308,391] 36 (tag)
[00:54:43] 5 tRNA-Thr [409,481] 34 (tgt)
[00:54:43] 6 tRNA-Gly [504,575] 33 (gcc)
[00:54:43] 7 tRNA-Leu [583,668] 35 (taa)
[00:54:43] 8 tRNA-Arg [678,751] 35 (acg)
[00:54:43] 9 tRNA-Pro [766,841] 36 (tgg)
[00:54:43] 10 tRNA-Cys c[38333,38406] 34 (gca)
[00:54:43] 1 tRNA-Thr [10374,10446] 34 (ggt)
[00:54:43] 1 tRNA-Arg [17757,17830] 35 (tct)
[00:54:43] 2 tRNA-Glu [20267,20338] 34 (ttc)
[00:54:43] 3 tRNA-Asn [20344,20417] 35 (gtt)
[00:54:43] 1 tRNA-Leu c[55216,55301] 36 (caa)
[00:54:43] 1 tRNA-Lys [17786,17861] 35 (ctt)
[00:54:43] 1 tRNA-Leu [10095,10182] 36 (aag)
[00:54:43] 1 tmRNA [11169,11513] 83,118 AKNNTSYALAA*
[00:54:43] 2 tRNA-Ser c[11684,11774] 36 (gga)
[00:54:43] 1 tRNA-Ser [60,149] 36 (gct)
[00:54:43] 1 tRNA-Tyr [10496,10576] 35 (gta)
[00:54:43] 2 tRNA-Gln [10586,10657] 33 (ttg)
[00:54:43] 1 tRNA-Ala [1903,1977] 35 (tgc)
[00:54:43] 1 tRNA-Met [55,130] 36 (cat)
[00:54:43] 2 tRNA-Met [143,216] 35 (cat)
[00:54:43] 3 tRNA-Ser [227,316] 37 (tga)
[00:54:43] 4 tRNA-Met [330,403] 35 (cat)
[00:54:43] 5 tRNA-Phe [407,479] 34 (gaa)
[00:54:43] 6 tRNA-Gly [499,569] 33 (tcc)
[00:54:43] 7 tRNA-Ile [604,679] 36 (gat)
[00:54:43] 1 tRNA-His c[65,139] 35 (gtg)
[00:54:43] 2 tRNA-Trp c[152,224] 34 (cca)
[00:54:43] Found 35 tRNAs
[00:54:43] Predicting Ribosomal RNAs
[00:54:43] Running Barrnap with 8 threads
[00:54:44] 1 NODE_47_length_5195_cov_298.064008 310 16S ribosomal RNA
[00:54:44] 2 NODE_47_length_5195_cov_298.064008 2103 23S ribosomal RNA
[00:54:44] 3 NODE_47_length_5195_cov_298.064008 5082 5S ribosomal RNA
[00:54:44] Found 3 rRNAs
[00:54:44] Skipping ncRNA search, enable with --rfam if desired.
[00:54:44] Total of 37 tRNA + rRNA features
[00:54:44] Searching for CRISPR repeats
[00:54:44] Found 0 CRISPRs
[00:54:44] Predicting coding sequences
[00:54:44] Contigs total 2144073 bp, so using single mode
[00:54:44] Running: prodigal -i PROKKA_02182023\/PROKKA_02182023\.fna -c -m -g 11 -p single -f sco -q
[00:54:45] Excluding CDS which overlaps existing RNA (tRNA) at NODE_1_length_136420_cov_79.361420:120723..122264 on + strand
[00:54:46] Found 2064 CDS
[00:54:46] Connecting features back to sequences
[00:54:46] Not using genus-specific database. Try --usegenus to enable it.
[00:54:46] Annotating CDS, please be patient.
[00:54:46] Will use 8 CPUs for similarity searching.
[00:54:46] There are still 2064 unannotated CDS left (started with 2064)
[00:54:46] Will use blast to search against /prokka-1.14.6/db/kingdom/Bacteria/IS with 8 CPUs
[00:54:46] Running: cat PROKKA_02182023\/PROKKA_02182023\.IS\.tmp\.1\.faa | parallel --gnu --plain -j 8 --block 38498 --recstart '>' --pipe blastp -query - -db /prokka-1.14.6/db/kingdom/Bacteria/IS -evalue 1e-30 -qcov_hsp_perc 90 -num_threads 1 -num_descriptions 1 -num_alignments 1 -seg no > PROKKA_02182023\/PROKKA_02182023\.IS\.tmp\.1\.blast 2> /dev/null
[00:54:51] Deleting unwanted file: PROKKA_02182023/PROKKA_02182023.IS.tmp.1.faa
[00:54:51] Deleting unwanted file: PROKKA_02182023/PROKKA_02182023.IS.tmp.1.blast
[00:54:51] There are still 2020 unannotated CDS left (started with 2064)
[00:54:51] Will use blast to search against /prokka-1.14.6/db/kingdom/Bacteria/AMR with 8 CPUs
[00:54:51] Running: cat PROKKA_02182023\/PROKKA_02182023\.AMR\.tmp\.1\.faa | parallel --gnu --plain -j 8 --block 38049 --recstart '>' --pipe blastp -query - -db /prokka-1.14.6/db/kingdom/Bacteria/AMR -evalue 9.99999999999999e-301 -qcov_hsp_perc 90 -num_threads 1 -num_descriptions 1 -num_alignments 1 -seg no > PROKKA_02182023\/PROKKA_02182023\.AMR\.tmp\.1\.blast 2> /dev/null
[00:54:55] Deleting unwanted file: PROKKA_02182023/PROKKA_02182023.AMR.tmp.1.faa
[00:54:55] Deleting unwanted file: PROKKA_02182023/PROKKA_02182023.AMR.tmp.1.blast
[00:54:55] There are still 2019 unannotated CDS left (started with 2064)
[00:54:55] Will use blast to search against /prokka-1.14.6/db/kingdom/Bacteria/sprot with 8 CPUs
[00:54:55] Running: cat PROKKA_02182023\/PROKKA_02182023\.sprot\.tmp\.1\.faa | parallel --gnu --plain -j 8 --block 38009 --recstart '>' --pipe blastp -query - -db /prokka-1.14.6/db/kingdom/Bacteria/sprot -evalue 1e-09 -qcov_hsp_perc 80 -num_threads 1 -num_descriptions 1 -num_alignments 1 -seg no > PROKKA_02182023\/PROKKA_02182023\.sprot\.tmp\.1\.blast 2> /dev/null
[00:55:11] Modify product: Probable ATP-dependent RNA helicase YfmL => putative ATP-dependent RNA helicase YfmL
[00:55:11] Modify product: UPF0291 protein SP_1473 => hypothetical protein
[00:55:11] Modify product: Probable NADH oxidase => putative NADH oxidase
[00:55:11] Modify product: UPF0073 inner membrane protein YqfA => hypothetical protein
[00:55:11] Modify product: Probable amino-acid permease protein YxeN => putative amino-acid permease protein YxeN
[00:55:11] Modify product: Uncharacterized inner membrane transporter YicL => putative inner membrane transporter YicL
[00:55:11] Modify product: Uncharacterized ABC transporter ATP-binding protein TM_0288 => putative ABC transporter ATP-binding protein
[00:55:11] Modify product: UPF0223 protein BH2638 => hypothetical protein
[00:55:11] Modify product: Phosphate-specific transport system accessory protein PhoU homolog => Phosphate-specific transport system accessory protein PhoU 
[00:55:11] Modify product: UPF0342 protein SP_1372 => hypothetical protein
[00:55:11] Modify product: Uncharacterized ABC transporter ATP-binding protein Rv1273c => putative ABC transporter ATP-binding protein
[00:55:11] Modify product: Uncharacterized oxidoreductase YjhC => putative oxidoreductase YjhC
[00:55:11] Modify product: UPF0297 protein SP_0192 => hypothetical protein
[00:55:11] Modify product: UPF0473 protein SP_0194 => hypothetical protein
[00:55:11] Modify product: UPF0237 protein SP_0238 => hypothetical protein
[00:55:11] Modify product: UPF0210 protein SP_0239 => hypothetical protein
[00:55:11] Modify product: Uncharacterized protein HI_0131 => putative protein
[00:55:11] Modify product: Uncharacterized HTH-type transcriptional regulator YdjF => putative HTH-type transcriptional regulator YdjF
[00:55:11] Modify product: Putative zinc metalloprotease SA1105 => Putative zinc metalloprotease
[00:55:11] Modify product: Probable licABCH operon regulator => putative licABCH operon regulator
[00:55:11] Modify product: Glutathione peroxidase homolog BsaA => Glutathione peroxidase BsaA
[00:55:11] Modify product: Probable mannose-6-phosphate isomerase GmuF => putative mannose-6-phosphate isomerase GmuF
[00:55:11] Modify product: Probable copper-transporting ATPase PacS => putative copper-transporting ATPase PacS
[00:55:11] Modify product: Putative lipid kinase SP_1045 => Putative lipid kinase
[00:55:11] Modify product: Probable peptidoglycan glycosyltransferase FtsW => putative peptidoglycan glycosyltransferase FtsW
[00:55:11] Modify product: Probable ATP-dependent Clp protease ATP-binding subunit => putative ATP-dependent Clp protease ATP-binding subunit
[00:55:11] Modify product: UPF0371 protein DIP2346 => hypothetical protein
[00:55:11] Modify product: Probable capsular polysaccharide biosynthesis protein YwqC => putative capsular polysaccharide biosynthesis protein YwqC
[00:55:11] Modify product: Protein RmlC homolog => Protein RmlC 
[00:55:11] Modify product: UPF0398 protein SP_0371 => hypothetical protein
[00:55:11] Modify product: Putative NAD(P)H nitroreductase Spy0809 => Putative NAD(P)H nitroreductase
[00:55:11] Modify product: Probable glutamine ABC transporter permease protein GlnM => putative glutamine ABC transporter permease protein GlnM
[00:55:11] Modify product: Probable glutamine ABC transporter permease protein GlnP => putative glutamine ABC transporter permease protein GlnP
[00:55:11] Modify product: Uncharacterized ABC transporter ATP-binding protein Rv0986 => putative ABC transporter ATP-binding protein
[00:55:11] Modify product: Uncharacterized ABC transporter ATP-binding protein YbiT => putative ABC transporter ATP-binding protein YbiT
[00:55:11] Modify product: Uncharacterized zinc protease Rv2782c => putative zinc protease
[00:55:11] Modify product: Nucleoid-associated protein SP_1102 => Nucleoid-associated protein
[00:55:11] Modify product: DegV domain-containing protein SP_1112 => DegV domain-containing protein
[00:55:11] Modify product: Uncharacterized ABC transporter ATP-binding protein YheS => putative ABC transporter ATP-binding protein YheS
[00:55:12] Modify product: DegV domain-containing protein spr0652 => DegV domain-containing protein
[00:55:12] Modify product: Uncharacterized protein HI_0933 => putative protein
[00:55:12] Modify product: Putative universal stress protein SA1532 => Putative universal stress protein
[00:55:12] Modify product: Uncharacterized metal-dependent hydrolase YcfH => putative metal-dependent hydrolase YcfH
[00:55:12] Modify product: Uncharacterized ABC transporter ATP-binding protein YknY => putative ABC transporter ATP-binding protein YknY
[00:55:12] Modify product: Uncharacterized protein YlbL => putative protein YlbL
[00:55:12] Modify product: UPF0053 protein HI_0107 => hypothetical protein
[00:55:12] Modify product: Uncharacterized ABC transporter ATP-binding protein YknY => putative ABC transporter ATP-binding protein YknY
[00:55:12] Modify product: Probable transcriptional regulatory protein YeeN => putative transcriptional regulatory protein YeeN
[00:55:12] Modify product: Uncharacterized ABC transporter ATP-binding protein Rv1273c => putative ABC transporter ATP-binding protein
[00:55:12] Modify product: Uncharacterized ABC transporter ATP-binding protein TM_0288 => putative ABC transporter ATP-binding protein
[00:55:12] Modify product: Uncharacterized RNA methyltransferase SP_1029 => putative RNA methyltransferase
[00:55:12] Modify product: Probable siderophore transport system permease protein YfhA => putative siderophore transport system permease protein YfhA
[00:55:12] Modify product: Probable transcription repressor NiaR => putative transcription repressor NiaR
[00:55:12] Modify product: Probable riboflavin import permease protein RfuC => putative riboflavin import permease protein RfuC
[00:55:12] Modify product: Bifunctional protein FolD => Bifunctional protein FolD protein
[00:55:12] Modify product: Uncharacterized ABC transporter permease YknZ => putative ABC transporter permease YknZ
[00:55:12] Modify product: Uncharacterized ABC transporter ATP-binding protein YknY => putative ABC transporter ATP-binding protein YknY
[00:55:12] Modify product: Uncharacterized ABC transporter ATP-binding protein YbiT => putative ABC transporter ATP-binding protein YbiT
[00:55:12] Modify product: Probable dual-specificity RNA methyltransferase RlmN => putative dual-specificity RNA methyltransferase RlmN
[00:55:12] Modify product: Uncharacterized protein YqeN => putative protein YqeN
[00:55:12] Modify product: Probable dihydroorotate dehydrogenase A (fumarate) => putative dihydroorotate dehydrogenase A (fumarate)
[00:55:12] Modify product: Probable glutamine ABC transporter permease protein GlnM => putative glutamine ABC transporter permease protein GlnM
[00:55:12] Modify product: Uncharacterized oxidoreductase SA2266 => putative oxidoreductase
[00:55:12] Modify product: UPF0340 protein YwlG => hypothetical protein
[00:55:12] Modify product: Uncharacterized response regulatory protein SACOL0201 => putative response regulatory protein
[00:55:12] Modify product: Probable deferrochelatase/peroxidase EfeN => putative deferrochelatase/peroxidase EfeN
[00:55:12] Modify product: Probable bifunctional oligoribonuclease and PAP phosphatase NrnA => putative bifunctional oligoribonuclease and PAP phosphatase NrnA
[00:55:12] Modify product: Putative phosphatase M6_Spy0533 => Putative phosphatase
[00:55:12] Modify product: UPF0122 protein SP_1288 => hypothetical protein
[00:55:12] Modify product: Protease HtpX homolog => Protease HtpX 
[00:55:12] Modify product: Uncharacterized ABC transporter ATP-binding protein YheS => putative ABC transporter ATP-binding protein YheS
[00:55:12] Modify product: Phosphate-specific transport system accessory protein PhoU homolog => Phosphate-specific transport system accessory protein PhoU 
[00:55:12] Modify product: Probable multidrug resistance ABC transporter ATP-binding/permease protein YheH => putative multidrug resistance ABC transporter ATP-binding/permease protein YheH
[00:55:12] Modify product: Probable multidrug resistance ABC transporter ATP-binding/permease protein YheI => putative multidrug resistance ABC transporter ATP-binding/permease protein YheI
[00:55:12] Modify product: Tyrosine recombinase XerD-like => Tyrosine recombinase XerD-like protein
[00:55:12] Modify product: Sulfurtransferase Alvin_2599 => Sulfurtransferase
[00:55:12] Modify product: Probable N-acetyl-LL-diaminopimelate aminotransferase => putative N-acetyl-LL-diaminopimelate aminotransferase
[00:55:12] Modify product: UPF0324 inner membrane protein YeiH => hypothetical protein
[00:55:12] Modify product: Uncharacterized protein YccU => putative protein YccU
[00:55:12] Modify product: Probable nicotinate-nucleotide pyrophosphorylase [carboxylating] => putative nicotinate-nucleotide pyrophosphorylase [carboxylating]
[00:55:12] Modify product: Probable L-ascorbate-6-phosphate lactonase UlaG => putative L-ascorbate-6-phosphate lactonase UlaG
[00:55:12] Modify product: Probable licABCH operon regulator => putative licABCH operon regulator
[00:55:12] Modify product: Probable FMN/FAD exporter YeeO => putative FMN/FAD exporter YeeO
[00:55:12] Modify product: Putative glutamine amidotransferase Rv2859c => Putative glutamine amidotransferase
[00:55:12] Modify product: Uncharacterized ABC transporter ATP-binding protein TM_0288 => putative ABC transporter ATP-binding protein
[00:55:12] Modify product: Uncharacterized ABC transporter ATP-binding protein Rv1273c => putative ABC transporter ATP-binding protein
[00:55:12] Modify product: Phosphate-specific transport system accessory protein PhoU homolog => Phosphate-specific transport system accessory protein PhoU 
[00:55:12] Modify product: Uncharacterized protein YqgN => putative protein YqgN
[00:55:12] Modify product: Uncharacterized inner membrane transporter YicL => putative inner membrane transporter YicL
[00:55:12] Modify product: Uncharacterized amino acid permease YhdG => putative amino acid permease YhdG
[00:55:12] Modify product: Uncharacterized protein Spy1595 => putative protein
[00:55:12] Modify product: Probable S-adenosyl-L-methionine-dependent methyltransferase TehB => putative S-adenosyl-L-methionine-dependent methyltransferase TehB
[00:55:12] Modify product: Probable protein-export membrane protein SecG => putative protein-export membrane protein SecG
[00:55:12] Modify product: Rqc2 homolog RqcH => Rqc2 RqcH
[00:55:12] Modify product: Acetyltransferase PA3944 => Acetyltransferase
[00:55:12] Modify product: UPF0346 protein SP_0947 => hypothetical protein
[00:55:12] Modify product: Uncharacterized oxidoreductase YjhC => putative oxidoreductase YjhC
[00:55:12] Modify product: Uncharacterized HTH-type transcriptional regulator YbbH => putative HTH-type transcriptional regulator YbbH
[00:55:12] Modify product: Uncharacterized ABC transporter ATP-binding protein Rv0986 => putative ABC transporter ATP-binding protein
[00:55:12] Modify product: Probable metallo-hydrolase M6_Spy0554 => putative metallo-hydrolase
[00:55:12] Modify product: Probable manganese-dependent inorganic pyrophosphatase => putative manganese-dependent inorganic pyrophosphatase
[00:55:12] Modify product: UPF0213 protein SP_1535 => hypothetical protein
[00:55:12] Modify product: Putative dipeptidase SA1572 => Putative dipeptidase
[00:55:12] Modify product: Uncharacterized protein Spy1535 => putative protein
[00:55:12] Modify product: Uncharacterized protein Spy1614 => putative protein
[00:55:12] Modify product: Uncharacterized protein SA1069 => putative protein
[00:55:12] Modify product: Multidrug efflux system ATP-binding protein Rv1218c => Multidrug efflux system ATP-binding protein
[00:55:12] Modify product: Uncharacterized protein YhaP => putative protein YhaP
[00:55:12] Modify product: Uncharacterized MscS family protein YkuT => putative MscS family protein YkuT
[00:55:12] Modify product: Uncharacterized protein YqeH => putative protein YqeH
[00:55:12] Modify product: Uncharacterized AAA domain-containing protein Rv2559c => putative AAA domain-containing protein
[00:55:12] Modify product: Uncharacterized multiple-sugar transport system permease YteP => putative multiple-sugar transport system permease YteP
[00:55:12] Modify product: Putative trans-acting regulator SP_1800 => Putative trans-acting regulator
[00:55:12] Modify product: Probable DNA-directed RNA polymerase subunit delta => putative DNA-directed RNA polymerase subunit delta
[00:55:12] Modify product: UPF0397 protein SP_0482 => hypothetical protein
[00:55:12] Modify product: Probable murein peptide carboxypeptidase => putative murein peptide carboxypeptidase
[00:55:12] Modify product: Uncharacterized HTH-type transcriptional regulator SACOL2360 => putative HTH-type transcriptional regulator
[00:55:12] Modify product: Probable pyridine nucleotide-disulfide oxidoreductase RclA => putative pyridine nucleotide-disulfide oxidoreductase RclA
[00:55:12] Modify product: Probable GTP-binding protein EngB => putative GTP-binding protein EngB
[00:55:12] Modify product: Probable cell division protein WhiA => putative cell division protein WhiA
[00:55:12] Modify product: DegV domain-containing protein spr1415 => DegV domain-containing protein
[00:55:12] Modify product: Uncharacterized transporter YycB => putative transporter YycB
[00:55:12] Modify product: UPF0176 protein SP_0095 => hypothetical protein
[00:55:12] Modify product: Uncharacterized multiple-sugar transport system permease YteP => putative multiple-sugar transport system permease YteP
[00:55:12] Modify product: Probable ABC transporter ATP-binding protein M6_Spy0273 => putative ABC transporter ATP-binding protein
[00:55:12] Modify product: UPF0051 protein SA0778 => hypothetical protein
[00:55:12] Modify product: UPF0051 protein SA0778 => hypothetical protein
[00:55:12] Modify product: Probable tRNA sulfurtransferase => putative tRNA sulfurtransferase
[00:55:12] Modify product: Probable type I restriction enzyme BthVORF4518P M protein => putative type I restriction enzymeP M protein
[00:55:12] Modify product: UPF0356 protein SP_0122 => hypothetical protein
[00:55:12] Modify product: Probable glycerol uptake facilitator protein => putative glycerol uptake facilitator protein
[00:55:12] Modify product: Putative transport protein Rv0205 => Putative transport protein
[00:55:12] Modify product: GTP cyclohydrolase 1 type 2 homolog => GTP cyclohydrolase 1 type 2 
[00:55:13] Modify product: UPF0758 protein SP_1088 => hypothetical protein
[00:55:13] Modify product: Putative glutamine amidotransferase Rv2859c => Putative glutamine amidotransferase
[00:55:13] Modify product: Probable ribosomal protein YlxQ => putative ribosomal protein YlxQ
[00:55:13] Modify product: UPF0374 protein SP_1903 => hypothetical protein
[00:55:13] Cleaned 137 /product names
[00:55:13] Deleting unwanted file: PROKKA_02182023/PROKKA_02182023.sprot.tmp.1.faa
[00:55:13] Deleting unwanted file: PROKKA_02182023/PROKKA_02182023.sprot.tmp.1.blast
[00:55:13] There are still 856 unannotated CDS left (started with 2064)
[00:55:13] Will use hmmer3 to search against /prokka-1.14.6/db/hmm/HAMAP.hmm with 8 CPUs
[00:55:13] Running: cat PROKKA_02182023\/PROKKA_02182023\.HAMAP\.hmm\.tmp\.1\.faa | parallel --gnu --plain -j 8 --block 13236 --recstart '>' --pipe hmmscan --noali --notextw --acc -E 1e-09 --cpu 1 /prokka-1.14.6/db/hmm/HAMAP.hmm /dev/stdin > PROKKA_02182023\/PROKKA_02182023\.HAMAP\.hmm\.tmp\.1\.hmmer3 2> /dev/null
[00:55:29] Modify product: Protein SprT-like => Protein SprT-like protein
[00:55:29] Cleaned 1 /product names
[00:55:29] Deleting unwanted file: PROKKA_02182023/PROKKA_02182023.HAMAP.hmm.tmp.1.faa
[00:55:29] Deleting unwanted file: PROKKA_02182023/PROKKA_02182023.HAMAP.hmm.tmp.1.hmmer3
[00:55:29] Labelling remaining 775 proteins as 'hypothetical protein'
[00:55:29] Possible /pseudo 'Phosphate import ATP-binding protein PstB 3' at NODE_1_length_136420_cov_79.361420 position 71215
[00:55:29] Possible /pseudo 'IS630 family transposase ISSpn2' at NODE_3_length_96161_cov_82.916998 position 4383
[00:55:29] Possible /pseudo 'Putative fluoride ion transporter CrcB' at NODE_4_length_95052_cov_79.551091 position 4304
[00:55:29] Possible /pseudo '2-isopropylmalate synthase' at NODE_4_length_95052_cov_79.551091 position 39416
[00:55:29] Possible /pseudo 'Coenzyme A biosynthesis bifunctional protein CoaBC' at NODE_4_length_95052_cov_79.551091 position 67688
[00:55:29] Possible /pseudo 'O-acetyl-L-homoserine sulfhydrylase' at NODE_4_length_95052_cov_79.551091 position 82085
[00:55:29] Possible /pseudo 'IS630 family transposase ISSpn2' at NODE_5_length_92123_cov_84.260272 position 28296
[00:55:29] Possible /pseudo 'putative ABC transporter ATP-binding protein' at NODE_6_length_88763_cov_87.241478 position 80227
[00:55:29] Possible /pseudo 'IS3 family transposase ISSpn4' at NODE_9_length_76429_cov_86.249574 position 24701
[00:55:29] Possible /pseudo 'Phosphoserine phosphatase' at NODE_12_length_60856_cov_81.096100 position 24214
[00:55:29] Possible /pseudo 'IS630 family transposase IS630-Spn1' at NODE_12_length_60856_cov_81.096100 position 28579
[00:55:29] Possible /pseudo 'IS630 family transposase IS630-Spn1' at NODE_15_length_55362_cov_89.417524 position 7062
[00:55:29] Possible /pseudo 'Alanine dehydrogenase' at NODE_17_length_51323_cov_79.858352 position 44303
[00:55:29] Possible /pseudo 'Multidrug resistance ABC transporter ATP-binding and permease protein' at NODE_20_length_46462_cov_79.528756 position 19825
[00:55:29] Possible /pseudo 'Multidrug resistance ABC transporter ATP-binding and permease protein' at NODE_20_length_46462_cov_79.528756 position 20296
[00:55:29] Possible /pseudo 'putative protein' at NODE_22_length_41545_cov_84.240154 position 9695
[00:55:29] Possible /pseudo 'Epoxyqueuosine reductase QueH' at NODE_45_length_6195_cov_97.794463 position 581
[00:55:29] Possible /pseudo 'IS4 family transposase ISSsu2' at NODE_52_length_1509_cov_538.006190 position 627
[00:55:29] Possible /pseudo 'IS30 family transposase ISSpn8' at NODE_54_length_1243_cov_172.926768 position 651
[00:55:29] Found 1014 unique /gene codes.
[00:55:29] Fixed 2 duplicate /gene - manX_1 manX_2
[00:55:29] Fixed 3 duplicate /gene - COQ5_1 COQ5_2 COQ5_3
[00:55:29] Fixed 2 duplicate /gene - ald_1 ald_2
[00:55:29] Fixed 4 duplicate /gene - glnQ_1 glnQ_2 glnQ_3 glnQ_4
[00:55:29] Fixed 2 duplicate /gene - ruvB_1 ruvB_2
[00:55:29] Fixed 2 duplicate /gene - glnM_1 glnM_2
[00:55:29] Fixed 2 duplicate /gene - murA1_1 murA1_2
[00:55:29] Fixed 2 duplicate /gene - yteP_1 yteP_2
[00:55:29] Fixed 2 duplicate /gene - secA_1 secA_2
[00:55:29] Fixed 3 duplicate /gene - nanA_1 nanA_2 nanA_3
[00:55:29] Fixed 2 duplicate /gene - tadA_1 tadA_2
[00:55:29] Fixed 2 duplicate /gene - lytA_1 lytA_2
[00:55:29] Fixed 2 duplicate /gene - secY_1 secY_2
[00:55:29] Fixed 2 duplicate /gene - leuA_1 leuA_2
[00:55:29] Fixed 2 duplicate /gene - IMPDH_1 IMPDH_2
[00:55:29] Fixed 2 duplicate /gene - coaBC_1 coaBC_2
[00:55:29] Fixed 2 duplicate /gene - pezT_1 pezT_2
[00:55:29] Fixed 2 duplicate /gene - rsuA_1 rsuA_2
[00:55:29] Fixed 2 duplicate /gene - fruA_1 fruA_2
[00:55:29] Fixed 2 duplicate /gene - ybiT_1 ybiT_2
[00:55:29] Fixed 2 duplicate /gene - licR_1 licR_2
[00:55:29] Fixed 2 duplicate /gene - cutC_1 cutC_2
[00:55:29] Fixed 2 duplicate /gene - lacC_1 lacC_2
[00:55:29] Fixed 2 duplicate /gene - glnH_1 glnH_2
[00:55:29] Fixed 2 duplicate /gene - ssb_1 ssb_2
[00:55:29] Fixed 2 duplicate /gene - pcrA_1 pcrA_2
[00:55:29] Fixed 3 duplicate /gene - pstB3_1 pstB3_2 pstB3_3
[00:55:29] Fixed 2 duplicate /gene - rsmF_1 rsmF_2
[00:55:29] Fixed 2 duplicate /gene - pcp_1 pcp_2
[00:55:29] Fixed 2 duplicate /gene - dsbD_1 dsbD_2
[00:55:29] Fixed 2 duplicate /gene - nanE_1 nanE_2
[00:55:29] Fixed 3 duplicate /gene - lagD_1 lagD_2 lagD_3
[00:55:29] Fixed 2 duplicate /gene - agrA_1 agrA_2
[00:55:29] Fixed 2 duplicate /gene - lacR_1 lacR_2
[00:55:29] Fixed 2 duplicate /gene - lacE_1 lacE_2
[00:55:29] Fixed 2 duplicate /gene - artP_1 artP_2
[00:55:29] Fixed 2 duplicate /gene - gatC_1 gatC_2
[00:55:29] Fixed 3 duplicate /gene - sarA_1 sarA_2 sarA_3
[00:55:29] Fixed 2 duplicate /gene - gtfA_1 gtfA_2
[00:55:29] Fixed 2 duplicate /gene - lcnD_1 lcnD_2
[00:55:29] Fixed 3 duplicate /gene - ykoD_1 ykoD_2 ykoD_3
[00:55:29] Fixed 2 duplicate /gene - galK_1 galK_2
[00:55:29] Fixed 2 duplicate /gene - galE_1 galE_2
[00:55:29] Fixed 2 duplicate /gene - msmX_1 msmX_2
[00:55:29] Fixed 2 duplicate /gene - yicL_1 yicL_2
[00:55:29] Fixed 2 duplicate /gene - artM_1 artM_2
[00:55:29] Fixed 2 duplicate /gene - deoD_1 deoD_2
[00:55:29] Fixed 2 duplicate /gene - yheS_1 yheS_2
[00:55:29] Fixed 2 duplicate /gene - atpE_1 atpE_2
[00:55:29] Fixed 3 duplicate /gene - argR_1 argR_2 argR_3
[00:55:29] Fixed 2 duplicate /gene - ecsA_1 ecsA_2
[00:55:29] Fixed 2 duplicate /gene - queH_1 queH_2
[00:55:29] Fixed 2 duplicate /gene - gph_1 gph_2
[00:55:29] Fixed 2 duplicate /gene - bcrA_1 bcrA_2
[00:55:29] Fixed 2 duplicate /gene - galT_1 galT_2
[00:55:29] Fixed 2 duplicate /gene - dinG_1 dinG_2
[00:55:29] Fixed 3 duplicate /gene - lmrA_1 lmrA_2 lmrA_3
[00:55:29] Fixed 2 duplicate /gene - yidA_1 yidA_2
[00:55:29] Fixed 2 duplicate /gene - ccpA_1 ccpA_2
[00:55:29] Fixed 2 duplicate /gene - clpC_1 clpC_2
[00:55:29] Fixed 2 duplicate /gene - crcB_1 crcB_2
[00:55:29] Fixed 3 duplicate /gene - ecfT_1 ecfT_2 ecfT_3
[00:55:29] Fixed 2 duplicate /gene - tagU_1 tagU_2
[00:55:29] Fixed 2 duplicate /gene - udk_1 udk_2
[00:55:29] Fixed 4 duplicate /gene - lacF_1 lacF_2 lacF_3 lacF_4
[00:55:29] Fixed 2 duplicate /gene - araQ_1 araQ_2
[00:55:29] Fixed 3 duplicate /gene - nanB_1 nanB_2 nanB_3
[00:55:29] Fixed 2 duplicate /gene - spxA_1 spxA_2
[00:55:29] Fixed 7 duplicate /gene - btuD_1 btuD_2 btuD_3 btuD_4 btuD_5 btuD_6 btuD_7
[00:55:29] Fixed 3 duplicate /gene - bglK_1 bglK_2 bglK_3
[00:55:29] Fixed 3 duplicate /gene - manZ_1 manZ_2 manZ_3
[00:55:29] Fixed 2 duplicate /gene - gtfB_1 gtfB_2
[00:55:29] Fixed 2 duplicate /gene - fpgS_1 fpgS_2
[00:55:29] Fixed 2 duplicate /gene - pepF1_1 pepF1_2
[00:55:29] Fixed 3 duplicate /gene - yknY_1 yknY_2 yknY_3
[00:55:29] Fixed 2 duplicate /gene - mshD_1 mshD_2
[00:55:29] Fixed 2 duplicate /gene - adh_1 adh_2
[00:55:29] Fixed 2 duplicate /gene - def_1 def_2
[00:55:29] Fixed 2 duplicate /gene - yjhC_1 yjhC_2
[00:55:29] Fixed 2 duplicate /gene - licT_1 licT_2
[00:55:29] Fixed 2 duplicate /gene - pepA_1 pepA_2
[00:55:29] Fixed 3 duplicate /gene - sasA_1 sasA_2 sasA_3
[00:55:29] Fixed 2 duplicate /gene - rluD_1 rluD_2
[00:55:29] Fixed 2 duplicate /gene - ulaA_1 ulaA_2
[00:55:29] Fixed 2 duplicate /gene - thiE_1 thiE_2
[00:55:29] Fixed 2 duplicate /gene - thiM_1 thiM_2
[00:55:29] Fixed 2 duplicate /gene - gpmA_1 gpmA_2
[00:55:29] Fixed 3 duplicate /gene - phoU_1 phoU_2 phoU_3
[00:55:29] Fixed 2 duplicate /gene - tkt_1 tkt_2
[00:55:29] Fixed 3 duplicate /gene - agaA_1 agaA_2 agaA_3
[00:55:29] Fixed 4 duplicate /gene - xerC_1 xerC_2 xerC_3 xerC_4
[00:55:29] Fixed 2 duplicate /gene - arlR_1 arlR_2
[00:55:29] Fixed 2 duplicate /gene - tenA_1 tenA_2
[00:55:29] Fixed 2 duplicate /gene - resA_1 resA_2
[00:55:29] Fixed 2 duplicate /gene - melD_1 melD_2
[00:55:29] Fixed 2 duplicate /gene - glyG_1 glyG_2
[00:55:29] Fixed 2 duplicate /gene - bglA_1 bglA_2
[00:55:29] Fixed 2 duplicate /gene - serB_1 serB_2
[00:55:29] Fixed 2 duplicate /gene - iscS_1 iscS_2
[00:55:29] Fixed 2 duplicate /gene - lacG_1 lacG_2
[00:55:29] Fixed 4 duplicate /gene - licC_1 licC_2 licC_3 licC_4
[00:55:29] Fixed 2 duplicate /gene - ptsG_1 ptsG_2
[00:55:29] Fixed 2 duplicate /gene - gmuD_1 gmuD_2
[00:55:29] Fixed 2 duplicate /gene - glgX_1 glgX_2
[00:55:29] Fixed 104 colliding /gene names.
[00:55:29] Adding /locus_tag identifiers
[00:55:29] Assigned 2102 locus_tags to CDS and RNA features.
[00:55:29] Writing outputs to PROKKA_02182023/
[00:55:30] Generating annotation statistics file
[00:55:30] Generating Genbank and Sequin files
[00:55:30] Running: tbl2asn -V b -a r10k -l paired-ends -M n -N 1 -y 'Annotated using prokka 1.14.6 from https://github.com/tseemann/prokka' -Z PROKKA_02182023\/PROKKA_02182023\.err -i PROKKA_02182023\/PROKKA_02182023\.fsa 2> /dev/null
[00:55:33] Deleting unwanted file: PROKKA_02182023/errorsummary.val
[00:55:33] Deleting unwanted file: PROKKA_02182023/PROKKA_02182023.dr
[00:55:33] Deleting unwanted file: PROKKA_02182023/PROKKA_02182023.fixedproducts
[00:55:33] Deleting unwanted file: PROKKA_02182023/PROKKA_02182023.ecn
[00:55:33] Deleting unwanted file: PROKKA_02182023/PROKKA_02182023.val
[00:55:33] Repairing broken .GBK output that tbl2asn produces...
[00:55:33] Running: sed 's/COORDINATES: profile/COORDINATES:profile/' < PROKKA_02182023\/PROKKA_02182023\.gbf > PROKKA_02182023\/PROKKA_02182023\.gbk
[00:55:33] Deleting unwanted file: PROKKA_02182023/PROKKA_02182023.gbf
[00:55:33] Output files:
[00:55:33] PROKKA_02182023/PROKKA_02182023.gbk
[00:55:33] PROKKA_02182023/PROKKA_02182023.err
[00:55:33] PROKKA_02182023/PROKKA_02182023.faa
[00:55:33] PROKKA_02182023/PROKKA_02182023.log
[00:55:33] PROKKA_02182023/PROKKA_02182023.txt
[00:55:33] PROKKA_02182023/PROKKA_02182023.sqn
[00:55:33] PROKKA_02182023/PROKKA_02182023.gff
[00:55:33] PROKKA_02182023/PROKKA_02182023.tbl
[00:55:33] PROKKA_02182023/PROKKA_02182023.fna
[00:55:33] PROKKA_02182023/PROKKA_02182023.ffn
[00:55:33] PROKKA_02182023/PROKKA_02182023.tsv
[00:55:33] PROKKA_02182023/PROKKA_02182023.fsa
[00:55:33] Annotation finished successfully.
[00:55:33] Walltime used: 0.85 minutes
[00:55:33] If you use this result please cite the Prokka paper:
[00:55:33] Seemann T (2014) Prokka: rapid prokaryotic genome annotation. Bioinformatics. 30(14):2068-9.
[00:55:33] Type 'prokka --citation' for more details.
[00:55:33] Share and enjoy!
