02/18/2023 02:13:44 program started
02/18/2023 02:13:44 command line: /usr/local/bin/srst2 --input_pe ERR2090184_1.fastq.gz ERR2090184_2.fastq.gz --output ERR2090184_srst_output --log --gene_db GBS-SBG/GBS-SBG.fasta
02/18/2023 02:13:44 Total paired readsets found:1
02/18/2023 02:13:44 Building bowtie2 index for GBS-SBG/GBS-SBG.fasta...
02/18/2023 02:13:44 Running: bowtie2-build GBS-SBG/GBS-SBG.fasta GBS-SBG/GBS-SBG.fasta
02/18/2023 02:13:45 Processing database GBS-SBG/GBS-SBG.fasta
02/18/2023 02:13:45 Running: samtools faidx GBS-SBG/GBS-SBG.fasta
02/18/2023 02:13:45 Processing sample ERR2090184
02/18/2023 02:13:45 Starting mapping with bowtie2
02/18/2023 02:13:45 Output prefix set to: ERR2090184_srst_output__ERR2090184.GBS-SBG
02/18/2023 02:13:45 Aligning reads to index GBS-SBG/GBS-SBG.fasta using bowtie2...
02/18/2023 02:13:45 Running: bowtie2 -1 ERR2090184_1.fastq.gz -2 ERR2090184_2.fastq.gz -S ERR2090184_srst_output__ERR2090184.GBS-SBG.sam -q --very-sensitive-local --no-unal -a -x GBS-SBG/GBS-SBG.fasta
02/18/2023 02:14:45 Processing Bowtie2 output with SAMtools...
02/18/2023 02:14:45 Generate and sort BAM file...
02/18/2023 02:14:45 Running: samtools view -b -o ERR2090184_srst_output__ERR2090184.GBS-SBG.unsorted.bam -q 1 -S ERR2090184_srst_output__ERR2090184.GBS-SBG.sam.mod
02/18/2023 02:14:45 {'message': "Command 'samtools view -b -o ERR2090184_srst_output__ERR2090184.GBS-SBG.unsorted.bam -q 1 -S ERR2090184_srst_output__ERR2090184.GBS-SBG.sam.mod' failed with non-zero exit status: 1"}
02/18/2023 02:14:45  failed gene detection
02/18/2023 02:14:45 Tabulating results for database GBS-SBG/GBS-SBG.fasta ...
02/18/2023 02:14:45 Finished processing for database GBS-SBG/GBS-SBG.fasta ...
02/18/2023 02:14:45 Gene detection output printed to ERR2090184_srst_output__genes__GBS-SBG__results.txt
02/18/2023 02:14:45 SRST2 has finished.
