[bwa_index] Pack FASTA... 0.01 sec
[bwa_index] Construct BWT for the packed sequence...
[bwa_index] 0.61 seconds elapse.
[bwa_index] Update BWT... 0.02 sec
[bwa_index] Pack forward-only FASTA... 0.01 sec
[bwa_index] Construct SA from BWT and Occ... 0.11 sec
[main] Version: 0.7.15-r1140
[main] CMD: /usr/local/lib/python2.7/dist-packages/quast-5.0.2-py2.7.egg/quast_libs/bwa/bwa index -p /data/ERR3227761_quast_output/quast_corrected_input/ERR3227761_contigs.fasta /data/ERR3227761_quast_output/quast_corrected_input/ERR3227761_contigs.fasta
[main] Real time: 0.771 sec; CPU: 0.761 sec
[M::bwa_idx_load_from_disk] read 0 ALT contigs
[M::process] read 132452 sequences (20000252 bp)...
[M::process] read 132452 sequences (20000252 bp)...
[M::mem_pestat] # candidate unique pairs for (FF, FR, RF, RR): (0, 62721, 223, 1)
[M::mem_pestat] skip orientation FF as there are not enough pairs
[M::mem_pestat] analyzing insert size distribution for orientation FR...
[M::mem_pestat] (25, 50, 75) percentile: (376, 445, 538)
[M::mem_pestat] low and high boundaries for computing mean and std.dev: (52, 862)
[M::mem_pestat] mean and std.dev: (462.31, 122.67)
[M::mem_pestat] low and high boundaries for proper pairs: (1, 1024)
[M::mem_pestat] analyzing insert size distribution for orientation RF...
[M::mem_pestat] (25, 50, 75) percentile: (34, 68, 100)
[M::mem_pestat] low and high boundaries for computing mean and std.dev: (1, 232)
[M::mem_pestat] mean and std.dev: (73.04, 48.08)
[M::mem_pestat] low and high boundaries for proper pairs: (1, 298)
[M::mem_pestat] skip orientation RR as there are not enough pairs
[M::mem_pestat] skip orientation RF
[M::mem_process_seqs] Processed 132452 reads in 4.592 CPU sec, 2.211 real sec
[M::process] read 132452 sequences (20000252 bp)...
[M::mem_pestat] # candidate unique pairs for (FF, FR, RF, RR): (0, 65326, 0, 0)
[M::mem_pestat] skip orientation FF as there are not enough pairs
[M::mem_pestat] analyzing insert size distribution for orientation FR...
[M::mem_pestat] (25, 50, 75) percentile: (379, 448, 540)
[M::mem_pestat] low and high boundaries for computing mean and std.dev: (57, 862)
[M::mem_pestat] mean and std.dev: (465.68, 120.93)
[M::mem_pestat] low and high boundaries for proper pairs: (1, 1023)
[M::mem_pestat] skip orientation RF as there are not enough pairs
[M::mem_pestat] skip orientation RR as there are not enough pairs
[M::mem_process_seqs] Processed 132452 reads in 4.242 CPU sec, 2.002 real sec
[M::process] read 132452 sequences (20000252 bp)...
[M::mem_pestat] # candidate unique pairs for (FF, FR, RF, RR): (0, 63277, 1, 1)
[M::mem_pestat] skip orientation FF as there are not enough pairs
[M::mem_pestat] analyzing insert size distribution for orientation FR...
[M::mem_pestat] (25, 50, 75) percentile: (378, 446, 540)
[M::mem_pestat] low and high boundaries for computing mean and std.dev: (54, 864)
[M::mem_pestat] mean and std.dev: (464.81, 121.52)
[M::mem_pestat] low and high boundaries for proper pairs: (1, 1026)
[M::mem_pestat] skip orientation RF as there are not enough pairs
[M::mem_pestat] skip orientation RR as there are not enough pairs
[M::mem_process_seqs] Processed 132452 reads in 4.430 CPU sec, 2.072 real sec
[M::process] read 132452 sequences (20000252 bp)...
[M::mem_pestat] # candidate unique pairs for (FF, FR, RF, RR): (0, 63992, 4, 1)
[M::mem_pestat] skip orientation FF as there are not enough pairs
[M::mem_pestat] analyzing insert size distribution for orientation FR...
[M::mem_pestat] (25, 50, 75) percentile: (378, 446, 540)
[M::mem_pestat] low and high boundaries for computing mean and std.dev: (54, 864)
[M::mem_pestat] mean and std.dev: (465.39, 122.11)
[M::mem_pestat] low and high boundaries for proper pairs: (1, 1026)
[M::mem_pestat] skip orientation RF as there are not enough pairs
[M::mem_pestat] skip orientation RR as there are not enough pairs
[M::mem_process_seqs] Processed 132452 reads in 4.509 CPU sec, 2.123 real sec
[M::process] read 132452 sequences (20000252 bp)...
[M::mem_pestat] # candidate unique pairs for (FF, FR, RF, RR): (1, 62113, 8, 2)
[M::mem_pestat] skip orientation FF as there are not enough pairs
[M::mem_pestat] analyzing insert size distribution for orientation FR...
[M::mem_pestat] (25, 50, 75) percentile: (378, 447, 540)
[M::mem_pestat] low and high boundaries for computing mean and std.dev: (54, 864)
[M::mem_pestat] mean and std.dev: (464.60, 121.28)
[M::mem_pestat] low and high boundaries for proper pairs: (1, 1026)
[M::mem_pestat] skip orientation RF as there are not enough pairs
[M::mem_pestat] skip orientation RR as there are not enough pairs
[M::mem_process_seqs] Processed 132452 reads in 4.894 CPU sec, 2.304 real sec
[M::process] read 132452 sequences (20000252 bp)...
[M::mem_pestat] # candidate unique pairs for (FF, FR, RF, RR): (0, 62470, 5, 0)
[M::mem_pestat] skip orientation FF as there are not enough pairs
[M::mem_pestat] analyzing insert size distribution for orientation FR...
[M::mem_pestat] (25, 50, 75) percentile: (378, 446, 539)
[M::mem_pestat] low and high boundaries for computing mean and std.dev: (56, 861)
[M::mem_pestat] mean and std.dev: (464.37, 121.45)
[M::mem_pestat] low and high boundaries for proper pairs: (1, 1022)
[M::mem_pestat] skip orientation RF as there are not enough pairs
[M::mem_pestat] skip orientation RR as there are not enough pairs
[M::mem_process_seqs] Processed 132452 reads in 4.616 CPU sec, 2.172 real sec
[M::process] read 132452 sequences (20000252 bp)...
[M::mem_pestat] # candidate unique pairs for (FF, FR, RF, RR): (5, 63668, 0, 2)
[M::mem_pestat] skip orientation FF as there are not enough pairs
[M::mem_pestat] analyzing insert size distribution for orientation FR...
[M::mem_pestat] (25, 50, 75) percentile: (379, 447, 541)
[M::mem_pestat] low and high boundaries for computing mean and std.dev: (55, 865)
[M::mem_pestat] mean and std.dev: (465.55, 121.74)
[M::mem_pestat] low and high boundaries for proper pairs: (1, 1027)
[M::mem_pestat] skip orientation RF as there are not enough pairs
[M::mem_pestat] skip orientation RR as there are not enough pairs
[M::mem_process_seqs] Processed 132452 reads in 4.525 CPU sec, 2.128 real sec
[M::process] read 132452 sequences (20000252 bp)...
[M::mem_pestat] # candidate unique pairs for (FF, FR, RF, RR): (0, 63048, 0, 1)
[M::mem_pestat] skip orientation FF as there are not enough pairs
[M::mem_pestat] analyzing insert size distribution for orientation FR...
[M::mem_pestat] (25, 50, 75) percentile: (377, 446, 538)
[M::mem_pestat] low and high boundaries for computing mean and std.dev: (55, 860)
[M::mem_pestat] mean and std.dev: (463.55, 120.70)
[M::mem_pestat] low and high boundaries for proper pairs: (1, 1021)
[M::mem_pestat] skip orientation RF as there are not enough pairs
[M::mem_pestat] skip orientation RR as there are not enough pairs
[M::mem_process_seqs] Processed 132452 reads in 4.592 CPU sec, 2.168 real sec
[M::process] read 132452 sequences (20000252 bp)...
[M::mem_pestat] # candidate unique pairs for (FF, FR, RF, RR): (2, 63396, 1, 0)
[M::mem_pestat] skip orientation FF as there are not enough pairs
[M::mem_pestat] analyzing insert size distribution for orientation FR...
[M::mem_pestat] (25, 50, 75) percentile: (380, 448, 540)
[M::mem_pestat] low and high boundaries for computing mean and std.dev: (60, 860)
[M::mem_pestat] mean and std.dev: (466.11, 121.17)
[M::mem_pestat] low and high boundaries for proper pairs: (1, 1020)
[M::mem_pestat] skip orientation RF as there are not enough pairs
[M::mem_pestat] skip orientation RR as there are not enough pairs
[M::mem_process_seqs] Processed 132452 reads in 4.521 CPU sec, 2.114 real sec
[M::process] read 132452 sequences (20000252 bp)...
[M::mem_pestat] # candidate unique pairs for (FF, FR, RF, RR): (1, 64000, 5, 0)
[M::mem_pestat] skip orientation FF as there are not enough pairs
[M::mem_pestat] analyzing insert size distribution for orientation FR...
[M::mem_pestat] (25, 50, 75) percentile: (379, 448, 541)
[M::mem_pestat] low and high boundaries for computing mean and std.dev: (55, 865)
[M::mem_pestat] mean and std.dev: (465.88, 121.68)
[M::mem_pestat] low and high boundaries for proper pairs: (1, 1027)
[M::mem_pestat] skip orientation RF as there are not enough pairs
[M::mem_pestat] skip orientation RR as there are not enough pairs
[M::mem_process_seqs] Processed 132452 reads in 4.701 CPU sec, 2.214 real sec
[M::process] read 132452 sequences (20000252 bp)...
[M::mem_pestat] # candidate unique pairs for (FF, FR, RF, RR): (1, 61076, 0, 0)
[M::mem_pestat] skip orientation FF as there are not enough pairs
[M::mem_pestat] analyzing insert size distribution for orientation FR...
[M::mem_pestat] (25, 50, 75) percentile: (380, 449, 541)
[M::mem_pestat] low and high boundaries for computing mean and std.dev: (58, 863)
[M::mem_pestat] mean and std.dev: (466.74, 121.41)
[M::mem_pestat] low and high boundaries for proper pairs: (1, 1024)
[M::mem_pestat] skip orientation RF as there are not enough pairs
[M::mem_pestat] skip orientation RR as there are not enough pairs
[M::mem_process_seqs] Processed 132452 reads in 4.975 CPU sec, 2.344 real sec
[M::process] read 132452 sequences (20000252 bp)...
[M::mem_pestat] # candidate unique pairs for (FF, FR, RF, RR): (0, 62115, 70, 0)
[M::mem_pestat] skip orientation FF as there are not enough pairs
[M::mem_pestat] analyzing insert size distribution for orientation FR...
[M::mem_pestat] (25, 50, 75) percentile: (378, 448, 540)
[M::mem_pestat] low and high boundaries for computing mean and std.dev: (54, 864)
[M::mem_pestat] mean and std.dev: (465.62, 121.87)
[M::mem_pestat] low and high boundaries for proper pairs: (1, 1026)
[M::mem_pestat] analyzing insert size distribution for orientation RF...
[M::mem_pestat] (25, 50, 75) percentile: (81, 151, 198)
[M::mem_pestat] low and high boundaries for computing mean and std.dev: (1, 432)
[M::mem_pestat] mean and std.dev: (137.65, 63.95)
[M::mem_pestat] low and high boundaries for proper pairs: (1, 549)
[M::mem_pestat] skip orientation RR as there are not enough pairs
[M::mem_pestat] skip orientation RF
[M::mem_process_seqs] Processed 132452 reads in 4.728 CPU sec, 2.238 real sec
[M::process] read 98894 sequences (14932994 bp)...
[M::mem_pestat] # candidate unique pairs for (FF, FR, RF, RR): (1, 62514, 38, 0)
[M::mem_pestat] skip orientation FF as there are not enough pairs
[M::mem_pestat] analyzing insert size distribution for orientation FR...
[M::mem_pestat] (25, 50, 75) percentile: (378, 445, 538)
[M::mem_pestat] low and high boundaries for computing mean and std.dev: (58, 858)
[M::mem_pestat] mean and std.dev: (463.52, 120.31)
[M::mem_pestat] low and high boundaries for proper pairs: (1, 1018)
[M::mem_pestat] analyzing insert size distribution for orientation RF...
[M::mem_pestat] (25, 50, 75) percentile: (38, 71, 103)
[M::mem_pestat] low and high boundaries for computing mean and std.dev: (1, 233)
[M::mem_pestat] mean and std.dev: (67.88, 47.66)
[M::mem_pestat] low and high boundaries for proper pairs: (1, 298)
[M::mem_pestat] skip orientation RR as there are not enough pairs
[M::mem_pestat] skip orientation RF
[M::mem_process_seqs] Processed 132452 reads in 4.654 CPU sec, 2.198 real sec
[M::mem_pestat] # candidate unique pairs for (FF, FR, RF, RR): (0, 47400, 265, 0)
[M::mem_pestat] skip orientation FF as there are not enough pairs
[M::mem_pestat] analyzing insert size distribution for orientation FR...
[M::mem_pestat] (25, 50, 75) percentile: (370, 439, 531)
[M::mem_pestat] low and high boundaries for computing mean and std.dev: (48, 853)
[M::mem_pestat] mean and std.dev: (455.01, 124.91)
[M::mem_pestat] low and high boundaries for proper pairs: (1, 1014)
[M::mem_pestat] analyzing insert size distribution for orientation RF...
[M::mem_pestat] (25, 50, 75) percentile: (25, 53, 81)
[M::mem_pestat] low and high boundaries for computing mean and std.dev: (1, 193)
[M::mem_pestat] mean and std.dev: (60.72, 44.23)
[M::mem_pestat] low and high boundaries for proper pairs: (1, 249)
[M::mem_pestat] skip orientation RR as there are not enough pairs
[M::mem_pestat] skip orientation RF
[M::mem_process_seqs] Processed 98894 reads in 3.207 CPU sec, 1.568 real sec
[main] Version: 0.7.15-r1140
[main] CMD: /usr/local/lib/python2.7/dist-packages/quast-5.0.2-py2.7.egg/quast_libs/bwa/bwa mem -t 2 /data/ERR3227761_quast_output/quast_corrected_input/ERR3227761_contigs.fasta /data/ERR3227761_1.fastq.gz /data/ERR3227761_2.fastq.gz
[main] Real time: 30.344 sec; CPU: 63.484 sec
finding positions of the duplicate reads in the file...
  sorted 905161 end pairs
     and 4516 single ends (among them 0 unmatched pairs)
  collecting indices of duplicate reads...   done in 84 ms
  found 99991 duplicates
collected list of positions in 0 min 4 sec
removing duplicates...
total time elapsed: 0 min 31 sec
