### echo snippy 4.6.0
### cd /data

### /snippy-4.6.0/bin/snippy --outdir ERR3227778_GPSC46_result --R1 ERR3227778_1.fastq.gz --R2 ERR3227778_2.fastq.gz --ref Reference_sequence_GPSC46.fa --force --quiet

### samtools faidx reference/ref.fa


### bwa index reference/ref.fa

[bwa_index] Pack FASTA... 0.02 sec
[bwa_index] Construct BWT for the packed sequence...
[bwa_index] 0.60 seconds elapse.
[bwa_index] Update BWT... 0.02 sec
[bwa_index] Pack forward-only FASTA... 0.01 sec
[bwa_index] Construct SA from BWT and Occ... 0.11 sec
[main] Version: 0.7.17-r1188
[main] CMD: bwa index reference/ref.fa
[main] Real time: 0.771 sec; CPU: 0.762 sec

### mkdir -p reference/genomes && cp -f reference/ref.fa reference/genomes/ref.fa


### ln -sf reference/ref.fa .


### ln -sf reference/ref.fa.fai .


### mkdir -p reference/ref && gzip -c reference/ref.gff > reference/ref/genes.gff.gz


### bwa mem  -Y -M -R '@RG\tID:ERR3227778_GPSC46_result\tSM:ERR3227778_GPSC46_result' -t 8 reference/ref.fa /data/ERR3227778_1.fastq.gz /data/ERR3227778_2.fastq.gz | samclip --max 10 --ref reference/ref.fa.fai | samtools sort -n -l 0 -T /tmp --threads 3 -m 2000M | samtools fixmate -m --threads 3 - - | samtools sort -l 0 -T /tmp --threads 3 -m 2000M | samtools markdup -T /tmp --threads 3 -r -s - - > snps.bam

COMMAND: samtools markdup -T /tmp --threads 3 -r -s - -
READ: 2532838
WRITTEN: 2362243
EXCLUDED: 323147
EXAMINED: 2209691
PAIRED: 2126390
SINGLE: 83301
DUPLICATE PAIR: 132916
DUPLICATE SINGLE: 37679
DUPLICATE PAIR OPTICAL: 0
DUPLICATE SINGLE OPTICAL: 0
DUPLICATE NON PRIMARY: 0
DUPLICATE NON PRIMARY OPTICAL: 0
DUPLICATE PRIMARY TOTAL: 170595
DUPLICATE TOTAL: 170595
ESTIMATED_LIBRARY_SIZE: 8146277

### samtools index snps.bam


### fasta_generate_regions.py reference/ref.fa.fai 140398 > reference/ref.txt


### freebayes-parallel reference/ref.txt 8 -p 2 -P 0 -C 2 -F 0.05 --min-coverage 10 --min-repeat-entropy 1.0 -q 13 -m 60 --strict-vcf   -f reference/ref.fa snps.bam > snps.raw.vcf


### bcftools view --include 'FMT/GT="1/1" && QUAL>=100 && FMT/DP>=10 && (FMT/AO)/(FMT/DP)>=0' snps.raw.vcf  | vt normalize -r reference/ref.fa - | bcftools annotate --remove '^INFO/TYPE,^INFO/DP,^INFO/RO,^INFO/AO,^INFO/AB,^FORMAT/GT,^FORMAT/DP,^FORMAT/RO,^FORMAT/AO,^FORMAT/QR,^FORMAT/QA,^FORMAT/GL' > snps.filt.vcf


### cp snps.filt.vcf snps.vcf


### /snippy-4.6.0/bin/snippy-vcf_to_tab --gff reference/ref.gff --ref reference/ref.fa --vcf snps.vcf > snps.tab

Loading reference: reference/ref.fa
Loaded 20 sequences.
Loading features: reference/ref.gff
Parsing variants: snps.vcf
Converted 14641 SNPs to TAB format.

### /snippy-4.6.0/bin/snippy-vcf_extract_subs snps.filt.vcf > snps.subs.vcf


### bcftools convert -Oz -o snps.vcf.gz snps.vcf


### bcftools index -f snps.vcf.gz


### bcftools consensus --sample ERR3227778_GPSC46_result -f reference/ref.fa -o snps.consensus.fa snps.vcf.gz

Applied 14641 variants

### bcftools convert -Oz -o snps.subs.vcf.gz snps.subs.vcf


### bcftools index -f snps.subs.vcf.gz


### bcftools consensus --sample ERR3227778_GPSC46_result -f reference/ref.fa -o snps.consensus.subs.fa snps.subs.vcf.gz

Applied 18040 variants

### rm -f snps.subs.vcf.gz snps.subs.vcf.gz.csi snps.subs.vcf.gz.tbi

