02/18/2023 03:18:31 program started
02/18/2023 03:18:31 command line: /usr/local/bin/srst2 --input_pe ERR2090120_1.fastq.gz ERR2090120_2.fastq.gz --output ERR2090120_mlst --log --mlst_db Streptococcus_pneumoniae.fasta --mlst_definitions profiles_csv --mlst_delimiter _ --threads 8
02/18/2023 03:18:31 Total paired readsets found:1
02/18/2023 03:18:31 Building bowtie2 index for Streptococcus_pneumoniae.fasta...
02/18/2023 03:18:31 Running: bowtie2-build Streptococcus_pneumoniae.fasta Streptococcus_pneumoniae.fasta
02/18/2023 03:18:39 Processing database Streptococcus_pneumoniae.fasta
02/18/2023 03:18:39 Running: samtools faidx Streptococcus_pneumoniae.fasta
02/18/2023 03:18:42 Processing sample ERR2090120
02/18/2023 03:18:42 Starting mapping with bowtie2
02/18/2023 03:18:42 Output prefix set to: ERR2090120_mlst__ERR2090120.Streptococcus_pneumoniae
02/18/2023 03:18:42 Aligning reads to index Streptococcus_pneumoniae.fasta using bowtie2...
02/18/2023 03:18:42 Running: bowtie2 -1 ERR2090120_1.fastq.gz -2 ERR2090120_2.fastq.gz -S ERR2090120_mlst__ERR2090120.Streptococcus_pneumoniae.sam -q --very-sensitive-local --no-unal -a -x Streptococcus_pneumoniae.fasta --threads 8
02/18/2023 03:49:08 Processing Bowtie2 output with SAMtools...
02/18/2023 03:49:08 Generate and sort BAM file...
02/18/2023 03:49:08 Running: samtools view -b -o ERR2090120_mlst__ERR2090120.Streptococcus_pneumoniae.unsorted.bam -q 1 -S ERR2090120_mlst__ERR2090120.Streptococcus_pneumoniae.sam.mod
02/18/2023 03:49:20 Running: samtools sort ERR2090120_mlst__ERR2090120.Streptococcus_pneumoniae.unsorted.bam ERR2090120_mlst__ERR2090120.Streptococcus_pneumoniae.sorted
02/18/2023 03:49:59 Deleting sam and bam files that are not longer needed...
02/18/2023 03:49:59 Deleting ERR2090120_mlst__ERR2090120.Streptococcus_pneumoniae.sam
02/18/2023 03:49:59 Deleting ERR2090120_mlst__ERR2090120.Streptococcus_pneumoniae.sam.mod
02/18/2023 03:49:59 Deleting ERR2090120_mlst__ERR2090120.Streptococcus_pneumoniae.unsorted.bam
02/18/2023 03:49:59 Generate pileup...
02/18/2023 03:49:59 Running: samtools mpileup -L 1000 -f Streptococcus_pneumoniae.fasta -Q 20 -q 1 -B ERR2090120_mlst__ERR2090120.Streptococcus_pneumoniae.sorted.bam
02/18/2023 03:50:05  Processing SAMtools pileup...
02/18/2023 03:50:51  Scoring alleles...
02/18/2023 03:51:52  ERR2090120	90	5	6	1	2	6	3	4	0	-	58.0162857143	0.0357142857143
02/18/2023 03:51:52  Finished processing for read set ERR2090120 ...
02/18/2023 03:51:52 Finished processing for database Streptococcus_pneumoniae.fasta ...
02/18/2023 03:51:52 MLST output printed to ERR2090120_mlst__mlst__Streptococcus_pneumoniae__results.txt
02/18/2023 03:51:52 SRST2 has finished.
