[01:04:17] This is prokka 1.14.6
[01:04:17] Written by Torsten Seemann <torsten.seemann@gmail.com>
[01:04:17] Homepage is https://github.com/tseemann/prokka
[01:04:17] Local time is Sat Feb 18 01:04:17 2023
[01:04:17] You are not telling me who you are!
[01:04:17] Operating system is linux
[01:04:17] You have BioPerl 1.007002
[01:04:17] System has 16 cores.
[01:04:17] Will use maximum of 8 cores.
[01:04:17] Annotating as >>> Bacteria <<<
[01:04:17] Generating locus_tag from 'ERR2090378_contigs.fasta' contents.
[01:04:17] Setting --locustag DFCDMKEF from MD5 dfcd64ef699b5d84c433de8e635be742
[01:04:17] Creating new output folder: PROKKA_02182023
[01:04:17] Running: mkdir -p PROKKA_02182023
[01:04:17] Using filename prefix: PROKKA_02182023.XXX
[01:04:17] Setting HMMER_NCPU=1
[01:04:17] Writing log to: PROKKA_02182023/PROKKA_02182023.log
[01:04:17] Command: /prokka-1.14.6/bin/prokka ERR2090378_contigs.fasta
[01:04:17] Appending to PATH: /prokka-1.14.6/bin/../binaries/linux
[01:04:17] Appending to PATH: /prokka-1.14.6/bin/../binaries/linux/../common
[01:04:17] Appending to PATH: /prokka-1.14.6/bin
[01:04:17] Looking for 'aragorn' - found /prokka-1.14.6/binaries/linux/aragorn
[01:04:17] Determined aragorn version is 001002 from 'ARAGORN v1.2.38 Dean Laslett'
[01:04:17] Looking for 'barrnap' - found /barrnap-0.9/bin/barrnap
[01:04:17] Determined barrnap version is 000009 from 'barrnap 0.9'
[01:04:17] Looking for 'blastp' - found /ncbi-blast-2.9.0+/bin/blastp
[01:04:17] Determined blastp version is 002009 from 'blastp: 2.9.0+'
[01:04:17] Looking for 'cmpress' - found /prokka-1.14.6/binaries/linux/cmpress
[01:04:17] Determined cmpress version is 001001 from '# INFERNAL 1.1.2 (July 2016)'
[01:04:17] Looking for 'cmscan' - found /prokka-1.14.6/binaries/linux/cmscan
[01:04:17] Determined cmscan version is 001001 from '# INFERNAL 1.1.2 (July 2016)'
[01:04:17] Looking for 'egrep' - found /bin/egrep
[01:04:17] Looking for 'find' - found /usr/bin/find
[01:04:17] Looking for 'grep' - found /bin/grep
[01:04:17] Looking for 'hmmpress' - found /usr/bin/hmmpress
[01:04:17] Determined hmmpress version is 003001 from '# HMMER 3.1b2 (February 2015); http://hmmer.org/'
[01:04:17] Looking for 'hmmscan' - found /usr/bin/hmmscan
[01:04:17] Determined hmmscan version is 003001 from '# HMMER 3.1b2 (February 2015); http://hmmer.org/'
[01:04:17] Looking for 'java' - found /usr/bin/java
[01:04:17] Looking for 'makeblastdb' - found /ncbi-blast-2.9.0+/bin/makeblastdb
[01:04:17] Determined makeblastdb version is 002009 from 'makeblastdb: 2.9.0+'
[01:04:17] Looking for 'minced' - found /prokka-1.14.6/binaries/common/minced
[01:04:17] Determined minced version is 002000 from 'minced 0.2.0'
[01:04:17] Looking for 'parallel' - found /prokka-1.14.6/binaries/common/parallel
[01:04:17] Determined parallel version is 20150122 from 'GNU parallel 20150122'
[01:04:17] Looking for 'prodigal' - found /prokka-1.14.6/binaries/linux/prodigal
[01:04:17] Determined prodigal version is 002006 from 'Prodigal V2.6.3: February, 2016'
[01:04:17] Looking for 'prokka-genbank_to_fasta_db' - found /prokka-1.14.6/bin/prokka-genbank_to_fasta_db
[01:04:17] Looking for 'sed' - found /bin/sed
[01:04:17] Looking for 'tbl2asn' - found /usr/bin/tbl2asn
[01:04:17] Determined tbl2asn version is 025008 from 'tbl2asn 25.8   arguments:'
[01:04:17] Using genetic code table 11.
[01:04:17] Loading and checking input file: ERR2090378_contigs.fasta
[01:04:17] Wrote 269 contigs totalling 2063206 bp.
[01:04:17] Predicting tRNAs and tmRNAs
[01:04:17] Running: aragorn -l -gc11  -w PROKKA_02182023\/PROKKA_02182023\.fna
[01:04:18] 1 tRNA-Leu c[63076,63163] 36 (aag)
[01:04:18] 1 tRNA-Lys [38445,38520] 35 (ctt)
[01:04:18] 1 tRNA-Arg c[49854,49927] 35 (ccg)
[01:04:18] 2 tRNA-Arg c[91686,91757] 34 (cct)
[01:04:18] 1 tRNA-Tyr [10400,10480] 35 (gta)
[01:04:18] 2 tRNA-Gln [10490,10561] 33 (ttg)
[01:04:18] 3 tmRNA [24572,24916] 83,118 AKNNTSYALAA*
[01:04:18] 4 tRNA-Ser c[25088,25177] 36 (gga)
[01:04:18] 1 tRNA-Phe c[15209,15306] 39 (aaa)
[01:04:18] 1 tRNA-Thr c[63411,63483] 34 (ggt)
[01:04:18] 1 tRNA-Cys c[31564,31637] 34 (gca)
[01:04:18] 1 tRNA-Leu c[53311,53396] 36 (caa)
[01:04:18] 1 tRNA-Arg [17735,17808] 35 (tct)
[01:04:18] 2 tRNA-Glu [20245,20316] 34 (ttc)
[01:04:18] 3 tRNA-Asn [20322,20395] 35 (gtt)
[01:04:18] 1 tRNA-Ser [60,149] 36 (gct)
[01:04:18] 1 tRNA-Val [59,131] 34 (tac)
[01:04:18] 2 tRNA-Asp [134,206] 34 (gtc)
[01:04:18] 3 tRNA-Lys [231,303] 34 (ttt)
[01:04:18] 4 tRNA-Leu [308,391] 36 (tag)
[01:04:18] 5 tRNA-Thr [409,481] 34 (tgt)
[01:04:18] 6 tRNA-Gly [504,575] 33 (gcc)
[01:04:18] 7 tRNA-Leu [583,668] 35 (taa)
[01:04:18] 8 tRNA-Arg [678,751] 35 (acg)
[01:04:18] 9 tRNA-Pro [766,841] 36 (tgg)
[01:04:18] 1 tRNA-Ala [1902,1976] 35 (tgc)
[01:04:18] 1 tRNA-Met [55,130] 36 (cat)
[01:04:18] 2 tRNA-Met [143,216] 35 (cat)
[01:04:18] 3 tRNA-Ser [227,316] 37 (tga)
[01:04:18] 4 tRNA-Met [327,400] 35 (cat)
[01:04:18] 5 tRNA-Phe [404,476] 34 (gaa)
[01:04:18] 6 tRNA-Gly [496,566] 33 (tcc)
[01:04:18] 7 tRNA-Ile [601,676] 36 (gat)
[01:04:18] 1 tRNA-His c[68,142] 35 (gtg)
[01:04:18] 2 tRNA-Trp c[155,227] 34 (cca)
[01:04:18] 1 tRNA-Met [40,113] 35 (cat)
[01:04:18] Found 36 tRNAs
[01:04:18] Predicting Ribosomal RNAs
[01:04:18] Running Barrnap with 8 threads
[01:04:18] 1 NODE_42_length_5194_cov_328.323215 309 16S ribosomal RNA
[01:04:18] 2 NODE_42_length_5194_cov_328.323215 2102 23S ribosomal RNA
[01:04:18] 3 NODE_42_length_5194_cov_328.323215 5081 5S ribosomal RNA
[01:04:18] Found 3 rRNAs
[01:04:18] Skipping ncRNA search, enable with --rfam if desired.
[01:04:18] Total of 38 tRNA + rRNA features
[01:04:18] Searching for CRISPR repeats
[01:04:19] Found 0 CRISPRs
[01:04:19] Predicting coding sequences
[01:04:19] Contigs total 2063206 bp, so using single mode
[01:04:19] Running: prodigal -i PROKKA_02182023\/PROKKA_02182023\.fna -c -m -g 11 -p single -f sco -q
[01:04:20] Excluding CDS which overlaps existing RNA (tRNA) at NODE_9_length_86758_cov_84.652699:13814..15355 on - strand
[01:04:20] Found 1981 CDS
[01:04:20] Connecting features back to sequences
[01:04:20] Not using genus-specific database. Try --usegenus to enable it.
[01:04:20] Annotating CDS, please be patient.
[01:04:20] Will use 8 CPUs for similarity searching.
[01:04:21] There are still 1981 unannotated CDS left (started with 1981)
[01:04:21] Will use blast to search against /prokka-1.14.6/db/kingdom/Bacteria/IS with 8 CPUs
[01:04:21] Running: cat PROKKA_02182023\/PROKKA_02182023\.IS\.tmp\.1\.faa | parallel --gnu --plain -j 8 --block 37187 --recstart '>' --pipe blastp -query - -db /prokka-1.14.6/db/kingdom/Bacteria/IS -evalue 1e-30 -qcov_hsp_perc 90 -num_threads 1 -num_descriptions 1 -num_alignments 1 -seg no > PROKKA_02182023\/PROKKA_02182023\.IS\.tmp\.1\.blast 2> /dev/null
[01:04:25] Modify product: ISL3 family transposase IS1167A => ISL3 family transposaseA
[01:04:25] Cleaned 1 /product names
[01:04:25] Deleting unwanted file: PROKKA_02182023/PROKKA_02182023.IS.tmp.1.faa
[01:04:25] Deleting unwanted file: PROKKA_02182023/PROKKA_02182023.IS.tmp.1.blast
[01:04:26] There are still 1960 unannotated CDS left (started with 1981)
[01:04:26] Will use blast to search against /prokka-1.14.6/db/kingdom/Bacteria/AMR with 8 CPUs
[01:04:26] Running: cat PROKKA_02182023\/PROKKA_02182023\.AMR\.tmp\.1\.faa | parallel --gnu --plain -j 8 --block 36980 --recstart '>' --pipe blastp -query - -db /prokka-1.14.6/db/kingdom/Bacteria/AMR -evalue 9.99999999999999e-301 -qcov_hsp_perc 90 -num_threads 1 -num_descriptions 1 -num_alignments 1 -seg no > PROKKA_02182023\/PROKKA_02182023\.AMR\.tmp\.1\.blast 2> /dev/null
[01:04:29] Deleting unwanted file: PROKKA_02182023/PROKKA_02182023.AMR.tmp.1.faa
[01:04:29] Deleting unwanted file: PROKKA_02182023/PROKKA_02182023.AMR.tmp.1.blast
[01:04:30] There are still 1958 unannotated CDS left (started with 1981)
[01:04:30] Will use blast to search against /prokka-1.14.6/db/kingdom/Bacteria/sprot with 8 CPUs
[01:04:30] Running: cat PROKKA_02182023\/PROKKA_02182023\.sprot\.tmp\.1\.faa | parallel --gnu --plain -j 8 --block 36909 --recstart '>' --pipe blastp -query - -db /prokka-1.14.6/db/kingdom/Bacteria/sprot -evalue 1e-09 -qcov_hsp_perc 80 -num_threads 1 -num_descriptions 1 -num_alignments 1 -seg no > PROKKA_02182023\/PROKKA_02182023\.sprot\.tmp\.1\.blast 2> /dev/null
[01:04:45] Modify product: Uncharacterized HTH-type transcriptional regulator YbbH => putative HTH-type transcriptional regulator YbbH
[01:04:45] Modify product: Uncharacterized oxidoreductase YjhC => putative oxidoreductase YjhC
[01:04:45] Modify product: Uncharacterized protein YhaP => putative protein YhaP
[01:04:45] Modify product: Multidrug efflux system ATP-binding protein Rv1218c => Multidrug efflux system ATP-binding protein
[01:04:45] Modify product: UPF0398 protein SP_0371 => hypothetical protein
[01:04:45] Modify product: Uncharacterized HTH-type transcriptional regulator SACOL2360 => putative HTH-type transcriptional regulator
[01:04:45] Modify product: Probable murein peptide carboxypeptidase => putative murein peptide carboxypeptidase
[01:04:45] Modify product: UPF0297 protein SP_0192 => hypothetical protein
[01:04:45] Modify product: UPF0473 protein SP_0194 => hypothetical protein
[01:04:45] Modify product: UPF0237 protein SP_0238 => hypothetical protein
[01:04:45] Modify product: UPF0210 protein SP_0239 => hypothetical protein
[01:04:45] Modify product: Uncharacterized protein HI_0131 => putative protein
[01:04:45] Modify product: Uncharacterized HTH-type transcriptional regulator YdjF => putative HTH-type transcriptional regulator YdjF
[01:04:45] Modify product: Putative zinc metalloprotease SA1105 => Putative zinc metalloprotease
[01:04:45] Modify product: Uncharacterized ABC transporter permease YknZ => putative ABC transporter permease YknZ
[01:04:45] Modify product: Uncharacterized ABC transporter ATP-binding protein YknY => putative ABC transporter ATP-binding protein YknY
[01:04:45] Modify product: Uncharacterized ABC transporter ATP-binding protein YbiT => putative ABC transporter ATP-binding protein YbiT
[01:04:45] Modify product: Probable dual-specificity RNA methyltransferase RlmN => putative dual-specificity RNA methyltransferase RlmN
[01:04:45] Modify product: Uncharacterized protein YqeN => putative protein YqeN
[01:04:45] Modify product: Probable dihydroorotate dehydrogenase A (fumarate) => putative dihydroorotate dehydrogenase A (fumarate)
[01:04:45] Modify product: DegV domain-containing protein spr0652 => DegV domain-containing protein
[01:04:45] Modify product: Uncharacterized protein HI_0933 => putative protein
[01:04:45] Modify product: Probable ABC transporter ATP-binding protein M6_Spy0273 => putative ABC transporter ATP-binding protein
[01:04:45] Modify product: UPF0051 protein SA0778 => hypothetical protein
[01:04:45] Modify product: UPF0051 protein SA0778 => hypothetical protein
[01:04:45] Modify product: Probable tRNA sulfurtransferase => putative tRNA sulfurtransferase
[01:04:45] Modify product: Uncharacterized protein YbbA => putative protein YbbA
[01:04:45] Modify product: Probable manganese-dependent inorganic pyrophosphatase => putative manganese-dependent inorganic pyrophosphatase
[01:04:45] Modify product: UPF0213 protein SP_1535 => hypothetical protein
[01:04:45] Modify product: DegV domain-containing protein spr1415 => DegV domain-containing protein
[01:04:45] Modify product: Probable cell division protein WhiA => putative cell division protein WhiA
[01:04:45] Modify product: Probable GTP-binding protein EngB => putative GTP-binding protein EngB
[01:04:45] Modify product: Probable pyridine nucleotide-disulfide oxidoreductase RclA => putative pyridine nucleotide-disulfide oxidoreductase RclA
[01:04:45] Modify product: GTP cyclohydrolase 1 type 2 homolog => GTP cyclohydrolase 1 type 2 
[01:04:45] Modify product: Probable metallo-hydrolase M6_Spy0554 => putative metallo-hydrolase
[01:04:45] Modify product: Uncharacterized ABC transporter ATP-binding protein Rv0986 => putative ABC transporter ATP-binding protein
[01:04:46] Modify product: Probable transcription repressor NiaR => putative transcription repressor NiaR
[01:04:46] Modify product: Uncharacterized ABC transporter ATP-binding protein YheS => putative ABC transporter ATP-binding protein YheS
[01:04:46] Modify product: Protease HtpX homolog => Protease HtpX 
[01:04:46] Modify product: UPF0122 protein SP_1288 => hypothetical protein
[01:04:46] Modify product: Putative phosphatase M6_Spy0533 => Putative phosphatase
[01:04:46] Modify product: Probable bifunctional oligoribonuclease and PAP phosphatase NrnA => putative bifunctional oligoribonuclease and PAP phosphatase NrnA
[01:04:46] Modify product: Probable riboflavin import permease protein RfuC => putative riboflavin import permease protein RfuC
[01:04:46] Modify product: Bifunctional protein FolD => Bifunctional protein FolD protein
[01:04:46] Modify product: UPF0342 protein SP_1372 => hypothetical protein
[01:04:46] Modify product: Phosphate-specific transport system accessory protein PhoU homolog => Phosphate-specific transport system accessory protein PhoU 
[01:04:46] Modify product: UPF0223 protein BH2638 => hypothetical protein
[01:04:46] Modify product: Uncharacterized inner membrane transporter YicL => putative inner membrane transporter YicL
[01:04:46] Modify product: Probable amino-acid permease protein YxeN => putative amino-acid permease protein YxeN
[01:04:46] Modify product: UPF0073 inner membrane protein YqfA => hypothetical protein
[01:04:46] Modify product: Probable NADH oxidase => putative NADH oxidase
[01:04:46] Modify product: UPF0291 protein SP_1473 => hypothetical protein
[01:04:46] Modify product: Probable ATP-dependent RNA helicase YfmL => putative ATP-dependent RNA helicase YfmL
[01:04:46] Modify product: Putative transport protein Rv0205 => Putative transport protein
[01:04:46] Modify product: Uncharacterized protein YqeH => putative protein YqeH
[01:04:46] Modify product: Uncharacterized MscS family protein YkuT => putative MscS family protein YkuT
[01:04:46] Modify product: Uncharacterized AAA domain-containing protein Rv2559c => putative AAA domain-containing protein
[01:04:46] Modify product: Putative trans-acting regulator SP_1800 => Putative trans-acting regulator
[01:04:46] Modify product: Probable multidrug resistance ABC transporter ATP-binding/permease protein YheH => putative multidrug resistance ABC transporter ATP-binding/permease protein YheH
[01:04:46] Modify product: Probable multidrug resistance ABC transporter ATP-binding/permease protein YheI => putative multidrug resistance ABC transporter ATP-binding/permease protein YheI
[01:04:46] Modify product: Tyrosine recombinase XerD-like => Tyrosine recombinase XerD-like protein
[01:04:46] Modify product: Uncharacterized ABC transporter ATP-binding protein Rv1273c => putative ABC transporter ATP-binding protein
[01:04:46] Modify product: Uncharacterized protein Spy1535 => putative protein
[01:04:46] Modify product: Uncharacterized protein Spy1614 => putative protein
[01:04:46] Modify product: Uncharacterized protein SA1069 => putative protein
[01:04:46] Modify product: UPF0397 protein SP_0482 => hypothetical protein
[01:04:46] Modify product: Probable DNA-directed RNA polymerase subunit delta => putative DNA-directed RNA polymerase subunit delta
[01:04:46] Modify product: Probable type I restriction enzyme BthVORF4518P M protein => putative type I restriction enzymeP M protein
[01:04:46] Modify product: UPF0356 protein SP_0122 => hypothetical protein
[01:04:46] Modify product: Uncharacterized oxidoreductase YjhC => putative oxidoreductase YjhC
[01:04:46] Modify product: Putative multidrug export ATP-binding/permease protein SAV1866 => Putative multidrug export ATP-binding/permease protein
[01:04:46] Modify product: Uncharacterized ABC transporter ATP-binding protein YknY => putative ABC transporter ATP-binding protein YknY
[01:04:46] Modify product: Uncharacterized response regulatory protein SACOL0201 => putative response regulatory protein
[01:04:46] Modify product: UPF0340 protein YwlG => hypothetical protein
[01:04:46] Modify product: Probable L-ascorbate-6-phosphate lactonase UlaG => putative L-ascorbate-6-phosphate lactonase UlaG
[01:04:46] Modify product: Probable licABCH operon regulator => putative licABCH operon regulator
[01:04:46] Modify product: Probable FMN/FAD exporter YeeO => putative FMN/FAD exporter YeeO
[01:04:46] Modify product: Uncharacterized ABC transporter ATP-binding protein Rv0986 => putative ABC transporter ATP-binding protein
[01:04:46] Modify product: Probable glutamine ABC transporter permease protein GlnP => putative glutamine ABC transporter permease protein GlnP
[01:04:46] Modify product: Probable glutamine ABC transporter permease protein GlnM => putative glutamine ABC transporter permease protein GlnM
[01:04:46] Modify product: Putative NAD(P)H nitroreductase Spy0809 => Putative NAD(P)H nitroreductase
[01:04:46] Modify product: Glutathione peroxidase homolog BsaA => Glutathione peroxidase BsaA
[01:04:46] Modify product: Putative dipeptidase SA1572 => Putative dipeptidase
[01:04:46] Modify product: Probable glycerol uptake facilitator protein => putative glycerol uptake facilitator protein
[01:04:46] Modify product: Putative universal stress protein SA1532 => Putative universal stress protein
[01:04:46] Modify product: Uncharacterized metal-dependent hydrolase YcfH => putative metal-dependent hydrolase YcfH
[01:04:46] Modify product: Uncharacterized ABC transporter ATP-binding protein YknY => putative ABC transporter ATP-binding protein YknY
[01:04:46] Modify product: Uncharacterized protein YlbL => putative protein YlbL
[01:04:46] Modify product: UPF0053 protein HI_0107 => hypothetical protein
[01:04:46] Modify product: Uncharacterized ABC transporter ATP-binding protein YknY => putative ABC transporter ATP-binding protein YknY
[01:04:46] Modify product: Probable nicotinate-nucleotide pyrophosphorylase [carboxylating] => putative nicotinate-nucleotide pyrophosphorylase [carboxylating]
[01:04:46] Modify product: Uncharacterized oxidoreductase SA2266 => putative oxidoreductase
[01:04:46] Modify product: Probable glutamine ABC transporter permease protein GlnM => putative glutamine ABC transporter permease protein GlnM
[01:04:46] Modify product: Probable copper-transporting ATPase PacS => putative copper-transporting ATPase PacS
[01:04:46] Modify product: Probable peptidoglycan glycosyltransferase FtsW => putative peptidoglycan glycosyltransferase FtsW
[01:04:46] Modify product: Putative lipid kinase SP_1045 => Putative lipid kinase
[01:04:46] Modify product: Probable siderophore transport system permease protein YfhA => putative siderophore transport system permease protein YfhA
[01:04:46] Modify product: Uncharacterized RNA methyltransferase SP_1029 => putative RNA methyltransferase
[01:04:46] Modify product: Uncharacterized protein YpuA => putative protein YpuA
[01:04:46] Modify product: Probable transcriptional regulatory protein YeeN => putative transcriptional regulatory protein YeeN
[01:04:46] Modify product: Uncharacterized ABC transporter ATP-binding protein Rv1273c => putative ABC transporter ATP-binding protein
[01:04:46] Modify product: Uncharacterized ABC transporter ATP-binding protein TM_0288 => putative ABC transporter ATP-binding protein
[01:04:46] Modify product: UPF0374 protein SP_1903 => hypothetical protein
[01:04:46] Modify product: Uncharacterized ABC transporter ATP-binding protein YbiT => putative ABC transporter ATP-binding protein YbiT
[01:04:46] Modify product: Uncharacterized inner membrane transporter YicL => putative inner membrane transporter YicL
[01:04:46] Modify product: Uncharacterized protein YqgN => putative protein YqgN
[01:04:46] Modify product: Phosphate-specific transport system accessory protein PhoU homolog => Phosphate-specific transport system accessory protein PhoU 
[01:04:46] Modify product: Uncharacterized transporter YycB => putative transporter YycB
[01:04:46] Modify product: UPF0176 protein SP_0095 => hypothetical protein
[01:04:46] Modify product: Uncharacterized multiple-sugar transport system permease YteP => putative multiple-sugar transport system permease YteP
[01:04:46] Modify product: Nucleoid-associated protein SP_1102 => Nucleoid-associated protein
[01:04:46] Modify product: DegV domain-containing protein SP_1112 => DegV domain-containing protein
[01:04:46] Modify product: Probable ATP-dependent Clp protease ATP-binding subunit => putative ATP-dependent Clp protease ATP-binding subunit
[01:04:46] Modify product: UPF0371 protein DIP2346 => hypothetical protein
[01:04:46] Modify product: UPF0346 protein SP_0947 => hypothetical protein
[01:04:46] Modify product: Acetyltransferase PA3944 => Acetyltransferase
[01:04:46] Modify product: Rqc2 homolog RqcH => Rqc2 RqcH
[01:04:46] Modify product: Probable protein-export membrane protein SecG => putative protein-export membrane protein SecG
[01:04:46] Modify product: Probable S-adenosyl-L-methionine-dependent methyltransferase TehB => putative S-adenosyl-L-methionine-dependent methyltransferase TehB
[01:04:46] Modify product: Uncharacterized protein Spy1595 => putative protein
[01:04:46] Modify product: Uncharacterized protein YccU => putative protein YccU
[01:04:46] Modify product: UPF0324 inner membrane protein YeiH => hypothetical protein
[01:04:46] Modify product: Probable N-acetyl-LL-diaminopimelate aminotransferase => putative N-acetyl-LL-diaminopimelate aminotransferase
[01:04:46] Modify product: Uncharacterized ABC transporter ATP-binding protein Rv1273c => putative ABC transporter ATP-binding protein
[01:04:46] Modify product: Uncharacterized ABC transporter ATP-binding protein TM_0288 => putative ABC transporter ATP-binding protein
[01:04:46] Modify product: Putative glutamine amidotransferase Rv2859c => Putative glutamine amidotransferase
[01:04:46] Modify product: Probable capsular polysaccharide biosynthesis protein YwqC => putative capsular polysaccharide biosynthesis protein YwqC
[01:04:46] Modify product: Uncharacterized glycosyltransferase EpsJ => putative glycosyltransferase EpsJ
[01:04:46] Modify product: UPF0758 protein SP_1088 => hypothetical protein
[01:04:46] Modify product: Putative glutamine amidotransferase Rv2859c => Putative glutamine amidotransferase
[01:04:46] Modify product: Probable ribosomal protein YlxQ => putative ribosomal protein YlxQ
[01:04:46] Modify product: Uncharacterized amino acid permease YhdG => putative amino acid permease YhdG
[01:04:46] Cleaned 132 /product names
[01:04:46] Deleting unwanted file: PROKKA_02182023/PROKKA_02182023.sprot.tmp.1.faa
[01:04:46] Deleting unwanted file: PROKKA_02182023/PROKKA_02182023.sprot.tmp.1.blast
[01:04:47] There are still 832 unannotated CDS left (started with 1981)
[01:04:47] Will use hmmer3 to search against /prokka-1.14.6/db/hmm/HAMAP.hmm with 8 CPUs
[01:04:47] Running: cat PROKKA_02182023\/PROKKA_02182023\.HAMAP\.hmm\.tmp\.1\.faa | parallel --gnu --plain -j 8 --block 12857 --recstart '>' --pipe hmmscan --noali --notextw --acc -E 1e-09 --cpu 1 /prokka-1.14.6/db/hmm/HAMAP.hmm /dev/stdin > PROKKA_02182023\/PROKKA_02182023\.HAMAP\.hmm\.tmp\.1\.hmmer3 2> /dev/null
[01:05:01] Modify product: Protein SprT-like => Protein SprT-like protein
[01:05:01] Cleaned 1 /product names
[01:05:01] Deleting unwanted file: PROKKA_02182023/PROKKA_02182023.HAMAP.hmm.tmp.1.faa
[01:05:01] Deleting unwanted file: PROKKA_02182023/PROKKA_02182023.HAMAP.hmm.tmp.1.hmmer3
[01:05:01] Labelling remaining 756 proteins as 'hypothetical protein'
[01:05:01] Possible /pseudo 'Multidrug resistance ABC transporter ATP-binding and permease protein' at NODE_1_length_195913_cov_92.570592 position 12715
[01:05:01] Possible /pseudo 'Multidrug resistance ABC transporter ATP-binding and permease protein' at NODE_1_length_195913_cov_92.570592 position 13263
[01:05:01] Possible /pseudo 'putative protein' at NODE_2_length_162042_cov_96.187250 position 78051
[01:05:01] Possible /pseudo 'Lactococcin A secretion protein LcnD' at NODE_2_length_162042_cov_96.187250 position 157162
[01:05:01] Possible /pseudo 'ISL3 family transposase IS1167' at NODE_4_length_131029_cov_92.905928 position 123022
[01:05:01] Possible /pseudo 'Phosphate import ATP-binding protein PstB 3' at NODE_5_length_126551_cov_89.156313 position 43151
[01:05:01] Possible /pseudo 'IS630 family transposase ISSpn2' at NODE_5_length_126551_cov_89.156313 position 104254
[01:05:01] Possible /pseudo 'O-acetyl-L-homoserine sulfhydrylase' at NODE_6_length_95515_cov_83.953247 position 16389
[01:05:01] Possible /pseudo 'Coenzyme A biosynthesis bifunctional protein CoaBC' at NODE_6_length_95515_cov_83.953247 position 30776
[01:05:01] Possible /pseudo 'Putative fluoride ion transporter CrcB' at NODE_6_length_95515_cov_83.953247 position 92588
[01:05:01] Possible /pseudo 'Epoxyqueuosine reductase QueH' at NODE_25_length_20855_cov_89.274712 position 15240
[01:05:01] Found 991 unique /gene codes.
[01:05:01] Fixed 2 duplicate /gene - degA_1 degA_2
[01:05:01] Fixed 2 duplicate /gene - clpC_1 clpC_2
[01:05:01] Fixed 2 duplicate /gene - lacE_1 lacE_2
[01:05:01] Fixed 2 duplicate /gene - deoD_1 deoD_2
[01:05:01] Fixed 2 duplicate /gene - yicL_1 yicL_2
[01:05:01] Fixed 2 duplicate /gene - crcB_1 crcB_2
[01:05:01] Fixed 5 duplicate /gene - glnQ_1 glnQ_2 glnQ_3 glnQ_4 glnQ_5
[01:05:01] Fixed 3 duplicate /gene - nanA_1 nanA_2 nanA_3
[01:05:01] Fixed 2 duplicate /gene - glgX_1 glgX_2
[01:05:01] Fixed 3 duplicate /gene - lcnD_1 lcnD_2 lcnD_3
[01:05:01] Fixed 2 duplicate /gene - ecfT_1 ecfT_2
[01:05:01] Fixed 2 duplicate /gene - atpE_1 atpE_2
[01:05:01] Fixed 2 duplicate /gene - lagD_1 lagD_2
[01:05:01] Fixed 2 duplicate /gene - murA1_1 murA1_2
[01:05:01] Fixed 2 duplicate /gene - dinG_1 dinG_2
[01:05:01] Fixed 2 duplicate /gene - mshD_1 mshD_2
[01:05:01] Fixed 2 duplicate /gene - coaBC_1 coaBC_2
[01:05:01] Fixed 4 duplicate /gene - lacF_1 lacF_2 lacF_3 lacF_4
[01:05:01] Fixed 2 duplicate /gene - galE_1 galE_2
[01:05:01] Fixed 2 duplicate /gene - yjhC_1 yjhC_2
[01:05:01] Fixed 2 duplicate /gene - nanB_1 nanB_2
[01:05:01] Fixed 2 duplicate /gene - lacG_1 lacG_2
[01:05:01] Fixed 5 duplicate /gene - xerC_1 xerC_2 xerC_3 xerC_4 xerC_5
[01:05:01] Fixed 3 duplicate /gene - agaA_1 agaA_2 agaA_3
[01:05:01] Fixed 2 duplicate /gene - ulaA_1 ulaA_2
[01:05:01] Fixed 2 duplicate /gene - queH_1 queH_2
[01:05:01] Fixed 2 duplicate /gene - arlR_1 arlR_2
[01:05:01] Fixed 2 duplicate /gene - licA_1 licA_2
[01:05:01] Fixed 2 duplicate /gene - tadA_1 tadA_2
[01:05:01] Fixed 2 duplicate /gene - rluD_1 rluD_2
[01:05:01] Fixed 2 duplicate /gene - bglH_1 bglH_2
[01:05:01] Fixed 2 duplicate /gene - ykoD_1 ykoD_2
[01:05:01] Fixed 4 duplicate /gene - licC_1 licC_2 licC_3 licC_4
[01:05:01] Fixed 2 duplicate /gene - rsuA_1 rsuA_2
[01:05:01] Fixed 2 duplicate /gene - dsbD_1 dsbD_2
[01:05:01] Fixed 3 duplicate /gene - pstB3_1 pstB3_2 pstB3_3
[01:05:01] Fixed 2 duplicate /gene - fpgS_1 fpgS_2
[01:05:01] Fixed 2 duplicate /gene - apaH_1 apaH_2
[01:05:01] Fixed 2 duplicate /gene - phoU_1 phoU_2
[01:05:01] Fixed 2 duplicate /gene - spxA_1 spxA_2
[01:05:01] Fixed 2 duplicate /gene - nagC_1 nagC_2
[01:05:01] Fixed 3 duplicate /gene - sarA_1 sarA_2 sarA_3
[01:05:01] Fixed 2 duplicate /gene - galK_1 galK_2
[01:05:01] Fixed 2 duplicate /gene - IMPDH_1 IMPDH_2
[01:05:01] Fixed 2 duplicate /gene - cutC_1 cutC_2
[01:05:01] Fixed 2 duplicate /gene - sorB_1 sorB_2
[01:05:01] Fixed 2 duplicate /gene - ecsA_1 ecsA_2
[01:05:01] Fixed 2 duplicate /gene - ybiT_1 ybiT_2
[01:05:01] Fixed 3 duplicate /gene - bglK_1 bglK_2 bglK_3
[01:05:01] Fixed 2 duplicate /gene - glnM_1 glnM_2
[01:05:01] Fixed 2 duplicate /gene - agrA_1 agrA_2
[01:05:01] Fixed 2 duplicate /gene - thiE_1 thiE_2
[01:05:01] Fixed 2 duplicate /gene - ccpA_1 ccpA_2
[01:05:01] Fixed 2 duplicate /gene - manX_1 manX_2
[01:05:01] Fixed 2 duplicate /gene - rsmH_1 rsmH_2
[01:05:01] Fixed 3 duplicate /gene - COQ5_1 COQ5_2 COQ5_3
[01:05:01] Fixed 2 duplicate /gene - udk_1 udk_2
[01:05:01] Fixed 3 duplicate /gene - btuD_1 btuD_2 btuD_3
[01:05:01] Fixed 2 duplicate /gene - ptsG_1 ptsG_2
[01:05:01] Fixed 2 duplicate /gene - pepA_1 pepA_2
[01:05:01] Fixed 2 duplicate /gene - ssb_1 ssb_2
[01:05:01] Fixed 2 duplicate /gene - tagU_1 tagU_2
[01:05:01] Fixed 4 duplicate /gene - yknY_1 yknY_2 yknY_3 yknY_4
[01:05:01] Fixed 2 duplicate /gene - bcrA_1 bcrA_2
[01:05:01] Fixed 2 duplicate /gene - ruvB_1 ruvB_2
[01:05:01] Fixed 2 duplicate /gene - potA_1 potA_2
[01:05:01] Fixed 3 duplicate /gene - argR_1 argR_2 argR_3
[01:05:01] Fixed 2 duplicate /gene - ettA_1 ettA_2
[01:05:01] Fixed 2 duplicate /gene - pcp_1 pcp_2
[01:05:01] Fixed 2 duplicate /gene - yidA_1 yidA_2
[01:05:01] Fixed 2 duplicate /gene - resA_1 resA_2
[01:05:01] Fixed 2 duplicate /gene - arnC_1 arnC_2
[01:05:01] Fixed 2 duplicate /gene - tenA_1 tenA_2
[01:05:01] Fixed 3 duplicate /gene - manZ_1 manZ_2 manZ_3
[01:05:01] Fixed 2 duplicate /gene - pcrA_1 pcrA_2
[01:05:01] Fixed 2 duplicate /gene - thiM_1 thiM_2
[01:05:01] Fixed 2 duplicate /gene - artP_1 artP_2
[01:05:01] Fixed 2 duplicate /gene - ald_1 ald_2
[01:05:01] Fixed 2 duplicate /gene - pepF1_1 pepF1_2
[01:05:01] Fixed 3 duplicate /gene - sasA_1 sasA_2 sasA_3
[01:05:01] Fixed 3 duplicate /gene - lmrA_1 lmrA_2 lmrA_3
[01:05:01] Fixed 2 duplicate /gene - def_1 def_2
[01:05:01] Fixed 2 duplicate /gene - iscS_1 iscS_2
[01:05:01] Fixed 3 duplicate /gene - araQ_1 araQ_2 araQ_3
[01:05:01] Fixed 2 duplicate /gene - gpmA_1 gpmA_2
[01:05:01] Fixed 2 duplicate /gene - lacC_1 lacC_2
[01:05:01] Fixed 2 duplicate /gene - licT_1 licT_2
[01:05:01] Fixed 2 duplicate /gene - lacR_1 lacR_2
[01:05:01] Fixed 2 duplicate /gene - gmuD_1 gmuD_2
[01:05:01] Fixed 2 duplicate /gene - glnH_1 glnH_2
[01:05:01] Fixed 3 duplicate /gene - gph_1 gph_2 gph_3
[01:05:01] Fixed 2 duplicate /gene - gatC_1 gatC_2
[01:05:01] Fixed 2 duplicate /gene - nanE_1 nanE_2
[01:05:01] Fixed 93 colliding /gene names.
[01:05:01] Adding /locus_tag identifiers
[01:05:01] Assigned 2020 locus_tags to CDS and RNA features.
[01:05:01] Writing outputs to PROKKA_02182023/
[01:05:02] Generating annotation statistics file
[01:05:02] Generating Genbank and Sequin files
[01:05:02] Running: tbl2asn -V b -a r10k -l paired-ends -M n -N 1 -y 'Annotated using prokka 1.14.6 from https://github.com/tseemann/prokka' -Z PROKKA_02182023\/PROKKA_02182023\.err -i PROKKA_02182023\/PROKKA_02182023\.fsa 2> /dev/null
[01:05:05] Deleting unwanted file: PROKKA_02182023/errorsummary.val
[01:05:05] Deleting unwanted file: PROKKA_02182023/PROKKA_02182023.dr
[01:05:05] Deleting unwanted file: PROKKA_02182023/PROKKA_02182023.fixedproducts
[01:05:05] Deleting unwanted file: PROKKA_02182023/PROKKA_02182023.ecn
[01:05:05] Deleting unwanted file: PROKKA_02182023/PROKKA_02182023.val
[01:05:05] Repairing broken .GBK output that tbl2asn produces...
[01:05:05] Running: sed 's/COORDINATES: profile/COORDINATES:profile/' < PROKKA_02182023\/PROKKA_02182023\.gbf > PROKKA_02182023\/PROKKA_02182023\.gbk
[01:05:05] Deleting unwanted file: PROKKA_02182023/PROKKA_02182023.gbf
[01:05:05] Output files:
[01:05:05] PROKKA_02182023/PROKKA_02182023.gbk
[01:05:05] PROKKA_02182023/PROKKA_02182023.err
[01:05:05] PROKKA_02182023/PROKKA_02182023.faa
[01:05:05] PROKKA_02182023/PROKKA_02182023.log
[01:05:05] PROKKA_02182023/PROKKA_02182023.txt
[01:05:05] PROKKA_02182023/PROKKA_02182023.sqn
[01:05:05] PROKKA_02182023/PROKKA_02182023.gff
[01:05:05] PROKKA_02182023/PROKKA_02182023.tbl
[01:05:05] PROKKA_02182023/PROKKA_02182023.fna
[01:05:05] PROKKA_02182023/PROKKA_02182023.ffn
[01:05:05] PROKKA_02182023/PROKKA_02182023.tsv
[01:05:05] PROKKA_02182023/PROKKA_02182023.fsa
[01:05:05] Annotation finished successfully.
[01:05:05] Walltime used: 0.80 minutes
[01:05:05] If you use this result please cite the Prokka paper:
[01:05:05] Seemann T (2014) Prokka: rapid prokaryotic genome annotation. Bioinformatics. 30(14):2068-9.
[01:05:05] Type 'prokka --citation' for more details.
[01:05:05] Thank you, come again.
