[01:05:56] This is prokka 1.14.6
[01:05:56] Written by Torsten Seemann <torsten.seemann@gmail.com>
[01:05:56] Homepage is https://github.com/tseemann/prokka
[01:05:56] Local time is Sat Feb 18 01:05:56 2023
[01:05:56] You are not telling me who you are!
[01:05:56] Operating system is linux
[01:05:56] You have BioPerl 1.007002
[01:05:56] System has 16 cores.
[01:05:56] Will use maximum of 8 cores.
[01:05:56] Annotating as >>> Bacteria <<<
[01:05:56] Generating locus_tag from 'ERR3227761_contigs.fasta' contents.
[01:05:56] Setting --locustag HHPGNICE from MD5 119072ce332426e26189b9caa0a500a1
[01:05:56] Creating new output folder: PROKKA_02182023
[01:05:56] Running: mkdir -p PROKKA_02182023
[01:05:56] Using filename prefix: PROKKA_02182023.XXX
[01:05:56] Setting HMMER_NCPU=1
[01:05:56] Writing log to: PROKKA_02182023/PROKKA_02182023.log
[01:05:56] Command: /prokka-1.14.6/bin/prokka ERR3227761_contigs.fasta
[01:05:56] Appending to PATH: /prokka-1.14.6/bin/../binaries/linux
[01:05:56] Appending to PATH: /prokka-1.14.6/bin/../binaries/linux/../common
[01:05:56] Appending to PATH: /prokka-1.14.6/bin
[01:05:56] Looking for 'aragorn' - found /prokka-1.14.6/binaries/linux/aragorn
[01:05:56] Determined aragorn version is 001002 from 'ARAGORN v1.2.38 Dean Laslett'
[01:05:56] Looking for 'barrnap' - found /barrnap-0.9/bin/barrnap
[01:05:56] Determined barrnap version is 000009 from 'barrnap 0.9'
[01:05:56] Looking for 'blastp' - found /ncbi-blast-2.9.0+/bin/blastp
[01:05:56] Determined blastp version is 002009 from 'blastp: 2.9.0+'
[01:05:56] Looking for 'cmpress' - found /prokka-1.14.6/binaries/linux/cmpress
[01:05:56] Determined cmpress version is 001001 from '# INFERNAL 1.1.2 (July 2016)'
[01:05:56] Looking for 'cmscan' - found /prokka-1.14.6/binaries/linux/cmscan
[01:05:56] Determined cmscan version is 001001 from '# INFERNAL 1.1.2 (July 2016)'
[01:05:56] Looking for 'egrep' - found /bin/egrep
[01:05:56] Looking for 'find' - found /usr/bin/find
[01:05:56] Looking for 'grep' - found /bin/grep
[01:05:56] Looking for 'hmmpress' - found /usr/bin/hmmpress
[01:05:56] Determined hmmpress version is 003001 from '# HMMER 3.1b2 (February 2015); http://hmmer.org/'
[01:05:56] Looking for 'hmmscan' - found /usr/bin/hmmscan
[01:05:56] Determined hmmscan version is 003001 from '# HMMER 3.1b2 (February 2015); http://hmmer.org/'
[01:05:56] Looking for 'java' - found /usr/bin/java
[01:05:56] Looking for 'makeblastdb' - found /ncbi-blast-2.9.0+/bin/makeblastdb
[01:05:56] Determined makeblastdb version is 002009 from 'makeblastdb: 2.9.0+'
[01:05:56] Looking for 'minced' - found /prokka-1.14.6/binaries/common/minced
[01:05:57] Determined minced version is 002000 from 'minced 0.2.0'
[01:05:57] Looking for 'parallel' - found /prokka-1.14.6/binaries/common/parallel
[01:05:57] Determined parallel version is 20150122 from 'GNU parallel 20150122'
[01:05:57] Looking for 'prodigal' - found /prokka-1.14.6/binaries/linux/prodigal
[01:05:57] Determined prodigal version is 002006 from 'Prodigal V2.6.3: February, 2016'
[01:05:57] Looking for 'prokka-genbank_to_fasta_db' - found /prokka-1.14.6/bin/prokka-genbank_to_fasta_db
[01:05:57] Looking for 'sed' - found /bin/sed
[01:05:57] Looking for 'tbl2asn' - found /usr/bin/tbl2asn
[01:05:57] Determined tbl2asn version is 025008 from 'tbl2asn 25.8   arguments:'
[01:05:57] Using genetic code table 11.
[01:05:57] Loading and checking input file: ERR3227761_contigs.fasta
[01:05:57] Wrote 186 contigs totalling 2056654 bp.
[01:05:57] Predicting tRNAs and tmRNAs
[01:05:57] Running: aragorn -l -gc11  -w PROKKA_02182023\/PROKKA_02182023\.fna
[01:05:57] 1 tRNA-Leu [10368,10453] 35 (aag)
[01:05:57] 1 tRNA-Lys c[31048,31123] 35 (ctt)
[01:05:57] 1 tRNA-Thr [9818,9890] 34 (ggt)
[01:05:57] 1 tRNA-Arg [31459,31532] 35 (tct)
[01:05:57] 2 tRNA-Glu [33969,34040] 34 (ttc)
[01:05:57] 3 tRNA-Asn [34046,34119] 35 (gtt)
[01:05:57] 1 tRNA-Cys [50047,50120] 34 (gca)
[01:05:57] 1 tRNA-Ser c[75776,75865] 36 (gct)
[01:05:57] 2 tRNA-Ile c[75870,75945] 36 (gat)
[01:05:57] 3 tRNA-Gly c[75980,76050] 33 (tcc)
[01:05:57] 4 tRNA-Phe c[76070,76142] 34 (gaa)
[01:05:57] 5 tRNA-Met c[76146,76219] 35 (cat)
[01:05:57] 6 tRNA-Ser c[76233,76322] 37 (tga)
[01:05:57] 7 tRNA-Met c[76333,76406] 35 (cat)
[01:05:57] 8 tRNA-Met c[76419,76494] 36 (cat)
[01:05:57] 9 tRNA-Pro c[76499,76572] 35 (tgg)
[01:05:57] 1 tRNA-Arg c[26208,26281] 35 (ccg)
[01:05:57] 2 tRNA-Arg c[69191,69262] 34 (cct)
[01:05:57] 1 tRNA-Tyr [10382,10462] 35 (gta)
[01:05:57] 2 tRNA-Gln [10472,10543] 33 (ttg)
[01:05:57] 3 tmRNA [24546,24890] 83,118 AKNNTSYALAA*
[01:05:57] 4 tRNA-Ser c[25064,25154] 36 (gga)
[01:05:57] 1 tRNA-Phe [2,74] 34 (gaa)
[01:05:57] 2 tRNA-Tyr [86,168] 36 (gta)
[01:05:57] 3 tRNA-Trp [171,243] 34 (cca)
[01:05:57] 4 tRNA-His [256,330] 35 (gtg)
[01:05:57] 5 tRNA-Gln [339,412] 34 (ttg)
[01:05:57] 6 tRNA-Leu [420,505] 36 (caa)
[01:05:57] 1 tRNA-Pro c[6124,6199] 36 (tgg)
[01:05:57] 2 tRNA-Arg c[6214,6287] 35 (acg)
[01:05:57] 3 tRNA-Leu c[6297,6382] 35 (taa)
[01:05:57] 4 tRNA-Gly c[6390,6461] 33 (gcc)
[01:05:57] 5 tRNA-Thr c[6484,6556] 34 (tgt)
[01:05:57] 6 tRNA-Leu c[6574,6657] 36 (tag)
[01:05:57] 7 tRNA-Lys c[6662,6734] 34 (ttt)
[01:05:57] 8 tRNA-Asp c[6759,6831] 34 (gtc)
[01:05:57] 9 tRNA-Val c[6834,6906] 34 (tac)
[01:05:57] 1 tRNA-Ala c[3219,3293] 35 (tgc)
[01:05:57] 2 tRNA-Glu c[5141,5212] 34 (ttc)
[01:05:57] 1 tRNA-Asn c[355,428] 35 (gtt)
[01:05:57] 1 tRNA-Ile [2,77] 36 (gat)
[01:05:57] 1 tRNA-Gly c[6,78] 34 (tcc)
[01:05:57] 2 tRNA-Val c[83,155] 34 (tac)
[01:05:57] 1 tRNA-Ile [99,172] 35 (gat)
[01:05:57] 1 tRNA-Asn [79,152] 35 (gtt)
[01:05:57] 1 tRNA-Met c[-3,71] 35 (cat)
[01:05:57] Found 46 tRNAs
[01:05:57] Predicting Ribosomal RNAs
[01:05:57] Running Barrnap with 8 threads
[01:05:58] 1 NODE_35_length_5246_cov_214.149158 6 5S ribosomal RNA
[01:05:58] 2 NODE_35_length_5246_cov_214.149158 197 23S ribosomal RNA
[01:05:58] 3 NODE_35_length_5246_cov_214.149158 3345 16S ribosomal RNA
[01:05:58] Found 3 rRNAs
[01:05:58] Skipping ncRNA search, enable with --rfam if desired.
[01:05:58] Total of 48 tRNA + rRNA features
[01:05:58] Searching for CRISPR repeats
[01:05:58] Found 0 CRISPRs
[01:05:58] Predicting coding sequences
[01:05:58] Contigs total 2056654 bp, so using single mode
[01:05:58] Running: prodigal -i PROKKA_02182023\/PROKKA_02182023\.fna -c -m -g 11 -p single -f sco -q
[01:06:00] Found 1988 CDS
[01:06:00] Connecting features back to sequences
[01:06:00] Not using genus-specific database. Try --usegenus to enable it.
[01:06:00] Annotating CDS, please be patient.
[01:06:00] Will use 8 CPUs for similarity searching.
[01:06:00] There are still 1988 unannotated CDS left (started with 1988)
[01:06:00] Will use blast to search against /prokka-1.14.6/db/kingdom/Bacteria/IS with 8 CPUs
[01:06:00] Running: cat PROKKA_02182023\/PROKKA_02182023\.IS\.tmp\.1\.faa | parallel --gnu --plain -j 8 --block 36877 --recstart '>' --pipe blastp -query - -db /prokka-1.14.6/db/kingdom/Bacteria/IS -evalue 1e-30 -qcov_hsp_perc 90 -num_threads 1 -num_descriptions 1 -num_alignments 1 -seg no > PROKKA_02182023\/PROKKA_02182023\.IS\.tmp\.1\.blast 2> /dev/null
[01:06:04] Deleting unwanted file: PROKKA_02182023/PROKKA_02182023.IS.tmp.1.faa
[01:06:04] Deleting unwanted file: PROKKA_02182023/PROKKA_02182023.IS.tmp.1.blast
[01:06:05] There are still 1947 unannotated CDS left (started with 1988)
[01:06:05] Will use blast to search against /prokka-1.14.6/db/kingdom/Bacteria/AMR with 8 CPUs
[01:06:05] Running: cat PROKKA_02182023\/PROKKA_02182023\.AMR\.tmp\.1\.faa | parallel --gnu --plain -j 8 --block 36482 --recstart '>' --pipe blastp -query - -db /prokka-1.14.6/db/kingdom/Bacteria/AMR -evalue 9.99999999999999e-301 -qcov_hsp_perc 90 -num_threads 1 -num_descriptions 1 -num_alignments 1 -seg no > PROKKA_02182023\/PROKKA_02182023\.AMR\.tmp\.1\.blast 2> /dev/null
[01:06:09] Deleting unwanted file: PROKKA_02182023/PROKKA_02182023.AMR.tmp.1.faa
[01:06:09] Deleting unwanted file: PROKKA_02182023/PROKKA_02182023.AMR.tmp.1.blast
[01:06:09] There are still 1946 unannotated CDS left (started with 1988)
[01:06:09] Will use blast to search against /prokka-1.14.6/db/kingdom/Bacteria/sprot with 8 CPUs
[01:06:09] Running: cat PROKKA_02182023\/PROKKA_02182023\.sprot\.tmp\.1\.faa | parallel --gnu --plain -j 8 --block 36441 --recstart '>' --pipe blastp -query - -db /prokka-1.14.6/db/kingdom/Bacteria/sprot -evalue 1e-09 -qcov_hsp_perc 80 -num_threads 1 -num_descriptions 1 -num_alignments 1 -seg no > PROKKA_02182023\/PROKKA_02182023\.sprot\.tmp\.1\.blast 2> /dev/null
[01:06:25] Modify product: Uncharacterized inner membrane transporter YicL => putative inner membrane transporter YicL
[01:06:25] Modify product: UPF0223 protein BH2638 => hypothetical protein
[01:06:25] Modify product: Phosphate-specific transport system accessory protein PhoU homolog => Phosphate-specific transport system accessory protein PhoU 
[01:06:25] Modify product: UPF0342 protein SP_1372 => hypothetical protein
[01:06:25] Modify product: Uncharacterized ABC transporter ATP-binding protein Rv1273c => putative ABC transporter ATP-binding protein
[01:06:25] Modify product: Putative trans-acting regulator SP_1800 => Putative trans-acting regulator
[01:06:25] Modify product: Uncharacterized multiple-sugar transport system permease YteP => putative multiple-sugar transport system permease YteP
[01:06:25] Modify product: Uncharacterized AAA domain-containing protein Rv2559c => putative AAA domain-containing protein
[01:06:25] Modify product: Uncharacterized MscS family protein YkuT => putative MscS family protein YkuT
[01:06:25] Modify product: Uncharacterized protein YqeH => putative protein YqeH
[01:06:25] Modify product: Multidrug efflux system ATP-binding protein Rv1218c => Multidrug efflux system ATP-binding protein
[01:06:25] Modify product: Uncharacterized protein YhaP => putative protein YhaP
[01:06:25] Modify product: Uncharacterized oxidoreductase YjhC => putative oxidoreductase YjhC
[01:06:25] Modify product: Uncharacterized HTH-type transcriptional regulator YbbH => putative HTH-type transcriptional regulator YbbH
[01:06:25] Modify product: Uncharacterized ABC transporter ATP-binding protein Rv0986 => putative ABC transporter ATP-binding protein
[01:06:25] Modify product: Probable metallo-hydrolase M6_Spy0554 => putative metallo-hydrolase
[01:06:25] Modify product: GTP cyclohydrolase 1 type 2 homolog => GTP cyclohydrolase 1 type 2 
[01:06:25] Modify product: Uncharacterized protein YpuA => putative protein YpuA
[01:06:25] Modify product: Uncharacterized RNA methyltransferase SP_1029 => putative RNA methyltransferase
[01:06:25] Modify product: Probable siderophore transport system permease protein YfhA => putative siderophore transport system permease protein YfhA
[01:06:25] Modify product: Putative lipid kinase SP_1045 => Putative lipid kinase
[01:06:25] Modify product: Probable peptidoglycan glycosyltransferase FtsW => putative peptidoglycan glycosyltransferase FtsW
[01:06:25] Modify product: UPF0758 protein SP_1088 => hypothetical protein
[01:06:25] Modify product: Putative glutamine amidotransferase Rv2859c => Putative glutamine amidotransferase
[01:06:25] Modify product: UPF0473 protein SP_0194 => hypothetical protein
[01:06:25] Modify product: UPF0297 protein SP_0192 => hypothetical protein
[01:06:25] Modify product: Probable murein peptide carboxypeptidase => putative murein peptide carboxypeptidase
[01:06:25] Modify product: Uncharacterized HTH-type transcriptional regulator SACOL2360 => putative HTH-type transcriptional regulator
[01:06:25] Modify product: UPF0356 protein SP_0122 => hypothetical protein
[01:06:25] Modify product: Uncharacterized transporter YycB => putative transporter YycB
[01:06:25] Modify product: UPF0176 protein SP_0095 => hypothetical protein
[01:06:25] Modify product: Uncharacterized multiple-sugar transport system permease YteP => putative multiple-sugar transport system permease YteP
[01:06:25] Modify product: Uncharacterized ABC transporter ATP-binding protein YbiT => putative ABC transporter ATP-binding protein YbiT
[01:06:25] Modify product: Uncharacterized zinc protease Rv2782c => putative zinc protease
[01:06:25] Modify product: Probable glycerol uptake facilitator protein => putative glycerol uptake facilitator protein
[01:06:25] Modify product: Putative dipeptidase SA1572 => Putative dipeptidase
[01:06:25] Modify product: Nucleoid-associated protein SP_1102 => Nucleoid-associated protein
[01:06:25] Modify product: DegV domain-containing protein SP_1112 => DegV domain-containing protein
[01:06:25] Modify product: Putative zinc metalloprotease SA1105 => Putative zinc metalloprotease
[01:06:25] Modify product: Uncharacterized HTH-type transcriptional regulator YdjF => putative HTH-type transcriptional regulator YdjF
[01:06:25] Modify product: Uncharacterized protein HI_0131 => putative protein
[01:06:25] Modify product: UPF0210 protein SP_0239 => hypothetical protein
[01:06:25] Modify product: UPF0237 protein SP_0238 => hypothetical protein
[01:06:25] Modify product: Probable pyridine nucleotide-disulfide oxidoreductase RclA => putative pyridine nucleotide-disulfide oxidoreductase RclA
[01:06:25] Modify product: Uncharacterized MFS-type transporter YhjX => putative MFS-type transporter YhjX
[01:06:25] Modify product: Probable GTP-binding protein EngB => putative GTP-binding protein EngB
[01:06:25] Modify product: Probable cell division protein WhiA => putative cell division protein WhiA
[01:06:25] Modify product: DegV domain-containing protein spr1415 => DegV domain-containing protein
[01:06:25] Modify product: UPF0213 protein SP_1535 => hypothetical protein
[01:06:25] Modify product: Probable manganese-dependent inorganic pyrophosphatase => putative manganese-dependent inorganic pyrophosphatase
[01:06:26] Modify product: Probable ATP-dependent RNA helicase YfmL => putative ATP-dependent RNA helicase YfmL
[01:06:26] Modify product: UPF0291 protein SP_1473 => hypothetical protein
[01:06:26] Modify product: Probable NADH oxidase => putative NADH oxidase
[01:06:26] Modify product: UPF0073 inner membrane protein YqfA => hypothetical protein
[01:06:26] Modify product: Probable amino-acid permease protein YxeN => putative amino-acid permease protein YxeN
[01:06:26] Modify product: UPF0398 protein SP_0371 => hypothetical protein
[01:06:26] Modify product: Uncharacterized protein Spy1535 => putative protein
[01:06:26] Modify product: Uncharacterized protein Spy1614 => putative protein
[01:06:26] Modify product: Uncharacterized protein SA1069 => putative protein
[01:06:26] Modify product: Uncharacterized ABC transporter ATP-binding protein YknY => putative ABC transporter ATP-binding protein YknY
[01:06:26] Modify product: UPF0053 protein HI_0107 => hypothetical protein
[01:06:26] Modify product: Uncharacterized protein YlbL => putative protein YlbL
[01:06:26] Modify product: Uncharacterized ABC transporter ATP-binding protein YknY => putative ABC transporter ATP-binding protein YknY
[01:06:26] Modify product: Uncharacterized metal-dependent hydrolase YcfH => putative metal-dependent hydrolase YcfH
[01:06:26] Modify product: Putative universal stress protein SA1532 => Putative universal stress protein
[01:06:26] Modify product: Probable licABCH operon regulator => putative licABCH operon regulator
[01:06:26] Modify product: Glutathione peroxidase homolog BsaA => Glutathione peroxidase BsaA
[01:06:26] Modify product: Probable ATP-dependent Clp protease ATP-binding subunit => putative ATP-dependent Clp protease ATP-binding subunit
[01:06:26] Modify product: UPF0371 protein DIP2346 => hypothetical protein
[01:06:26] Modify product: Probable capsular polysaccharide biosynthesis protein YwqC => putative capsular polysaccharide biosynthesis protein YwqC
[01:06:26] Modify product: Uncharacterized glycosyltransferase EpsJ => putative glycosyltransferase EpsJ
[01:06:26] Modify product: Uncharacterized ABC transporter ATP-binding protein YheS => putative ABC transporter ATP-binding protein YheS
[01:06:26] Modify product: Protease HtpX homolog => Protease HtpX 
[01:06:26] Modify product: UPF0122 protein SP_1288 => hypothetical protein
[01:06:26] Modify product: Putative phosphatase M6_Spy0533 => Putative phosphatase
[01:06:26] Modify product: Probable bifunctional oligoribonuclease and PAP phosphatase NrnA => putative bifunctional oligoribonuclease and PAP phosphatase NrnA
[01:06:26] Modify product: Probable ribosomal protein YlxQ => putative ribosomal protein YlxQ
[01:06:26] Modify product: Probable type I restriction enzyme BthVORF4518P M protein => putative type I restriction enzymeP M protein
[01:06:26] Modify product: Rqc2 homolog RqcH => Rqc2 RqcH
[01:06:26] Modify product: Probable protein-export membrane protein SecG => putative protein-export membrane protein SecG
[01:06:26] Modify product: Probable S-adenosyl-L-methionine-dependent methyltransferase TehB => putative S-adenosyl-L-methionine-dependent methyltransferase TehB
[01:06:26] Modify product: Uncharacterized protein Spy1595 => putative protein
[01:06:26] Modify product: Bifunctional protein FolD => Bifunctional protein FolD protein
[01:06:26] Modify product: Probable riboflavin import permease protein RfuC => putative riboflavin import permease protein RfuC
[01:06:26] Modify product: Probable ABC transporter ATP-binding protein M6_Spy0273 => putative ABC transporter ATP-binding protein
[01:06:26] Modify product: UPF0051 protein SA0778 => hypothetical protein
[01:06:26] Modify product: UPF0051 protein SA0778 => hypothetical protein
[01:06:26] Modify product: Probable tRNA sulfurtransferase => putative tRNA sulfurtransferase
[01:06:26] Modify product: Probable FMN/FAD exporter YeeO => putative FMN/FAD exporter YeeO
[01:06:26] Modify product: Probable licABCH operon regulator => putative licABCH operon regulator
[01:06:26] Modify product: Probable L-ascorbate-6-phosphate lactonase UlaG => putative L-ascorbate-6-phosphate lactonase UlaG
[01:06:26] Modify product: Probable nicotinate-nucleotide pyrophosphorylase [carboxylating] => putative nicotinate-nucleotide pyrophosphorylase [carboxylating]
[01:06:26] Modify product: Phosphate-specific transport system accessory protein PhoU homolog => Phosphate-specific transport system accessory protein PhoU 
[01:06:26] Modify product: Uncharacterized protein YqgN => putative protein YqgN
[01:06:26] Modify product: Uncharacterized inner membrane transporter YicL => putative inner membrane transporter YicL
[01:06:26] Modify product: Uncharacterized protein HI_0933 => putative protein
[01:06:26] Modify product: DegV domain-containing protein spr0652 => DegV domain-containing protein
[01:06:26] Modify product: Probable dihydroorotate dehydrogenase A (fumarate) => putative dihydroorotate dehydrogenase A (fumarate)
[01:06:26] Modify product: Uncharacterized protein YqeN => putative protein YqeN
[01:06:26] Modify product: Probable dual-specificity RNA methyltransferase RlmN => putative dual-specificity RNA methyltransferase RlmN
[01:06:26] Modify product: Uncharacterized ABC transporter ATP-binding protein YbiT => putative ABC transporter ATP-binding protein YbiT
[01:06:26] Modify product: Uncharacterized ABC transporter ATP-binding protein YknY => putative ABC transporter ATP-binding protein YknY
[01:06:26] Modify product: Uncharacterized ABC transporter permease YknZ => putative ABC transporter permease YknZ
[01:06:26] Modify product: Sulfurtransferase Alvin_2599 => Sulfurtransferase
[01:06:26] Modify product: Probable N-acetyl-LL-diaminopimelate aminotransferase => putative N-acetyl-LL-diaminopimelate aminotransferase
[01:06:26] Modify product: UPF0324 inner membrane protein YeiH => hypothetical protein
[01:06:26] Modify product: Probable copper-transporting ATPase PacS => putative copper-transporting ATPase PacS
[01:06:26] Modify product: Probable glutamine ABC transporter permease protein GlnM => putative glutamine ABC transporter permease protein GlnM
[01:06:26] Modify product: Putative NAD(P)H nitroreductase Spy0809 => Putative NAD(P)H nitroreductase
[01:06:26] Modify product: Uncharacterized ABC transporter ATP-binding protein Rv0986 => putative ABC transporter ATP-binding protein
[01:06:26] Modify product: Probable multidrug resistance ABC transporter ATP-binding/permease protein YheH => putative multidrug resistance ABC transporter ATP-binding/permease protein YheH
[01:06:26] Modify product: Probable multidrug resistance ABC transporter ATP-binding/permease protein YheI => putative multidrug resistance ABC transporter ATP-binding/permease protein YheI
[01:06:26] Modify product: Tyrosine recombinase XerD-like => Tyrosine recombinase XerD-like protein
[01:06:26] Modify product: Probable transcription repressor NiaR => putative transcription repressor NiaR
[01:06:26] Modify product: Probable DNA-directed RNA polymerase subunit delta => putative DNA-directed RNA polymerase subunit delta
[01:06:26] Modify product: UPF0397 protein SP_0482 => hypothetical protein
[01:06:26] Modify product: Uncharacterized oxidoreductase SA2266 => putative oxidoreductase
[01:06:26] Modify product: UPF0340 protein YwlG => hypothetical protein
[01:06:26] Modify product: Uncharacterized response regulatory protein SACOL0201 => putative response regulatory protein
[01:06:26] Modify product: Uncharacterized ABC transporter ATP-binding protein Rv1273c => putative ABC transporter ATP-binding protein
[01:06:26] Modify product: Uncharacterized ABC transporter ATP-binding protein TM_0288 => putative ABC transporter ATP-binding protein
[01:06:26] Modify product: Putative glutamine amidotransferase Rv2859c => Putative glutamine amidotransferase
[01:06:26] Modify product: Uncharacterized protein YccU => putative protein YccU
[01:06:26] Modify product: Probable SapB synthase => putative SapB synthase
[01:06:26] Modify product: Uncharacterized ABC transporter ATP-binding protein TM_0288 => putative ABC transporter ATP-binding protein
[01:06:26] Modify product: Uncharacterized ABC transporter ATP-binding protein Rv1273c => putative ABC transporter ATP-binding protein
[01:06:26] Modify product: UPF0346 protein SP_0947 => hypothetical protein
[01:06:26] Modify product: Uncharacterized amino acid permease YhdG => putative amino acid permease YhdG
[01:06:26] Modify product: Probable transcriptional regulatory protein YeeN => putative transcriptional regulatory protein YeeN
[01:06:26] Modify product: UPF0374 protein SP_1903 => hypothetical protein
[01:06:26] Cleaned 130 /product names
[01:06:26] Deleting unwanted file: PROKKA_02182023/PROKKA_02182023.sprot.tmp.1.faa
[01:06:26] Deleting unwanted file: PROKKA_02182023/PROKKA_02182023.sprot.tmp.1.blast
[01:06:26] There are still 819 unannotated CDS left (started with 1988)
[01:06:26] Will use hmmer3 to search against /prokka-1.14.6/db/hmm/HAMAP.hmm with 8 CPUs
[01:06:26] Running: cat PROKKA_02182023\/PROKKA_02182023\.HAMAP\.hmm\.tmp\.1\.faa | parallel --gnu --plain -j 8 --block 12533 --recstart '>' --pipe hmmscan --noali --notextw --acc -E 1e-09 --cpu 1 /prokka-1.14.6/db/hmm/HAMAP.hmm /dev/stdin > PROKKA_02182023\/PROKKA_02182023\.HAMAP\.hmm\.tmp\.1\.hmmer3 2> /dev/null
[01:06:41] Modify product: Protein SprT-like => Protein SprT-like protein
[01:06:41] Cleaned 1 /product names
[01:06:41] Deleting unwanted file: PROKKA_02182023/PROKKA_02182023.HAMAP.hmm.tmp.1.faa
[01:06:41] Deleting unwanted file: PROKKA_02182023/PROKKA_02182023.HAMAP.hmm.tmp.1.hmmer3
[01:06:41] Labelling remaining 742 proteins as 'hypothetical protein'
[01:06:41] Possible /pseudo 'Phosphate import ATP-binding protein PstB 3' at NODE_1_length_211938_cov_51.579805 position 168643
[01:06:41] Possible /pseudo 'Serine/threonine transporter SstT' at NODE_2_length_189220_cov_53.624221 position 48630
[01:06:41] Possible /pseudo 'IS5 family transposase ISSpn7' at NODE_3_length_185493_cov_52.176851 position 102202
[01:06:41] Possible /pseudo 'IS630 family transposase IS630-Spn1' at NODE_3_length_185493_cov_52.176851 position 144299
[01:06:41] Possible /pseudo 'putative protein' at NODE_6_length_95220_cov_54.216989 position 63329
[01:06:41] Possible /pseudo 'Coenzyme A biosynthesis bifunctional protein CoaBC' at NODE_10_length_73138_cov_49.558465 position 7124
[01:06:41] Possible /pseudo 'Putative fluoride ion transporter CrcB' at NODE_10_length_73138_cov_49.558465 position 70093
[01:06:41] Possible /pseudo 'IS3 family transposase ISSpn11' at NODE_11_length_71869_cov_54.736656 position 23399
[01:06:41] Possible /pseudo 'IS5 family transposase ISSpn7' at NODE_11_length_71869_cov_54.736656 position 46841
[01:06:41] Possible /pseudo 'Pyrrolidone-carboxylate peptidase' at NODE_14_length_55698_cov_58.089499 position 8359
[01:06:41] Possible /pseudo 'IS630 family transposase IS630-Spn1' at NODE_14_length_55698_cov_58.089499 position 48849
[01:06:41] Possible /pseudo 'ISL3 family transposase IS1167' at NODE_27_length_13742_cov_61.859934 position 13257
[01:06:41] Possible /pseudo 'putative ABC transporter ATP-binding protein' at NODE_30_length_10209_cov_53.514212 position 8653
[01:06:41] Found 996 unique /gene codes.
[01:06:41] Fixed 2 duplicate /gene - gpmA_1 gpmA_2
[01:06:41] Fixed 2 duplicate /gene - IMPDH_1 IMPDH_2
[01:06:41] Fixed 3 duplicate /gene - sarA_1 sarA_2 sarA_3
[01:06:41] Fixed 2 duplicate /gene - rsuA_1 rsuA_2
[01:06:41] Fixed 2 duplicate /gene - licT_1 licT_2
[01:06:41] Fixed 2 duplicate /gene - tadA_1 tadA_2
[01:06:41] Fixed 2 duplicate /gene - murA1_1 murA1_2
[01:06:41] Fixed 2 duplicate /gene - ssb_1 ssb_2
[01:06:41] Fixed 5 duplicate /gene - licC_1 licC_2 licC_3 licC_4 licC_5
[01:06:41] Fixed 4 duplicate /gene - manZ_1 manZ_2 manZ_3 manZ_4
[01:06:41] Fixed 2 duplicate /gene - gmuD_1 gmuD_2
[01:06:41] Fixed 2 duplicate /gene - iscS_1 iscS_2
[01:06:41] Fixed 3 duplicate /gene - pcp_1 pcp_2 pcp_3
[01:06:41] Fixed 2 duplicate /gene - crcB_1 crcB_2
[01:06:41] Fixed 2 duplicate /gene - dinG_1 dinG_2
[01:06:41] Fixed 3 duplicate /gene - pstB3_1 pstB3_2 pstB3_3
[01:06:41] Fixed 2 duplicate /gene - yxdL_1 yxdL_2
[01:06:41] Fixed 2 duplicate /gene - nagC_1 nagC_2
[01:06:41] Fixed 2 duplicate /gene - adh_1 adh_2
[01:06:41] Fixed 2 duplicate /gene - galK_1 galK_2
[01:06:41] Fixed 2 duplicate /gene - ecsA_1 ecsA_2
[01:06:41] Fixed 2 duplicate /gene - xerC_1 xerC_2
[01:06:41] Fixed 2 duplicate /gene - lytA_1 lytA_2
[01:06:41] Fixed 2 duplicate /gene - msmX_1 msmX_2
[01:06:41] Fixed 2 duplicate /gene - levE_1 levE_2
[01:06:41] Fixed 2 duplicate /gene - yicL_1 yicL_2
[01:06:41] Fixed 2 duplicate /gene - resA_1 resA_2
[01:06:41] Fixed 2 duplicate /gene - lacE_1 lacE_2
[01:06:41] Fixed 2 duplicate /gene - lacC_1 lacC_2
[01:06:41] Fixed 3 duplicate /gene - gph_1 gph_2 gph_3
[01:06:41] Fixed 7 duplicate /gene - btuD_1 btuD_2 btuD_3 btuD_4 btuD_5 btuD_6 btuD_7
[01:06:41] Fixed 4 duplicate /gene - glnQ_1 glnQ_2 glnQ_3 glnQ_4
[01:06:41] Fixed 3 duplicate /gene - manX_1 manX_2 manX_3
[01:06:41] Fixed 2 duplicate /gene - glnH_1 glnH_2
[01:06:41] Fixed 3 duplicate /gene - lagD_1 lagD_2 lagD_3
[01:06:41] Fixed 2 duplicate /gene - sorC_1 sorC_2
[01:06:41] Fixed 2 duplicate /gene - mshD_1 mshD_2
[01:06:41] Fixed 2 duplicate /gene - artP_1 artP_2
[01:06:41] Fixed 2 duplicate /gene - coaBC_1 coaBC_2
[01:06:41] Fixed 3 duplicate /gene - argR_1 argR_2 argR_3
[01:06:41] Fixed 2 duplicate /gene - arnC_1 arnC_2
[01:06:41] Fixed 2 duplicate /gene - ccpA_1 ccpA_2
[01:06:41] Fixed 2 duplicate /gene - sstT_1 sstT_2
[01:06:41] Fixed 2 duplicate /gene - lcnD_1 lcnD_2
[01:06:41] Fixed 2 duplicate /gene - agaA_1 agaA_2
[01:06:41] Fixed 2 duplicate /gene - COQ5_1 COQ5_2
[01:06:41] Fixed 2 duplicate /gene - ptsG_1 ptsG_2
[01:06:41] Fixed 2 duplicate /gene - phoU_1 phoU_2
[01:06:41] Fixed 2 duplicate /gene - bglA_1 bglA_2
[01:06:41] Fixed 2 duplicate /gene - msbA_1 msbA_2
[01:06:41] Fixed 2 duplicate /gene - agrA_1 agrA_2
[01:06:41] Fixed 2 duplicate /gene - ald_1 ald_2
[01:06:41] Fixed 2 duplicate /gene - thiE_1 thiE_2
[01:06:41] Fixed 2 duplicate /gene - bcrA_1 bcrA_2
[01:06:41] Fixed 2 duplicate /gene - ruvB_1 ruvB_2
[01:06:41] Fixed 2 duplicate /gene - tcyC_1 tcyC_2
[01:06:41] Fixed 2 duplicate /gene - clpC_1 clpC_2
[01:06:41] Fixed 2 duplicate /gene - tagU_1 tagU_2
[01:06:41] Fixed 2 duplicate /gene - thiM_1 thiM_2
[01:06:41] Fixed 2 duplicate /gene - ettA_1 ettA_2
[01:06:41] Fixed 2 duplicate /gene - metG_1 metG_2
[01:06:41] Fixed 2 duplicate /gene - lacG_1 lacG_2
[01:06:41] Fixed 2 duplicate /gene - nanA_1 nanA_2
[01:06:41] Fixed 2 duplicate /gene - gatC_1 gatC_2
[01:06:41] Fixed 2 duplicate /gene - rluD_1 rluD_2
[01:06:41] Fixed 2 duplicate /gene - ybiT_1 ybiT_2
[01:06:41] Fixed 2 duplicate /gene - acpP_1 acpP_2
[01:06:41] Fixed 2 duplicate /gene - cutC_1 cutC_2
[01:06:41] Fixed 3 duplicate /gene - yknY_1 yknY_2 yknY_3
[01:06:41] Fixed 2 duplicate /gene - ulaA_1 ulaA_2
[01:06:41] Fixed 4 duplicate /gene - lacF_1 lacF_2 lacF_3 lacF_4
[01:06:41] Fixed 2 duplicate /gene - lacR_1 lacR_2
[01:06:41] Fixed 2 duplicate /gene - spxA_1 spxA_2
[01:06:41] Fixed 2 duplicate /gene - recF_1 recF_2
[01:06:41] Fixed 2 duplicate /gene - ecfT_1 ecfT_2
[01:06:41] Fixed 2 duplicate /gene - yidA_1 yidA_2
[01:06:41] Fixed 2 duplicate /gene - araQ_1 araQ_2
[01:06:41] Fixed 2 duplicate /gene - bglK_1 bglK_2
[01:06:41] Fixed 2 duplicate /gene - licR_1 licR_2
[01:06:41] Fixed 2 duplicate /gene - pepF1_1 pepF1_2
[01:06:41] Fixed 3 duplicate /gene - ykoD_1 ykoD_2 ykoD_3
[01:06:41] Fixed 2 duplicate /gene - glgX_1 glgX_2
[01:06:41] Fixed 2 duplicate /gene - udk_1 udk_2
[01:06:41] Fixed 2 duplicate /gene - tenA_1 tenA_2
[01:06:41] Fixed 2 duplicate /gene - arlR_1 arlR_2
[01:06:41] Fixed 2 duplicate /gene - deoD_1 deoD_2
[01:06:41] Fixed 2 duplicate /gene - def_1 def_2
[01:06:41] Fixed 2 duplicate /gene - dsbD_1 dsbD_2
[01:06:41] Fixed 2 duplicate /gene - yteP_1 yteP_2
[01:06:41] Fixed 3 duplicate /gene - sasA_1 sasA_2 sasA_3
[01:06:41] Fixed 2 duplicate /gene - fpgS_1 fpgS_2
[01:06:41] Fixed 91 colliding /gene names.
[01:06:41] Adding /locus_tag identifiers
[01:06:41] Assigned 2037 locus_tags to CDS and RNA features.
[01:06:41] Writing outputs to PROKKA_02182023/
[01:06:41] Generating annotation statistics file
[01:06:41] Generating Genbank and Sequin files
[01:06:41] Running: tbl2asn -V b -a r10k -l paired-ends -M n -N 1 -y 'Annotated using prokka 1.14.6 from https://github.com/tseemann/prokka' -Z PROKKA_02182023\/PROKKA_02182023\.err -i PROKKA_02182023\/PROKKA_02182023\.fsa 2> /dev/null
[01:06:44] Deleting unwanted file: PROKKA_02182023/errorsummary.val
[01:06:44] Deleting unwanted file: PROKKA_02182023/PROKKA_02182023.dr
[01:06:44] Deleting unwanted file: PROKKA_02182023/PROKKA_02182023.fixedproducts
[01:06:44] Deleting unwanted file: PROKKA_02182023/PROKKA_02182023.ecn
[01:06:44] Deleting unwanted file: PROKKA_02182023/PROKKA_02182023.val
[01:06:44] Repairing broken .GBK output that tbl2asn produces...
[01:06:44] Running: sed 's/COORDINATES: profile/COORDINATES:profile/' < PROKKA_02182023\/PROKKA_02182023\.gbf > PROKKA_02182023\/PROKKA_02182023\.gbk
[01:06:44] Deleting unwanted file: PROKKA_02182023/PROKKA_02182023.gbf
[01:06:44] Output files:
[01:06:44] PROKKA_02182023/PROKKA_02182023.gbk
[01:06:44] PROKKA_02182023/PROKKA_02182023.err
[01:06:44] PROKKA_02182023/PROKKA_02182023.faa
[01:06:44] PROKKA_02182023/PROKKA_02182023.log
[01:06:44] PROKKA_02182023/PROKKA_02182023.txt
[01:06:44] PROKKA_02182023/PROKKA_02182023.sqn
[01:06:44] PROKKA_02182023/PROKKA_02182023.gff
[01:06:44] PROKKA_02182023/PROKKA_02182023.tbl
[01:06:44] PROKKA_02182023/PROKKA_02182023.fna
[01:06:44] PROKKA_02182023/PROKKA_02182023.ffn
[01:06:44] PROKKA_02182023/PROKKA_02182023.tsv
[01:06:44] PROKKA_02182023/PROKKA_02182023.fsa
[01:06:44] Annotation finished successfully.
[01:06:44] Walltime used: 0.80 minutes
[01:06:44] If you use this result please cite the Prokka paper:
[01:06:44] Seemann T (2014) Prokka: rapid prokaryotic genome annotation. Bioinformatics. 30(14):2068-9.
[01:06:44] Type 'prokka --citation' for more details.
[01:06:44] Thank you, come again.
